Time[ps]      Etot[eV]     Epot[eV]     Ekin[eV]    T[K]
0.0000      -24729.1615  -24729.1615       0.0000     0.0
0.0005      -24729.1505  -24729.1726       0.0222     5.7
0.0010      -24729.1367  -24729.2112       0.0746    19.2
0.0015      -24729.1164  -24729.2750       0.1586    40.9
0.0020      -24729.1154  -24729.3154       0.2000    51.6
0.0025      -24729.1041  -24729.2597       0.1557    40.1
0.0030      -24729.0971  -24729.1654       0.0684    17.6
0.0035      -24729.0831  -24729.1620       0.0790    20.4
0.0040      -24729.0835  -24729.2451       0.1616    41.7
0.0045      -24729.0750  -24729.3034       0.2284    58.9
0.0050      -24729.0655  -24729.2669       0.2014    51.9
0.0055      -24729.0583  -24729.2001       0.1417    36.6
0.0060      -24729.0492  -24729.1519       0.1028    26.5
0.0065      -24729.0384  -24729.1341       0.0957    24.7
0.0070      -24729.0297  -24729.1447       0.1151    29.7
0.0075      -24729.0216  -24729.1823       0.1607    41.4
0.0080      -24729.0308  -24729.2418       0.2111    54.4
0.0085      -24729.0315  -24729.2920       0.2605    67.2
0.0090      -24729.0180  -24729.2775       0.2595    66.9
0.0095      -24729.0083  -24729.2088       0.2005    51.7
0.0100      -24729.0090  -24729.2104       0.2015    52.0
0.0105      -24728.9966  -24729.3321       0.3355    86.5
0.0110      -24729.0031  -24729.4709       0.4678   120.6
0.0115      -24729.0119  -24729.4731       0.4612   118.9
0.0120      -24728.9925  -24729.2812       0.2886    74.4
0.0125      -24728.9801  -24729.1169       0.1368    35.3
0.0130      -24728.9903  -24729.1663       0.1760    45.4
0.0135      -24729.0154  -24729.3414       0.3261    84.1
0.0140      -24729.0206  -24729.4269       0.4063   104.8
0.0145      -24729.0239  -24729.4110       0.3871    99.8
0.0150      -24728.9980  -24729.3679       0.3700    95.4
0.0155      -24728.9745  -24729.2837       0.3091    79.7
0.0160      -24728.9547  -24729.1842       0.2295    59.2
0.0165      -24728.9705  -24729.1448       0.1743    45.0
0.0170      -24728.9706  -24729.1816       0.2110    54.4
0.0175      -24728.9734  -24729.2242       0.2508    64.7
0.0180      -24728.9660  -24729.2137       0.2477    63.9
0.0185      -24728.9541  -24729.1742       0.2201    56.8
0.0190      -24728.9521  -24729.1550       0.2029    52.3
0.0195      -24728.9244  -24729.1769       0.2525    65.1
0.0200      -24728.9340  -24729.2417       0.3076    79.3
0.0205      -24728.9436  -24729.3296       0.3860    99.5
0.0210      -24728.9293  -24729.3834       0.4541   117.1
0.0215      -24728.9352  -24729.3530       0.4178   107.7
0.0220      -24728.9167  -24729.2897       0.3730    96.2
0.0225      -24728.9185  -24729.2357       0.3173    81.8
0.0230      -24728.9029  -24729.2044       0.3015    77.8
0.0235      -24728.8946  -24729.2336       0.3390    87.4
0.0240      -24728.9047  -24729.3264       0.4217   108.7
0.0245      -24728.8828  -24729.3963       0.5135   132.4
0.0250      -24728.8604  -24729.3544       0.4940   127.4
0.0255      -24728.8426  -24729.2611       0.4185   107.9
0.0260      -24728.7854  -24729.1939       0.4086   105.4
0.0265      -24728.7920  -24729.1609       0.3689    95.1
0.0270      -24728.8020  -24729.1590       0.3569    92.0
0.0275      -24728.8152  -24729.1841       0.3689    95.1
0.0280      -24728.8292  -24729.2170       0.3878   100.0
0.0285      -24728.8424  -24729.2233       0.3809    98.2
0.0290      -24728.8189  -24729.1915       0.3726    96.1
0.0295      -24728.8200  -24729.1513       0.3313    85.4
0.0300      -24728.7983  -24729.1510       0.3527    90.9
0.0305      -24728.8017  -24729.2096       0.4079   105.2
0.0310      -24728.8046  -24729.2972       0.4926   127.0
0.0315      -24728.8062  -24729.3743       0.5681   146.5
0.0320      -24728.8229  -24729.3833       0.5604   144.5
0.0325      -24728.7886  -24729.2625       0.4739   122.2
0.0330      -24728.7498  -24729.1041       0.3543    91.4
0.0335      -24728.7481  -24729.0835       0.3354    86.5
0.0340      -24728.7417  -24729.2295       0.4878   125.8
0.0345      -24728.7686  -24729.3700       0.6014   155.1
0.0350      -24728.7710  -24729.3450       0.5740   148.0
0.0355      -24728.7324  -24729.2008       0.4684   120.8
0.0360      -24728.7057  -24729.0823       0.3767    97.1
0.0365      -24728.6703  -24729.0556       0.3852    99.3
0.0370      -24728.6589  -24729.0917       0.4328   111.6
0.0375      -24728.6483  -24729.1126       0.4643   119.7
0.0380      -24728.6525  -24729.0846       0.4321   111.4
0.0385      -24728.6417  -24729.0386       0.3969   102.3
0.0390      -24728.6373  -24729.0130       0.3757    96.9
0.0395      -24728.6416  -24729.0188       0.3772    97.3
0.0400      -24728.6265  -24729.0636       0.4371   112.7
0.0405      -24728.6313  -24729.1281       0.4968   128.1
0.0410      -24728.6036  -24729.1854       0.5818   150.0
0.0415      -24728.5956  -24729.2107       0.6152   158.6
0.0420      -24728.6223  -24729.2073       0.5850   150.9
0.0425      -24728.6228  -24729.1769       0.5541   142.9
0.0430      -24728.6208  -24729.1160       0.4952   127.7
0.0435      -24728.5782  -24729.0660       0.4877   125.8
0.0440      -24728.5799  -24729.0769       0.4970   128.2
0.0445      -24728.5590  -24729.1466       0.5876   151.5
0.0450      -24728.5449  -24729.2353       0.6904   178.1
0.0455      -24728.5397  -24729.2698       0.7301   188.3
0.0460      -24728.5097  -24729.2286       0.7189   185.4
0.0465      -24728.5397  -24729.1579       0.6182   159.4
0.0470      -24728.5253  -24729.1067       0.5814   149.9
0.0475      -24728.5194  -24729.0813       0.5618   144.9
0.0480      -24728.4971  -24729.0800       0.5828   150.3
0.0485      -24728.4557  -24729.0940       0.6383   164.6
0.0490      -24728.4476  -24729.1109       0.6633   171.1
0.0495      -24728.4492  -24729.1301       0.6809   175.6
0.0500      -24728.4231  -24729.1537       0.7306   188.4
0.0505      -24728.3715  -24729.1699       0.7984   205.9
0.0510      -24728.3857  -24729.1321       0.7464   192.5
0.0515      -24728.3940  -24729.0254       0.6314   162.8
0.0520      -24728.3799  -24728.9122       0.5323   137.3
0.0525      -24728.3654  -24728.8788       0.5134   132.4
0.0530      -24728.3654  -24728.9477       0.5823   150.2
0.0535      -24728.3590  -24729.0823       0.7233   186.5
0.0540      -24728.3445  -24729.1808       0.8363   215.7
0.0545      -24728.3677  -24729.1662       0.7985   205.9
0.0550      -24728.3479  -24729.0820       0.7340   189.3
0.0555      -24728.3616  -24728.9914       0.6298   162.4
0.0560      -24728.3772  -24728.9197       0.5426   139.9
0.0565      -24728.3416  -24728.8714       0.5298   136.6
0.0570      -24728.3324  -24728.8473       0.5149   132.8
0.0575      -24728.3433  -24728.8439       0.5005   129.1
0.0580      -24728.3340  -24728.8558       0.5219   134.6
0.0585      -24728.3265  -24728.8793       0.5529   142.6
0.0590      -24728.3080  -24728.9140       0.6059   156.3
0.0595      -24728.2992  -24728.9575       0.6583   169.8
0.0600      -24728.2513  -24729.0165       0.7653   197.3
0.0605      -24728.2247  -24729.0895       0.8649   223.0
0.0610      -24728.2189  -24729.1479       0.9290   239.6
0.0615      -24728.2298  -24729.1437       0.9140   235.7
0.0620      -24728.2204  -24729.0517       0.8313   214.4
0.0625      -24728.2042  -24728.9403       0.7361   189.8
0.0630      -24728.1786  -24728.8876       0.7090   182.8
0.0635      -24728.1154  -24728.9176       0.8022   206.9
0.0640      -24728.0889  -24729.0044       0.9155   236.1
0.0645      -24728.0918  -24729.0809       0.9890   255.1
0.0650      -24728.0598  -24729.0953       1.0355   267.0
0.0655      -24728.0501  -24729.0540       1.0039   258.9
0.0660      -24728.1213  -24728.9970       0.8757   225.8
0.0665      -24728.0905  -24728.9351       0.8446   217.8
0.0670      -24728.0671  -24728.8725       0.8054   207.7
0.0675      -24728.0849  -24728.8209       0.7360   189.8
0.0680      -24728.0649  -24728.7909       0.7259   187.2
0.0685      -24728.0670  -24728.7873       0.7202   185.7
0.0690      -24728.0389  -24728.8122       0.7732   199.4
0.0695      -24728.0094  -24728.8666       0.8573   221.1
0.0700      -24727.9923  -24728.9290       0.9368   241.6
0.0705      -24727.9920  -24728.9569       0.9649   248.8
0.0710      -24728.0207  -24728.9192       0.8985   231.7
0.0715      -24727.9932  -24728.8417       0.8485   218.8
0.0720      -24727.9769  -24728.7841       0.8072   208.2
0.0725      -24727.9789  -24728.7823       0.8035   207.2
0.0730      -24727.9416  -24728.8188       0.8772   226.2
0.0735      -24727.9492  -24728.8702       0.9210   237.5
0.0740      -24727.9656  -24728.9123       0.9467   244.1
0.0745      -24727.9691  -24728.9269       0.9579   247.0
0.0750      -24727.9499  -24728.9143       0.9644   248.7
0.0755      -24727.9594  -24728.8943       0.9349   241.1
0.0760      -24727.9154  -24728.8858       0.9704   250.3
0.0765      -24727.8943  -24728.8861       0.9917   255.7
0.0770      -24727.9264  -24728.8838       0.9573   246.9
0.0775      -24727.8905  -24728.8776       0.9871   254.6
0.0780      -24727.8657  -24728.8823       1.0166   262.1
0.0785      -24727.8383  -24728.9055       1.0671   275.2
0.0790      -24727.8241  -24728.9241       1.1000   283.7
0.0795      -24727.8166  -24728.9173       1.1007   283.9
0.0800      -24727.7993  -24728.8717       1.0725   276.6
0.0805      -24727.7865  -24728.7960       1.0095   260.3
0.0810      -24727.7640  -24728.7091       0.9451   243.7
0.0815      -24727.7649  -24728.6605       0.8955   230.9
0.0820      -24727.8130  -24728.6708       0.8578   221.2
0.0825      -24727.8210  -24728.7031       0.8821   227.5
0.0830      -24727.8179  -24728.7238       0.9059   233.6
0.0835      -24727.8379  -24728.7395       0.9015   232.5
0.0840      -24727.8047  -24728.7478       0.9432   243.2
0.0845      -24727.8169  -24728.7280       0.9111   234.9
0.0850      -24727.7988  -24728.6751       0.8763   226.0
0.0855      -24727.7857  -24728.6152       0.8295   213.9
0.0860      -24727.7472  -24728.5788       0.8316   214.4
0.0865      -24727.7058  -24728.5863       0.8806   227.1
0.0870      -24727.7079  -24728.6399       0.9320   240.3
0.0875      -24727.7131  -24728.7306       1.0175   262.4
0.0880      -24727.7380  -24728.8412       1.1032   284.5
0.0885      -24727.7265  -24728.9414       1.2149   313.3
0.0890      -24727.7558  -24728.9808       1.2250   315.9
0.0895      -24727.7514  -24728.9422       1.1908   307.1
0.0900      -24727.7284  -24728.8752       1.1468   295.7
0.0905      -24727.7306  -24728.8285       1.0979   283.1
0.0910      -24727.6979  -24728.8047       1.1068   285.4
0.0915      -24727.6881  -24728.7807       1.0927   281.8
0.0920      -24727.6875  -24728.7630       1.0755   277.3
0.0925      -24727.6482  -24728.7740       1.1258   290.3
0.0930      -24727.6509  -24728.8040       1.1532   297.4
0.0935      -24727.6466  -24728.8252       1.1786   303.9
0.0940      -24727.6831  -24728.8142       1.1310   291.7
0.0945      -24727.6648  -24728.7701       1.1053   285.0
0.0950      -24727.6666  -24728.7124       1.0458   269.7
0.0955      -24727.6739  -24728.6629       0.9890   255.0
0.0960      -24727.6413  -24728.6457       1.0044   259.0
0.0965      -24727.6592  -24728.6593       1.0001   257.9
0.0970      -24727.6697  -24728.6857       1.0161   262.0
0.0975      -24727.6379  -24728.7121       1.0742   277.0
0.0980      -24727.6756  -24728.7342       1.0586   273.0
0.0985      -24727.7041  -24728.7513       1.0473   270.1
0.0990      -24727.7527  -24728.7649       1.0122   261.0
0.0995      -24727.7320  -24728.7988       1.0668   275.1
0.1000      -24727.7441  -24728.8567       1.1126   286.9
0.1005      -24727.7726  -24728.9253       1.1528   297.3
0.1010      -24727.7713  -24728.9536       1.1823   304.9
0.1015      -24727.7654  -24728.9232       1.1578   298.6
0.1020      -24727.7647  -24728.8889       1.1242   289.9
0.1025      -24727.8413  -24728.8809       1.0396   268.1
0.1030      -24727.8606  -24728.8687       1.0080   260.0
0.1035      -24727.8146  -24728.8191       1.0044   259.0
0.1040      -24727.8359  -24728.7502       0.9143   235.8
0.1045      -24727.8350  -24728.6989       0.8639   222.8
0.1050      -24727.8108  -24728.6761       0.8653   223.1
0.1055      -24727.8357  -24728.6724       0.8367   215.8
0.1060      -24727.8341  -24728.6860       0.8519   219.7
0.1065      -24727.8145  -24728.7113       0.8968   231.3
0.1070      -24727.8171  -24728.7322       0.9152   236.0
0.1075      -24727.8016  -24728.7248       0.9231   238.1
0.1080      -24727.8164  -24728.6795       0.8631   222.6
0.1085      -24727.7926  -24728.6334       0.8408   216.8
0.1090      -24727.7938  -24728.6124       0.8186   211.1
0.1095      -24727.7773  -24728.6148       0.8375   216.0
0.1100      -24727.7794  -24728.6198       0.8404   216.7
0.1105      -24727.8018  -24728.6432       0.8414   217.0
0.1110      -24727.7907  -24728.6886       0.8979   231.5
0.1115      -24727.7955  -24728.7428       0.9473   244.3
0.1120      -24727.8053  -24728.7852       0.9799   252.7
0.1125      -24727.7886  -24728.8102       1.0216   263.4
0.1130      -24727.7634  -24728.8206       1.0573   272.6
0.1135      -24727.7482  -24728.8184       1.0701   276.0
0.1140      -24727.7401  -24728.8049       1.0648   274.6
0.1145      -24727.7569  -24728.7820       1.0251   264.3
0.1150      -24727.7599  -24728.7574       0.9975   257.2
0.1155      -24727.7190  -24728.7440       1.0250   264.3
0.1160      -24727.7170  -24728.7516       1.0346   266.8
0.1165      -24727.7432  -24728.7756       1.0324   266.2
0.1170      -24727.7537  -24728.8043       1.0506   270.9
0.1175      -24727.7916  -24728.8198       1.0282   265.1
0.1180      -24727.8200  -24728.8138       0.9938   256.3
0.1185      -24727.7905  -24728.7873       0.9968   257.1
0.1190      -24727.7798  -24728.7602       0.9804   252.8
0.1195      -24727.8001  -24728.7488       0.9487   244.6
0.1200      -24727.7886  -24728.7520       0.9635   248.5
0.1205      -24727.7773  -24728.7594       0.9821   253.3
0.1210      -24727.7471  -24728.7487       1.0016   258.3
0.1215      -24727.7105  -24728.7178       1.0073   259.8
0.1220      -24727.6696  -24728.6890       1.0194   262.9
0.1225      -24727.6614  -24728.7007       1.0393   268.0
0.1230      -24727.7126  -24728.7485       1.0360   267.2
0.1235      -24727.6904  -24728.8049       1.1144   287.4
0.1240      -24727.7156  -24728.8486       1.1330   292.2
0.1245      -24727.7296  -24728.8742       1.1445   295.2
0.1250      -24727.7269  -24728.8916       1.1647   300.4
0.1255      -24727.6893  -24728.9091       1.2197   314.5
0.1260      -24727.7011  -24728.9268       1.2258   316.1
0.1265      -24727.6864  -24728.9422       1.2559   323.9
0.1270      -24727.6730  -24728.9561       1.2831   330.9
0.1275      -24727.7127  -24728.9581       1.2454   321.2
0.1280      -24727.7198  -24728.9296       1.2098   312.0
0.1285      -24727.7021  -24728.8593       1.1572   298.4
0.1290      -24727.7180  -24728.7898       1.0718   276.4
0.1295      -24727.7495  -24728.7750       1.0256   264.5
0.1300      -24727.7964  -24728.8155       1.0190   262.8
0.1305      -24727.8045  -24728.8647       1.0602   273.4
0.1310      -24727.7851  -24728.8863       1.1012   284.0
0.1315      -24727.8337  -24728.8810       1.0473   270.1
0.1320      -24727.8316  -24728.8650       1.0334   266.5
0.1325      -24727.8069  -24728.8470       1.0400   268.2
0.1330      -24727.7994  -24728.8160       1.0165   262.1
0.1335      -24727.8107  -24728.7646       0.9538   246.0
0.1340      -24727.8108  -24728.6896       0.8789   226.6
0.1345      -24727.7759  -24728.6023       0.8264   213.1
0.1350      -24727.8001  -24728.5469       0.7468   192.6
0.1355      -24727.8144  -24728.5532       0.7388   190.5
0.1360      -24727.7792  -24728.6280       0.8487   218.9
0.1365      -24727.8149  -24728.7265       0.9116   235.1
0.1370      -24727.8104  -24728.7998       0.9894   255.1
0.1375      -24727.8649  -24728.8248       0.9599   247.5
0.1380      -24727.8689  -24728.8047       0.9357   241.3
0.1385      -24727.8638  -24728.7557       0.8919   230.0
0.1390      -24727.8785  -24728.7062       0.8277   213.4
0.1395      -24727.8554  -24728.6759       0.8204   211.6
0.1400      -24727.8893  -24728.6742       0.7849   202.4
0.1405      -24727.8785  -24728.6914       0.8129   209.6
0.1410      -24727.8701  -24728.7158       0.8457   218.1
0.1415      -24727.8597  -24728.7302       0.8704   224.5
0.1420      -24727.8507  -24728.7315       0.8807   227.1
0.1425      -24727.8814  -24728.7414       0.8600   221.8
0.1430      -24727.8483  -24728.7764       0.9281   239.3
0.1435      -24727.7940  -24728.8198       1.0258   264.5
0.1440      -24727.7507  -24728.8328       1.0821   279.1
0.1445      -24727.7478  -24728.7859       1.0381   267.7
0.1450      -24727.7534  -24728.6998       0.9465   244.1
0.1455      -24727.7547  -24728.6148       0.8600   221.8
0.1460      -24727.7726  -24728.5553       0.7827   201.8
0.1465      -24727.7950  -24728.5262       0.7312   188.6
0.1470      -24727.7883  -24728.5314       0.7430   191.6
0.1475      -24727.8293  -24728.5677       0.7384   190.4
0.1480      -24727.8299  -24728.6236       0.7937   204.7
0.1485      -24727.8356  -24728.6781       0.8425   217.3
0.1490      -24727.8453  -24728.7132       0.8679   223.8
0.1495      -24727.8717  -24728.7176       0.8459   218.1
0.1500      -24727.8654  -24728.7056       0.8403   216.7
0.1505      -24727.8617  -24728.7053       0.8436   217.5
0.1510      -24727.8874  -24728.7158       0.8283   213.6
0.1515      -24727.9065  -24728.7242       0.8177   210.9
0.1520      -24727.9203  -24728.7111       0.7908   203.9
0.1525      -24727.9120  -24728.6961       0.7841   202.2
0.1530      -24727.8777  -24728.7058       0.8280   213.5
0.1535      -24727.9071  -24728.7532       0.8461   218.2
0.1540      -24727.9260  -24728.8232       0.8972   231.4
0.1545      -24727.9005  -24728.8884       0.9879   254.8
0.1550      -24727.8818  -24728.9179       1.0362   267.2
0.1555      -24727.9029  -24728.8934       0.9905   255.4
0.1560      -24727.8918  -24728.8301       0.9384   242.0
0.1565      -24727.8864  -24728.7634       0.8770   226.2
0.1570      -24727.8746  -24728.7268       0.8522   219.8
0.1575      -24727.8522  -24728.7202       0.8681   223.9
0.1580      -24727.8344  -24728.7135       0.8792   226.7
0.1585      -24727.8360  -24728.6935       0.8575   221.1
0.1590      -24727.8140  -24728.6715       0.8575   221.1
0.1595      -24727.8248  -24728.6541       0.8293   213.9
0.1600      -24727.8448  -24728.6496       0.8048   207.5
0.1605      -24727.8792  -24728.6628       0.7836   202.1
0.1610      -24727.9132  -24728.6935       0.7804   201.2
0.1615      -24727.9092  -24728.7292       0.8199   211.4
0.1620      -24727.8998  -24728.7561       0.8563   220.8
0.1625      -24727.8598  -24728.7604       0.9006   232.2
0.1630      -24727.8911  -24728.7578       0.8666   223.5
0.1635      -24727.8523  -24728.7792       0.9269   239.0
0.1640      -24727.8802  -24728.8306       0.9504   245.1
0.1645      -24727.8736  -24728.9008       1.0272   264.9
0.1650      -24727.8620  -24728.9738       1.1117   286.7
0.1655      -24727.8689  -24729.0289       1.1600   299.1
0.1660      -24727.8677  -24729.0625       1.1948   308.1
0.1665      -24727.8572  -24729.0767       1.2196   314.5
0.1670      -24727.9035  -24729.0741       1.1706   301.9
0.1675      -24727.9352  -24729.0634       1.1283   291.0
0.1680      -24727.9215  -24729.0534       1.1319   291.9
0.1685      -24727.8903  -24729.0412       1.1510   296.8
0.1690      -24727.9009  -24729.0140       1.1131   287.1
0.1695      -24727.8874  -24728.9635       1.0761   277.5
0.1700      -24727.8362  -24728.9019       1.0657   274.8
0.1705      -24727.8229  -24728.8376       1.0146   261.7
0.1710      -24727.8223  -24728.7834       0.9611   247.9
0.1715      -24727.8108  -24728.7395       0.9287   239.5
0.1720      -24727.7990  -24728.7002       0.9012   232.4
0.1725      -24727.8117  -24728.6649       0.8531   220.0
0.1730      -24727.8379  -24728.6409       0.8030   207.1
0.1735      -24727.8193  -24728.6307       0.8114   209.2
0.1740      -24727.7988  -24728.6327       0.8339   215.0
0.1745      -24727.7488  -24728.6451       0.8963   231.1
0.1750      -24727.7341  -24728.6642       0.9301   239.9
0.1755      -24727.7361  -24728.6863       0.9502   245.0
0.1760      -24727.7491  -24728.7023       0.9532   245.8
0.1765      -24727.7559  -24728.7083       0.9524   245.6
0.1770      -24727.7922  -24728.7004       0.9082   234.2
0.1775      -24727.7946  -24728.6833       0.8887   229.2
0.1780      -24727.7947  -24728.6743       0.8796   226.8
0.1785      -24727.7934  -24728.6955       0.9020   232.6
0.1790      -24727.7999  -24728.7530       0.9531   245.8
0.1795      -24727.8196  -24728.8321       1.0125   261.1
0.1800      -24727.8296  -24728.9015       1.0719   276.4
0.1805      -24727.8054  -24728.9369       1.1315   291.8
0.1810      -24727.8344  -24728.9215       1.0870   280.3
0.1815      -24727.7972  -24728.8599       1.0627   274.0
0.1820      -24727.7957  -24728.7756       0.9799   252.7
0.1825      -24727.7441  -24728.6928       0.9486   244.6
0.1830      -24727.7391  -24728.6149       0.8758   225.8
0.1835      -24727.7250  -24728.5564       0.8314   214.4
0.1840      -24727.7442  -24728.5253       0.7810   201.4
0.1845      -24727.7025  -24728.5174       0.8149   210.1
0.1850      -24727.7071  -24728.5309       0.8238   212.4
0.1855      -24727.6880  -24728.5631       0.8751   225.7
0.1860      -24727.7171  -24728.5985       0.8814   227.3
0.1865      -24727.7254  -24728.6240       0.8986   231.7
0.1870      -24727.7418  -24728.6281       0.8863   228.5
0.1875      -24727.7081  -24728.6135       0.9053   233.5
0.1880      -24727.7054  -24728.5886       0.8832   227.8
0.1885      -24727.6815  -24728.5639       0.8825   227.6
0.1890      -24727.6520  -24728.5537       0.9017   232.5
0.1895      -24727.6461  -24728.5564       0.9103   234.7
0.1900      -24727.6180  -24728.5733       0.9553   246.4
0.1905      -24727.6261  -24728.6018       0.9757   251.6
0.1910      -24727.6047  -24728.6422       1.0375   267.5
0.1915      -24727.5907  -24728.6887       1.0980   283.2
0.1920      -24727.5997  -24728.7406       1.1409   294.2
0.1925      -24727.5912  -24728.7841       1.1929   307.6
0.1930      -24727.5758  -24728.8090       1.2332   318.0
0.1935      -24727.6009  -24728.8130       1.2121   312.6
0.1940      -24727.6064  -24728.7925       1.1861   305.9
0.1945      -24727.6136  -24728.7524       1.1388   293.7
0.1950      -24727.6384  -24728.7070       1.0686   275.6
0.1955      -24727.6655  -24728.6717       1.0063   259.5
0.1960      -24727.6872  -24728.6545       0.9673   249.4
0.1965      -24727.6373  -24728.6615       1.0242   264.1
0.1970      -24727.6168  -24728.6857       1.0689   275.6
0.1975      -24727.5980  -24728.7130       1.1150   287.5
0.1980      -24727.5523  -24728.7271       1.1748   302.9
0.1985      -24727.5106  -24728.7121       1.2014   309.8
0.1990      -24727.5383  -24728.6803       1.1420   294.5
0.1995      -24727.5340  -24728.6492       1.1152   287.6
0.2000      -24727.5391  -24728.6358       1.0967   282.8
0.2005      -24727.5728  -24728.6448       1.0720   276.5
0.2010      -24727.6119  -24728.6792       1.0673   275.2
0.2015      -24727.6276  -24728.7215       1.0939   282.1
0.2020      -24727.5931  -24728.7570       1.1639   300.1
0.2025      -24727.5602  -24728.7762       1.2160   313.6
0.2030      -24727.5962  -24728.7793       1.1832   305.1
0.2035      -24727.6454  -24728.7705       1.1251   290.1
0.2040      -24727.6533  -24728.7567       1.1034   284.5
0.2045      -24727.5761  -24728.7418       1.1657   300.6
0.2050      -24727.5258  -24728.7138       1.1880   306.4
0.2055      -24727.4791  -24728.6713       1.1922   307.5
0.2060      -24727.5132  -24728.6284       1.1151   287.6
0.2065      -24727.5257  -24728.5908       1.0651   274.7
0.2070      -24727.5406  -24728.5648       1.0242   264.1
0.2075      -24727.5258  -24728.5570       1.0312   265.9
0.2080      -24727.5349  -24728.5600       1.0251   264.4
0.2085      -24727.5317  -24728.5764       1.0447   269.4
0.2090      -24727.5626  -24728.5958       1.0332   266.4
0.2095      -24727.5600  -24728.6182       1.0582   272.9
0.2100      -24727.5710  -24728.6333       1.0623   273.9
0.2105      -24727.5841  -24728.6471       1.0631   274.1
0.2110      -24727.5682  -24728.6670       1.0988   283.4
0.2115      -24727.5632  -24728.6886       1.1254   290.2
0.2120      -24727.5683  -24728.7021       1.1338   292.4
0.2125      -24727.5703  -24728.7031       1.1328   292.1
0.2130      -24727.5269  -24728.7009       1.1740   302.7
0.2135      -24727.5405  -24728.6987       1.1582   298.7
0.2140      -24727.5182  -24728.6914       1.1732   302.5
0.2145      -24727.5307  -24728.6813       1.1506   296.7
0.2150      -24727.5166  -24728.6690       1.1523   297.2
0.2155      -24727.5037  -24728.6568       1.1531   297.4
0.2160      -24727.4605  -24728.6460       1.1855   305.7
0.2165      -24727.5070  -24728.6362       1.1293   291.2
0.2170      -24727.5109  -24728.6283       1.1174   288.2
0.2175      -24727.4989  -24728.6249       1.1260   290.4
0.2180      -24727.4995  -24728.6202       1.1207   289.0
0.2185      -24727.4783  -24728.6066       1.1283   291.0
0.2190      -24727.4630  -24728.5774       1.1144   287.4
0.2195      -24727.4747  -24728.5327       1.0580   272.8
0.2200      -24727.4712  -24728.4869       1.0157   261.9
0.2205      -24727.4400  -24728.4466       1.0065   259.6
0.2210      -24727.4319  -24728.4296       0.9977   257.3
0.2215      -24727.4502  -24728.4473       0.9970   257.1
0.2220      -24727.4535  -24728.4887       1.0352   267.0
0.2225      -24727.4719  -24728.5453       1.0734   276.8
0.2230      -24727.4803  -24728.5997       1.1194   288.7
0.2235      -24727.4800  -24728.6358       1.1558   298.0
0.2240      -24727.4651  -24728.6559       1.1908   307.1
0.2245      -24727.4397  -24728.6614       1.2217   315.1
0.2250      -24727.4246  -24728.6518       1.2273   316.5
0.2255      -24727.3828  -24728.6331       1.2503   322.4
0.2260      -24727.3903  -24728.6115       1.2212   314.9
0.2265      -24727.4010  -24728.5935       1.1925   307.5
0.2270      -24727.3965  -24728.5827       1.1862   305.9
0.2275      -24727.4381  -24728.5819       1.1438   295.0
0.2280      -24727.4167  -24728.5917       1.1750   303.0
0.2285      -24727.4714  -24728.6056       1.1341   292.5
0.2290      -24727.4463  -24728.6227       1.1764   303.4
0.2295      -24727.4679  -24728.6360       1.1681   301.2
0.2300      -24727.4572  -24728.6349       1.1778   303.7
0.2305      -24727.4672  -24728.6103       1.1430   294.8
0.2310      -24727.4803  -24728.5648       1.0844   279.7
0.2315      -24727.4584  -24728.5055       1.0471   270.0
0.2320      -24727.4340  -24728.4490       1.0150   261.8
0.2325      -24727.3880  -24728.4060       1.0180   262.5
0.2330      -24727.3444  -24728.3866       1.0422   268.8
0.2335      -24727.3296  -24728.3877       1.0581   272.9
0.2340      -24727.3742  -24728.4071       1.0329   266.4
0.2345      -24727.3374  -24728.4244       1.0870   280.3
0.2350      -24727.3534  -24728.4348       1.0814   278.9
0.2355      -24727.3565  -24728.4368       1.0803   278.6
0.2360      -24727.3272  -24728.4256       1.0984   283.3
0.2365      -24727.3024  -24728.4106       1.1081   285.8
0.2370      -24727.3491  -24728.4012       1.0521   271.3
0.2375      -24727.3453  -24728.3956       1.0503   270.9
0.2380      -24727.3687  -24728.3984       1.0297   265.5
0.2385      -24727.3891  -24728.4125       1.0234   263.9
0.2390      -24727.3745  -24728.4485       1.0740   277.0
0.2395      -24727.3653  -24728.4965       1.1312   291.7
0.2400      -24727.3343  -24728.5476       1.2133   312.9
0.2405      -24727.3408  -24728.5952       1.2544   323.5
0.2410      -24727.3881  -24728.6261       1.2380   319.3
0.2415      -24727.3598  -24728.6336       1.2737   328.5
0.2420      -24727.3978  -24728.6100       1.2122   312.6
0.2425      -24727.4685  -24728.5685       1.1000   283.7
0.2430      -24727.4559  -24728.5274       1.0715   276.3
0.2435      -24727.4709  -24728.4946       1.0237   264.0
0.2440      -24727.4727  -24728.4797       1.0070   259.7
0.2445      -24727.4638  -24728.4833       1.0195   262.9
0.2450      -24727.4385  -24728.4977       1.0591   273.1
0.2455      -24727.4602  -24728.5180       1.0578   272.8
0.2460      -24727.4786  -24728.5377       1.0590   273.1
0.2465      -24727.4998  -24728.5495       1.0497   270.7
0.2470      -24727.4803  -24728.5590       1.0786   278.2
0.2475      -24727.5090  -24728.5558       1.0468   270.0
0.2480      -24727.4669  -24728.5385       1.0716   276.3
0.2485      -24727.4672  -24728.5099       1.0427   268.9
0.2490      -24727.4601  -24728.4746       1.0145   261.6
0.2495      -24727.4407  -24728.4440       1.0033   258.7
0.2500      -24727.4175  -24728.4253       1.0079   259.9
