Time[ps]      Etot[eV]     Epot[eV]     Ekin[eV]    T[K]
0.0000      -24728.9455  -24728.9455       0.0000     0.0
0.0005      -24728.9337  -24728.9553       0.0216     5.6
0.0010      -24728.9133  -24728.9832       0.0699    18.0
0.0015      -24728.9092  -24729.0271       0.1178    30.4
0.0020      -24728.8923  -24729.0713       0.1790    46.2
0.0025      -24728.8823  -24729.0978       0.2155    55.6
0.0030      -24728.8607  -24729.0892       0.2285    58.9
0.0035      -24728.8501  -24729.0499       0.1998    51.5
0.0040      -24728.8430  -24729.0009       0.1579    40.7
0.0045      -24728.8305  -24728.9650       0.1344    34.7
0.0050      -24728.8146  -24728.9535       0.1390    35.8
0.0055      -24728.8153  -24728.9656       0.1503    38.8
0.0060      -24728.8087  -24728.9930       0.1843    47.5
0.0065      -24728.7906  -24729.0280       0.2374    61.2
0.0070      -24728.7717  -24729.0586       0.2868    74.0
0.0075      -24728.7718  -24729.0688       0.2970    76.6
0.0080      -24728.7688  -24729.0544       0.2856    73.6
0.0085      -24728.7466  -24729.0214       0.2748    70.9
0.0090      -24728.7668  -24728.9840       0.2172    56.0
0.0095      -24728.7795  -24728.9615       0.1820    46.9
0.0100      -24728.7819  -24728.9558       0.1739    44.9
0.0105      -24728.7590  -24728.9676       0.2086    53.8
0.0110      -24728.7639  -24728.9918       0.2279    58.8
0.0115      -24728.7554  -24729.0181       0.2627    67.8
0.0120      -24728.7476  -24729.0370       0.2895    74.6
0.0125      -24728.7386  -24729.0436       0.3050    78.6
0.0130      -24728.7090  -24729.0340       0.3250    83.8
0.0135      -24728.7219  -24729.0192       0.2973    76.7
0.0140      -24728.7107  -24729.0077       0.2970    76.6
0.0145      -24728.7180  -24729.0067       0.2887    74.5
0.0150      -24728.7112  -24729.0145       0.3033    78.2
0.0155      -24728.7078  -24729.0312       0.3235    83.4
0.0160      -24728.6801  -24729.0533       0.3732    96.2
0.0165      -24728.6763  -24729.0703       0.3940   101.6
0.0170      -24728.6425  -24729.0735       0.4310   111.2
0.0175      -24728.6418  -24729.0595       0.4177   107.7
0.0180      -24728.6384  -24729.0312       0.3928   101.3
0.0185      -24728.6207  -24728.9942       0.3736    96.3
0.0190      -24728.6036  -24728.9563       0.3527    91.0
0.0195      -24728.5910  -24728.9290       0.3380    87.2
0.0200      -24728.6085  -24728.9138       0.3053    78.7
0.0205      -24728.5768  -24728.9127       0.3359    86.6
0.0210      -24728.5393  -24728.9266       0.3873    99.9
0.0215      -24728.5294  -24728.9563       0.4269   110.1
0.0220      -24728.5261  -24728.9916       0.4655   120.0
0.0225      -24728.5187  -24729.0173       0.4986   128.6
0.0230      -24728.4949  -24729.0231       0.5282   136.2
0.0235      -24728.4655  -24729.0055       0.5401   139.3
0.0240      -24728.4646  -24728.9696       0.5049   130.2
0.0245      -24728.4483  -24728.9261       0.4779   123.2
0.0250      -24728.4505  -24728.8981       0.4476   115.4
0.0255      -24728.4483  -24728.8974       0.4491   115.8
0.0260      -24728.4060  -24728.9250       0.5190   133.8
0.0265      -24728.3922  -24728.9739       0.5817   150.0
0.0270      -24728.3850  -24729.0241       0.6391   164.8
0.0275      -24728.3735  -24729.0616       0.6881   177.5
0.0280      -24728.4110  -24729.0782       0.6672   172.1
0.0285      -24728.4137  -24729.0713       0.6577   169.6
0.0290      -24728.3827  -24729.0440       0.6613   170.5
0.0295      -24728.3983  -24729.0041       0.6058   156.2
0.0300      -24728.3872  -24728.9631       0.5759   148.5
0.0305      -24728.3700  -24728.9262       0.5562   143.4
0.0310      -24728.3710  -24728.8982       0.5273   136.0
0.0315      -24728.3614  -24728.8858       0.5243   135.2
0.0320      -24728.3824  -24728.8872       0.5047   130.2
0.0325      -24728.3835  -24728.9016       0.5182   133.6
0.0330      -24728.3651  -24728.9229       0.5577   143.8
0.0335      -24728.3998  -24728.9475       0.5477   141.2
0.0340      -24728.4012  -24728.9685       0.5672   146.3
0.0345      -24728.3992  -24728.9767       0.5775   148.9
0.0350      -24728.3657  -24728.9687       0.6030   155.5
0.0355      -24728.3739  -24728.9448       0.5709   147.2
0.0360      -24728.3626  -24728.9137       0.5512   142.1
0.0365      -24728.3419  -24728.8850       0.5431   140.1
0.0370      -24728.3244  -24728.8688       0.5444   140.4
0.0375      -24728.3532  -24728.8718       0.5186   133.7
0.0380      -24728.3986  -24728.8939       0.4953   127.7
0.0385      -24728.4078  -24728.9257       0.5179   133.5
0.0390      -24728.3860  -24728.9606       0.5746   148.2
0.0395      -24728.4009  -24728.9869       0.5859   151.1
0.0400      -24728.3835  -24728.9966       0.6131   158.1
0.0405      -24728.3616  -24728.9877       0.6262   161.5
0.0410      -24728.3478  -24728.9620       0.6142   158.4
0.0415      -24728.3506  -24728.9272       0.5765   148.7
0.0420      -24728.3367  -24728.8915       0.5548   143.1
0.0425      -24728.3425  -24728.8637       0.5212   134.4
0.0430      -24728.3350  -24728.8531       0.5181   133.6
0.0435      -24728.3258  -24728.8609       0.5351   138.0
0.0440      -24728.3220  -24728.8809       0.5589   144.1
0.0445      -24728.3035  -24728.9019       0.5985   154.3
0.0450      -24728.2825  -24728.9168       0.6344   163.6
0.0455      -24728.2726  -24728.9203       0.6477   167.0
0.0460      -24728.2829  -24728.9132       0.6303   162.5
0.0465      -24728.2700  -24728.9002       0.6302   162.5
0.0470      -24728.2569  -24728.8867       0.6298   162.4
0.0475      -24728.2390  -24728.8770       0.6381   164.5
0.0480      -24728.2352  -24728.8767       0.6415   165.4
0.0485      -24728.2437  -24728.8857       0.6420   165.6
0.0490      -24728.2510  -24728.9024       0.6515   168.0
0.0495      -24728.2579  -24728.9228       0.6649   171.5
0.0500      -24728.2442  -24728.9458       0.7017   180.9
0.0505      -24728.2302  -24728.9617       0.7314   188.6
0.0510      -24728.2457  -24728.9743       0.7285   187.9
0.0515      -24728.2331  -24728.9803       0.7472   192.7
0.0520      -24728.2106  -24728.9806       0.7699   198.6
0.0525      -24728.1864  -24728.9780       0.7916   204.1
0.0530      -24728.1968  -24728.9772       0.7804   201.3
0.0535      -24728.1949  -24728.9790       0.7842   202.2
0.0540      -24728.2022  -24728.9807       0.7785   200.8
0.0545      -24728.1951  -24728.9807       0.7856   202.6
0.0550      -24728.1903  -24728.9774       0.7871   203.0
0.0555      -24728.2015  -24728.9729       0.7715   198.9
0.0560      -24728.2054  -24728.9675       0.7621   196.5
0.0565      -24728.2134  -24728.9582       0.7448   192.1
0.0570      -24728.2210  -24728.9460       0.7250   187.0
0.0575      -24728.2063  -24728.9361       0.7297   188.2
0.0580      -24728.2087  -24728.9332       0.7245   186.8
0.0585      -24728.2012  -24728.9354       0.7343   189.3
0.0590      -24728.2195  -24728.9411       0.7216   186.1
0.0595      -24728.1913  -24728.9456       0.7543   194.5
0.0600      -24728.1936  -24728.9500       0.7563   195.0
0.0605      -24728.1796  -24728.9548       0.7752   199.9
0.0610      -24728.1857  -24728.9601       0.7743   199.7
0.0615      -24728.1571  -24728.9630       0.8059   207.8
0.0620      -24728.1449  -24728.9620       0.8171   210.7
0.0625      -24728.1415  -24728.9532       0.8117   209.3
0.0630      -24728.1339  -24728.9397       0.8058   207.8
0.0635      -24728.1190  -24728.9228       0.8038   207.3
0.0640      -24728.1147  -24728.9004       0.7857   202.6
0.0645      -24728.0881  -24728.8821       0.7940   204.8
0.0650      -24728.0539  -24728.8720       0.8182   211.0
0.0655      -24728.0726  -24728.8724       0.7998   206.2
0.0660      -24728.0805  -24728.8868       0.8062   207.9
0.0665      -24728.0711  -24728.9071       0.8361   215.6
0.0670      -24728.0560  -24728.9288       0.8728   225.1
0.0675      -24728.0258  -24728.9408       0.9150   236.0
0.0680      -24728.0144  -24728.9362       0.9218   237.7
0.0685      -24728.0444  -24728.9121       0.8677   223.8
0.0690      -24728.0691  -24728.8739       0.8048   207.5
0.0695      -24728.0410  -24728.8304       0.7893   203.6
0.0700      -24728.0219  -24728.7938       0.7719   199.1
0.0705      -24728.0520  -24728.7702       0.7182   185.2
0.0710      -24728.0924  -24728.7675       0.6752   174.1
0.0715      -24728.0573  -24728.7869       0.7296   188.1
0.0720      -24728.0956  -24728.8175       0.7219   186.2
0.0725      -24728.0793  -24728.8415       0.7621   196.5
0.0730      -24728.0631  -24728.8490       0.7859   202.7
0.0735      -24728.0484  -24728.8377       0.7893   203.5
0.0740      -24728.0428  -24728.8062       0.7633   196.8
0.0745      -24728.0337  -24728.7616       0.7279   187.7
0.0750      -24728.0224  -24728.7194       0.6970   179.7
0.0755      -24728.0292  -24728.6954       0.6662   171.8
0.0760      -24728.0080  -24728.6921       0.6842   176.4
0.0765      -24727.9881  -24728.7091       0.7210   185.9
0.0770      -24727.9736  -24728.7407       0.7671   197.8
0.0775      -24727.9842  -24728.7751       0.7909   204.0
0.0780      -24727.9907  -24728.8019       0.8112   209.2
0.0785      -24727.9690  -24728.8139       0.8449   217.9
0.0790      -24727.9463  -24728.8085       0.8622   222.3
0.0795      -24727.9200  -24728.7890       0.8690   224.1
0.0800      -24727.9209  -24728.7608       0.8399   216.6
0.0805      -24727.9003  -24728.7364       0.8361   215.6
0.0810      -24727.9216  -24728.7245       0.8029   207.1
0.0815      -24727.9246  -24728.7362       0.8117   209.3
0.0820      -24727.9797  -24728.7706       0.7909   204.0
0.0825      -24727.9489  -24728.8192       0.8703   224.4
0.0830      -24727.9297  -24728.8679       0.9382   241.9
0.0835      -24727.9171  -24728.9071       0.9900   255.3
0.0840      -24727.8722  -24728.9215       1.0494   270.6
0.0845      -24727.8820  -24728.9027       1.0206   263.2
0.0850      -24727.8628  -24728.8625       0.9997   257.8
0.0855      -24727.8662  -24728.8154       0.9493   244.8
0.0860      -24727.9273  -24728.7726       0.8453   218.0
0.0865      -24727.9157  -24728.7455       0.8298   214.0
0.0870      -24727.9107  -24728.7354       0.8247   212.7
0.0875      -24727.9082  -24728.7427       0.8345   215.2
0.0880      -24727.8997  -24728.7604       0.8607   221.9
0.0885      -24727.8771  -24728.7794       0.9023   232.7
0.0890      -24727.8801  -24728.7896       0.9095   234.5
0.0895      -24727.8744  -24728.7866       0.9122   235.2
0.0900      -24727.8747  -24728.7662       0.8915   229.9
0.0905      -24727.8801  -24728.7434       0.8634   222.6
0.0910      -24727.8894  -24728.7240       0.8346   215.2
0.0915      -24727.8650  -24728.7140       0.8490   218.9
0.0920      -24727.8563  -24728.7099       0.8536   220.1
0.0925      -24727.8353  -24728.7152       0.8800   226.9
0.0930      -24727.8270  -24728.7289       0.9020   232.6
0.0935      -24727.8074  -24728.7378       0.9304   239.9
0.0940      -24727.7959  -24728.7378       0.9420   242.9
0.0945      -24727.8361  -24728.7300       0.8939   230.5
0.0950      -24727.8304  -24728.7249       0.8944   230.7
0.0955      -24727.8131  -24728.7288       0.9157   236.1
0.0960      -24727.8285  -24728.7453       0.9169   236.4
0.0965      -24727.8313  -24728.7723       0.9410   242.7
0.0970      -24727.8661  -24728.7988       0.9327   240.5
0.0975      -24727.9020  -24728.8197       0.9177   236.7
0.0980      -24727.8683  -24728.8390       0.9707   250.3
0.0985      -24727.8484  -24728.8586       1.0102   260.5
0.0990      -24727.8448  -24728.8749       1.0302   265.7
0.0995      -24727.8556  -24728.8892       1.0336   266.5
0.1000      -24727.8331  -24728.8862       1.0531   271.6
0.1005      -24727.8664  -24728.8445       0.9781   252.2
0.1010      -24727.8778  -24728.7670       0.8892   229.3
0.1015      -24727.8531  -24728.6829       0.8298   214.0
0.1020      -24727.8486  -24728.6246       0.7760   200.1
0.1025      -24727.8363  -24728.6136       0.7772   200.4
0.1030      -24727.7758  -24728.6463       0.8705   224.5
0.1035      -24727.7889  -24728.7086       0.9197   237.2
0.1040      -24727.8020  -24728.7693       0.9673   249.4
0.1045      -24727.8415  -24728.7981       0.9566   246.7
0.1050      -24727.8264  -24728.7872       0.9608   247.8
0.1055      -24727.7913  -24728.7449       0.9536   245.9
0.1060      -24727.8020  -24728.6919       0.8899   229.5
0.1065      -24727.7927  -24728.6519       0.8592   221.6
0.1070      -24727.7969  -24728.6353       0.8383   216.2
0.1075      -24727.7902  -24728.6472       0.8571   221.0
0.1080      -24727.7820  -24728.6768       0.8948   230.7
0.1085      -24727.7553  -24728.7088       0.9535   245.9
0.1090      -24727.7930  -24728.7340       0.9410   242.7
0.1095      -24727.8443  -24728.7406       0.8963   231.1
0.1100      -24727.8423  -24728.7282       0.8859   228.5
0.1105      -24727.8328  -24728.7006       0.8678   223.8
0.1110      -24727.7971  -24728.6701       0.8730   225.1
0.1115      -24727.7843  -24728.6435       0.8592   221.6
0.1120      -24727.8082  -24728.6308       0.8225   212.1
0.1125      -24727.7741  -24728.6398       0.8657   223.3
0.1130      -24727.7897  -24728.6733       0.8836   227.9
0.1135      -24727.7463  -24728.7249       0.9786   252.4
0.1140      -24727.7883  -24728.7810       0.9926   256.0
0.1145      -24727.7952  -24728.8378       1.0426   268.9
0.1150      -24727.7961  -24728.8871       1.0910   281.3
0.1155      -24727.7456  -24728.9109       1.1653   300.5
0.1160      -24727.7347  -24728.8945       1.1598   299.1
0.1165      -24727.6974  -24728.8348       1.1375   293.3
0.1170      -24727.7394  -24728.7444       1.0050   259.2
0.1175      -24727.7318  -24728.6582       0.9264   238.9
0.1180      -24727.6994  -24728.6107       0.9113   235.0
0.1185      -24727.6530  -24728.6272       0.9742   251.2
0.1190      -24727.6896  -24728.6843       0.9947   256.5
0.1195      -24727.6846  -24728.7472       1.0627   274.0
0.1200      -24727.6601  -24728.7814       1.1213   289.2
0.1205      -24727.6368  -24728.7723       1.1355   292.8
0.1210      -24727.5872  -24728.7292       1.1420   294.5
0.1215      -24727.5814  -24728.6714       1.0899   281.1
0.1220      -24727.6318  -24728.6096       0.9778   252.2
0.1225      -24727.6066  -24728.5568       0.9502   245.0
0.1230      -24727.6079  -24728.5209       0.9130   235.4
0.1235      -24727.5779  -24728.5069       0.9289   239.5
0.1240      -24727.5639  -24728.5147       0.9508   245.2
0.1245      -24727.5603  -24728.5433       0.9830   253.5
0.1250      -24727.5606  -24728.5776       1.0171   262.3
0.1255      -24727.5626  -24728.6110       1.0484   270.4
0.1260      -24727.5816  -24728.6364       1.0548   272.0
0.1265      -24727.5977  -24728.6581       1.0604   273.5
0.1270      -24727.6044  -24728.6779       1.0735   276.8
0.1275      -24727.6205  -24728.6950       1.0745   277.1
0.1280      -24727.5983  -24728.7096       1.1112   286.6
0.1285      -24727.5889  -24728.7185       1.1296   291.3
0.1290      -24727.5815  -24728.7237       1.1423   294.6
0.1295      -24727.5860  -24728.7143       1.1282   290.9
0.1300      -24727.6006  -24728.6920       1.0913   281.4
0.1305      -24727.5882  -24728.6684       1.0802   278.6
0.1310      -24727.6049  -24728.6457       1.0409   268.4
0.1315      -24727.6496  -24728.6359       0.9863   254.3
0.1320      -24727.6241  -24728.6442       1.0201   263.1
0.1325      -24727.6108  -24728.6676       1.0568   272.5
0.1330      -24727.5944  -24728.6975       1.1032   284.5
0.1335      -24727.5615  -24728.7265       1.1650   300.4
0.1340      -24727.5749  -24728.7424       1.1675   301.1
0.1345      -24727.5984  -24728.7356       1.1371   293.2
0.1350      -24727.6235  -24728.7056       1.0821   279.1
0.1355      -24727.6252  -24728.6557       1.0304   265.7
0.1360      -24727.6528  -24728.6027       0.9499   245.0
0.1365      -24727.6194  -24728.5587       0.9393   242.2
0.1370      -24727.6489  -24728.5272       0.8783   226.5
0.1375      -24727.6461  -24728.5138       0.8677   223.8
0.1380      -24727.6299  -24728.5344       0.9044   233.2
0.1385      -24727.6728  -24728.5754       0.9026   232.8
0.1390      -24727.6752  -24728.6259       0.9507   245.2
0.1395      -24727.6950  -24728.6864       0.9914   255.7
0.1400      -24727.6833  -24728.7402       1.0569   272.6
0.1405      -24727.6909  -24728.7770       1.0861   280.1
0.1410      -24727.7219  -24728.7868       1.0649   274.6
0.1415      -24727.7034  -24728.7726       1.0692   275.7
0.1420      -24727.7184  -24728.7428       1.0244   264.2
0.1425      -24727.7631  -24728.7081       0.9450   243.7
0.1430      -24727.7190  -24728.6858       0.9668   249.3
0.1435      -24727.7138  -24728.6903       0.9765   251.8
0.1440      -24727.6978  -24728.7282       1.0304   265.7
0.1445      -24727.7131  -24728.7758       1.0627   274.0
0.1450      -24727.7211  -24728.8167       1.0955   282.5
0.1455      -24727.7133  -24728.8382       1.1250   290.1
0.1460      -24727.7129  -24728.8377       1.1248   290.1
0.1465      -24727.7718  -24728.8174       1.0456   269.6
0.1470      -24727.7850  -24728.7873       1.0023   258.5
0.1475      -24727.7854  -24728.7591       0.9737   251.1
0.1480      -24727.7699  -24728.7377       0.9678   249.6
0.1485      -24727.7506  -24728.7187       0.9681   249.6
0.1490      -24727.7569  -24728.7055       0.9486   244.6
0.1495      -24727.7590  -24728.6897       0.9308   240.0
0.1500      -24727.6888  -24728.6605       0.9717   250.6
0.1505      -24727.6849  -24728.6232       0.9384   242.0
0.1510      -24727.6684  -24728.6055       0.9371   241.7
0.1515      -24727.6816  -24728.6332       0.9516   245.4
0.1520      -24727.6664  -24728.7076       1.0411   268.5
0.1525      -24727.6298  -24728.7978       1.1680   301.2
0.1530      -24727.6058  -24728.8646       1.2588   324.6
0.1535      -24727.6074  -24728.8764       1.2690   327.2
0.1540      -24727.5703  -24728.8363       1.2660   326.5
0.1545      -24727.5595  -24728.7656       1.2061   311.0
0.1550      -24727.5341  -24728.6941       1.1599   299.1
0.1555      -24727.5123  -24728.6496       1.1373   293.3
0.1560      -24727.5399  -24728.6413       1.1014   284.0
0.1565      -24727.5177  -24728.6695       1.1518   297.0
0.1570      -24727.5592  -24728.7227       1.1635   300.0
0.1575      -24727.5886  -24728.7894       1.2008   309.7
0.1580      -24727.5814  -24728.8563       1.2750   328.8
0.1585      -24727.5482  -24728.9026       1.3543   349.3
0.1590      -24727.5510  -24728.9043       1.3533   349.0
0.1595      -24727.5821  -24728.8629       1.2808   330.3
0.1600      -24727.6018  -24728.8008       1.1990   309.2
0.1605      -24727.6079  -24728.7360       1.1281   290.9
0.1610      -24727.6283  -24728.6858       1.0575   272.7
0.1615      -24727.6495  -24728.6670       1.0175   262.4
0.1620      -24727.6653  -24728.6733       1.0081   260.0
0.1625      -24727.6658  -24728.6942       1.0285   265.2
0.1630      -24727.6216  -24728.7123       1.0907   281.3
0.1635      -24727.5813  -24728.7205       1.1392   293.8
0.1640      -24727.6489  -24728.7050       1.0561   272.3
0.1645      -24727.5950  -24728.6695       1.0745   277.1
0.1650      -24727.5821  -24728.6236       1.0415   268.6
0.1655      -24727.5747  -24728.5740       0.9993   257.7
0.1660      -24727.6042  -24728.5349       0.9306   240.0
0.1665      -24727.5950  -24728.5249       0.9299   239.8
0.1670      -24727.6183  -24728.5385       0.9202   237.3
0.1675      -24727.6264  -24728.5722       0.9459   243.9
0.1680      -24727.6011  -24728.6250       1.0238   264.0
0.1685      -24727.6042  -24728.6893       1.0851   279.8
0.1690      -24727.5401  -24728.7567       1.2166   313.7
0.1695      -24727.5187  -24728.8185       1.2998   335.2
0.1700      -24727.4957  -24728.8579       1.3622   351.3
0.1705      -24727.5059  -24728.8648       1.3589   350.4
0.1710      -24727.5437  -24728.8330       1.2892   332.5
0.1715      -24727.5191  -24728.7646       1.2455   321.2
0.1720      -24727.5119  -24728.6848       1.1728   302.4
0.1725      -24727.4934  -24728.6205       1.1270   290.6
0.1730      -24727.4677  -24728.5799       1.1122   286.8
0.1735      -24727.5135  -24728.5653       1.0518   271.2
0.1740      -24727.4941  -24728.5645       1.0704   276.0
0.1745      -24727.4640  -24728.5593       1.0953   282.4
0.1750      -24727.4456  -24728.5356       1.0900   281.1
0.1755      -24727.4443  -24728.4840       1.0397   268.1
0.1760      -24727.4412  -24728.4112       0.9700   250.2
0.1765      -24727.4024  -24728.3386       0.9361   241.4
0.1770      -24727.3918  -24728.2781       0.8862   228.5
0.1775      -24727.3865  -24728.2331       0.8466   218.3
0.1780      -24727.4033  -24728.2096       0.8063   207.9
0.1785      -24727.4307  -24728.2167       0.7860   202.7
0.1790      -24727.4352  -24728.2525       0.8174   210.8
0.1795      -24727.4327  -24728.3073       0.8746   225.5
0.1800      -24727.4271  -24728.3721       0.9450   243.7
0.1805      -24727.3953  -24728.4354       1.0401   268.2
0.1810      -24727.4208  -24728.4857       1.0649   274.6
0.1815      -24727.3971  -24728.5202       1.1232   289.6
0.1820      -24727.4516  -24728.5370       1.0854   279.9
0.1825      -24727.4721  -24728.5482       1.0760   277.5
0.1830      -24727.4920  -24728.5679       1.0759   277.4
0.1835      -24727.5032  -24728.6068       1.1036   284.6
0.1840      -24727.4993  -24728.6607       1.1614   299.5
0.1845      -24727.4964  -24728.7104       1.2140   313.1
0.1850      -24727.5149  -24728.7475       1.2326   317.8
0.1855      -24727.5214  -24728.7635       1.2420   320.3
0.1860      -24727.5401  -24728.7574       1.2173   313.9
0.1865      -24727.5846  -24728.7299       1.1452   295.3
0.1870      -24727.6029  -24728.6913       1.0884   280.7
0.1875      -24727.5917  -24728.6540       1.0623   273.9
0.1880      -24727.5883  -24728.6255       1.0372   267.5
0.1885      -24727.5981  -24728.6117       1.0136   261.4
0.1890      -24727.5840  -24728.6050       1.0210   263.3
0.1895      -24727.5301  -24728.6037       1.0736   276.9
0.1900      -24727.5129  -24728.6082       1.0953   282.5
0.1905      -24727.5141  -24728.6104       1.0962   282.7
0.1910      -24727.5717  -24728.5992       1.0274   265.0
0.1915      -24727.5604  -24728.5714       1.0111   260.7
0.1920      -24727.5895  -24728.5355       0.9460   244.0
0.1925      -24727.5476  -24728.5079       0.9603   247.6
0.1930      -24727.5656  -24728.5071       0.9416   242.8
0.1935      -24727.5467  -24728.5285       0.9818   253.2
0.1940      -24727.5252  -24728.5715       1.0462   269.8
0.1945      -24727.4886  -24728.6288       1.1402   294.0
0.1950      -24727.4610  -24728.6844       1.2235   315.5
0.1955      -24727.4354  -24728.7199       1.2845   331.2
0.1960      -24727.4536  -24728.7319       1.2783   329.7
0.1965      -24727.4638  -24728.7249       1.2611   325.2
0.1970      -24727.4596  -24728.7056       1.2460   321.3
0.1975      -24727.4350  -24728.6841       1.2490   322.1
0.1980      -24727.4609  -24728.6665       1.2056   310.9
0.1985      -24727.4805  -24728.6622       1.1818   304.8
0.1990      -24727.4178  -24728.6703       1.2525   323.0
0.1995      -24727.3989  -24728.6780       1.2791   329.9
0.2000      -24727.4309  -24728.6726       1.2417   320.2
0.2005      -24727.4489  -24728.6509       1.2020   310.0
0.2010      -24727.5002  -24728.6151       1.1149   287.5
0.2015      -24727.5234  -24728.5712       1.0477   270.2
0.2020      -24727.5016  -24728.5325       1.0309   265.9
0.2025      -24727.4732  -24728.5130       1.0398   268.1
0.2030      -24727.4978  -24728.5167       1.0190   262.8
0.2035      -24727.5364  -24728.5365       1.0001   257.9
0.2040      -24727.4829  -24728.5569       1.0740   277.0
0.2045      -24727.4690  -24728.5700       1.1010   283.9
0.2050      -24727.4748  -24728.5684       1.0936   282.0
0.2055      -24727.4709  -24728.5591       1.0883   280.6
0.2060      -24727.4431  -24728.5427       1.0996   283.6
0.2065      -24727.4031  -24728.5229       1.1198   288.8
0.2070      -24727.3755  -24728.5019       1.1263   290.5
0.2075      -24727.3732  -24728.4780       1.1048   284.9
0.2080      -24727.3642  -24728.4566       1.0924   281.7
0.2085      -24727.3470  -24728.4355       1.0884   280.7
0.2090      -24727.3416  -24728.4185       1.0768   277.7
0.2095      -24727.3754  -24728.4102       1.0348   266.8
0.2100      -24727.3741  -24728.4090       1.0350   266.9
0.2105      -24727.3489  -24728.4094       1.0605   273.5
0.2110      -24727.3404  -24728.4033       1.0629   274.1
0.2115      -24727.3563  -24728.3874       1.0312   265.9
0.2120      -24727.3608  -24728.3672       1.0064   259.5
0.2125      -24727.3467  -24728.3493       1.0026   258.5
0.2130      -24727.3717  -24728.3409       0.9692   249.9
0.2135      -24727.3702  -24728.3475       0.9773   252.0
0.2140      -24727.3967  -24728.3681       0.9715   250.5
0.2145      -24727.3877  -24728.3967       1.0090   260.2
0.2150      -24727.3920  -24728.4206       1.0286   265.3
0.2155      -24727.4092  -24728.4281       1.0189   262.8
0.2160      -24727.3830  -24728.4156       1.0326   266.3
0.2165      -24727.3575  -24728.3988       1.0413   268.5
0.2170      -24727.3694  -24728.3913       1.0219   263.5
0.2175      -24727.3840  -24728.3929       1.0090   260.2
0.2180      -24727.3974  -24728.4029       1.0055   259.3
0.2185      -24727.4120  -24728.4250       1.0130   261.2
0.2190      -24727.3943  -24728.4504       1.0561   272.3
0.2195      -24727.3894  -24728.4722       1.0828   279.2
0.2200      -24727.3618  -24728.4918       1.1300   291.4
0.2205      -24727.3642  -24728.5142       1.1500   296.6
0.2210      -24727.3670  -24728.5365       1.1695   301.6
0.2215      -24727.3454  -24728.5512       1.2059   311.0
0.2220      -24727.3209  -24728.5428       1.2219   315.1
0.2225      -24727.3539  -24728.5007       1.1468   295.7
0.2230      -24727.3494  -24728.4383       1.0889   280.8
0.2235      -24727.3338  -24728.3774       1.0436   269.1
0.2240      -24727.3626  -24728.3436       0.9810   253.0
0.2245      -24727.4049  -24728.3439       0.9390   242.2
0.2250      -24727.3758  -24728.3747       0.9988   257.6
0.2255      -24727.4010  -24728.4121       1.0112   260.8
0.2260      -24727.4033  -24728.4322       1.0288   265.3
0.2265      -24727.4428  -24728.4139       0.9711   250.4
0.2270      -24727.4311  -24728.3746       0.9435   243.3
0.2275      -24727.4039  -24728.3357       0.9318   240.3
0.2280      -24727.4144  -24728.3175       0.9031   232.9
0.2285      -24727.4058  -24728.3235       0.9177   236.6
0.2290      -24727.3891  -24728.3491       0.9600   247.6
0.2295      -24727.4011  -24728.3802       0.9791   252.5
0.2300      -24727.4166  -24728.4173       1.0007   258.1
0.2305      -24727.3880  -24728.4546       1.0665   275.0
0.2310      -24727.4236  -24728.4951       1.0715   276.3
0.2315      -24727.4350  -24728.5344       1.0994   283.5
0.2320      -24727.4504  -24728.5676       1.1172   288.1
0.2325      -24727.4700  -24728.5900       1.1199   288.8
0.2330      -24727.4872  -24728.5985       1.1113   286.6
0.2335      -24727.5143  -24728.5909       1.0765   277.6
0.2340      -24727.5245  -24728.5759       1.0514   271.1
0.2345      -24727.5320  -24728.5624       1.0304   265.7
0.2350      -24727.5640  -24728.5547       0.9907   255.5
0.2355      -24727.5417  -24728.5524       1.0107   260.6
0.2360      -24727.5246  -24728.5542       1.0297   265.5
0.2365      -24727.5090  -24728.5428       1.0338   266.6
0.2370      -24727.5474  -24728.5131       0.9658   249.1
0.2375      -24727.5462  -24728.4653       0.9190   237.0
0.2380      -24727.5507  -24728.4093       0.8586   221.4
0.2385      -24727.5269  -24728.3584       0.8315   214.4
0.2390      -24727.5053  -24728.3291       0.8238   212.4
0.2395      -24727.5149  -24728.3340       0.8191   211.2
0.2400      -24727.4997  -24728.3654       0.8658   223.3
0.2405      -24727.4993  -24728.4073       0.9080   234.2
0.2410      -24727.4954  -24728.4445       0.9491   244.7
0.2415      -24727.4770  -24728.4663       0.9893   255.1
0.2420      -24727.5013  -24728.4728       0.9715   250.5
0.2425      -24727.4852  -24728.4722       0.9869   254.5
0.2430      -24727.4765  -24728.4768       1.0003   257.9
0.2435      -24727.4656  -24728.4914       1.0258   264.5
0.2440      -24727.4803  -24728.5183       1.0380   267.7
0.2445      -24727.4545  -24728.5542       1.0998   283.6
0.2450      -24727.4273  -24728.5925       1.1652   300.5
0.2455      -24727.4069  -24728.6240       1.2171   313.9
0.2460      -24727.3927  -24728.6410       1.2483   321.9
0.2465      -24727.3928  -24728.6455       1.2526   323.0
0.2470      -24727.3962  -24728.6408       1.2446   321.0
0.2475      -24727.4160  -24728.6168       1.2008   309.7
0.2480      -24727.4375  -24728.5744       1.1369   293.2
0.2485      -24727.4255  -24728.5241       1.0986   283.3
0.2490      -24727.4255  -24728.4743       1.0489   270.5
0.2495      -24727.3727  -24728.4341       1.0613   273.7
0.2500      -24727.3913  -24728.4063       1.0150   261.8
