Time[ps]      Etot[eV]     Epot[eV]     Ekin[eV]    T[K]
0.0000       -4183.5902   -4183.5902       0.0000     0.0
0.0005       -4183.5861   -4183.5936       0.0075     8.3
0.0010       -4183.5852   -4183.6036       0.0184    20.3
0.0015       -4183.5800   -4183.6188       0.0388    42.9
0.0020       -4183.5798   -4183.6379       0.0582    64.3
0.0025       -4183.5707   -4183.6605       0.0898    99.3
0.0030       -4183.5485   -4183.6863       0.1379   152.4
0.0035       -4183.5412   -4183.7140       0.1728   191.0
0.0040       -4183.5281   -4183.7399       0.2118   234.1
0.0045       -4183.5286   -4183.7624       0.2338   258.4
0.0050       -4183.5348   -4183.7812       0.2464   272.3
0.0055       -4183.5412   -4183.7961       0.2549   281.7
0.0060       -4183.5341   -4183.8073       0.2732   301.9
0.0065       -4183.5157   -4183.8127       0.2970   328.2
0.0070       -4183.4892   -4183.8118       0.3225   356.5
0.0075       -4183.4950   -4183.8045       0.3095   342.1
0.0080       -4183.4847   -4183.7925       0.3077   340.1
0.0085       -4183.4854   -4183.7749       0.2895   319.9
0.0090       -4183.4867   -4183.7540       0.2673   295.4
0.0095       -4183.4938   -4183.7316       0.2378   262.8
0.0100       -4183.5055   -4183.7086       0.2030   224.4
0.0105       -4183.4927   -4183.6860       0.1933   213.7
0.0110       -4183.4845   -4183.6676       0.1831   202.4
0.0115       -4183.4933   -4183.6521       0.1588   175.5
0.0120       -4183.4878   -4183.6381       0.1503   166.1
0.0125       -4183.4917   -4183.6299       0.1382   152.7
0.0130       -4183.4918   -4183.6285       0.1367   151.1
0.0135       -4183.4774   -4183.6331       0.1557   172.1
0.0140       -4183.4702   -4183.6400       0.1698   187.7
0.0145       -4183.4697   -4183.6491       0.1794   198.2
0.0150       -4183.4658   -4183.6627       0.1969   217.7
0.0155       -4183.4606   -4183.6817       0.2211   244.4
0.0160       -4183.4863   -4183.7049       0.2186   241.5
0.0165       -4183.4682   -4183.7302       0.2620   289.6
0.0170       -4183.4515   -4183.7533       0.3018   333.5
0.0175       -4183.4022   -4183.7697       0.3675   406.2
0.0180       -4183.4335   -4183.7771       0.3436   379.8
0.0185       -4183.4324   -4183.7754       0.3429   379.0
0.0190       -4183.4428   -4183.7665       0.3237   357.7
0.0195       -4183.4343   -4183.7527       0.3183   351.8
0.0200       -4183.4449   -4183.7393       0.2944   325.4
0.0205       -4183.4567   -4183.7296       0.2729   301.6
0.0210       -4183.4435   -4183.7198       0.2763   305.4
0.0215       -4183.4564   -4183.7098       0.2534   280.1
0.0220       -4183.4642   -4183.7037       0.2394   264.6
0.0225       -4183.4583   -4183.6995       0.2412   266.6
0.0230       -4183.4769   -4183.6973       0.2203   243.5
0.0235       -4183.4603   -4183.6964       0.2361   260.9
0.0240       -4183.4643   -4183.6970       0.2327   257.2
0.0245       -4183.4608   -4183.6952       0.2344   259.1
0.0250       -4183.4548   -4183.6906       0.2357   260.5
0.0255       -4183.4581   -4183.6850       0.2269   250.8
0.0260       -4183.4655   -4183.6794       0.2138   236.3
0.0265       -4183.4658   -4183.6782       0.2124   234.7
0.0270       -4183.4836   -4183.6851       0.2015   222.7
0.0275       -4183.4926   -4183.7026       0.2099   232.0
0.0280       -4183.4962   -4183.7252       0.2290   253.1
0.0285       -4183.5056   -4183.7491       0.2435   269.1
0.0290       -4183.4941   -4183.7685       0.2744   303.2
0.0295       -4183.4428   -4183.7794       0.3366   372.0
0.0300       -4183.4327   -4183.7797       0.3470   383.5
0.0305       -4183.4385   -4183.7687       0.3303   365.0
0.0310       -4183.4442   -4183.7495       0.3053   337.4
0.0315       -4183.4566   -4183.7258       0.2692   297.6
0.0320       -4183.4692   -4183.7010       0.2318   256.2
0.0325       -4183.4681   -4183.6777       0.2096   231.6
0.0330       -4183.4618   -4183.6577       0.1959   216.5
0.0335       -4183.4450   -4183.6394       0.1944   214.9
0.0340       -4183.4405   -4183.6228       0.1823   201.5
0.0345       -4183.4501   -4183.6093       0.1592   176.0
0.0350       -4183.4334   -4183.6012       0.1678   185.4
0.0355       -4183.4409   -4183.5982       0.1573   173.8
0.0360       -4183.4313   -4183.5974       0.1661   183.5
0.0365       -4183.4290   -4183.5954       0.1664   183.9
0.0370       -4183.4143   -4183.5913       0.1769   195.5
0.0375       -4183.4255   -4183.5830       0.1575   174.1
0.0380       -4183.4184   -4183.5756       0.1573   173.8
0.0385       -4183.4285   -4183.5695       0.1410   155.8
0.0390       -4183.4015   -4183.5697       0.1682   185.8
0.0395       -4183.3880   -4183.5820       0.1939   214.3
0.0400       -4183.3761   -4183.6038       0.2276   251.6
0.0405       -4183.3566   -4183.6342       0.2776   306.8
0.0410       -4183.3722   -4183.6679       0.2957   326.8
0.0415       -4183.3779   -4183.6993       0.3214   355.2
0.0420       -4183.3140   -4183.7229       0.4089   451.9
0.0425       -4183.3319   -4183.7309       0.3991   441.0
0.0430       -4183.3758   -4183.7243       0.3485   385.2
0.0435       -4183.3332   -4183.7082       0.3749   414.4
0.0440       -4183.3348   -4183.6836       0.3488   385.5
0.0445       -4183.3363   -4183.6581       0.3218   355.7
0.0450       -4183.3256   -4183.6354       0.3099   342.5
0.0455       -4183.3227   -4183.6166       0.2939   324.8
0.0460       -4183.3301   -4183.6058       0.2757   304.7
0.0465       -4183.3400   -4183.5991       0.2591   286.4
0.0470       -4183.3292   -4183.5971       0.2679   296.1
0.0475       -4183.3245   -4183.5981       0.2736   302.4
0.0480       -4183.3351   -4183.6036       0.2686   296.8
0.0485       -4183.3600   -4183.6108       0.2507   277.1
0.0490       -4183.3803   -4183.6158       0.2356   260.3
0.0495       -4183.3976   -4183.6172       0.2196   242.7
0.0500       -4183.4136   -4183.6178       0.2043   225.7
0.0505       -4183.4075   -4183.6162       0.2088   230.7
0.0510       -4183.4197   -4183.6128       0.1931   213.4
0.0515       -4183.4135   -4183.6040       0.1905   210.6
0.0520       -4183.4077   -4183.5968       0.1891   209.0
0.0525       -4183.4144   -4183.5950       0.1806   199.6
0.0530       -4183.4080   -4183.6045       0.1965   217.2
0.0535       -4183.4227   -4183.6228       0.2001   221.1
0.0540       -4183.4418   -4183.6515       0.2097   231.8
0.0545       -4183.4536   -4183.6890       0.2354   260.2
0.0550       -4183.4354   -4183.7268       0.2913   322.0
0.0555       -4183.4300   -4183.7565       0.3265   360.8
0.0560       -4183.4305   -4183.7735       0.3430   379.1
0.0565       -4183.4662   -4183.7769       0.3107   343.4
0.0570       -4183.4678   -4183.7672       0.2993   330.8
0.0575       -4183.4547   -4183.7497       0.2950   326.0
0.0580       -4183.4823   -4183.7333       0.2509   277.3
0.0585       -4183.4696   -4183.7241       0.2545   281.3
0.0590       -4183.4726   -4183.7235       0.2509   277.3
0.0595       -4183.4590   -4183.7292       0.2702   298.6
0.0600       -4183.4445   -4183.7393       0.2948   325.8
0.0605       -4183.4613   -4183.7498       0.2885   318.9
0.0610       -4183.4295   -4183.7552       0.3257   360.0
0.0615       -4183.4319   -4183.7513       0.3193   352.9
0.0620       -4183.4151   -4183.7339       0.3188   352.3
0.0625       -4183.4042   -4183.7015       0.2973   328.5
0.0630       -4183.4008   -4183.6596       0.2589   286.1
0.0635       -4183.3910   -4183.6184       0.2274   251.4
0.0640       -4183.3854   -4183.5874       0.2020   223.3
0.0645       -4183.3815   -4183.5724       0.1909   211.0
0.0650       -4183.3737   -4183.5719       0.1982   219.0
0.0655       -4183.3714   -4183.5820       0.2106   232.7
0.0660       -4183.3862   -4183.5984       0.2122   234.5
0.0665       -4183.3789   -4183.6216       0.2427   268.3
0.0670       -4183.4031   -4183.6459       0.2428   268.3
0.0675       -4183.4102   -4183.6629       0.2527   279.3
0.0680       -4183.3943   -4183.6761       0.2818   311.4
0.0685       -4183.3944   -4183.6881       0.2937   324.6
0.0690       -4183.4048   -4183.6967       0.2919   322.6
0.0695       -4183.3959   -4183.7064       0.3105   343.2
0.0700       -4183.3941   -4183.7188       0.3247   358.9
0.0705       -4183.3611   -4183.7331       0.3719   411.0
0.0710       -4183.3329   -4183.7482       0.4152   458.9
0.0715       -4183.3448   -4183.7598       0.4150   458.7
0.0720       -4183.3303   -4183.7663       0.4360   481.9
0.0725       -4183.3391   -4183.7650       0.4259   470.7
0.0730       -4183.3071   -4183.7528       0.4456   492.5
0.0735       -4183.3326   -4183.7301       0.3975   439.3
0.0740       -4183.3153   -4183.7001       0.3849   425.3
0.0745       -4183.2829   -4183.6621       0.3792   419.1
0.0750       -4183.2986   -4183.6190       0.3204   354.1
0.0755       -4183.3036   -4183.5795       0.2759   304.9
0.0760       -4183.2708   -4183.5477       0.2769   306.0
0.0765       -4183.2784   -4183.5220       0.2436   269.2
0.0770       -4183.2804   -4183.5001       0.2196   242.7
0.0775       -4183.2906   -4183.4836       0.1929   213.2
0.0780       -4183.2818   -4183.4799       0.1981   218.9
0.0785       -4183.2890   -4183.4884       0.1993   220.3
0.0790       -4183.2889   -4183.5023       0.2135   235.9
0.0795       -4183.2978   -4183.5153       0.2174   240.3
0.0800       -4183.3190   -4183.5259       0.2068   228.6
0.0805       -4183.3048   -4183.5400       0.2352   260.0
0.0810       -4183.2983   -4183.5630       0.2648   292.6
0.0815       -4183.3173   -4183.5933       0.2760   305.0
0.0820       -4183.2982   -4183.6265       0.3283   362.8
0.0825       -4183.2855   -4183.6607       0.3752   414.7
0.0830       -4183.2732   -4183.6913       0.4181   462.1
0.0835       -4183.2637   -4183.7146       0.4509   498.3
0.0840       -4183.2786   -4183.7281       0.4495   496.8
0.0845       -4183.2639   -4183.7306       0.4667   515.8
0.0850       -4183.2785   -4183.7234       0.4450   491.8
0.0855       -4183.2743   -4183.7086       0.4342   479.9
0.0860       -4183.2081   -4183.6888       0.4808   531.3
0.0865       -4183.1952   -4183.6602       0.4649   513.8
0.0870       -4183.1188   -4183.6202       0.5014   554.2
0.0875       -4183.0919   -4183.5674       0.4755   525.5
0.0880       -4183.0934   -4183.5084       0.4150   458.6
0.0885       -4183.1032   -4183.4573       0.3542   391.4
0.0890       -4183.1265   -4183.4256       0.2991   330.6
0.0895       -4183.1080   -4183.4039       0.2960   327.1
0.0900       -4183.0854   -4183.3774       0.2920   322.8
0.0905       -4183.0910   -4183.3512       0.2602   287.6
0.0910       -4183.0856   -4183.3328       0.2472   273.2
0.0915       -4183.0769   -4183.3250       0.2480   274.1
0.0920       -4183.0712   -4183.3327       0.2615   289.0
0.0925       -4183.0706   -4183.3525       0.2820   311.6
0.0930       -4183.0929   -4183.3834       0.2905   321.1
0.0935       -4183.0849   -4183.4218       0.3369   372.4
0.0940       -4183.0837   -4183.4627       0.3790   418.9
0.0945       -4183.0844   -4183.5083       0.4239   468.5
0.0950       -4183.1257   -4183.5518       0.4261   470.9
0.0955       -4183.1501   -4183.5926       0.4426   489.1
0.0960       -4183.1606   -4183.6369       0.4764   526.5
0.0965       -4183.1894   -4183.6796       0.4902   541.8
0.0970       -4183.1929   -4183.7132       0.5203   575.1
0.0975       -4183.2029   -4183.7324       0.5295   585.2
0.0980       -4183.1915   -4183.7289       0.5374   593.9
0.0985       -4183.1715   -4183.7020       0.5304   586.2
0.0990       -4183.1606   -4183.6584       0.4977   550.1
0.0995       -4183.1762   -4183.6092       0.4331   478.6
0.1000       -4183.1951   -4183.5653       0.3702   409.1
0.1005       -4183.1578   -4183.5276       0.3698   408.7
0.1010       -4183.1567   -4183.4958       0.3391   374.8
0.1015       -4183.1559   -4183.4621       0.3062   338.4
0.1020       -4183.1800   -4183.4287       0.2487   274.8
0.1025       -4183.1497   -4183.3974       0.2478   273.8
0.1030       -4183.1556   -4183.3680       0.2124   234.7
0.1035       -4183.1376   -4183.3462       0.2086   230.6
0.1040       -4183.1477   -4183.3367       0.1890   208.9
0.1045       -4183.1109   -4183.3438       0.2329   257.4
0.1050       -4183.0991   -4183.3569       0.2578   284.9
0.1055       -4183.1213   -4183.3734       0.2521   278.6
0.1060       -4183.1215   -4183.3948       0.2733   302.0
0.1065       -4183.1319   -4183.4253       0.2934   324.3
0.1070       -4183.1325   -4183.4662       0.3337   368.8
0.1075       -4183.1403   -4183.5155       0.3752   414.6
0.1080       -4183.1123   -4183.5677       0.4554   503.3
0.1085       -4183.1181   -4183.6177       0.4996   552.2
0.1090       -4183.1205   -4183.6575       0.5370   593.5
0.1095       -4183.1104   -4183.6812       0.5708   630.8
0.1100       -4183.0823   -4183.6887       0.6064   670.2
0.1105       -4183.1008   -4183.6806       0.5797   640.7
0.1110       -4183.0881   -4183.6604       0.5723   632.5
0.1115       -4183.0687   -4183.6334       0.5647   624.1
0.1120       -4183.0822   -4183.6012       0.5190   573.6
0.1125       -4183.1011   -4183.5736       0.4726   522.3
0.1130       -4183.0822   -4183.5492       0.4670   516.1
0.1135       -4183.0499   -4183.5189       0.4690   518.3
0.1140       -4183.0751   -4183.4818       0.4068   449.5
0.1145       -4183.0723   -4183.4410       0.3688   407.6
0.1150       -4183.0709   -4183.4012       0.3304   365.1
0.1155       -4183.0555   -4183.3667       0.3112   343.9
0.1160       -4183.0475   -4183.3373       0.2898   320.3
0.1165       -4183.0639   -4183.3173       0.2534   280.1
0.1170       -4183.0841   -4183.3078       0.2238   247.3
0.1175       -4183.0564   -4183.3110       0.2546   281.4
0.1180       -4183.0267   -4183.3276       0.3010   332.6
0.1185       -4183.0265   -4183.3573       0.3308   365.6
0.1190       -4183.0052   -4183.4004       0.3952   436.8
0.1195       -4183.0125   -4183.4471       0.4346   480.3
0.1200       -4183.0149   -4183.4893       0.4744   524.3
0.1205       -4183.0175   -4183.5258       0.5083   561.8
0.1210       -4182.9915   -4183.5536       0.5621   621.2
0.1215       -4182.9662   -4183.5697       0.6035   667.0
0.1220       -4182.9848   -4183.5769       0.5920   654.3
0.1225       -4182.9544   -4183.5742       0.6198   685.0
0.1230       -4182.9361   -4183.5643       0.6282   694.3
0.1235       -4182.9342   -4183.5525       0.6183   683.3
0.1240       -4182.9701   -4183.5409       0.5708   630.8
0.1245       -4182.9426   -4183.5288       0.5862   647.9
0.1250       -4182.9111   -4183.5103       0.5993   662.3
0.1255       -4182.9072   -4183.4819       0.5748   635.2
0.1260       -4182.9118   -4183.4439       0.5322   588.1
0.1265       -4182.9301   -4183.3973       0.4673   516.4
0.1270       -4182.9386   -4183.3488       0.4102   453.3
0.1275       -4182.9548   -4183.3065       0.3516   388.6
0.1280       -4182.9632   -4183.2727       0.3095   342.1
0.1285       -4182.9593   -4183.2509       0.2916   322.3
0.1290       -4182.9569   -4183.2457       0.2888   319.1
0.1295       -4182.9487   -4183.2576       0.3089   341.4
0.1300       -4182.9459   -4183.2859       0.3400   375.8
0.1305       -4182.9315   -4183.3319       0.4004   442.5
0.1310       -4182.9476   -4183.3858       0.4382   484.3
0.1315       -4182.9437   -4183.4445       0.5008   553.4
0.1320       -4182.9556   -4183.5031       0.5476   605.2
0.1325       -4182.9624   -4183.5512       0.5888   650.7
0.1330       -4182.9566   -4183.5837       0.6271   693.1
0.1335       -4182.9638   -4183.5980       0.6341   700.8
0.1340       -4182.9864   -4183.5964       0.6100   674.1
0.1345       -4182.9651   -4183.5875       0.6224   687.8
0.1350       -4183.0012   -4183.5839       0.5827   644.0
0.1355       -4182.9713   -4183.5882       0.6168   681.7
0.1360       -4182.9946   -4183.5973       0.6027   666.1
0.1365       -4183.0037   -4183.6117       0.6080   671.9
0.1370       -4183.0531   -4183.6213       0.5682   628.0
0.1375       -4183.0871   -4183.6199       0.5328   588.9
0.1380       -4183.0758   -4183.6013       0.5254   580.7
0.1385       -4183.1068   -4183.5628       0.4560   504.0
0.1390       -4183.1234   -4183.5115       0.3881   429.0
0.1395       -4183.1257   -4183.4555       0.3298   364.5
0.1400       -4183.1296   -4183.4066       0.2770   306.2
0.1405       -4183.1415   -4183.3726       0.2310   255.3
0.1410       -4183.1626   -4183.3663       0.2037   225.1
0.1415       -4183.1476   -4183.3940       0.2464   272.3
0.1420       -4183.1135   -4183.4473       0.3337   368.9
0.1425       -4183.1116   -4183.5151       0.4035   445.9
0.1430       -4183.1233   -4183.5762       0.4529   500.5
0.1435       -4183.1068   -4183.6219       0.5151   569.3
0.1440       -4183.1014   -4183.6482       0.5468   604.3
0.1445       -4183.0968   -4183.6514       0.5546   612.9
0.1450       -4183.0993   -4183.6355       0.5361   592.5
0.1455       -4183.1064   -4183.6099       0.5035   556.4
0.1460       -4183.1424   -4183.5843       0.4419   488.3
0.1465       -4183.1495   -4183.5683       0.4188   462.8
0.1470       -4183.1386   -4183.5740       0.4354   481.2
0.1475       -4183.1490   -4183.6032       0.4542   502.0
0.1480       -4183.1836   -4183.6435       0.4598   508.2
0.1485       -4183.1668   -4183.6840       0.5173   571.7
0.1490       -4183.2223   -4183.7142       0.4919   543.7
0.1495       -4183.2133   -4183.7258       0.5124   566.3
0.1500       -4183.2369   -4183.7178       0.4809   531.5
0.1505       -4183.2285   -4183.6927       0.4642   513.0
0.1510       -4183.2158   -4183.6571       0.4413   487.7
0.1515       -4183.2188   -4183.6169       0.3981   440.0
0.1520       -4183.2255   -4183.5791       0.3537   390.9
0.1525       -4183.2195   -4183.5535       0.3340   369.2
0.1530       -4183.2192   -4183.5464       0.3272   361.6
0.1535       -4183.2305   -4183.5564       0.3259   360.2
0.1540       -4183.2367   -4183.5779       0.3412   377.1
0.1545       -4183.2064   -4183.6023       0.3958   437.5
0.1550       -4183.1965   -4183.6229       0.4264   471.2
0.1555       -4183.2247   -4183.6333       0.4085   451.5
0.1560       -4183.2435   -4183.6318       0.3883   429.2
0.1565       -4183.2271   -4183.6160       0.3889   429.8
0.1570       -4183.2460   -4183.5869       0.3408   376.7
0.1575       -4183.2522   -4183.5507       0.2985   329.9
0.1580       -4183.2703   -4183.5130       0.2427   268.2
0.1585       -4183.2792   -4183.4881       0.2089   230.9
0.1590       -4183.2647   -4183.4768       0.2121   234.4
0.1595       -4183.2828   -4183.4791       0.1964   217.0
0.1600       -4183.2861   -4183.4968       0.2107   232.9
0.1605       -4183.2989   -4183.5219       0.2229   246.4
0.1610       -4183.2991   -4183.5465       0.2473   273.3
0.1615       -4183.2969   -4183.5675       0.2706   299.1
0.1620       -4183.2849   -4183.5838       0.2989   330.3
0.1625       -4183.2834   -4183.5968       0.3134   346.4
0.1630       -4183.2935   -4183.6059       0.3125   345.3
0.1635       -4183.2773   -4183.6127       0.3354   370.7
0.1640       -4183.2579   -4183.6236       0.3658   404.2
0.1645       -4183.2445   -4183.6360       0.3915   432.7
0.1650       -4183.2290   -4183.6503       0.4212   465.6
0.1655       -4183.2151   -4183.6722       0.4571   505.2
0.1660       -4183.2122   -4183.6978       0.4856   536.7
0.1665       -4183.1864   -4183.7222       0.5358   592.2
0.1670       -4183.2100   -4183.7413       0.5313   587.2
0.1675       -4183.2554   -4183.7468       0.4913   543.0
0.1680       -4183.2631   -4183.7418       0.4787   529.1
0.1685       -4183.2902   -4183.7262       0.4359   481.8
0.1690       -4183.2795   -4183.7045       0.4250   469.7
0.1695       -4183.2923   -4183.6818       0.3895   430.5
0.1700       -4183.2414   -4183.6620       0.4206   464.8
0.1705       -4183.1881   -4183.6476       0.4595   507.9
0.1710       -4183.1658   -4183.6374       0.4716   521.2
0.1715       -4183.1802   -4183.6305       0.4503   497.7
0.1720       -4183.1694   -4183.6213       0.4520   499.5
0.1725       -4183.1623   -4183.6074       0.4451   491.9
0.1730       -4183.1566   -4183.5834       0.4268   471.7
0.1735       -4183.1804   -4183.5480       0.3676   406.3
0.1740       -4183.1733   -4183.5091       0.3358   371.1
0.1745       -4183.1583   -4183.4671       0.3088   341.3
0.1750       -4183.1668   -4183.4285       0.2617   289.3
0.1755       -4183.1694   -4183.4022       0.2328   257.3
0.1760       -4183.1479   -4183.3931       0.2451   270.9
0.1765       -4183.1457   -4183.3954       0.2498   276.0
0.1770       -4183.1451   -4183.4015       0.2564   283.4
0.1775       -4183.1422   -4183.4124       0.2702   298.6
0.1780       -4183.1555   -4183.4246       0.2691   297.4
0.1785       -4183.1599   -4183.4337       0.2738   302.6
0.1790       -4183.1634   -4183.4396       0.2762   305.3
0.1795       -4183.1833   -4183.4460       0.2627   290.3
0.1800       -4183.1879   -4183.4513       0.2633   291.0
0.1805       -4183.1628   -4183.4556       0.2929   323.7
0.1810       -4183.1535   -4183.4596       0.3061   338.3
0.1815       -4183.1326   -4183.4638       0.3312   366.1
0.1820       -4183.1585   -4183.4688       0.3103   343.0
0.1825       -4183.1352   -4183.4784       0.3432   379.3
0.1830       -4183.1326   -4183.4909       0.3584   396.1
0.1835       -4183.1408   -4183.5010       0.3602   398.1
0.1840       -4183.1622   -4183.5085       0.3463   382.7
0.1845       -4183.1366   -4183.5128       0.3762   415.8
0.1850       -4183.1490   -4183.5110       0.3619   400.0
0.1855       -4183.1350   -4183.5066       0.3716   410.7
0.1860       -4183.1568   -4183.5016       0.3448   381.0
0.1865       -4183.1306   -4183.4936       0.3630   401.2
0.1870       -4183.1225   -4183.4838       0.3613   399.3
0.1875       -4183.1441   -4183.4757       0.3317   366.6
0.1880       -4183.1233   -4183.4707       0.3474   383.9
0.1885       -4183.1409   -4183.4729       0.3320   366.9
0.1890       -4183.1398   -4183.4828       0.3430   379.1
0.1895       -4183.1236   -4183.4968       0.3732   412.4
0.1900       -4183.1047   -4183.5116       0.4069   449.7
0.1905       -4183.1036   -4183.5272       0.4236   468.2
0.1910       -4183.0963   -4183.5368       0.4405   486.9
0.1915       -4183.1179   -4183.5376       0.4198   463.9
0.1920       -4183.1070   -4183.5347       0.4277   472.7
0.1925       -4183.0853   -4183.5331       0.4478   494.9
0.1930       -4183.0633   -4183.5331       0.4697   519.1
0.1935       -4183.0415   -4183.5291       0.4876   538.8
0.1940       -4183.0589   -4183.5230       0.4641   512.9
0.1945       -4183.0395   -4183.5143       0.4748   524.7
0.1950       -4183.0434   -4183.5064       0.4630   511.7
0.1955       -4183.0244   -4183.4990       0.4746   524.5
0.1960       -4183.0251   -4183.4932       0.4681   517.3
0.1965       -4183.0507   -4183.4886       0.4378   483.9
0.1970       -4183.0532   -4183.4827       0.4295   474.7
0.1975       -4183.0831   -4183.4812       0.3982   440.0
0.1980       -4183.0829   -4183.4866       0.4037   446.1
0.1985       -4183.1211   -4183.4981       0.3770   416.7
0.1990       -4183.1326   -4183.5175       0.3849   425.4
0.1995       -4183.0813   -4183.5457       0.4644   513.3
0.2000       -4183.0707   -4183.5788       0.5080   561.5
0.2005       -4183.0674   -4183.6094       0.5420   599.0
0.2010       -4183.0801   -4183.6335       0.5534   611.6
0.2015       -4183.1190   -4183.6490       0.5300   585.8
0.2020       -4183.1832   -4183.6589       0.4757   525.8
0.2025       -4183.2001   -4183.6666       0.4665   515.6
0.2030       -4183.1777   -4183.6718       0.4941   546.1
0.2035       -4183.1439   -4183.6688       0.5249   580.1
0.2040       -4183.1302   -4183.6587       0.5284   584.0
0.2045       -4183.1482   -4183.6422       0.4940   546.0
0.2050       -4183.1597   -4183.6201       0.4605   508.9
0.2055       -4183.1635   -4183.5957       0.4323   477.7
0.2060       -4183.1543   -4183.5719       0.4176   461.5
0.2065       -4183.1502   -4183.5479       0.3977   439.5
0.2070       -4183.1278   -4183.5243       0.3965   438.2
0.2075       -4183.1234   -4183.5045       0.3810   421.1
0.2080       -4183.1105   -4183.4925       0.3821   422.2
0.2085       -4183.1058   -4183.4841       0.3783   418.1
0.2090       -4183.1183   -4183.4781       0.3598   397.7
0.2095       -4183.1318   -4183.4765       0.3447   380.9
0.2100       -4183.1161   -4183.4765       0.3604   398.3
0.2105       -4183.0890   -4183.4740       0.3851   425.6
0.2110       -4183.1096   -4183.4662       0.3566   394.1
0.2115       -4183.1446   -4183.4527       0.3081   340.5
0.2120       -4183.1629   -4183.4338       0.2709   299.4
0.2125       -4183.1703   -4183.4143       0.2440   269.7
0.2130       -4183.1855   -4183.3985       0.2130   235.4
0.2135       -4183.1643   -4183.3904       0.2262   250.0
0.2140       -4183.1513   -4183.3909       0.2396   264.8
0.2145       -4183.1536   -4183.3999       0.2463   272.3
0.2150       -4183.1409   -4183.4144       0.2735   302.3
0.2155       -4183.1426   -4183.4316       0.2890   319.4
0.2160       -4183.1238   -4183.4488       0.3249   359.1
0.2165       -4183.1224   -4183.4647       0.3424   378.4
0.2170       -4183.1298   -4183.4802       0.3505   387.3
0.2175       -4183.1289   -4183.4978       0.3689   407.7
0.2180       -4183.1174   -4183.5181       0.4007   442.9
0.2185       -4183.1322   -4183.5398       0.4076   450.5
0.2190       -4183.1372   -4183.5666       0.4294   474.6
0.2195       -4183.1548   -4183.5959       0.4411   487.5
0.2200       -4183.1591   -4183.6221       0.4629   511.6
0.2205       -4183.1291   -4183.6459       0.5168   571.2
0.2210       -4183.1356   -4183.6650       0.5293   585.0
0.2215       -4183.1536   -4183.6776       0.5241   579.2
0.2220       -4183.1617   -4183.6824       0.5206   575.4
0.2225       -4183.1657   -4183.6817       0.5159   570.2
0.2230       -4183.1979   -4183.6739       0.4760   526.1
0.2235       -4183.1939   -4183.6611       0.4672   516.4
0.2240       -4183.2038   -4183.6485       0.4447   491.5
0.2245       -4183.2195   -4183.6359       0.4164   460.2
0.2250       -4183.1902   -4183.6215       0.4314   476.8
0.2255       -4183.1456   -4183.6054       0.4597   508.1
0.2260       -4183.1415   -4183.5879       0.4464   493.4
0.2265       -4183.1589   -4183.5712       0.4124   455.8
0.2270       -4183.1638   -4183.5593       0.3955   437.1
0.2275       -4183.1855   -4183.5495       0.3640   402.3
0.2280       -4183.1710   -4183.5391       0.3681   406.8
0.2285       -4183.2021   -4183.5271       0.3250   359.2
0.2290       -4183.1839   -4183.5140       0.3301   364.9
0.2295       -4183.1740   -4183.5032       0.3293   363.9
0.2300       -4183.1820   -4183.4956       0.3136   346.6
0.2305       -4183.1832   -4183.4897       0.3064   338.7
0.2310       -4183.1965   -4183.4886       0.2921   322.8
0.2315       -4183.1806   -4183.4899       0.3093   341.8
0.2320       -4183.1921   -4183.4912       0.2991   330.6
0.2325       -4183.1985   -4183.4942       0.2958   326.9
0.2330       -4183.1915   -4183.5028       0.3113   344.1
0.2335       -4183.1914   -4183.5124       0.3210   354.8
0.2340       -4183.1514   -4183.5249       0.3734   412.7
0.2345       -4183.1536   -4183.5404       0.3868   427.5
0.2350       -4183.1554   -4183.5563       0.4009   443.1
0.2355       -4183.1660   -4183.5672       0.4012   443.4
0.2360       -4183.1789   -4183.5690       0.3902   431.2
0.2365       -4183.1513   -4183.5615       0.4102   453.4
0.2370       -4183.1511   -4183.5485       0.3974   439.2
0.2375       -4183.1470   -4183.5367       0.3897   430.7
0.2380       -4183.1461   -4183.5278       0.3817   421.9
0.2385       -4183.1311   -4183.5266       0.3955   437.1
0.2390       -4183.1315   -4183.5298       0.3983   440.2
0.2395       -4183.1274   -4183.5306       0.4033   445.7
0.2400       -4183.1170   -4183.5239       0.4070   449.8
0.2405       -4183.0972   -4183.5097       0.4125   455.9
0.2410       -4183.0797   -4183.4942       0.4145   458.1
0.2415       -4183.0815   -4183.4878       0.4062   448.9
0.2420       -4183.0784   -4183.4951       0.4167   460.5
0.2425       -4183.0796   -4183.5183       0.4387   484.9
0.2430       -4183.0972   -4183.5504       0.4532   500.9
0.2435       -4183.1103   -4183.5814       0.4711   520.6
0.2440       -4183.1381   -4183.6083       0.4703   519.7
0.2445       -4183.1557   -4183.6247       0.4690   518.3
0.2450       -4183.1728   -4183.6252       0.4524   500.0
0.2455       -4183.1501   -4183.6102       0.4601   508.5
0.2460       -4183.1579   -4183.5857       0.4278   472.8
0.2465       -4183.1334   -4183.5637       0.4304   475.6
0.2470       -4183.0991   -4183.5563       0.4572   505.3
0.2475       -4183.1267   -4183.5692       0.4425   489.0
0.2480       -4183.1453   -4183.5897       0.4444   491.2
0.2485       -4183.1586   -4183.6071       0.4485   495.7
0.2490       -4183.1412   -4183.6209       0.4797   530.1
0.2495       -4183.1844   -4183.6224       0.4380   484.1
0.2500       -4183.2195   -4183.6108       0.3913   432.4
Time[ps]      Etot[eV]     Epot[eV]     Ekin[eV]    T[K]
0.0000       -4183.5902   -4183.5902       0.0000     0.0
0.0005       -4183.5856   -4183.5935       0.0079     8.7
0.0010       -4183.5793   -4183.6042       0.0248    27.5
0.0015       -4183.5697   -4183.6210       0.0513    56.7
0.0020       -4183.5609   -4183.6418       0.0810    89.5
0.0025       -4183.5578   -4183.6641       0.1063   117.5
0.0030       -4183.5510   -4183.6850       0.1339   148.0
0.0035       -4183.5347   -4183.7060       0.1713   189.3
0.0040       -4183.5368   -4183.7254       0.1885   208.4
0.0045       -4183.5244   -4183.7435       0.2191   242.1
0.0050       -4183.5254   -4183.7584       0.2331   257.6
0.0055       -4183.5261   -4183.7693       0.2432   268.7
0.0060       -4183.5038   -4183.7747       0.2709   299.4
0.0065       -4183.5084   -4183.7746       0.2661   294.1
0.0070       -4183.5246   -4183.7698       0.2452   271.0
0.0075       -4183.5237   -4183.7611       0.2374   262.4
0.0080       -4183.5299   -4183.7471       0.2172   240.1
0.0085       -4183.5376   -4183.7296       0.1919   212.1
0.0090       -4183.5231   -4183.7104       0.1872   206.9
0.0095       -4183.5158   -4183.6899       0.1741   192.4
0.0100       -4183.5254   -4183.6718       0.1464   161.8
0.0105       -4183.5151   -4183.6561       0.1410   155.8
0.0110       -4183.5334   -4183.6425       0.1092   120.6
0.0115       -4183.5165   -4183.6318       0.1153   127.5
0.0120       -4183.5163   -4183.6227       0.1064   117.6
0.0125       -4183.5102   -4183.6172       0.1070   118.3
0.0130       -4183.5014   -4183.6160       0.1146   126.6
0.0135       -4183.4830   -4183.6195       0.1365   150.8
0.0140       -4183.4605   -4183.6294       0.1690   186.8
0.0145       -4183.4780   -4183.6426       0.1646   181.9
0.0150       -4183.4809   -4183.6557       0.1748   193.2
0.0155       -4183.4748   -4183.6669       0.1921   212.3
0.0160       -4183.4809   -4183.6752       0.1943   214.7
0.0165       -4183.4708   -4183.6827       0.2120   234.3
0.0170       -4183.4740   -4183.6886       0.2146   237.2
0.0175       -4183.4725   -4183.6919       0.2194   242.5
0.0180       -4183.4822   -4183.6940       0.2117   234.0
0.0185       -4183.4697   -4183.6943       0.2247   248.3
0.0190       -4183.4861   -4183.6934       0.2072   229.0
0.0195       -4183.4756   -4183.6893       0.2137   236.1
0.0200       -4183.4572   -4183.6821       0.2249   248.6
0.0205       -4183.4555   -4183.6732       0.2177   240.6
0.0210       -4183.4580   -4183.6656       0.2077   229.5
0.0215       -4183.4919   -4183.6602       0.1683   186.0
0.0220       -4183.5041   -4183.6596       0.1554   171.8
0.0225       -4183.4877   -4183.6626       0.1749   193.3
0.0230       -4183.4783   -4183.6686       0.1903   210.3
0.0235       -4183.4691   -4183.6767       0.2076   229.4
0.0240       -4183.4852   -4183.6855       0.2004   221.5
0.0245       -4183.4801   -4183.6949       0.2148   237.4
0.0250       -4183.4628   -4183.7046       0.2418   267.2
0.0255       -4183.4699   -4183.7123       0.2425   268.0
0.0260       -4183.4885   -4183.7165       0.2281   252.1
0.0265       -4183.4625   -4183.7172       0.2547   281.5
0.0270       -4183.4574   -4183.7173       0.2599   287.2
0.0275       -4183.4584   -4183.7198       0.2614   288.9
0.0280       -4183.4814   -4183.7265       0.2451   270.9
0.0285       -4183.4597   -4183.7396       0.2800   309.4
0.0290       -4183.4257   -4183.7548       0.3290   363.6
0.0295       -4183.4282   -4183.7680       0.3397   375.5
0.0300       -4183.4581   -4183.7785       0.3204   354.1
0.0305       -4183.4685   -4183.7847       0.3163   349.5
0.0310       -4183.4520   -4183.7857       0.3337   368.8
0.0315       -4183.4751   -4183.7814       0.3064   338.6
0.0320       -4183.4565   -4183.7749       0.3184   351.9
0.0325       -4183.4795   -4183.7706       0.2911   321.7
0.0330       -4183.4951   -4183.7691       0.2740   302.8
0.0335       -4183.4760   -4183.7702       0.2942   325.2
0.0340       -4183.4934   -4183.7682       0.2748   303.7
0.0345       -4183.4913   -4183.7640       0.2727   301.4
0.0350       -4183.4874   -4183.7545       0.2671   295.2
0.0355       -4183.5044   -4183.7390       0.2346   259.3
0.0360       -4183.5285   -4183.7228       0.1943   214.8
0.0365       -4183.5287   -4183.7083       0.1796   198.5
0.0370       -4183.5331   -4183.6948       0.1618   178.8
0.0375       -4183.5269   -4183.6832       0.1563   172.7
0.0380       -4183.5088   -4183.6734       0.1647   182.0
0.0385       -4183.5091   -4183.6668       0.1576   174.2
0.0390       -4183.5232   -4183.6635       0.1402   155.0
0.0395       -4183.5211   -4183.6667       0.1456   161.0
0.0400       -4183.5189   -4183.6721       0.1532   169.4
0.0405       -4183.5108   -4183.6777       0.1669   184.5
0.0410       -4183.5096   -4183.6838       0.1742   192.6
0.0415       -4183.5103   -4183.6889       0.1786   197.3
0.0420       -4183.4929   -4183.6917       0.1988   219.7
0.0425       -4183.4700   -4183.6908       0.2208   244.0
0.0430       -4183.4598   -4183.6872       0.2274   251.4
0.0435       -4183.4754   -4183.6816       0.2061   227.8
0.0440       -4183.4813   -4183.6783       0.1969   217.6
0.0445       -4183.4977   -4183.6792       0.1815   200.5
0.0450       -4183.5100   -4183.6862       0.1762   194.8
0.0455       -4183.5000   -4183.7005       0.2005   221.6
0.0460       -4183.4948   -4183.7163       0.2215   244.8
0.0465       -4183.5242   -4183.7266       0.2024   223.7
0.0470       -4183.5093   -4183.7324       0.2231   246.6
0.0475       -4183.5023   -4183.7320       0.2296   253.8
0.0480       -4183.4938   -4183.7246       0.2307   255.0
0.0485       -4183.4949   -4183.7154       0.2205   243.7
0.0490       -4183.5181   -4183.7067       0.1886   208.5
0.0495       -4183.5147   -4183.6984       0.1837   203.1
0.0500       -4183.5098   -4183.6929       0.1831   202.4
0.0505       -4183.5095   -4183.6932       0.1837   203.0
0.0510       -4183.4918   -4183.6970       0.2052   226.8
0.0515       -4183.4754   -4183.7026       0.2271   251.0
0.0520       -4183.4822   -4183.7102       0.2280   251.9
0.0525       -4183.4801   -4183.7186       0.2385   263.6
0.0530       -4183.4779   -4183.7243       0.2464   272.3
0.0535       -4183.4702   -4183.7284       0.2582   285.3
0.0540       -4183.4595   -4183.7306       0.2711   299.6
0.0545       -4183.4767   -4183.7317       0.2550   281.8
0.0550       -4183.4728   -4183.7298       0.2571   284.1
0.0555       -4183.4762   -4183.7273       0.2511   277.5
0.0560       -4183.4844   -4183.7238       0.2394   264.6
0.0565       -4183.4820   -4183.7188       0.2368   261.7
0.0570       -4183.4809   -4183.7127       0.2319   256.2
0.0575       -4183.4630   -4183.7044       0.2414   266.8
0.0580       -4183.4544   -4183.6912       0.2368   261.7
0.0585       -4183.4479   -4183.6759       0.2281   252.1
0.0590       -4183.4542   -4183.6609       0.2066   228.4
0.0595       -4183.4570   -4183.6441       0.1871   206.8
0.0600       -4183.4450   -4183.6327       0.1877   207.4
0.0605       -4183.4487   -4183.6259       0.1772   195.8
0.0610       -4183.4605   -4183.6252       0.1647   182.0
0.0615       -4183.4596   -4183.6284       0.1688   186.5
0.0620       -4183.4511   -4183.6384       0.1872   206.9
0.0625       -4183.4316   -4183.6522       0.2206   243.8
0.0630       -4183.4440   -4183.6663       0.2223   245.6
0.0635       -4183.4261   -4183.6800       0.2539   280.7
0.0640       -4183.4329   -4183.6939       0.2610   288.4
0.0645       -4183.4293   -4183.7069       0.2776   306.8
0.0650       -4183.4240   -4183.7166       0.2926   323.4
0.0655       -4183.4364   -4183.7225       0.2862   316.3
0.0660       -4183.4445   -4183.7259       0.2814   311.0
0.0665       -4183.4398   -4183.7279       0.2881   318.5
0.0670       -4183.4308   -4183.7311       0.3003   331.9
0.0675       -4183.4370   -4183.7367       0.2997   331.3
0.0680       -4183.4602   -4183.7438       0.2836   313.5
0.0685       -4183.4570   -4183.7520       0.2951   326.1
0.0690       -4183.4516   -4183.7604       0.3089   341.4
0.0695       -4183.4555   -4183.7655       0.3100   342.7
0.0700       -4183.4796   -4183.7629       0.2832   313.0
0.0705       -4183.4791   -4183.7528       0.2737   302.5
0.0710       -4183.4561   -4183.7354       0.2793   308.6
0.0715       -4183.4568   -4183.7148       0.2580   285.1
0.0720       -4183.4733   -4183.6974       0.2241   247.7
0.0725       -4183.4805   -4183.6834       0.2029   224.2
0.0730       -4183.4642   -4183.6748       0.2106   232.8
0.0735       -4183.4503   -4183.6735       0.2231   246.6
0.0740       -4183.4363   -4183.6777       0.2414   266.8
0.0745       -4183.4312   -4183.6849       0.2536   280.3
0.0750       -4183.4333   -4183.6931       0.2598   287.1
0.0755       -4183.4345   -4183.7000       0.2655   293.4
0.0760       -4183.4201   -4183.6993       0.2791   308.5
0.0765       -4183.4442   -4183.6895       0.2453   271.1
0.0770       -4183.4315   -4183.6748       0.2433   268.9
0.0775       -4183.4404   -4183.6603       0.2199   243.0
0.0780       -4183.4651   -4183.6528       0.1876   207.4
0.0785       -4183.4543   -4183.6554       0.2011   222.2
0.0790       -4183.4450   -4183.6680       0.2230   246.5
0.0795       -4183.4651   -4183.6901       0.2249   248.6
0.0800       -4183.4816   -4183.7167       0.2351   259.8
0.0805       -4183.4764   -4183.7443       0.2679   296.1
0.0810       -4183.4606   -4183.7674       0.3068   339.0
0.0815       -4183.4340   -4183.7806       0.3466   383.1
0.0820       -4183.4120   -4183.7820       0.3699   408.8
0.0825       -4183.4261   -4183.7692       0.3431   379.2
0.0830       -4183.4218   -4183.7436       0.3219   355.7
0.0835       -4183.4164   -4183.7145       0.2982   329.5
0.0840       -4183.4143   -4183.6877       0.2734   302.1
0.0845       -4183.4327   -4183.6639       0.2311   255.4
0.0850       -4183.4383   -4183.6466       0.2083   230.3
0.0855       -4183.4210   -4183.6374       0.2164   239.2
0.0860       -4183.4175   -4183.6325       0.2150   237.6
0.0865       -4183.3819   -4183.6276       0.2458   271.6
0.0870       -4183.3669   -4183.6160       0.2491   275.3
0.0875       -4183.3600   -4183.5976       0.2376   262.6
0.0880       -4183.3636   -4183.5769       0.2133   235.7
0.0885       -4183.3667   -4183.5555       0.1888   208.6
0.0890       -4183.3632   -4183.5363       0.1731   191.3
0.0895       -4183.3669   -4183.5253       0.1583   175.0
0.0900       -4183.3536   -4183.5236       0.1699   187.8
0.0905       -4183.3540   -4183.5371       0.1832   202.4
0.0910       -4183.3417   -4183.5653       0.2236   247.1
0.0915       -4183.3089   -4183.6036       0.2946   325.6
0.0920       -4183.3128   -4183.6441       0.3314   366.2
0.0925       -4183.2847   -4183.6827       0.3980   439.9
0.0930       -4183.2727   -4183.7128       0.4401   486.4
0.0935       -4183.2530   -4183.7295       0.4765   526.6
0.0940       -4183.2718   -4183.7306       0.4589   507.1
0.0945       -4183.2469   -4183.7156       0.4687   518.1
0.0950       -4183.2776   -4183.6894       0.4118   455.1
0.0955       -4183.2821   -4183.6607       0.3786   418.4
0.0960       -4183.2603   -4183.6343       0.3739   413.3
0.0965       -4183.2211   -4183.6130       0.3919   433.1
0.0970       -4183.2109   -4183.5936       0.3827   422.9
0.0975       -4183.2304   -4183.5757       0.3453   381.6
0.0980       -4183.2085   -4183.5570       0.3486   385.2
0.0985       -4183.1866   -4183.5328       0.3462   382.6
0.0990       -4183.1868   -4183.5030       0.3162   349.5
0.0995       -4183.1888   -4183.4684       0.2796   309.1
0.1000       -4183.1878   -4183.4347       0.2470   273.0
0.1005       -4183.2093   -4183.4048       0.1954   216.0
0.1010       -4183.2213   -4183.3848       0.1635   180.7
0.1015       -4183.1973   -4183.3776       0.1802   199.2
0.1020       -4183.1917   -4183.3853       0.1935   213.9
0.1025       -4183.1849   -4183.4070       0.2220   245.4
0.1030       -4183.1934   -4183.4453       0.2518   278.3
0.1035       -4183.1805   -4183.4963       0.3158   349.0
0.1040       -4183.1949   -4183.5556       0.3607   398.6
0.1045       -4183.1951   -4183.6164       0.4213   465.6
0.1050       -4183.2222   -4183.6704       0.4482   495.3
0.1055       -4183.2131   -4183.7136       0.5004   553.1
0.1060       -4183.2240   -4183.7448       0.5208   575.6
0.1065       -4183.2024   -4183.7630       0.5606   619.6
0.1070       -4183.2152   -4183.7697       0.5545   612.9
0.1075       -4183.2420   -4183.7655       0.5235   578.6
0.1080       -4183.2603   -4183.7590       0.4987   551.1
0.1085       -4183.2503   -4183.7516       0.5013   554.0
0.1090       -4183.3016   -4183.7402       0.4386   484.7
0.1095       -4183.3229   -4183.7249       0.4021   444.4
0.1100       -4183.3405   -4183.7076       0.3671   405.7
0.1105       -4183.3652   -4183.6882       0.3230   357.0
0.1110       -4183.3832   -4183.6669       0.2837   313.5
0.1115       -4183.3712   -4183.6461       0.2749   303.8
0.1120       -4183.3746   -4183.6254       0.2508   277.2
0.1125       -4183.3607   -4183.6091       0.2484   274.5
0.1130       -4183.3835   -4183.5996       0.2160   238.8
0.1135       -4183.3586   -4183.5993       0.2407   266.0
0.1140       -4183.3717   -4183.6020       0.2303   254.5
0.1145       -4183.3726   -4183.6128       0.2402   265.5
0.1150       -4183.3979   -4183.6279       0.2300   254.2
0.1155       -4183.3855   -4183.6490       0.2635   291.2
0.1160       -4183.4111   -4183.6720       0.2609   288.3
0.1165       -4183.4289   -4183.6935       0.2646   292.4
0.1170       -4183.4274   -4183.7161       0.2887   319.1
0.1175       -4183.4277   -4183.7390       0.3113   344.1
0.1180       -4183.4288   -4183.7591       0.3303   365.0
0.1185       -4183.4459   -4183.7762       0.3303   365.1
0.1190       -4183.4163   -4183.7892       0.3729   412.1
0.1195       -4183.3962   -4183.7949       0.3987   440.7
0.1200       -4183.4123   -4183.7899       0.3776   417.3
0.1205       -4183.4303   -4183.7766       0.3463   382.8
0.1210       -4183.4071   -4183.7552       0.3481   384.7
0.1215       -4183.4361   -4183.7284       0.2923   323.0
0.1220       -4183.4272   -4183.7018       0.2747   303.6
0.1225       -4183.4225   -4183.6760       0.2534   280.1
0.1230       -4183.4114   -4183.6504       0.2390   264.2
0.1235       -4183.4241   -4183.6265       0.2024   223.7
0.1240       -4183.4258   -4183.6064       0.1806   199.6
0.1245       -4183.4210   -4183.5853       0.1643   181.6
0.1250       -4183.4354   -4183.5667       0.1313   145.1
0.1255       -4183.4273   -4183.5507       0.1234   136.4
0.1260       -4183.4304   -4183.5439       0.1135   125.4
0.1265       -4183.4226   -4183.5504       0.1277   141.2
0.1270       -4183.4227   -4183.5686       0.1459   161.2
0.1275       -4183.4564   -4183.5949       0.1385   153.0
0.1280       -4183.4349   -4183.6282       0.1934   213.7
0.1285       -4183.4362   -4183.6627       0.2265   250.4
0.1290       -4183.4523   -4183.6939       0.2416   267.0
0.1295       -4183.4408   -4183.7225       0.2817   311.3
0.1300       -4183.4308   -4183.7468       0.3161   349.3
0.1305       -4183.4472   -4183.7642       0.3170   350.3
0.1310       -4183.4568   -4183.7728       0.3160   349.2
0.1315       -4183.4672   -4183.7730       0.3058   338.0
0.1320       -4183.4543   -4183.7643       0.3100   342.6
0.1325       -4183.4528   -4183.7469       0.2941   325.1
0.1330       -4183.4309   -4183.7216       0.2907   321.3
0.1335       -4183.4264   -4183.6943       0.2679   296.1
0.1340       -4183.4228   -4183.6678       0.2451   270.8
0.1345       -4183.4407   -4183.6480       0.2073   229.1
0.1350       -4183.4302   -4183.6351       0.2049   226.5
0.1355       -4183.4100   -4183.6264       0.2164   239.2
0.1360       -4183.4236   -4183.6186       0.1951   215.6
0.1365       -4183.4028   -4183.6121       0.2093   231.3
0.1370       -4183.4084   -4183.6101       0.2017   222.9
0.1375       -4183.4364   -4183.6147       0.1782   197.0
0.1380       -4183.4477   -4183.6296       0.1819   201.0
0.1385       -4183.4555   -4183.6516       0.1961   216.7
0.1390       -4183.4243   -4183.6725       0.2481   274.2
0.1395       -4183.4062   -4183.6875       0.2813   310.9
0.1400       -4183.4109   -4183.6930       0.2821   311.8
0.1405       -4183.4271   -4183.6920       0.2650   292.8
0.1410       -4183.4238   -4183.6932       0.2694   297.7
0.1415       -4183.4196   -4183.7057       0.2860   316.1
0.1420       -4183.3993   -4183.7271       0.3278   362.3
0.1425       -4183.4111   -4183.7525       0.3414   377.3
0.1430       -4183.3743   -4183.7735       0.3992   441.2
0.1435       -4183.3421   -4183.7831       0.4410   487.4
0.1440       -4183.3586   -4183.7748       0.4162   460.0
0.1445       -4183.3585   -4183.7535       0.3950   436.5
0.1450       -4183.3494   -4183.7254       0.3760   415.5
0.1455       -4183.3308   -4183.6903       0.3595   397.3
0.1460       -4183.3415   -4183.6532       0.3117   344.5
0.1465       -4183.3454   -4183.6203       0.2749   303.8
0.1470       -4183.3566   -4183.5903       0.2337   258.3
0.1475       -4183.3376   -4183.5637       0.2261   249.9
0.1480       -4183.3486   -4183.5414       0.1927   213.0
0.1485       -4183.3475   -4183.5234       0.1759   194.4
0.1490       -4183.3525   -4183.5190       0.1665   184.0
0.1495       -4183.3663   -4183.5335       0.1672   184.8
0.1500       -4183.3627   -4183.5642       0.2016   222.8
0.1505       -4183.3521   -4183.6032       0.2511   277.6
0.1510       -4183.3244   -4183.6434       0.3191   352.6
0.1515       -4183.3124   -4183.6769       0.3645   402.8
0.1520       -4183.3416   -4183.6941       0.3526   389.6
0.1525       -4183.3525   -4183.6978       0.3453   381.6
0.1530       -4183.3388   -4183.6947       0.3559   393.4
0.1535       -4183.3604   -4183.6956       0.3352   370.5
0.1540       -4183.3617   -4183.7067       0.3449   381.2
0.1545       -4183.3691   -4183.7273       0.3582   395.9
0.1550       -4183.3641   -4183.7421       0.3780   417.8
0.1555       -4183.3514   -4183.7412       0.3898   430.8
0.1560       -4183.3697   -4183.7227       0.3530   390.1
0.1565       -4183.3686   -4183.6921       0.3236   357.6
0.1570       -4183.3466   -4183.6538       0.3071   339.4
0.1575       -4183.3043   -4183.6139       0.3096   342.2
0.1580       -4183.3113   -4183.5771       0.2658   293.8
0.1585       -4183.3007   -4183.5465       0.2458   271.7
0.1590       -4183.3112   -4183.5218       0.2106   232.7
0.1595       -4183.2968   -4183.4994       0.2026   223.9
0.1600       -4183.3096   -4183.4770       0.1673   184.9
0.1605       -4183.3182   -4183.4610       0.1428   157.8
0.1610       -4183.3157   -4183.4611       0.1454   160.7
0.1615       -4183.3042   -4183.4847       0.1805   199.5
0.1620       -4183.3080   -4183.5264       0.2184   241.3
0.1625       -4183.3351   -4183.5760       0.2409   266.2
0.1630       -4183.3337   -4183.6267       0.2930   323.8
0.1635       -4183.3273   -4183.6680       0.3406   376.5
0.1640       -4183.3625   -4183.6903       0.3278   362.2
0.1645       -4183.3610   -4183.6960       0.3350   370.2
0.1650       -4183.3488   -4183.6911       0.3424   378.4
0.1655       -4183.3145   -4183.6858       0.3713   410.3
0.1660       -4183.3236   -4183.6853       0.3617   399.8
0.1665       -4183.3076   -4183.6918       0.3842   424.6
0.1670       -4183.3195   -4183.6966       0.3771   416.8
0.1675       -4183.3169   -4183.6992       0.3823   422.6
0.1680       -4183.3051   -4183.6932       0.3880   428.8
0.1685       -4183.3187   -4183.6781       0.3594   397.2
0.1690       -4183.3260   -4183.6594       0.3334   368.5
0.1695       -4183.3056   -4183.6404       0.3348   370.0
0.1700       -4183.2987   -4183.6161       0.3175   350.9
0.1705       -4183.3063   -4183.5877       0.2814   311.0
0.1710       -4183.3140   -4183.5608       0.2468   272.8
0.1715       -4183.2949   -4183.5350       0.2401   265.3
0.1720       -4183.2872   -4183.5098       0.2226   246.0
0.1725       -4183.3080   -4183.4906       0.1826   201.8
0.1730       -4183.3195   -4183.4824       0.1629   180.0
0.1735       -4183.3433   -4183.4928       0.1496   165.3
0.1740       -4183.3544   -4183.5232       0.1688   186.6
0.1745       -4183.3520   -4183.5686       0.2166   239.4
0.1750       -4183.3500   -4183.6208       0.2708   299.2
0.1755       -4183.3442   -4183.6678       0.3236   357.6
0.1760       -4183.3159   -4183.7013       0.3854   425.9
0.1765       -4183.3459   -4183.7163       0.3703   409.3
0.1770       -4183.3215   -4183.7152       0.3937   435.2
0.1775       -4183.3108   -4183.7041       0.3933   434.7
0.1780       -4183.3318   -4183.6905       0.3586   396.4
0.1785       -4183.3354   -4183.6854       0.3500   386.8
0.1790       -4183.3259   -4183.6940       0.3681   406.8
0.1795       -4183.3308   -4183.7141       0.3833   423.6
0.1800       -4183.3533   -4183.7335       0.3801   420.1
0.1805       -4183.3731   -4183.7467       0.3736   413.0
0.1810       -4183.3866   -4183.7528       0.3662   404.7
0.1815       -4183.3820   -4183.7512       0.3692   408.1
0.1820       -4183.3501   -4183.7406       0.3905   431.5
0.1825       -4183.3633   -4183.7178       0.3545   391.8
0.1830       -4183.3308   -4183.6849       0.3541   391.4
0.1835       -4183.3403   -4183.6443       0.3040   335.9
0.1840       -4183.3459   -4183.6031       0.2572   284.3
0.1845       -4183.3318   -4183.5750       0.2431   268.7
0.1850       -4183.3189   -4183.5669       0.2480   274.1
0.1855       -4183.3155   -4183.5796       0.2641   291.9
0.1860       -4183.3317   -4183.6086       0.2769   306.0
0.1865       -4183.3262   -4183.6412       0.3150   348.1
0.1870       -4183.3236   -4183.6674       0.3438   380.0
0.1875       -4183.3317   -4183.6789       0.3472   383.7
0.1880       -4183.3655   -4183.6763       0.3108   343.5
0.1885       -4183.3472   -4183.6633       0.3161   349.4
0.1890       -4183.3151   -4183.6457       0.3307   365.4
0.1895       -4183.2931   -4183.6290       0.3358   371.2
0.1900       -4183.3246   -4183.6168       0.2921   322.9
0.1905       -4183.3536   -4183.6169       0.2633   291.0
0.1910       -4183.3620   -4183.6335       0.2715   300.0
0.1915       -4183.3542   -4183.6606       0.3064   338.6
0.1920       -4183.3858   -4183.6936       0.3077   340.1
0.1925       -4183.4006   -4183.7237       0.3231   357.1
0.1930       -4183.4249   -4183.7459       0.3210   354.7
0.1935       -4183.4175   -4183.7579       0.3404   376.2
0.1940       -4183.4139   -4183.7569       0.3430   379.1
0.1945       -4183.4041   -4183.7419       0.3378   373.3
0.1950       -4183.3876   -4183.7141       0.3265   360.9
0.1955       -4183.3492   -4183.6754       0.3262   360.5
0.1960       -4183.3032   -4183.6309       0.3277   362.1
0.1965       -4183.2858   -4183.5902       0.3044   336.5
0.1970       -4183.2653   -4183.5595       0.2942   325.1
0.1975       -4183.2491   -4183.5431       0.2939   324.9
0.1980       -4183.2274   -4183.5422       0.3148   348.0
0.1985       -4183.2492   -4183.5529       0.3037   335.7
0.1990       -4183.2662   -4183.5689       0.3027   334.6
0.1995       -4183.2574   -4183.5807       0.3233   357.3
0.2000       -4183.2615   -4183.5806       0.3191   352.7
0.2005       -4183.2430   -4183.5695       0.3265   360.9
0.2010       -4183.2645   -4183.5519       0.2874   317.7
0.2015       -4183.2663   -4183.5387       0.2724   301.0
0.2020       -4183.2646   -4183.5377       0.2732   301.9
0.2025       -4183.2659   -4183.5548       0.2889   319.3
0.2030       -4183.2717   -4183.5904       0.3188   352.3
0.2035       -4183.2899   -4183.6350       0.3452   381.5
0.2040       -4183.3013   -4183.6831       0.3818   422.0
0.2045       -4183.2592   -4183.7369       0.4777   528.0
0.2050       -4183.2461   -4183.7862       0.5401   596.9
0.2055       -4183.2793   -4183.8184       0.5391   595.8
0.2060       -4183.2967   -4183.8332       0.5366   593.0
0.2065       -4183.3101   -4183.8289       0.5188   573.3
0.2070       -4183.2861   -4183.8032       0.5171   571.5
0.2075       -4183.2914   -4183.7612       0.4697   519.1
0.2080       -4183.2672   -4183.7108       0.4436   490.3
0.2085       -4183.2470   -4183.6636       0.4166   460.4
0.2090       -4183.2359   -4183.6297       0.3938   435.2
0.2095       -4183.2450   -4183.6118       0.3667   405.3
0.2100       -4183.2326   -4183.6041       0.3716   410.6
0.2105       -4183.2568   -4183.6003       0.3435   379.6
0.2110       -4183.2902   -4183.5933       0.3031   335.0
0.2115       -4183.2887   -4183.5794       0.2907   321.3
0.2120       -4183.2890   -4183.5522       0.2631   290.8
0.2125       -4183.2791   -4183.5184       0.2392   264.4
0.2130       -4183.2679   -4183.4889       0.2209   244.2
0.2135       -4183.2893   -4183.4733       0.1840   203.4
0.2140       -4183.3234   -4183.4736       0.1502   166.0
0.2145       -4183.2957   -4183.5000       0.2044   225.9
0.2150       -4183.2924   -4183.5533       0.2610   288.4
0.2155       -4183.2940   -4183.6199       0.3258   360.1
0.2160       -4183.3071   -4183.6905       0.3834   423.7
0.2165       -4183.3159   -4183.7511       0.4352   481.0
0.2170       -4183.3172   -4183.7920       0.4749   524.8
0.2175       -4183.2802   -4183.8083       0.5281   583.7
0.2180       -4183.2733   -4183.7996       0.5263   581.7
0.2185       -4183.2681   -4183.7714       0.5033   556.3
0.2190       -4183.3143   -4183.7301       0.4158   459.5
0.2195       -4183.3225   -4183.6863       0.3638   402.1
0.2200       -4183.3224   -4183.6522       0.3299   364.6
0.2205       -4183.3051   -4183.6293       0.3242   358.3
0.2210       -4183.3124   -4183.6198       0.3074   339.8
0.2215       -4183.2851   -4183.6178       0.3327   367.7
0.2220       -4183.2903   -4183.6201       0.3299   364.6
0.2225       -4183.2786   -4183.6227       0.3441   380.2
0.2230       -4183.2717   -4183.6231       0.3514   388.4
0.2235       -4183.2310   -4183.6142       0.3831   423.4
0.2240       -4183.2421   -4183.5882       0.3460   382.4
0.2245       -4183.2319   -4183.5484       0.3165   349.8
0.2250       -4183.2541   -4183.5030       0.2488   275.0
0.2255       -4183.2369   -4183.4600       0.2231   246.6
0.2260       -4183.2409   -4183.4302       0.1893   209.2
0.2265       -4183.2241   -4183.4295       0.2053   226.9
0.2270       -4183.2249   -4183.4658       0.2409   266.2
0.2275       -4183.2201   -4183.5332       0.3131   346.0
0.2280       -4183.2468   -4183.6170       0.3702   409.1
0.2285       -4183.2368   -4183.6985       0.4617   510.3
0.2290       -4183.2461   -4183.7569       0.5108   564.5
0.2295       -4183.2169   -4183.7813       0.5644   623.8
0.2300       -4183.2108   -4183.7694       0.5586   617.4
0.2305       -4183.1810   -4183.7304       0.5493   607.1
0.2310       -4183.1986   -4183.6794       0.4807   531.3
0.2315       -4183.1622   -4183.6284       0.4661   515.2
0.2320       -4183.1666   -4183.5848       0.4183   462.3
0.2325       -4183.1373   -4183.5522       0.4149   458.6
0.2330       -4183.1069   -4183.5304       0.4235   468.1
0.2335       -4183.1112   -4183.5236       0.4125   455.8
0.2340       -4183.1255   -4183.5326       0.4071   449.9
0.2345       -4183.1434   -4183.5555       0.4121   455.4
0.2350       -4183.1817   -4183.5839       0.4022   444.6
0.2355       -4183.1868   -4183.6067       0.4199   464.0
0.2360       -4183.1928   -4183.6216       0.4288   473.9
0.2365       -4183.1676   -4183.6269       0.4594   507.7
0.2370       -4183.1755   -4183.6179       0.4424   488.9
0.2375       -4183.1573   -4183.5853       0.4279   473.0
0.2380       -4183.1749   -4183.5345       0.3595   397.3
0.2385       -4183.1472   -4183.4898       0.3426   378.6
0.2390       -4183.1491   -4183.4734       0.3243   358.4
0.2395       -4183.1218   -4183.5032       0.3815   421.6
0.2400       -4183.1083   -4183.5765       0.4682   517.4
0.2405       -4183.0994   -4183.6637       0.5643   623.7
0.2410       -4183.1047   -4183.7384       0.6336   700.3
0.2415       -4183.0992   -4183.7779       0.6787   750.1
0.2420       -4183.1025   -4183.7830       0.6805   752.1
0.2425       -4183.1344   -4183.7610       0.6266   692.5
0.2430       -4183.1463   -4183.7256       0.5793   640.2
0.2435       -4183.1225   -4183.6827       0.5601   619.1
0.2440       -4183.1117   -4183.6389       0.5272   582.6
0.2445       -4183.1354   -4183.6016       0.4662   515.3
0.2450       -4183.1530   -4183.5740       0.4210   465.3
0.2455       -4183.1543   -4183.5625       0.4082   451.2
0.2460       -4183.1727   -4183.5667       0.3940   435.4
0.2465       -4183.1829   -4183.5793       0.3964   438.1
0.2470       -4183.1809   -4183.6018       0.4209   465.2
0.2475       -4183.2208   -4183.6262       0.4054   448.1
0.2480       -4183.2497   -4183.6492       0.3995   441.5
0.2485       -4183.2435   -4183.6666       0.4231   467.6
0.2490       -4183.2501   -4183.6796       0.4295   474.7
0.2495       -4183.2467   -4183.6901       0.4433   490.0
0.2500       -4183.1982   -4183.6963       0.4981   550.5
