Time[ps]      Etot[eV]     Epot[eV]     Ekin[eV]    T[K]
0.0000       -4183.6376   -4183.6376       0.0000     0.0
0.0005       -4183.6337   -4183.6432       0.0095    10.5
0.0010       -4183.6286   -4183.6623       0.0337    37.2
0.0015       -4183.6259   -4183.6941       0.0681    75.3
0.0020       -4183.6158   -4183.7333       0.1174   129.8
0.0025       -4183.6234   -4183.7777       0.1543   170.5
0.0030       -4183.6390   -4183.8251       0.1860   205.6
0.0035       -4183.6350   -4183.8736       0.2386   263.7
0.0040       -4183.6195   -4183.9216       0.3022   333.9
0.0045       -4183.6380   -4183.9659       0.3280   362.5
0.0050       -4183.6447   -4184.0033       0.3586   396.3
0.0055       -4183.6612   -4184.0314       0.3702   409.1
0.0060       -4183.6720   -4184.0496       0.3776   417.3
0.0065       -4183.6843   -4184.0584       0.3742   413.5
0.0070       -4183.6890   -4184.0600       0.3710   410.0
0.0075       -4183.6865   -4184.0553       0.3688   407.6
0.0080       -4183.6998   -4184.0472       0.3474   383.9
0.0085       -4183.6991   -4184.0396       0.3405   376.4
0.0090       -4183.6787   -4184.0343       0.3557   393.1
0.0095       -4183.6817   -4184.0294       0.3476   384.2
0.0100       -4183.6903   -4184.0235       0.3333   368.3
0.0105       -4183.6909   -4184.0156       0.3247   358.9
0.0110       -4183.6813   -4184.0075       0.3262   360.6
0.0115       -4183.6619   -4183.9998       0.3379   373.4
0.0120       -4183.6539   -4183.9931       0.3392   374.9
0.0125       -4183.6669   -4183.9862       0.3193   352.8
0.0130       -4183.6542   -4183.9803       0.3260   360.3
0.0135       -4183.6697   -4183.9751       0.3054   337.5
0.0140       -4183.6557   -4183.9708       0.3151   348.2
0.0145       -4183.6414   -4183.9672       0.3257   360.0
0.0150       -4183.6333   -4183.9619       0.3286   363.1
0.0155       -4183.6496   -4183.9537       0.3041   336.1
0.0160       -4183.6272   -4183.9421       0.3149   348.0
0.0165       -4183.6358   -4183.9282       0.2923   323.1
0.0170       -4183.6352   -4183.9140       0.2787   308.0
0.0175       -4183.6597   -4183.9012       0.2415   266.9
0.0180       -4183.6481   -4183.8932       0.2451   270.9
0.0185       -4183.6391   -4183.8890       0.2499   276.2
0.0190       -4183.6286   -4183.8857       0.2570   284.1
0.0195       -4183.6168   -4183.8823       0.2655   293.5
0.0200       -4183.6265   -4183.8767       0.2502   276.5
0.0205       -4183.6178   -4183.8724       0.2546   281.4
0.0210       -4183.6075   -4183.8727       0.2652   293.1
0.0215       -4183.6311   -4183.8761       0.2450   270.7
0.0220       -4183.6017   -4183.8813       0.2795   308.9
0.0225       -4183.5996   -4183.8869       0.2873   317.5
0.0230       -4183.5907   -4183.8939       0.3032   335.1
0.0235       -4183.5867   -4183.9053       0.3185   352.0
0.0240       -4183.5798   -4183.9193       0.3395   375.3
0.0245       -4183.5804   -4183.9357       0.3553   392.7
0.0250       -4183.6133   -4183.9533       0.3400   375.7
0.0255       -4183.6186   -4183.9717       0.3531   390.3
0.0260       -4183.6511   -4183.9919       0.3409   376.7
0.0265       -4183.6443   -4184.0136       0.3693   408.2
0.0270       -4183.6452   -4184.0360       0.3907   431.8
0.0275       -4183.6521   -4184.0567       0.4046   447.2
0.0280       -4183.6278   -4184.0725       0.4447   491.5
0.0285       -4183.6291   -4184.0835       0.4544   502.2
0.0290       -4183.6173   -4184.0877       0.4703   519.8
0.0295       -4183.6288   -4184.0842       0.4554   503.3
0.0300       -4183.6374   -4184.0742       0.4368   482.7
0.0305       -4183.6130   -4184.0615       0.4485   495.7
0.0310       -4183.5985   -4184.0491       0.4505   497.9
0.0315       -4183.6240   -4184.0376       0.4136   457.1
0.0320       -4183.6007   -4184.0274       0.4266   471.5
0.0325       -4183.6030   -4184.0236       0.4206   464.8
0.0330       -4183.5730   -4184.0235       0.4505   497.9
0.0335       -4183.5718   -4184.0250       0.4532   500.9
0.0340       -4183.5454   -4184.0261       0.4807   531.3
0.0345       -4183.5509   -4184.0257       0.4748   524.7
0.0350       -4183.6081   -4184.0218       0.4138   457.3
0.0355       -4183.5783   -4184.0164       0.4381   484.2
0.0360       -4183.6067   -4184.0128       0.4061   448.8
0.0365       -4183.6086   -4184.0129       0.4042   446.7
0.0370       -4183.5852   -4184.0193       0.4341   479.8
0.0375       -4183.5946   -4184.0277       0.4332   478.7
0.0380       -4183.5864   -4184.0360       0.4496   496.9
0.0385       -4183.5727   -4184.0405       0.4678   517.1
0.0390       -4183.5684   -4184.0367       0.4683   517.5
0.0395       -4183.5725   -4184.0254       0.4529   500.6
0.0400       -4183.5548   -4184.0070       0.4523   499.9
0.0405       -4183.5556   -4183.9802       0.4246   469.2
0.0410       -4183.5442   -4183.9480       0.4038   446.2
0.0415       -4183.5543   -4183.9132       0.3589   396.7
0.0420       -4183.5342   -4183.8800       0.3459   382.2
0.0425       -4183.5293   -4183.8533       0.3239   358.0
0.0430       -4183.5478   -4183.8353       0.2874   317.7
0.0435       -4183.5670   -4183.8267       0.2597   287.0
0.0440       -4183.5857   -4183.8252       0.2395   264.7
0.0445       -4183.6037   -4183.8294       0.2257   249.5
0.0450       -4183.5966   -4183.8346       0.2381   263.1
0.0455       -4183.5959   -4183.8389       0.2431   268.6
0.0460       -4183.6000   -4183.8401       0.2400   265.3
0.0465       -4183.5899   -4183.8410       0.2512   277.6
0.0470       -4183.5811   -4183.8440       0.2629   290.5
0.0475       -4183.5707   -4183.8468       0.2761   305.1
0.0480       -4183.5934   -4183.8544       0.2610   288.5
0.0485       -4183.5908   -4183.8684       0.2775   306.7
0.0490       -4183.5947   -4183.8866       0.2919   322.6
0.0495       -4183.5763   -4183.9083       0.3321   367.0
0.0500       -4183.5496   -4183.9311       0.3815   421.6
0.0505       -4183.5349   -4183.9527       0.4177   461.7
0.0510       -4183.5212   -4183.9705       0.4493   496.6
0.0515       -4183.5215   -4183.9879       0.4664   515.5
0.0520       -4183.5254   -4183.9994       0.4740   523.9
0.0525       -4183.5243   -4183.9994       0.4751   525.1
0.0530       -4183.5285   -4183.9923       0.4638   512.6
0.0535       -4183.5105   -4183.9787       0.4682   517.4
0.0540       -4183.5309   -4183.9641       0.4332   478.8
0.0545       -4183.5377   -4183.9501       0.4125   455.9
0.0550       -4183.5194   -4183.9388       0.4194   463.5
0.0555       -4183.5152   -4183.9364       0.4211   465.4
0.0560       -4183.5013   -4183.9406       0.4393   485.5
0.0565       -4183.4910   -4183.9472       0.4562   504.1
0.0570       -4183.4699   -4183.9504       0.4805   531.0
0.0575       -4183.4927   -4183.9468       0.4541   501.9
0.0580       -4183.4748   -4183.9350       0.4602   508.6
0.0585       -4183.5009   -4183.9197       0.4188   462.8
0.0590       -4183.4965   -4183.9032       0.4068   449.5
0.0595       -4183.5272   -4183.8875       0.3603   398.2
0.0600       -4183.5035   -4183.8766       0.3731   412.4
0.0605       -4183.4966   -4183.8719       0.3753   414.7
0.0610       -4183.5224   -4183.8706       0.3482   384.8
0.0615       -4183.5114   -4183.8739       0.3625   400.6
0.0620       -4183.5120   -4183.8759       0.3640   402.3
0.0625       -4183.5169   -4183.8723       0.3554   392.8
0.0630       -4183.5247   -4183.8616       0.3369   372.3
0.0635       -4183.5085   -4183.8448       0.3363   371.6
0.0640       -4183.4991   -4183.8229       0.3239   357.9
0.0645       -4183.5078   -4183.8003       0.2925   323.3
0.0650       -4183.5195   -4183.7859       0.2663   294.3
0.0655       -4183.5179   -4183.7835       0.2655   293.5
0.0660       -4183.5025   -4183.7960       0.2934   324.3
0.0665       -4183.4874   -4183.8216       0.3342   369.4
0.0670       -4183.4727   -4183.8620       0.3894   430.3
0.0675       -4183.4635   -4183.9117       0.4482   495.3
0.0680       -4183.4719   -4183.9643       0.4924   544.2
0.0685       -4183.4600   -4184.0090       0.5490   606.7
0.0690       -4183.4519   -4184.0371       0.5852   646.8
0.0695       -4183.4186   -4184.0481       0.6295   695.7
0.0700       -4183.4616   -4184.0466       0.5849   646.5
0.0705       -4183.4630   -4184.0439       0.5808   641.9
0.0710       -4183.4737   -4184.0518       0.5781   638.9
0.0715       -4183.4808   -4184.0810       0.6002   663.3
0.0720       -4183.4484   -4184.1250       0.6766   747.8
0.0725       -4183.4419   -4184.1610       0.7191   794.8
0.0730       -4183.4213   -4184.1790       0.7577   837.4
0.0735       -4183.4447   -4184.1775       0.7329   809.9
0.0740       -4183.4353   -4184.1547       0.7194   795.0
0.0745       -4183.4090   -4184.1108       0.7017   775.6
0.0750       -4183.3997   -4184.0523       0.6526   721.3
0.0755       -4183.4406   -4183.9893       0.5488   606.5
0.0760       -4183.4631   -4183.9316       0.4685   517.7
0.0765       -4183.4480   -4183.8789       0.4309   476.2
0.0770       -4183.4640   -4183.8394       0.3754   414.9
0.0775       -4183.4569   -4183.8164       0.3595   397.3
0.0780       -4183.4568   -4183.8081       0.3512   388.2
0.0785       -4183.4708   -4183.8128       0.3420   378.0
0.0790       -4183.4664   -4183.8266       0.3602   398.1
0.0795       -4183.4507   -4183.8472       0.3965   438.3
0.0800       -4183.4404   -4183.8652       0.4248   469.4
0.0805       -4183.4357   -4183.8707       0.4350   480.8
0.0810       -4183.4327   -4183.8619       0.4291   474.3
0.0815       -4183.4360   -4183.8466       0.4106   453.8
0.0820       -4183.4387   -4183.8385       0.3998   441.8
0.0825       -4183.4484   -4183.8516       0.4032   445.6
0.0830       -4183.4614   -4183.8841       0.4227   467.2
0.0835       -4183.4785   -4183.9237       0.4453   492.1
0.0840       -4183.4716   -4183.9616       0.4900   541.5
0.0845       -4183.4616   -4183.9902       0.5286   584.3
0.0850       -4183.4485   -4184.0058       0.5573   615.9
0.0855       -4183.4635   -4184.0081       0.5446   601.9
0.0860       -4183.4569   -4184.0021       0.5452   602.5
0.0865       -4183.4584   -4183.9916       0.5332   589.3
0.0870       -4183.4563   -4183.9765       0.5202   574.9
0.0875       -4183.4269   -4183.9593       0.5324   588.4
0.0880       -4183.4455   -4183.9457       0.5002   552.9
0.0885       -4183.4429   -4183.9376       0.4946   546.7
0.0890       -4183.4510   -4183.9359       0.4850   536.0
0.0895       -4183.4713   -4183.9457       0.4743   524.2
0.0900       -4183.5044   -4183.9639       0.4595   507.8
0.0905       -4183.4960   -4183.9806       0.4846   535.6
0.0910       -4183.5060   -4183.9902       0.4842   535.2
0.0915       -4183.5099   -4183.9857       0.4758   525.8
0.0920       -4183.5209   -4183.9650       0.4441   490.8
0.0925       -4183.5215   -4183.9330       0.4115   454.8
0.0930       -4183.5486   -4183.8978       0.3492   385.9
0.0935       -4183.5256   -4183.8744       0.3489   385.6
0.0940       -4183.5236   -4183.8679       0.3442   380.4
0.0945       -4183.5585   -4183.8739       0.3154   348.6
0.0950       -4183.5478   -4183.8930       0.3452   381.5
0.0955       -4183.5435   -4183.9149       0.3714   410.5
0.0960       -4183.5275   -4183.9359       0.4084   451.4
0.0965       -4183.5076   -4183.9497       0.4421   488.6
0.0970       -4183.4946   -4183.9530       0.4584   506.6
0.0975       -4183.4600   -4183.9455       0.4855   536.5
0.0980       -4183.4528   -4183.9277       0.4749   524.8
0.0985       -4183.4336   -4183.9033       0.4697   519.2
0.0990       -4183.4715   -4183.8820       0.4104   453.6
0.0995       -4183.4499   -4183.8713       0.4213   465.7
0.1000       -4183.4364   -4183.8726       0.4362   482.1
0.1005       -4183.4329   -4183.8853       0.4524   500.0
0.1010       -4183.4376   -4183.9121       0.4745   524.4
0.1015       -4183.4125   -4183.9432       0.5307   586.6
0.1020       -4183.4100   -4183.9682       0.5582   616.9
0.1025       -4183.4095   -4183.9842       0.5747   635.2
0.1030       -4183.4013   -4183.9931       0.5918   654.0
0.1035       -4183.3623   -4184.0025       0.6402   707.6
0.1040       -4183.3324   -4184.0134       0.6810   752.6
0.1045       -4183.3771   -4184.0273       0.6502   718.5
0.1050       -4183.3559   -4184.0482       0.6923   765.2
0.1055       -4183.3459   -4184.0750       0.7290   805.7
0.1060       -4183.3717   -4184.0990       0.7273   803.8
0.1065       -4183.3908   -4184.1144       0.7236   799.8
0.1070       -4183.3893   -4184.1185       0.7292   805.9
0.1075       -4183.4139   -4184.1098       0.6959   769.1
0.1080       -4183.4434   -4184.0884       0.6450   712.8
0.1085       -4183.4200   -4184.0621       0.6420   709.6
0.1090       -4183.3999   -4184.0340       0.6341   700.8
0.1095       -4183.4048   -4184.0063       0.6015   664.7
0.1100       -4183.4161   -4183.9792       0.5631   622.3
0.1105       -4183.4445   -4183.9559       0.5115   565.3
0.1110       -4183.4341   -4183.9374       0.5033   556.2
0.1115       -4183.4462   -4183.9238       0.4776   527.8
0.1120       -4183.4193   -4183.9138       0.4945   546.5
0.1125       -4183.4102   -4183.9089       0.4986   551.1
0.1130       -4183.3858   -4183.9104       0.5246   579.8
0.1135       -4183.3759   -4183.9087       0.5327   588.8
0.1140       -4183.3964   -4183.9017       0.5053   558.4
0.1145       -4183.4065   -4183.8945       0.4880   539.4
0.1150       -4183.4271   -4183.8938       0.4667   515.8
0.1155       -4183.4200   -4183.9088       0.4888   540.2
0.1160       -4183.4288   -4183.9490       0.5202   574.9
0.1165       -4183.4340   -4184.0042       0.5701   630.1
0.1170       -4183.4421   -4184.0587       0.6166   681.5
0.1175       -4183.4558   -4184.1027       0.6468   714.9
0.1180       -4183.4828   -4184.1219       0.6391   706.3
0.1185       -4183.4929   -4184.1160       0.6231   688.6
0.1190       -4183.4544   -4184.0969       0.6426   710.1
0.1195       -4183.4100   -4184.0753       0.6653   735.3
0.1200       -4183.4325   -4184.0563       0.6238   689.4
0.1205       -4183.4423   -4184.0423       0.6000   663.2
0.1210       -4183.4096   -4184.0279       0.6183   683.4
0.1215       -4183.4246   -4184.0087       0.5841   645.5
0.1220       -4183.4140   -4183.9898       0.5758   636.4
0.1225       -4183.4041   -4183.9704       0.5663   625.9
0.1230       -4183.3689   -4183.9476       0.5788   639.7
0.1235       -4183.3793   -4183.9239       0.5446   601.9
0.1240       -4183.3931   -4183.8950       0.5019   554.7
0.1245       -4183.3941   -4183.8573       0.4632   511.9
0.1250       -4183.3952   -4183.8152       0.4200   464.1
0.1255       -4183.3829   -4183.7735       0.3906   431.6
0.1260       -4183.3851   -4183.7363       0.3512   388.1
0.1265       -4183.3956   -4183.7080       0.3125   345.3
0.1270       -4183.4074   -4183.6963       0.2888   319.2
0.1275       -4183.3948   -4183.7091       0.3143   347.3
0.1280       -4183.4062   -4183.7419       0.3358   371.1
0.1285       -4183.3988   -4183.7797       0.3810   421.0
0.1290       -4183.4044   -4183.8130       0.4086   451.6
0.1295       -4183.3984   -4183.8364       0.4380   484.1
0.1300       -4183.3767   -4183.8486       0.4719   521.5
0.1305       -4183.3767   -4183.8491       0.4724   522.1
0.1310       -4183.3660   -4183.8425       0.4765   526.6
0.1315       -4183.3704   -4183.8381       0.4677   516.9
0.1320       -4183.3465   -4183.8406       0.4941   546.0
0.1325       -4183.3524   -4183.8475       0.4950   547.1
0.1330       -4183.3712   -4183.8635       0.4923   544.1
0.1335       -4183.3737   -4183.8872       0.5135   567.5
0.1340       -4183.3524   -4183.9155       0.5631   622.4
0.1345       -4183.3426   -4183.9435       0.6008   664.0
0.1350       -4183.3257   -4183.9596       0.6339   700.6
0.1355       -4183.3181   -4183.9565       0.6384   705.6
0.1360       -4183.2949   -4183.9318       0.6369   703.9
0.1365       -4183.2747   -4183.8887       0.6140   678.6
0.1370       -4183.2570   -4183.8361       0.5791   640.0
0.1375       -4183.2637   -4183.7899       0.5262   581.5
0.1380       -4183.2677   -4183.7610       0.4933   545.2
0.1385       -4183.2747   -4183.7551       0.4803   530.9
0.1390       -4183.2563   -4183.7662       0.5100   563.6
0.1395       -4183.2667   -4183.7697       0.5030   555.9
0.1400       -4183.2884   -4183.7579       0.4695   518.9
0.1405       -4183.3209   -4183.7354       0.4145   458.1
0.1410       -4183.3237   -4183.7117       0.3880   428.8
0.1415       -4183.3198   -4183.6927       0.3729   412.1
0.1420       -4183.3370   -4183.6795       0.3425   378.6
0.1425       -4183.3398   -4183.6745       0.3348   370.0
0.1430       -4183.3437   -4183.6765       0.3328   367.8
0.1435       -4183.3564   -4183.6864       0.3301   364.8
0.1440       -4183.3735   -4183.7061       0.3325   367.5
0.1445       -4183.4028   -4183.7386       0.3358   371.1
0.1450       -4183.4024   -4183.7855       0.3831   423.4
0.1455       -4183.4113   -4183.8397       0.4284   473.4
0.1460       -4183.4322   -4183.8895       0.4573   505.4
0.1465       -4183.4267   -4183.9252       0.4985   551.0
0.1470       -4183.4435   -4183.9414       0.4979   550.3
0.1475       -4183.4494   -4183.9396       0.4902   541.8
0.1480       -4183.4358   -4183.9342       0.4984   550.9
0.1485       -4183.4461   -4183.9343       0.4881   539.5
0.1490       -4183.4418   -4183.9529       0.5112   564.9
0.1495       -4183.4613   -4183.9887       0.5274   582.8
0.1500       -4183.4129   -4184.0245       0.6116   676.0
0.1505       -4183.4176   -4184.0515       0.6339   700.6
0.1510       -4183.4270   -4184.0660       0.6390   706.2
0.1515       -4183.4164   -4184.0691       0.6527   721.3
0.1520       -4183.4318   -4184.0606       0.6287   694.9
0.1525       -4183.4171   -4184.0406       0.6235   689.1
0.1530       -4183.3968   -4184.0147       0.6179   682.9
0.1535       -4183.4209   -4183.9834       0.5624   621.6
0.1540       -4183.4469   -4183.9475       0.5006   553.3
0.1545       -4183.4047   -4183.9085       0.5038   556.8
0.1550       -4183.3879   -4183.8778       0.4899   541.5
0.1555       -4183.3901   -4183.8686       0.4785   528.9
0.1560       -4183.3870   -4183.8844       0.4974   549.7
0.1565       -4183.4067   -4183.9218       0.5151   569.3
0.1570       -4183.3766   -4183.9663       0.5897   651.8
0.1575       -4183.3744   -4183.9967       0.6223   687.8
0.1580       -4183.3529   -4183.9926       0.6397   707.0
0.1585       -4183.3591   -4183.9474       0.5882   650.1
0.1590       -4183.3562   -4183.8723       0.5160   570.3
0.1595       -4183.3746   -4183.7956       0.4210   465.3
0.1600       -4183.3739   -4183.7393       0.3653   403.8
0.1605       -4183.3610   -4183.7215       0.3605   398.4
0.1610       -4183.3561   -4183.7493       0.3933   434.7
0.1615       -4183.3676   -4183.8080       0.4403   486.6
0.1620       -4183.3829   -4183.8703       0.4874   538.7
0.1625       -4183.3971   -4183.9177       0.5206   575.3
0.1630       -4183.3911   -4183.9431       0.5520   610.1
0.1635       -4183.3968   -4183.9471       0.5503   608.2
0.1640       -4183.4204   -4183.9298       0.5094   563.0
0.1645       -4183.4131   -4183.8984       0.4852   536.3
0.1650       -4183.3976   -4183.8662       0.4686   517.9
0.1655       -4183.4233   -4183.8407       0.4174   461.3
0.1660       -4183.4448   -4183.8271       0.3823   422.5
0.1665       -4183.4470   -4183.8320       0.3850   425.5
0.1670       -4183.4360   -4183.8563       0.4203   464.5
0.1675       -4183.4027   -4183.8958       0.4931   545.0
0.1680       -4183.3858   -4183.9415       0.5556   614.1
0.1685       -4183.3841   -4183.9837       0.5996   662.7
0.1690       -4183.4076   -4184.0086       0.6010   664.2
0.1695       -4183.4412   -4184.0072       0.5660   625.5
0.1700       -4183.4699   -4183.9761       0.5062   559.5
0.1705       -4183.4352   -4183.9227       0.4875   538.8
0.1710       -4183.4584   -4183.8633       0.4049   447.5
0.1715       -4183.4324   -4183.8200       0.3876   428.4
0.1720       -4183.4305   -4183.8022       0.3717   410.8
0.1725       -4183.4517   -4183.8062       0.3545   391.8
0.1730       -4183.4668   -4183.8163       0.3495   386.3
0.1735       -4183.4682   -4183.8226       0.3544   391.6
0.1740       -4183.4743   -4183.8125       0.3382   373.8
0.1745       -4183.4640   -4183.7854       0.3214   355.2
0.1750       -4183.4776   -4183.7439       0.2663   294.4
0.1755       -4183.4897   -4183.6981       0.2084   230.3
0.1760       -4183.4979   -4183.6600       0.1621   179.1
0.1765       -4183.4933   -4183.6342       0.1409   155.7
0.1770       -4183.5000   -4183.6287       0.1288   142.3
0.1775       -4183.4928   -4183.6567       0.1639   181.1
0.1780       -4183.4848   -4183.7147       0.2298   254.0
0.1785       -4183.4556   -4183.7885       0.3329   367.9
0.1790       -4183.4553   -4183.8611       0.4059   448.6
0.1795       -4183.4974   -4183.9138       0.4164   460.2
0.1800       -4183.4485   -4183.9421       0.4936   545.5
0.1805       -4183.4684   -4183.9357       0.4672   516.4
0.1810       -4183.4869   -4183.8983       0.4115   454.8
0.1815       -4183.5016   -4183.8522       0.3506   387.5
0.1820       -4183.5020   -4183.8166       0.3146   347.7
0.1825       -4183.4858   -4183.8139       0.3280   362.6
0.1830       -4183.4989   -4183.8559       0.3570   394.6
0.1835       -4183.5289   -4183.9227       0.3938   435.2
0.1840       -4183.4934   -4184.0020       0.5086   562.1
0.1845       -4183.5052   -4184.0697       0.5645   623.9
0.1850       -4183.5166   -4184.1068       0.5902   652.2
0.1855       -4183.5199   -4184.1055       0.5857   647.3
0.1860       -4183.5132   -4184.0637       0.5505   608.5
0.1865       -4183.5322   -4183.9979       0.4657   514.7
0.1870       -4183.5613   -4183.9344       0.3731   412.4
0.1875       -4183.5372   -4183.8937       0.3565   394.0
0.1880       -4183.5210   -4183.8781       0.3571   394.6
0.1885       -4183.5147   -4183.8857       0.3711   410.1
0.1890       -4183.5041   -4183.9081       0.4041   446.6
0.1895       -4183.4953   -4183.9364       0.4410   487.4
0.1900       -4183.4977   -4183.9667       0.4690   518.3
0.1905       -4183.4929   -4183.9964       0.5035   556.4
0.1910       -4183.4893   -4184.0187       0.5294   585.1
0.1915       -4183.4481   -4184.0273       0.5792   640.1
0.1920       -4183.4611   -4184.0176       0.5565   615.1
0.1925       -4183.4709   -4183.9886       0.5177   572.2
0.1930       -4183.5006   -4183.9490       0.4484   495.6
0.1935       -4183.5157   -4183.9108       0.3952   436.7
0.1940       -4183.5044   -4183.8874       0.3830   423.2
0.1945       -4183.5109   -4183.8939       0.3830   423.3
0.1950       -4183.5174   -4183.9360       0.4186   462.6
0.1955       -4183.4845   -4183.9978       0.5133   567.3
0.1960       -4183.5079   -4184.0494       0.5415   598.4
0.1965       -4183.4871   -4184.0738       0.5867   648.5
0.1970       -4183.4871   -4184.0647       0.5776   638.3
0.1975       -4183.4915   -4184.0272       0.5357   592.0
0.1980       -4183.4819   -4183.9806       0.4987   551.2
0.1985       -4183.5067   -4183.9449       0.4382   484.3
0.1990       -4183.4868   -4183.9257       0.4389   485.1
0.1995       -4183.4927   -4183.9198       0.4272   472.1
0.2000       -4183.4831   -4183.9279       0.4448   491.6
0.2005       -4183.5038   -4183.9389       0.4352   480.9
0.2010       -4183.5193   -4183.9489       0.4296   474.8
0.2015       -4183.5496   -4183.9549       0.4053   447.9
0.2020       -4183.5502   -4183.9631       0.4129   456.3
0.2025       -4183.5591   -4183.9730       0.4138   457.4
0.2030       -4183.5664   -4183.9758       0.4095   452.5
0.2035       -4183.5557   -4183.9642       0.4085   451.5
0.2040       -4183.5646   -4183.9321       0.3676   406.2
0.2045       -4183.5559   -4183.8756       0.3196   353.3
0.2050       -4183.5738   -4183.8057       0.2319   256.3
0.2055       -4183.5734   -4183.7513       0.1778   196.5
0.2060       -4183.5706   -4183.7351       0.1644   181.7
0.2065       -4183.5786   -4183.7625       0.1838   203.2
0.2070       -4183.5686   -4183.8255       0.2570   284.0
0.2075       -4183.5243   -4183.8940       0.3696   408.5
0.2080       -4183.5338   -4183.9377       0.4038   446.3
0.2085       -4183.5436   -4183.9492       0.4056   448.2
0.2090       -4183.5407   -4183.9376       0.3969   438.7
0.2095       -4183.5313   -4183.9180       0.3867   427.3
0.2100       -4183.5034   -4183.9065       0.4031   445.5
0.2105       -4183.5209   -4183.8999       0.3790   418.9
0.2110       -4183.4913   -4183.8963       0.4050   447.6
0.2115       -4183.5129   -4183.8877       0.3748   414.3
0.2120       -4183.4868   -4183.8800       0.3932   434.6
0.2125       -4183.5029   -4183.8783       0.3754   414.8
0.2130       -4183.5236   -4183.8832       0.3596   397.4
0.2135       -4183.5240   -4183.8984       0.3744   413.8
0.2140       -4183.5113   -4183.9220       0.4107   453.9
0.2145       -4183.5178   -4183.9517       0.4339   479.6
0.2150       -4183.5248   -4183.9750       0.4502   497.6
0.2155       -4183.5311   -4183.9817       0.4505   497.9
0.2160       -4183.5130   -4183.9652       0.4522   499.8
0.2165       -4183.5072   -4183.9219       0.4147   458.4
0.2170       -4183.5274   -4183.8630       0.3356   370.9
0.2175       -4183.5642   -4183.8138       0.2496   275.8
0.2180       -4183.5668   -4183.7924       0.2256   249.3
0.2185       -4183.5512   -4183.8034       0.2523   278.8
0.2190       -4183.5495   -4183.8322       0.2827   312.4
0.2195       -4183.5404   -4183.8598       0.3193   352.9
0.2200       -4183.5684   -4183.8716       0.3032   335.1
0.2205       -4183.5662   -4183.8620       0.2957   326.8
0.2210       -4183.5684   -4183.8431       0.2746   303.5
0.2215       -4183.5698   -4183.8266       0.2568   283.9
0.2220       -4183.5254   -4183.8232       0.2978   329.1
0.2225       -4183.5341   -4183.8260       0.2919   322.6
0.2230       -4183.5328   -4183.8334       0.3006   332.3
0.2235       -4183.5382   -4183.8445       0.3063   338.5
0.2240       -4183.5135   -4183.8542       0.3407   376.6
0.2245       -4183.4743   -4183.8614       0.3872   427.9
0.2250       -4183.4510   -4183.8694       0.4184   462.4
0.2255       -4183.4358   -4183.8764       0.4406   486.9
0.2260       -4183.4149   -4183.8836       0.4687   518.0
0.2265       -4183.4009   -4183.8991       0.4981   550.5
0.2270       -4183.4010   -4183.9266       0.5256   580.9
0.2275       -4183.4122   -4183.9683       0.5561   614.6
0.2280       -4183.3954   -4184.0160       0.6206   685.9
0.2285       -4183.4264   -4184.0520       0.6256   691.5
0.2290       -4183.4023   -4184.0568       0.6545   723.4
0.2295       -4183.3931   -4184.0179       0.6248   690.5
0.2300       -4183.3650   -4183.9347       0.5697   629.7
0.2305       -4183.3923   -4183.8425       0.4502   497.6
0.2310       -4183.3834   -4183.7760       0.3926   433.9
0.2315       -4183.4181   -4183.7500       0.3320   366.9
0.2320       -4183.3783   -4183.7631       0.3848   425.3
0.2325       -4183.3615   -4183.7950       0.4335   479.1
0.2330       -4183.3476   -4183.8406       0.4930   544.9
0.2335       -4183.3288   -4183.8765       0.5477   605.4
0.2340       -4183.3390   -4183.8898       0.5508   608.7
0.2345       -4183.3038   -4183.8840       0.5801   641.2
0.2350       -4183.3704   -4183.8585       0.4882   539.5
0.2355       -4183.3593   -4183.8185       0.4592   507.6
0.2360       -4183.3289   -4183.7749       0.4460   492.9
0.2365       -4183.3255   -4183.7348       0.4093   452.3
0.2370       -4183.3288   -4183.7011       0.3723   411.5
0.2375       -4183.3102   -4183.6825       0.3724   411.5
0.2380       -4183.2996   -4183.6891       0.3895   430.5
0.2385       -4183.2716   -4183.7191       0.4476   494.6
0.2390       -4183.2684   -4183.7723       0.5039   556.9
0.2395       -4183.2985   -4183.8301       0.5316   587.6
0.2400       -4183.2948   -4183.8738       0.5791   640.0
0.2405       -4183.3137   -4183.8845       0.5708   630.9
0.2410       -4183.2928   -4183.8547       0.5618   620.9
0.2415       -4183.3070   -4183.7892       0.4822   532.9
0.2420       -4183.2916   -4183.7070       0.4154   459.1
0.2425       -4183.2703   -4183.6428       0.3725   411.6
0.2430       -4183.2905   -4183.6219       0.3314   366.2
0.2435       -4183.3278   -4183.6623       0.3345   369.6
0.2440       -4183.3280   -4183.7386       0.4106   453.8
0.2445       -4183.3408   -4183.8169       0.4761   526.2
0.2450       -4183.3686   -4183.8755       0.5069   560.2
0.2455       -4183.3488   -4183.9043       0.5555   614.0
0.2460       -4183.3625   -4183.9068       0.5444   601.6
0.2465       -4183.4028   -4183.8918       0.4890   540.4
0.2470       -4183.4173   -4183.8758       0.4586   506.8
0.2475       -4183.3749   -4183.8665       0.4916   543.3
0.2480       -4183.3360   -4183.8690       0.5330   589.0
0.2485       -4183.3251   -4183.8809       0.5558   614.3
0.2490       -4183.3109   -4183.8973       0.5864   648.0
0.2495       -4183.3378   -4183.9185       0.5807   641.8
0.2500       -4183.3336   -4183.9428       0.6092   673.3
Time[ps]      Etot[eV]     Epot[eV]     Ekin[eV]    T[K]
0.0000       -4183.6376   -4183.6376       0.0000     0.0
0.0005       -4183.6351   -4183.6432       0.0081     8.9
0.0010       -4183.6291   -4183.6599       0.0308    34.1
0.0015       -4183.6273   -4183.6898       0.0625    69.1
0.0020       -4183.6230   -4183.7307       0.1077   119.1
0.0025       -4183.6006   -4183.7780       0.1774   196.1
0.0030       -4183.6059   -4183.8298       0.2240   247.5
0.0035       -4183.5877   -4183.8809       0.2932   324.0
0.0040       -4183.5716   -4183.9289       0.3573   394.9
0.0045       -4183.5771   -4183.9724       0.3952   436.8
0.0050       -4183.6035   -4184.0107       0.4072   450.1
0.0055       -4183.6270   -4184.0415       0.4145   458.1
0.0060       -4183.6518   -4184.0657       0.4139   457.4
0.0065       -4183.6386   -4184.0834       0.4448   491.6
0.0070       -4183.6324   -4184.0917       0.4593   507.6
0.0075       -4183.6557   -4184.0893       0.4337   479.3
0.0080       -4183.6496   -4184.0773       0.4277   472.7
0.0085       -4183.6494   -4184.0582       0.4088   451.8
0.0090       -4183.6268   -4184.0347       0.4079   450.8
0.0095       -4183.6371   -4184.0123       0.3752   414.6
0.0100       -4183.6263   -4183.9967       0.3704   409.4
0.0105       -4183.6168   -4183.9898       0.3730   412.2
0.0110       -4183.6185   -4183.9872       0.3687   407.4
0.0115       -4183.6172   -4183.9871       0.3699   408.8
0.0120       -4183.6248   -4183.9856       0.3608   398.7
0.0125       -4183.6394   -4183.9794       0.3399   375.7
0.0130       -4183.6252   -4183.9712       0.3461   382.5
0.0135       -4183.6137   -4183.9605       0.3468   383.3
0.0140       -4183.6045   -4183.9477       0.3433   379.4
0.0145       -4183.5881   -4183.9330       0.3449   381.2
0.0150       -4183.5736   -4183.9179       0.3443   380.5
0.0155       -4183.5691   -4183.9052       0.3361   371.4
0.0160       -4183.5778   -4183.8941       0.3163   349.6
0.0165       -4183.6003   -4183.8874       0.2871   317.3
0.0170       -4183.6060   -4183.8862       0.2802   309.7
0.0175       -4183.5957   -4183.8879       0.2922   323.0
0.0180       -4183.5861   -4183.8908       0.3047   336.7
0.0185       -4183.5537   -4183.8908       0.3371   372.6
0.0190       -4183.5381   -4183.8882       0.3502   387.0
0.0195       -4183.5450   -4183.8815       0.3364   371.8
0.0200       -4183.5432   -4183.8706       0.3274   361.8
0.0205       -4183.5173   -4183.8584       0.3411   377.0
0.0210       -4183.4767   -4183.8474       0.3707   409.7
0.0215       -4183.4999   -4183.8460       0.3461   382.5
0.0220       -4183.5213   -4183.8595       0.3382   373.8
0.0225       -4183.5105   -4183.8820       0.3715   410.6
0.0230       -4183.5386   -4183.9083       0.3697   408.6
0.0235       -4183.5162   -4183.9334       0.4171   461.0
0.0240       -4183.5240   -4183.9544       0.4304   475.7
0.0245       -4183.5134   -4183.9723       0.4589   507.2
0.0250       -4183.5009   -4183.9906       0.4897   541.2
0.0255       -4183.5068   -4184.0076       0.5008   553.4
0.0260       -4183.4913   -4184.0242       0.5328   588.9
0.0265       -4183.4663   -4184.0401       0.5737   634.1
0.0270       -4183.4371   -4184.0579       0.6208   686.1
0.0275       -4183.4503   -4184.0816       0.6313   697.7
0.0280       -4183.4693   -4184.1085       0.6392   706.5
0.0285       -4183.4604   -4184.1330       0.6725   743.3
0.0290       -4183.4746   -4184.1507       0.6762   747.3
0.0295       -4183.4401   -4184.1596       0.7195   795.2
0.0300       -4183.4162   -4184.1538       0.7376   815.1
0.0305       -4183.4423   -4184.1311       0.6889   761.3
0.0310       -4183.4396   -4184.0939       0.6543   723.1
0.0315       -4183.4270   -4184.0478       0.6208   686.1
0.0320       -4183.4373   -4183.9983       0.5610   620.0
0.0325       -4183.4447   -4183.9500       0.5054   558.6
0.0330       -4183.4594   -4183.9065       0.4470   494.1
0.0335       -4183.4362   -4183.8702       0.4340   479.6
0.0340       -4183.4297   -4183.8423       0.4126   456.0
0.0345       -4183.4304   -4183.8218       0.3914   432.6
0.0350       -4183.4448   -4183.8106       0.3658   404.3
0.0355       -4183.4535   -4183.8094       0.3559   393.3
0.0360       -4183.4864   -4183.8157       0.3293   363.9
0.0365       -4183.4785   -4183.8259       0.3474   383.9
0.0370       -4183.4499   -4183.8339       0.3840   424.4
0.0375       -4183.4559   -4183.8325       0.3766   416.3
0.0380       -4183.4782   -4183.8243       0.3462   382.6
0.0385       -4183.4584   -4183.8163       0.3579   395.5
0.0390       -4183.4970   -4183.8110       0.3141   347.1
0.0395       -4183.4996   -4183.8144       0.3149   348.0
0.0400       -4183.4810   -4183.8300       0.3489   385.6
0.0405       -4183.4940   -4183.8539       0.3599   397.7
0.0410       -4183.5240   -4183.8827       0.3587   396.4
0.0415       -4183.5313   -4183.9124       0.3811   421.2
0.0420       -4183.5289   -4183.9373       0.4084   451.3
0.0425       -4183.4917   -4183.9530       0.4612   509.8
0.0430       -4183.4785   -4183.9574       0.4789   529.3
0.0435       -4183.5111   -4183.9518       0.4407   487.0
0.0440       -4183.4978   -4183.9371       0.4394   485.6
0.0445       -4183.4682   -4183.9128       0.4446   491.3
0.0450       -4183.4623   -4183.8830       0.4208   465.1
0.0455       -4183.4769   -4183.8582       0.3812   421.3
0.0460       -4183.4632   -4183.8418       0.3786   418.4
0.0465       -4183.4961   -4183.8344       0.3383   373.9
0.0470       -4183.5013   -4183.8354       0.3342   369.3
0.0475       -4183.4905   -4183.8446       0.3541   391.3
0.0480       -4183.5082   -4183.8613       0.3531   390.2
0.0485       -4183.5238   -4183.8778       0.3540   391.2
0.0490       -4183.5416   -4183.8886       0.3470   383.5
0.0495       -4183.5445   -4183.8933       0.3488   385.5
0.0500       -4183.5470   -4183.8923       0.3453   381.6
0.0505       -4183.5443   -4183.8903       0.3460   382.4
0.0510       -4183.5529   -4183.8910       0.3380   373.6
0.0515       -4183.5262   -4183.8968       0.3705   409.5
0.0520       -4183.5203   -4183.9128       0.3925   433.8
0.0525       -4183.4914   -4183.9400       0.4486   495.8
0.0530       -4183.4818   -4183.9694       0.4876   538.9
0.0535       -4183.5063   -4183.9932       0.4869   538.1
0.0540       -4183.4744   -4184.0077       0.5333   589.4
0.0545       -4183.5042   -4184.0173       0.5131   567.1
0.0550       -4183.4865   -4184.0211       0.5346   590.8
0.0555       -4183.4878   -4184.0221       0.5343   590.5
0.0560       -4183.5032   -4184.0176       0.5144   568.5
0.0565       -4183.4743   -4184.0072       0.5330   589.1
0.0570       -4183.4837   -4183.9959       0.5122   566.1
0.0575       -4183.4612   -4183.9908       0.5296   585.3
0.0580       -4183.4664   -4183.9906       0.5242   579.3
0.0585       -4183.4433   -4183.9954       0.5521   610.2
0.0590       -4183.4545   -4184.0077       0.5531   611.3
0.0595       -4183.4518   -4184.0235       0.5717   631.8
0.0600       -4183.4600   -4184.0345       0.5745   634.9
0.0605       -4183.4839   -4184.0373       0.5534   611.6
0.0610       -4183.4991   -4184.0292       0.5301   585.9
0.0615       -4183.4747   -4184.0114       0.5367   593.2
0.0620       -4183.5257   -4183.9909       0.4652   514.1
0.0625       -4183.5322   -4183.9743       0.4421   488.6
0.0630       -4183.5601   -4183.9655       0.4054   448.0
0.0635       -4183.5609   -4183.9674       0.4064   449.2
0.0640       -4183.5679   -4183.9800       0.4122   455.5
0.0645       -4183.5614   -4184.0040       0.4426   489.2
0.0650       -4183.5835   -4184.0299       0.4464   493.4
0.0655       -4183.5786   -4184.0518       0.4732   523.0
0.0660       -4183.5456   -4184.0675       0.5218   576.7
0.0665       -4183.5219   -4184.0703       0.5484   606.1
0.0670       -4183.5372   -4184.0593       0.5221   577.0
0.0675       -4183.5193   -4184.0421       0.5228   577.8
0.0680       -4183.5316   -4184.0256       0.4940   546.0
0.0685       -4183.5455   -4184.0165       0.4710   520.6
0.0690       -4183.5719   -4184.0179       0.4460   493.0
0.0695       -4183.6130   -4184.0280       0.4151   458.7
0.0700       -4183.6058   -4184.0460       0.4402   486.5
0.0705       -4183.6140   -4184.0678       0.4538   501.6
0.0710       -4183.5528   -4184.0877       0.5349   591.2
0.0715       -4183.5911   -4184.1002       0.5091   562.7
0.0720       -4183.5998   -4184.1021       0.5023   555.1
0.0725       -4183.6169   -4184.0914       0.4744   524.4
0.0730       -4183.6147   -4184.0705       0.4558   503.8
0.0735       -4183.5865   -4184.0428       0.4563   504.3
0.0740       -4183.5940   -4184.0114       0.4174   461.4
0.0745       -4183.5969   -4183.9806       0.3837   424.0
0.0750       -4183.6364   -4183.9620       0.3256   359.8
0.0755       -4183.6280   -4183.9567       0.3287   363.3
0.0760       -4183.6482   -4183.9579       0.3097   342.3
0.0765       -4183.6442   -4183.9595       0.3153   348.4
0.0770       -4183.6633   -4183.9534       0.2901   320.6
0.0775       -4183.6833   -4183.9376       0.2544   281.1
0.0780       -4183.6643   -4183.9132       0.2489   275.1
0.0785       -4183.6582   -4183.8815       0.2232   246.7
0.0790       -4183.6686   -4183.8506       0.1820   201.1
0.0795       -4183.6658   -4183.8258       0.1601   176.9
0.0800       -4183.6530   -4183.8121       0.1591   175.9
0.0805       -4183.6626   -4183.8175       0.1549   171.2
0.0810       -4183.6473   -4183.8394       0.1921   212.3
0.0815       -4183.6555   -4183.8766       0.2211   244.3
0.0820       -4183.6610   -4183.9243       0.2633   291.0
0.0825       -4183.6568   -4183.9760       0.3193   352.8
0.0830       -4183.6496   -4184.0263       0.3767   416.4
0.0835       -4183.6255   -4184.0650       0.4395   485.7
0.0840       -4183.6197   -4184.0886       0.4688   518.1
0.0845       -4183.6267   -4184.0999       0.4732   523.0
0.0850       -4183.6339   -4184.0991       0.4652   514.1
0.0855       -4183.6109   -4184.0951       0.4842   535.1
0.0860       -4183.5892   -4184.0952       0.5060   559.2
0.0865       -4183.5835   -4184.0988       0.5153   569.5
0.0870       -4183.5818   -4184.0993       0.5174   571.9
0.0875       -4183.5710   -4184.0910       0.5200   574.7
0.0880       -4183.5950   -4184.0760       0.4810   531.6
0.0885       -4183.6045   -4184.0471       0.4427   489.2
0.0890       -4183.6201   -4184.0095       0.3894   430.4
0.0895       -4183.5956   -4183.9691       0.3735   412.8
0.0900       -4183.6131   -4183.9301       0.3170   350.3
0.0905       -4183.6275   -4183.9006       0.2731   301.9
0.0910       -4183.6329   -4183.8828       0.2499   276.2
0.0915       -4183.6308   -4183.8766       0.2458   271.7
0.0920       -4183.6384   -4183.8836       0.2452   271.0
0.0925       -4183.6713   -4183.9032       0.2320   256.4
0.0930       -4183.6631   -4183.9318       0.2686   296.9
0.0935       -4183.6359   -4183.9665       0.3306   365.4
0.0940       -4183.6488   -4184.0024       0.3536   390.8
0.0945       -4183.6349   -4184.0379       0.4030   445.4
0.0950       -4183.6481   -4184.0683       0.4203   464.5
0.0955       -4183.6483   -4184.0933       0.4450   491.8
0.0960       -4183.6455   -4184.1128       0.4673   516.5
0.0965       -4183.6531   -4184.1289       0.4758   525.8
0.0970       -4183.6437   -4184.1448       0.5011   553.8
0.0975       -4183.6281   -4184.1636       0.5355   591.8
0.0980       -4183.6484   -4184.1816       0.5333   589.4
0.0985       -4183.6808   -4184.1934       0.5126   566.5
0.0990       -4183.6668   -4184.1959       0.5291   584.8
0.0995       -4183.6570   -4184.1876       0.5306   586.4
0.1000       -4183.6862   -4184.1700       0.4838   534.7
0.1005       -4183.6785   -4184.1446       0.4661   515.1
0.1010       -4183.6428   -4184.1150       0.4722   521.9
0.1015       -4183.6420   -4184.0836       0.4416   488.0
0.1020       -4183.6767   -4184.0585       0.3818   422.0
0.1025       -4183.6744   -4184.0409       0.3665   405.1
0.1030       -4183.6675   -4184.0311       0.3637   401.9
0.1035       -4183.6599   -4184.0271       0.3672   405.8
0.1040       -4183.6545   -4184.0291       0.3746   414.0
0.1045       -4183.6597   -4184.0330       0.3733   412.5
0.1050       -4183.6584   -4184.0341       0.3757   415.2
0.1055       -4183.6745   -4184.0303       0.3558   393.3
0.1060       -4183.6753   -4184.0203       0.3450   381.3
0.1065       -4183.6697   -4184.0071       0.3375   373.0
0.1070       -4183.7009   -4183.9961       0.2952   326.3
0.1075       -4183.6963   -4183.9944       0.2981   329.5
0.1080       -4183.6997   -4184.0068       0.3071   339.4
0.1085       -4183.6811   -4184.0322       0.3511   388.0
0.1090       -4183.7023   -4184.0659       0.3636   401.9
0.1095       -4183.6568   -4184.1021       0.4454   492.2
0.1100       -4183.6457   -4184.1284       0.4827   533.5
0.1105       -4183.6681   -4184.1359       0.4678   517.0
0.1110       -4183.6180   -4184.1234       0.5054   558.6
0.1115       -4183.6353   -4184.0948       0.4595   507.9
0.1120       -4183.6252   -4184.0597       0.4345   480.2
0.1125       -4183.6082   -4184.0262       0.4180   462.0
0.1130       -4183.6154   -4184.0067       0.3914   432.6
0.1135       -4183.5957   -4184.0035       0.4078   450.7
0.1140       -4183.5823   -4184.0121       0.4299   475.1
0.1145       -4183.5941   -4184.0238       0.4296   474.8
0.1150       -4183.6091   -4184.0344       0.4253   470.1
0.1155       -4183.6110   -4184.0370       0.4259   470.8
0.1160       -4183.5876   -4184.0299       0.4423   488.8
0.1165       -4183.5349   -4184.0096       0.4747   524.6
0.1170       -4183.5456   -4183.9726       0.4270   471.9
0.1175       -4183.5563   -4183.9249       0.3686   407.4
0.1180       -4183.6080   -4183.8785       0.2705   299.0
0.1185       -4183.6129   -4183.8483       0.2354   260.2
0.1190       -4183.6165   -4183.8406       0.2242   247.7
0.1195       -4183.6433   -4183.8543       0.2111   233.3
0.1200       -4183.6393   -4183.8852       0.2458   271.7
0.1205       -4183.6190   -4183.9244       0.3054   337.5
0.1210       -4183.6170   -4183.9592       0.3422   378.2
0.1215       -4183.5897   -4183.9796       0.3899   430.9
0.1220       -4183.6175   -4183.9843       0.3669   405.5
0.1225       -4183.6311   -4183.9776       0.3465   383.0
0.1230       -4183.6228   -4183.9680       0.3452   381.6
0.1235       -4183.6144   -4183.9657       0.3513   388.2
0.1240       -4183.6182   -4183.9723       0.3540   391.3
0.1245       -4183.5845   -4183.9912       0.4066   449.4
0.1250       -4183.5842   -4184.0161       0.4319   477.3
0.1255       -4183.6081   -4184.0450       0.4369   482.8
0.1260       -4183.6199   -4184.0752       0.4553   503.2
0.1265       -4183.5967   -4184.1039       0.5072   560.5
0.1270       -4183.5962   -4184.1274       0.5312   587.1
0.1275       -4183.6137   -4184.1459       0.5322   588.2
0.1280       -4183.5862   -4184.1535       0.5673   627.0
0.1285       -4183.5883   -4184.1488       0.5605   619.5
0.1290       -4183.5882   -4184.1342       0.5460   603.4
0.1295       -4183.6085   -4184.1088       0.5003   553.0
0.1300       -4183.6665   -4184.0824       0.4159   459.7
0.1305       -4183.6776   -4184.0625       0.3849   425.4
0.1310       -4183.6777   -4184.0510       0.3733   412.6
0.1315       -4183.6786   -4184.0462       0.3676   406.3
0.1320       -4183.6714   -4184.0442       0.3728   412.1
0.1325       -4183.7112   -4184.0431       0.3319   366.8
0.1330       -4183.7254   -4184.0390       0.3136   346.6
0.1335       -4183.7396   -4184.0329       0.2933   324.1
0.1340       -4183.7216   -4184.0263       0.3047   336.8
0.1345       -4183.6988   -4184.0226       0.3238   357.8
0.1350       -4183.6793   -4184.0229       0.3436   379.7
0.1355       -4183.6643   -4184.0288       0.3645   402.8
0.1360       -4183.6773   -4184.0384       0.3612   399.2
0.1365       -4183.6956   -4184.0526       0.3570   394.5
0.1370       -4183.6900   -4184.0710       0.3811   421.2
0.1375       -4183.7113   -4184.0957       0.3844   424.9
0.1380       -4183.7315   -4184.1254       0.3940   435.4
0.1385       -4183.7576   -4184.1564       0.3988   440.8
0.1390       -4183.7658   -4184.1858       0.4200   464.2
0.1395       -4183.7796   -4184.2110       0.4314   476.8
0.1400       -4183.7925   -4184.2326       0.4402   486.5
0.1405       -4183.7946   -4184.2453       0.4507   498.1
0.1410       -4183.8200   -4184.2463       0.4263   471.2
0.1415       -4183.8151   -4184.2378       0.4227   467.2
0.1420       -4183.8244   -4184.2234       0.3990   440.9
0.1425       -4183.8214   -4184.2067       0.3853   425.8
0.1430       -4183.8111   -4184.1916       0.3805   420.5
0.1435       -4183.8232   -4184.1756       0.3524   389.4
0.1440       -4183.8166   -4184.1590       0.3424   378.4
0.1445       -4183.8074   -4184.1425       0.3351   370.3
0.1450       -4183.8093   -4184.1240       0.3147   347.8
0.1455       -4183.8394   -4184.1015       0.2621   289.7
0.1460       -4183.8275   -4184.0763       0.2488   275.0
0.1465       -4183.8265   -4184.0486       0.2221   245.5
0.1470       -4183.8198   -4184.0218       0.2020   223.2
0.1475       -4183.7918   -4183.9975       0.2057   227.4
0.1480       -4183.7827   -4183.9803       0.1975   218.3
0.1485       -4183.7763   -4183.9760       0.1997   220.7
0.1490       -4183.7739   -4183.9865       0.2126   234.9
0.1495       -4183.7809   -4184.0088       0.2278   251.8
0.1500       -4183.8045   -4184.0403       0.2358   260.6
0.1505       -4183.7912   -4184.0818       0.2906   321.2
0.1510       -4183.8203   -4184.1253       0.3050   337.1
0.1515       -4183.8364   -4184.1611       0.3247   358.9
0.1520       -4183.8334   -4184.1880       0.3546   391.9
0.1525       -4183.8196   -4184.2025       0.3829   423.1
0.1530       -4183.8129   -4184.2031       0.3902   431.3
0.1535       -4183.7939   -4184.1910       0.3971   438.9
0.1540       -4183.8034   -4184.1675       0.3641   402.4
0.1545       -4183.8120   -4184.1432       0.3312   366.1
0.1550       -4183.8153   -4184.1265       0.3113   344.0
0.1555       -4183.8148   -4184.1173       0.3025   334.4
0.1560       -4183.8062   -4184.1183       0.3121   345.0
0.1565       -4183.8143   -4184.1201       0.3058   338.0
0.1570       -4183.7865   -4184.1105       0.3240   358.1
0.1575       -4183.7966   -4184.0835       0.2869   317.1
0.1580       -4183.8088   -4184.0397       0.2309   255.2
0.1585       -4183.8211   -4183.9881       0.1670   184.5
0.1590       -4183.8236   -4183.9425       0.1189   131.4
0.1595       -4183.7976   -4183.9118       0.1142   126.2
0.1600       -4183.7934   -4183.9020       0.1086   120.0
0.1605       -4183.7864   -4183.9142       0.1278   141.2
0.1610       -4183.7798   -4183.9472       0.1675   185.1
0.1615       -4183.7853   -4183.9909       0.2056   227.3
0.1620       -4183.7954   -4184.0353       0.2399   265.2
0.1625       -4183.8010   -4184.0744       0.2734   302.2
0.1630       -4183.7968   -4184.1058       0.3090   341.5
0.1635       -4183.8129   -4184.1251       0.3122   345.0
0.1640       -4183.8009   -4184.1326       0.3317   366.6
0.1645       -4183.7945   -4184.1344       0.3400   375.7
0.1650       -4183.8100   -4184.1353       0.3253   359.5
0.1655       -4183.8336   -4184.1433       0.3096   342.2
0.1660       -4183.8350   -4184.1527       0.3177   351.1
0.1665       -4183.8286   -4184.1688       0.3402   376.0
0.1670       -4183.8377   -4184.1901       0.3524   389.4
0.1675       -4183.8511   -4184.2075       0.3564   393.9
0.1680       -4183.8279   -4184.2127       0.3848   425.3
0.1685       -4183.8387   -4184.2013       0.3626   400.7
0.1690       -4183.8482   -4184.1717       0.3236   357.6
0.1695       -4183.8641   -4184.1317       0.2677   295.8
0.1700       -4183.8617   -4184.0891       0.2273   251.2
0.1705       -4183.8402   -4184.0509       0.2106   232.8
0.1710       -4183.8330   -4184.0304       0.1973   218.1
0.1715       -4183.8388   -4184.0290       0.1902   210.2
0.1720       -4183.8147   -4184.0392       0.2245   248.1
0.1725       -4183.8250   -4184.0545       0.2295   253.6
0.1730       -4183.8192   -4184.0724       0.2532   279.9
0.1735       -4183.8166   -4184.0885       0.2719   300.5
0.1740       -4183.7823   -4184.0970       0.3148   347.9
0.1745       -4183.7765   -4184.0941       0.3177   351.1
0.1750       -4183.7860   -4184.0856       0.2996   331.2
0.1755       -4183.7563   -4184.0804       0.3241   358.2
0.1760       -4183.7657   -4184.0824       0.3167   350.0
0.1765       -4183.7645   -4184.0973       0.3328   367.8
0.1770       -4183.7748   -4184.1284       0.3536   390.8
0.1775       -4183.7878   -4184.1626       0.3748   414.2
0.1780       -4183.7783   -4184.1929       0.4146   458.2
0.1785       -4183.7961   -4184.2088       0.4127   456.1
0.1790       -4183.7854   -4184.2061       0.4208   465.0
0.1795       -4183.7836   -4184.1846       0.4010   443.2
0.1800       -4183.7757   -4184.1502       0.3745   413.9
0.1805       -4183.8018   -4184.1140       0.3122   345.1
0.1810       -4183.7819   -4184.0837       0.3018   333.6
0.1815       -4183.7700   -4184.0627       0.2928   323.6
0.1820       -4183.7779   -4184.0514       0.2735   302.2
0.1825       -4183.8064   -4184.0540       0.2476   273.7
0.1830       -4183.8102   -4184.0655       0.2552   282.1
0.1835       -4183.8116   -4184.0832       0.2716   300.1
0.1840       -4183.8227   -4184.1011       0.2784   307.7
0.1845       -4183.8006   -4184.1128       0.3122   345.1
0.1850       -4183.8117   -4184.1141       0.3023   334.1
0.1855       -4183.8054   -4184.1054       0.3000   331.6
0.1860       -4183.8329   -4184.0948       0.2619   289.5
0.1865       -4183.8243   -4184.0882       0.2639   291.7
0.1870       -4183.8212   -4184.0871       0.2658   293.8
0.1875       -4183.8060   -4184.0942       0.2882   318.5
0.1880       -4183.8001   -4184.1122       0.3121   345.0
0.1885       -4183.8099   -4184.1407       0.3308   365.6
0.1890       -4183.7887   -4184.1727       0.3840   424.4
0.1895       -4183.7604   -4184.1994       0.4390   485.2
0.1900       -4183.7690   -4184.2128       0.4437   490.4
0.1905       -4183.7666   -4184.2098       0.4432   489.8
0.1910       -4183.7850   -4184.1950       0.4100   453.2
0.1915       -4183.8097   -4184.1731       0.3634   401.6
0.1920       -4183.8124   -4184.1519       0.3395   375.2
0.1925       -4183.7703   -4184.1353       0.3650   403.4
0.1930       -4183.7535   -4184.1262       0.3727   411.9
0.1935       -4183.7315   -4184.1240       0.3925   433.8
0.1940       -4183.7451   -4184.1218       0.3767   416.3
0.1945       -4183.7316   -4184.1166       0.3850   425.5
0.1950       -4183.7468   -4184.1041       0.3572   394.8
0.1955       -4183.7847   -4184.0837       0.2990   330.4
0.1960       -4183.8160   -4184.0574       0.2414   266.7
0.1965       -4183.8332   -4184.0323       0.1991   220.0
0.1970       -4183.8092   -4184.0123       0.2031   224.5
0.1975       -4183.7975   -4183.9981       0.2007   221.8
0.1980       -4183.8207   -4183.9913       0.1706   188.6
0.1985       -4183.8118   -4183.9943       0.1825   201.7
0.1990       -4183.7932   -4184.0100       0.2168   239.6
0.1995       -4183.7924   -4184.0336       0.2412   266.6
0.2000       -4183.7758   -4184.0625       0.2867   316.8
0.2005       -4183.7758   -4184.0895       0.3137   346.7
0.2010       -4183.7908   -4184.1073       0.3164   349.7
0.2015       -4183.7831   -4184.1160       0.3329   367.9
0.2020       -4183.7826   -4184.1179       0.3353   370.6
0.2025       -4183.7781   -4184.1175       0.3393   375.0
0.2030       -4183.7997   -4184.1169       0.3172   350.6
0.2035       -4183.7935   -4184.1191       0.3256   359.9
0.2040       -4183.8047   -4184.1236       0.3189   352.5
0.2045       -4183.8063   -4184.1350       0.3286   363.2
0.2050       -4183.8186   -4184.1507       0.3321   367.0
0.2055       -4183.8131   -4184.1658       0.3527   389.8
0.2060       -4183.8198   -4184.1761       0.3563   393.8
0.2065       -4183.8153   -4184.1795       0.3642   402.5
0.2070       -4183.7984   -4184.1750       0.3765   416.1
0.2075       -4183.7877   -4184.1624       0.3747   414.1
0.2080       -4183.7619   -4184.1485       0.3866   427.3
0.2085       -4183.7661   -4184.1378       0.3717   410.8
0.2090       -4183.7790   -4184.1300       0.3510   388.0
0.2095       -4183.7594   -4184.1299       0.3706   409.6
0.2100       -4183.7841   -4184.1407       0.3566   394.1
0.2105       -4183.7831   -4184.1622       0.3791   419.0
0.2110       -4183.8122   -4184.1848       0.3726   411.8
0.2115       -4183.8303   -4184.2027       0.3724   411.6
0.2120       -4183.8391   -4184.2133       0.3743   413.6
0.2125       -4183.8615   -4184.2188       0.3573   394.9
0.2130       -4183.8339   -4184.2162       0.3823   422.5
0.2135       -4183.8167   -4184.2071       0.3904   431.5
0.2140       -4183.8276   -4184.1940       0.3664   404.9
0.2145       -4183.8432   -4184.1761       0.3330   368.0
0.2150       -4183.8368   -4184.1601       0.3232   357.2
0.2155       -4183.8281   -4184.1527       0.3246   358.8
0.2160       -4183.8188   -4184.1555       0.3367   372.2
0.2165       -4183.8356   -4184.1634       0.3279   362.3
0.2170       -4183.8325   -4184.1707       0.3382   373.8
0.2175       -4183.8575   -4184.1732       0.3158   349.0
0.2180       -4183.8630   -4184.1687       0.3058   337.9
0.2185       -4183.8747   -4184.1568       0.2821   311.8
0.2190       -4183.8798   -4184.1397       0.2599   287.2
0.2195       -4183.8915   -4184.1211       0.2296   253.7
0.2200       -4183.9132   -4184.1075       0.1944   214.8
0.2205       -4183.9224   -4184.1030       0.1806   199.6
0.2210       -4183.9092   -4184.1052       0.1960   216.6
0.2215       -4183.8925   -4184.1130       0.2205   243.7
0.2220       -4183.8892   -4184.1277       0.2386   263.7
0.2225       -4183.9082   -4184.1438       0.2357   260.4
0.2230       -4183.8961   -4184.1588       0.2628   290.4
0.2235       -4183.8813   -4184.1705       0.2892   319.7
0.2240       -4183.8845   -4184.1745       0.2899   320.4
0.2245       -4183.8735   -4184.1711       0.2977   329.0
0.2250       -4183.8992   -4184.1607       0.2615   289.0
0.2255       -4183.9098   -4184.1527       0.2429   268.5
0.2260       -4183.9196   -4184.1497       0.2301   254.3
0.2265       -4183.9276   -4184.1509       0.2233   246.7
0.2270       -4183.9121   -4184.1562       0.2441   269.8
0.2275       -4183.9192   -4184.1625       0.2433   268.9
0.2280       -4183.9184   -4184.1667       0.2484   274.5
0.2285       -4183.8853   -4184.1650       0.2797   309.1
0.2290       -4183.8720   -4184.1534       0.2814   311.0
0.2295       -4183.8716   -4184.1320       0.2604   287.8
0.2300       -4183.8539   -4184.1028       0.2489   275.0
0.2305       -4183.7902   -4184.0779       0.2877   318.0
0.2310       -4183.8082   -4184.0650       0.2568   283.8
0.2315       -4183.7628   -4184.0679       0.3051   337.2
0.2320       -4183.7379   -4184.0905       0.3526   389.7
0.2325       -4183.7026   -4184.1220       0.4194   463.5
0.2330       -4183.7278   -4184.1514       0.4236   468.2
0.2335       -4183.7678   -4184.1739       0.4061   448.9
0.2340       -4183.8020   -4184.1861       0.3841   424.5
0.2345       -4183.7904   -4184.1906       0.4002   442.3
0.2350       -4183.7925   -4184.1843       0.3918   433.0
0.2355       -4183.7839   -4184.1706       0.3868   427.5
0.2360       -4183.7856   -4184.1556       0.3700   409.0
0.2365       -4183.7863   -4184.1473       0.3610   398.9
0.2370       -4183.7782   -4184.1468       0.3685   407.3
0.2375       -4183.8029   -4184.1549       0.3520   389.0
0.2380       -4183.8092   -4184.1690       0.3598   397.7
0.2385       -4183.7997   -4184.1821       0.3823   422.6
0.2390       -4183.8162   -4184.1895       0.3733   412.6
0.2395       -4183.8013   -4184.1843       0.3830   423.3
0.2400       -4183.8191   -4184.1658       0.3468   383.3
0.2405       -4183.8177   -4184.1361       0.3184   351.9
0.2410       -4183.8181   -4184.1047       0.2866   316.7
0.2415       -4183.8410   -4184.0798       0.2388   263.9
0.2420       -4183.8437   -4184.0653       0.2216   244.9
0.2425       -4183.8528   -4184.0581       0.2053   226.9
0.2430       -4183.8318   -4184.0575       0.2257   249.4
0.2435       -4183.8439   -4184.0590       0.2150   237.7
0.2440       -4183.8473   -4184.0685       0.2212   244.5
0.2445       -4183.8468   -4184.0829       0.2361   261.0
0.2450       -4183.8266   -4184.0931       0.2665   294.5
0.2455       -4183.8172   -4184.0982       0.2810   310.6
0.2460       -4183.8149   -4184.0919       0.2770   306.2
0.2465       -4183.8448   -4184.0754       0.2306   254.9
0.2470       -4183.8110   -4184.0573       0.2462   272.1
0.2475       -4183.8247   -4184.0418       0.2171   239.9
0.2480       -4183.8133   -4184.0355       0.2222   245.6
0.2485       -4183.8435   -4184.0394       0.1960   216.6
0.2490       -4183.8432   -4184.0559       0.2127   235.1
0.2495       -4183.8568   -4184.0781       0.2213   244.6
0.2500       -4183.8813   -4184.0999       0.2186   241.6
