2025-08-11 20:39:05.517 INFO: ===========VERIFYING SETTINGS===========
2025-08-11 20:39:05.519 INFO: Stage Two is activated as start_stage_two was defined
2025-08-11 20:39:05.522 INFO: MACE version: 0.3.14
2025-08-11 20:39:05.524 DEBUG: Configuration: Namespace(config='mace-suite/runs/thymine/raw/config.yml', name='thymine_isolated', seed=42, work_dir='.', log_dir='mace-suite/runs/thymine/raw/logs', model_dir='mace-suite/runs/thymine/raw/models', checkpoints_dir='.\\checkpoints', results_dir='mace-suite/runs/thymine/raw/results', downloads_dir='.\\downloads', device='cuda', default_dtype='float64', distributed=False, launcher='slurm', log_level='INFO', plot=True, plot_frequency=0, plot_interaction_e=False, error_table='PerAtomRMSE', model='MACE', r_max=5.0, radial_type='bessel', num_radial_basis=8, num_cutoff_basis=5, pair_repulsion=False, distance_transform='None', apply_cutoff=True, use_last_readout_only=False, use_embedding_readout=False, interaction='RealAgnosticResidualInteractionBlock', interaction_first='RealAgnosticResidualInteractionBlock', max_ell=3, correlation=3, use_reduced_cg=False, use_so3=False, use_agnostic_product=False, num_interactions=2, MLP_irreps='16x0e', radial_MLP='[64, 64, 64]', hidden_irreps='128x0e + 128x1o', edge_irreps=None, num_channels=128, max_L=1, gate='silu', scaling='rms_forces_scaling', avg_num_neighbors=1, compute_avg_num_neighbors=True, compute_stress=False, compute_forces=True, compute_polarizability=<function str2bool at 0x0000020CA75E0F40>, compute_atomic_dipole=<function str2bool at 0x0000020CA75E0F40>, train_file=None, valid_file=None, valid_fraction=0.1, test_file=None, test_dir=None, multi_processed_test=False, num_workers=0, pin_memory=True, atomic_numbers=None, mean=None, std=None, statistics_file=None, les_arguments=None, E0s=None, pseudolabel_replay=False, foundation_filter_elements=True, heads="{'spin_flip_es1': {'train_file': 'mace-suite/data/processed_datasets/thymine/isolated/train_thymine_sf-es1.xyz', 'valid_file': 'mace-suite/data/processed_datasets/thymine/isolated/validation_thymine_sf-es1.xyz', 'energy_key': 'REF_energy', 'forces_key': 'REF_forces', 'E0s': 'isolated'}, 'spin_flip_es2': {'train_file': 'mace-suite/data/processed_datasets/thymine/isolated/train_thymine_sf-es2.xyz', 'valid_file': 'mace-suite/data/processed_datasets/thymine/isolated/validation_thymine_sf-es2.xyz', 'energy_key': 'REF_energy', 'forces_key': 'REF_forces', 'E0s': 'isolated'}}", multiheads_finetuning=False, foundation_head=None, weight_pt_head=1.0, real_pt_data_ratio_threshold=0.1, num_samples_pt=10000, force_mh_ft_lr=False, subselect_pt='random', filter_type_pt='none', allow_random_padding_pt=True, pt_train_file=None, pt_valid_file=None, foundation_model_elements=False, keep_isolated_atoms=False, energy_key='REF_energy', forces_key='REF_forces', virials_key='REF_virials', stress_key='REF_stress', dipole_key='dipole', polarizability_key='polarizability', head_key='head', charges_key='REF_charges', elec_temp_key='elec_temp', total_spin_key='total_spin', total_charge_key='total_charge', embedding_specs=None, skip_evaluate_heads='pt_head', loss='weighted', forces_weight=100.0, swa_forces_weight=100.0, energy_weight=1.0, swa_energy_weight=1000.0, virials_weight=1.0, swa_virials_weight=10.0, stress_weight=1.0, swa_stress_weight=10.0, dipole_weight=1.0, swa_dipole_weight=1.0, swa_polarizability_weight=1.0, polarizability_weight=1.0, config_type_weights='{"Default":1.0}', huber_delta=0.01, optimizer='adam', beta=0.9, batch_size=5, valid_batch_size=10, lr=0.01, swa_lr=0.001, weight_decay=5e-07, amsgrad=True, scheduler='ReduceLROnPlateau', lr_factor=0.8, scheduler_patience=50, lr_scheduler_gamma=0.9993, swa=True, start_swa=475, lbfgs=False, ema=False, ema_decay=0.99, max_num_epochs=700, patience=2048, foundation_model='mace-suite/foundation_model/MACE-OFF23_medium.model', foundation_model_readout=True, eval_interval=1, keep_checkpoints=False, save_all_checkpoints=False, restart_latest=False, save_cpu=False, clip_grad=10.0, dry_run=False, enable_cueq=False, only_cueq=False, enable_oeq=False, wandb=False, wandb_dir=None, wandb_project='', wandb_entity='', wandb_name='', wandb_log_hypers=['num_channels', 'max_L', 'correlation', 'lr', 'swa_lr', 'weight_decay', 'batch_size', 'max_num_epochs', 'start_swa', 'energy_weight', 'forces_weight'], key_specification=KeySpecification(info_keys={'energy': 'REF_energy', 'stress': 'REF_stress', 'virials': 'REF_virials', 'dipole': 'dipole', 'head': 'head', 'elec_temp': 'elec_temp', 'total_charge': 'total_charge', 'polarizability': 'polarizability', 'total_spin': 'total_spin'}, arrays_keys={'forces': 'REF_forces', 'charges': 'REF_charges'}))
2025-08-11 20:39:05.525 INFO: CUDA version: 12.8, CUDA device: 0
2025-08-11 20:39:05.527 DEBUG: sys.platform='win32', git_executable='git'
2025-08-11 20:39:05.532 DEBUG: Popen(['git', 'cat-file', '--batch-check'], cwd=c:\Users\lucas\Machine-Learned Interatomic Potentials for Photophysics, stdin=<valid stream>, shell=False, universal_newlines=False)
2025-08-11 20:39:05.592 DEBUG: Current Git commit: 675c8af938901e1bd426442798d0a20114206e14
2025-08-11 20:39:05.747 INFO: Using foundation model mace-suite/foundation_model/MACE-OFF23_medium.model as initial checkpoint.
2025-08-11 20:39:05.747 WARNING: Using multiheads finetuning with a foundation model that is not a Materials Project model, need to provied a path to a pretraining file with --pt_train_file.
2025-08-11 20:39:05.750 INFO: ===========LOADING INPUT DATA===========
2025-08-11 20:39:05.750 INFO: Using heads: ['spin_flip_es1', 'spin_flip_es2']
2025-08-11 20:39:05.750 INFO: Using the key specifications to parse data:
2025-08-11 20:39:05.751 INFO: spin_flip_es1: KeySpecification(info_keys={'energy': 'REF_energy', 'stress': 'REF_stress', 'virials': 'REF_virials', 'dipole': 'dipole', 'head': 'head', 'elec_temp': 'elec_temp', 'total_charge': 'total_charge', 'polarizability': 'polarizability', 'total_spin': 'total_spin'}, arrays_keys={'forces': 'REF_forces', 'charges': 'REF_charges'})
2025-08-11 20:39:05.751 INFO: spin_flip_es2: KeySpecification(info_keys={'energy': 'REF_energy', 'stress': 'REF_stress', 'virials': 'REF_virials', 'dipole': 'dipole', 'head': 'head', 'elec_temp': 'elec_temp', 'total_charge': 'total_charge', 'polarizability': 'polarizability', 'total_spin': 'total_spin'}, arrays_keys={'forces': 'REF_forces', 'charges': 'REF_charges'})
2025-08-11 20:39:05.751 INFO: =============    Processing head spin_flip_es1     ===========
2025-08-11 20:39:05.751 DEBUG: Loading training file: mace-suite/data/processed_datasets/thymine/isolated/train_thymine_sf-es1.xyz
2025-08-11 20:39:05.792 INFO: Using isolated atom energies from training file
2025-08-11 20:39:05.799 INFO: Training set 1/1 [energy: 140, stress: 0, virials: 0, dipole components: 0, head: 140, elec_temp: 0, total_charge: 0, polarizability: 0, total_spin: 0, forces: 140, charges: 0]
2025-08-11 20:39:05.802 INFO: Total Training set [energy: 140, stress: 0, virials: 0, dipole components: 0, head: 140, elec_temp: 0, total_charge: 0, polarizability: 0, total_spin: 0, forces: 140, charges: 0]
2025-08-11 20:39:05.820 INFO: Validation set 1/1 [energy: 40, stress: 0, virials: 0, dipole components: 0, head: 40, elec_temp: 0, total_charge: 0, polarizability: 0, total_spin: 0, forces: 36, charges: 0]
2025-08-11 20:39:05.820 INFO: Total Validation set [energy: 40, stress: 0, virials: 0, dipole components: 0, head: 40, elec_temp: 0, total_charge: 0, polarizability: 0, total_spin: 0, forces: 36, charges: 0]
2025-08-11 20:39:05.820 DEBUG: Element 8 found in 1 file. Using E0: -2041.370068 eV
2025-08-11 20:39:05.820 DEBUG: Element 6 found in 1 file. Using E0: -1028.977151 eV
2025-08-11 20:39:05.820 DEBUG: Element 1 found in 1 file. Using E0: -13.568778 eV
2025-08-11 20:39:05.820 DEBUG: Element 7 found in 1 file. Using E0: -1483.576188 eV
2025-08-11 20:39:05.820 INFO: Total number of configurations: train=140, valid=40, tests=[],
2025-08-11 20:39:05.822 INFO: =============    Processing head spin_flip_es2     ===========
2025-08-11 20:39:05.822 DEBUG: Loading training file: mace-suite/data/processed_datasets/thymine/isolated/train_thymine_sf-es2.xyz
2025-08-11 20:39:05.857 INFO: Using isolated atom energies from training file
2025-08-11 20:39:05.860 INFO: Training set 1/1 [energy: 140, stress: 0, virials: 0, dipole components: 0, head: 140, elec_temp: 0, total_charge: 0, polarizability: 0, total_spin: 0, forces: 140, charges: 0]
2025-08-11 20:39:05.861 INFO: Total Training set [energy: 140, stress: 0, virials: 0, dipole components: 0, head: 140, elec_temp: 0, total_charge: 0, polarizability: 0, total_spin: 0, forces: 140, charges: 0]
2025-08-11 20:39:05.877 INFO: Validation set 1/1 [energy: 40, stress: 0, virials: 0, dipole components: 0, head: 40, elec_temp: 0, total_charge: 0, polarizability: 0, total_spin: 0, forces: 36, charges: 0]
2025-08-11 20:39:05.878 INFO: Total Validation set [energy: 40, stress: 0, virials: 0, dipole components: 0, head: 40, elec_temp: 0, total_charge: 0, polarizability: 0, total_spin: 0, forces: 36, charges: 0]
2025-08-11 20:39:05.878 DEBUG: Element 8 found in 1 file. Using E0: -2041.370068 eV
2025-08-11 20:39:05.878 DEBUG: Element 6 found in 1 file. Using E0: -1028.977151 eV
2025-08-11 20:39:05.878 DEBUG: Element 1 found in 1 file. Using E0: -13.568778 eV
2025-08-11 20:39:05.878 DEBUG: Element 7 found in 1 file. Using E0: -1483.576188 eV
2025-08-11 20:39:05.878 INFO: Total number of configurations: train=140, valid=40, tests=[],
2025-08-11 20:39:05.878 INFO: Atomic Numbers used: [1, 6, 7, 8]
2025-08-11 20:39:05.878 INFO: Atomic Energies used (z: eV) for head spin_flip_es1: {1: -13.568778219076226, 6: -1028.9771505969138, 7: -1483.5761877667198, 8: -2041.370068087562}
2025-08-11 20:39:05.881 INFO: Atomic Energies used (z: eV) for head spin_flip_es2: {1: -13.568778219076226, 6: -1028.9771505969138, 7: -1483.5761877667198, 8: -2041.370068087562}
2025-08-11 20:39:05.882 INFO: Processing datasets for head 'spin_flip_es1'
2025-08-11 20:39:05.952 DEBUG: Successfully loaded dataset from ASE files: ['mace-suite/data/processed_datasets/thymine/isolated/train_thymine_sf-es1.xyz']
2025-08-11 20:39:05.952 INFO: Combining 1 list datasets for head 'spin_flip_es1'
2025-08-11 20:39:05.973 DEBUG: Successfully loaded validation dataset from ASE files: ['mace-suite/data/processed_datasets/thymine/isolated/validation_thymine_sf-es1.xyz']
2025-08-11 20:39:05.973 INFO: Combining 1 list datasets for head 'spin_flip_es1_valid'
2025-08-11 20:39:05.973 INFO: Combined validation datasets for spin_flip_es1
2025-08-11 20:39:05.973 INFO: Head 'spin_flip_es1' training dataset size: 140
2025-08-11 20:39:05.973 INFO: Processing datasets for head 'spin_flip_es2'
2025-08-11 20:39:06.042 DEBUG: Successfully loaded dataset from ASE files: ['mace-suite/data/processed_datasets/thymine/isolated/train_thymine_sf-es2.xyz']
2025-08-11 20:39:06.042 INFO: Combining 1 list datasets for head 'spin_flip_es2'
2025-08-11 20:39:06.063 DEBUG: Successfully loaded validation dataset from ASE files: ['mace-suite/data/processed_datasets/thymine/isolated/validation_thymine_sf-es2.xyz']
2025-08-11 20:39:06.063 INFO: Combining 1 list datasets for head 'spin_flip_es2_valid'
2025-08-11 20:39:06.064 INFO: Combined validation datasets for spin_flip_es2
2025-08-11 20:39:06.064 INFO: Head 'spin_flip_es2' training dataset size: 140
2025-08-11 20:39:06.065 INFO: Computing average number of neighbors
2025-08-11 20:39:06.153 INFO: Average number of neighbors: 23.04642857142857
2025-08-11 20:39:06.153 INFO: During training the following quantities will be reported: energy, forces
2025-08-11 20:39:06.153 INFO: ===========MODEL DETAILS===========
2025-08-11 20:39:06.243 INFO: Loading FOUNDATION model
2025-08-11 20:39:06.243 INFO: Using filtered elements: [1, 6, 7, 8]
2025-08-11 20:39:06.243 INFO: Model configuration extracted from foundation model
2025-08-11 20:39:06.248 INFO: Using weighted loss function for fine-tuning
2025-08-11 20:39:06.248 INFO: Message passing with hidden irreps 128x0e+128x1o)
2025-08-11 20:39:06.249 INFO: 2 layers, each with correlation order: 3 (body order: 4) and spherical harmonics up to: l=3
2025-08-11 20:39:06.249 INFO: Radial cutoff: 5.0 A (total receptive field for each atom: 10.0 A)
2025-08-11 20:39:06.250 INFO: Distance transform for radial basis functions: None
2025-08-11 20:39:07.392 DEBUG: ScaleShiftMACE(
  (node_embedding): LinearNodeEmbeddingBlock(
    (linear): Linear(4x0e -> 128x0e | 512 weights)
  )
  (radial_embedding): RadialEmbeddingBlock(
    (bessel_fn): BesselBasis(r_max=5.0, num_basis=8, trainable=True)
    (cutoff_fn): PolynomialCutoff(p=5, r_max=5.0)
  )
  (spherical_harmonics): SphericalHarmonics()
  (atomic_energies_fn): AtomicEnergiesBlock(energies=[[-13.5688, -1028.9772, -1483.5762, -2041.3701], [-13.5688, -1028.9772, -1483.5762, -2041.3701]])
  (interactions): ModuleList(
    (0): RealAgnosticInteractionBlock(
      (linear_up): Linear(128x0e -> 128x0e | 16384 weights)
      (conv_tp): TensorProduct(128x0e x 1x0e+1x1o+1x2e+1x3o -> 128x0e+128x1o+128x2e+128x3o | 512 paths | 512 weights)
      (conv_tp_weights): FullyConnectedNet[8, 64, 64, 64, 512]
      (linear): Linear(128x0e+128x1o+128x2e+128x3o -> 128x0e+128x1o+128x2e+128x3o | 65536 weights)
      (skip_tp): FullyConnectedTensorProduct(128x0e+128x1o+128x2e+128x3o x 4x0e -> 128x0e+128x1o+128x2e+128x3o | 262144 paths | 262144 weights)
      (reshape): reshape_irreps()
    )
    (1): RealAgnosticResidualInteractionBlock(
      (linear_up): Linear(128x0e+128x1o -> 128x0e+128x1o | 32768 weights)
      (conv_tp): TensorProduct(128x0e+128x1o x 1x0e+1x1o+1x2e+1x3o -> 256x0e+384x1o+384x2e+256x3o | 1280 paths | 1280 weights)
      (conv_tp_weights): FullyConnectedNet[8, 64, 64, 64, 1280]
      (linear): Linear(128x0e+128x0e+128x1o+128x1o+128x1o+128x2e+128x2e+128x2e+128x3o+128x3o -> 128x0e+128x1o+128x2e+128x3o | 163840 weights)
      (skip_tp): FullyConnectedTensorProduct(128x0e+128x1o x 4x0e -> 128x0e | 65536 paths | 65536 weights)
      (reshape): reshape_irreps()
    )
  )
  (products): ModuleList(
    (0): EquivariantProductBasisBlock(
      (symmetric_contractions): SymmetricContraction(
        (contractions): ModuleList(
          (0): Contraction(
            (contractions_weighting): ModuleList(
              (0-1): 2 x GraphModule()
            )
            (contractions_features): ModuleList(
              (0-1): 2 x GraphModule()
            )
            (weights): ParameterList(
                (0): Parameter containing: [torch.float64 of size 4x4x128 (cuda:0)]
                (1): Parameter containing: [torch.float64 of size 4x1x128 (cuda:0)]
            )
            (graph_opt_main): GraphModule()
          )
          (1): Contraction(
            (contractions_weighting): ModuleList(
              (0-1): 2 x GraphModule()
            )
            (contractions_features): ModuleList(
              (0-1): 2 x GraphModule()
            )
            (weights): ParameterList(
                (0): Parameter containing: [torch.float64 of size 4x6x128 (cuda:0)]
                (1): Parameter containing: [torch.float64 of size 4x1x128 (cuda:0)]
            )
            (graph_opt_main): GraphModule()
          )
        )
      )
      (linear): Linear(128x0e+128x1o -> 128x0e+128x1o | 32768 weights)
    )
    (1): EquivariantProductBasisBlock(
      (symmetric_contractions): SymmetricContraction(
        (contractions): ModuleList(
          (0): Contraction(
            (contractions_weighting): ModuleList(
              (0-1): 2 x GraphModule()
            )
            (contractions_features): ModuleList(
              (0-1): 2 x GraphModule()
            )
            (weights): ParameterList(
                (0): Parameter containing: [torch.float64 of size 4x4x128 (cuda:0)]
                (1): Parameter containing: [torch.float64 of size 4x1x128 (cuda:0)]
            )
            (graph_opt_main): GraphModule()
          )
        )
      )
      (linear): Linear(128x0e -> 128x0e | 16384 weights)
    )
  )
  (readouts): ModuleList(
    (0): LinearReadoutBlock(
      (linear): Linear(128x0e+128x1o -> 2x0e | 256 weights)
    )
    (1): NonLinearReadoutBlock(
      (linear_1): Linear(128x0e -> 32x0e | 4096 weights)
      (non_linearity): Activation [x] (32x0e -> 32x0e)
      (linear_2): Linear(32x0e -> 2x0e | 64 weights)
    )
  )
  (scale_shift): ScaleShiftBlock(scale=1.0885, 1.0885, shift=0.0000, 0.0000)
)
2025-08-11 20:39:07.392 INFO: Total number of parameters: 850760
2025-08-11 20:39:07.392 INFO: 
2025-08-11 20:39:07.392 INFO: ===========OPTIMIZER INFORMATION===========
2025-08-11 20:39:07.392 INFO: Using ADAM as parameter optimizer
2025-08-11 20:39:07.395 INFO: Batch size: 5
2025-08-11 20:39:07.396 INFO: Number of gradient updates: 39200
2025-08-11 20:39:07.396 INFO: Learning rate: 0.01, weight decay: 5e-07
2025-08-11 20:39:07.396 INFO: WeightedEnergyForcesLoss(energy_weight=1.000, forces_weight=100.000)
2025-08-11 20:39:07.396 INFO: Stage Two (after 475 epochs) with loss function: WeightedEnergyForcesLoss(energy_weight=1000.000, forces_weight=100.000), with energy weight : 1000.0, forces weight : 100.0 and learning rate : 0.001
2025-08-11 20:39:07.465 INFO: Using gradient clipping with tolerance=10.000
2025-08-11 20:39:07.465 INFO: 
2025-08-11 20:39:07.465 INFO: ===========TRAINING===========
2025-08-11 20:39:07.465 INFO: Started training, reporting errors on validation set
2025-08-11 20:39:07.465 INFO: Loss metrics on validation set
2025-08-11 20:39:08.693 INFO: Initial: head: spin_flip_es1, loss=1.08753411, RMSE_E_per_atom= 1178.60 meV, RMSE_F=  316.80 meV / A
2025-08-11 20:39:09.542 INFO: Initial: head: spin_flip_es2, loss=7.83882696, RMSE_E_per_atom= 1101.60 meV, RMSE_F=  908.12 meV / A
2025-08-11 20:39:30.203 INFO: Epoch 0: head: spin_flip_es1, loss=0.35532085, RMSE_E_per_atom=  387.87 meV, RMSE_F=  183.91 meV / A
2025-08-11 20:39:30.998 INFO: Epoch 0: head: spin_flip_es2, loss=2.31921433, RMSE_E_per_atom=  368.47 meV, RMSE_F=  498.84 meV / A
2025-08-11 20:39:30.999 DEBUG: Saving checkpoint: .\checkpoints\thymine_isolated_run-42_epoch-0.pt
2025-08-11 20:39:53.995 INFO: Epoch 1: head: spin_flip_es1, loss=0.23504778, RMSE_E_per_atom=  258.35 meV, RMSE_F=  151.25 meV / A
2025-08-11 20:39:54.951 INFO: Epoch 1: head: spin_flip_es2, loss=1.64574049, RMSE_E_per_atom=  282.01 meV, RMSE_F=  416.86 meV / A
2025-08-11 20:39:54.954 DEBUG: Deleting old checkpoint file: .\checkpoints\thymine_isolated_run-42_epoch-0.pt
2025-08-11 20:39:54.964 DEBUG: Saving checkpoint: .\checkpoints\thymine_isolated_run-42_epoch-1.pt
2025-08-11 20:40:18.181 INFO: Epoch 2: head: spin_flip_es1, loss=0.14128387, RMSE_E_per_atom=  114.92 meV, RMSE_F=  118.98 meV / A
2025-08-11 20:40:19.144 INFO: Epoch 2: head: spin_flip_es2, loss=2.32682111, RMSE_E_per_atom=  148.84 meV, RMSE_F=  496.39 meV / A
2025-08-11 20:40:42.174 INFO: Epoch 3: head: spin_flip_es1, loss=0.26971544, RMSE_E_per_atom=  107.33 meV, RMSE_F=  164.66 meV / A
2025-08-11 20:40:43.116 INFO: Epoch 3: head: spin_flip_es2, loss=1.58612265, RMSE_E_per_atom=   73.08 meV, RMSE_F=  401.20 meV / A
2025-08-11 20:40:43.122 DEBUG: Deleting old checkpoint file: .\checkpoints\thymine_isolated_run-42_epoch-1.pt
2025-08-11 20:40:43.149 DEBUG: Saving checkpoint: .\checkpoints\thymine_isolated_run-42_epoch-3.pt
2025-08-11 20:41:06.517 INFO: Epoch 4: head: spin_flip_es1, loss=0.11945518, RMSE_E_per_atom=   81.39 meV, RMSE_F=  109.89 meV / A
2025-08-11 20:41:07.467 INFO: Epoch 4: head: spin_flip_es2, loss=1.40516546, RMSE_E_per_atom=   61.68 meV, RMSE_F=  384.90 meV / A
2025-08-11 20:41:07.470 DEBUG: Deleting old checkpoint file: .\checkpoints\thymine_isolated_run-42_epoch-3.pt
2025-08-11 20:41:07.481 DEBUG: Saving checkpoint: .\checkpoints\thymine_isolated_run-42_epoch-4.pt
2025-08-11 20:41:30.323 INFO: Epoch 5: head: spin_flip_es1, loss=0.09239844, RMSE_E_per_atom=   93.17 meV, RMSE_F=   96.11 meV / A
2025-08-11 20:41:31.251 INFO: Epoch 5: head: spin_flip_es2, loss=1.32632122, RMSE_E_per_atom=   63.02 meV, RMSE_F=  365.13 meV / A
2025-08-11 20:41:31.256 DEBUG: Deleting old checkpoint file: .\checkpoints\thymine_isolated_run-42_epoch-4.pt
2025-08-11 20:41:31.268 DEBUG: Saving checkpoint: .\checkpoints\thymine_isolated_run-42_epoch-5.pt
2025-08-11 20:41:52.490 INFO: Epoch 6: head: spin_flip_es1, loss=0.09570034, RMSE_E_per_atom=   97.17 meV, RMSE_F=   95.79 meV / A
2025-08-11 20:41:53.316 INFO: Epoch 6: head: spin_flip_es2, loss=1.35147575, RMSE_E_per_atom=   52.89 meV, RMSE_F=  371.09 meV / A
2025-08-11 20:42:14.030 INFO: Epoch 7: head: spin_flip_es1, loss=0.07992347, RMSE_E_per_atom=   78.75 meV, RMSE_F=   91.35 meV / A
2025-08-11 20:42:14.968 INFO: Epoch 7: head: spin_flip_es2, loss=1.28687284, RMSE_E_per_atom=   53.11 meV, RMSE_F=  358.23 meV / A
2025-08-11 20:42:14.975 DEBUG: Deleting old checkpoint file: .\checkpoints\thymine_isolated_run-42_epoch-5.pt
2025-08-11 20:42:14.982 DEBUG: Saving checkpoint: .\checkpoints\thymine_isolated_run-42_epoch-7.pt
2025-08-11 20:42:34.377 INFO: Epoch 8: head: spin_flip_es1, loss=0.07618738, RMSE_E_per_atom=   72.29 meV, RMSE_F=   85.92 meV / A
2025-08-11 20:42:35.164 INFO: Epoch 8: head: spin_flip_es2, loss=1.52841821, RMSE_E_per_atom=   59.19 meV, RMSE_F=  400.52 meV / A
2025-08-11 20:42:54.065 INFO: Epoch 9: head: spin_flip_es1, loss=0.05353611, RMSE_E_per_atom=   57.34 meV, RMSE_F=   73.36 meV / A
2025-08-11 20:42:54.820 INFO: Epoch 9: head: spin_flip_es2, loss=1.25151666, RMSE_E_per_atom=   28.67 meV, RMSE_F=  350.43 meV / A
2025-08-11 20:42:54.821 DEBUG: Deleting old checkpoint file: .\checkpoints\thymine_isolated_run-42_epoch-7.pt
2025-08-11 20:42:54.824 DEBUG: Saving checkpoint: .\checkpoints\thymine_isolated_run-42_epoch-9.pt
2025-08-11 20:43:13.453 INFO: Epoch 10: head: spin_flip_es1, loss=0.14730765, RMSE_E_per_atom=   58.02 meV, RMSE_F=  121.15 meV / A
2025-08-11 20:43:14.204 INFO: Epoch 10: head: spin_flip_es2, loss=1.55712536, RMSE_E_per_atom=   46.09 meV, RMSE_F=  403.69 meV / A
2025-08-11 20:43:32.795 INFO: Epoch 11: head: spin_flip_es1, loss=0.05931572, RMSE_E_per_atom=   73.17 meV, RMSE_F=   78.00 meV / A
2025-08-11 20:43:33.548 INFO: Epoch 11: head: spin_flip_es2, loss=1.27929665, RMSE_E_per_atom=   25.73 meV, RMSE_F=  349.81 meV / A
2025-08-11 20:43:52.157 INFO: Epoch 12: head: spin_flip_es1, loss=0.08148885, RMSE_E_per_atom=   95.08 meV, RMSE_F=   91.10 meV / A
2025-08-11 20:43:52.912 INFO: Epoch 12: head: spin_flip_es2, loss=1.44193941, RMSE_E_per_atom=   90.43 meV, RMSE_F=  373.21 meV / A
2025-08-11 20:44:11.499 INFO: Epoch 13: head: spin_flip_es1, loss=0.06764661, RMSE_E_per_atom=   63.93 meV, RMSE_F=   82.36 meV / A
2025-08-11 20:44:12.246 INFO: Epoch 13: head: spin_flip_es2, loss=1.21369506, RMSE_E_per_atom=   35.81 meV, RMSE_F=  341.82 meV / A
2025-08-11 20:44:12.252 DEBUG: Deleting old checkpoint file: .\checkpoints\thymine_isolated_run-42_epoch-9.pt
2025-08-11 20:44:12.252 DEBUG: Saving checkpoint: .\checkpoints\thymine_isolated_run-42_epoch-13.pt
2025-08-11 20:44:30.874 INFO: Epoch 14: head: spin_flip_es1, loss=0.07168993, RMSE_E_per_atom=   51.37 meV, RMSE_F=   85.42 meV / A
2025-08-11 20:44:31.627 INFO: Epoch 14: head: spin_flip_es2, loss=1.18324493, RMSE_E_per_atom=   33.51 meV, RMSE_F=  334.43 meV / A
2025-08-11 20:44:31.628 DEBUG: Deleting old checkpoint file: .\checkpoints\thymine_isolated_run-42_epoch-13.pt
2025-08-11 20:44:31.631 DEBUG: Saving checkpoint: .\checkpoints\thymine_isolated_run-42_epoch-14.pt
2025-08-11 20:44:50.248 INFO: Epoch 15: head: spin_flip_es1, loss=0.05493304, RMSE_E_per_atom=   65.44 meV, RMSE_F=   74.31 meV / A
2025-08-11 20:44:51.003 INFO: Epoch 15: head: spin_flip_es2, loss=1.39138995, RMSE_E_per_atom=   32.24 meV, RMSE_F=  360.45 meV / A
2025-08-11 20:45:09.611 INFO: Epoch 16: head: spin_flip_es1, loss=0.12389525, RMSE_E_per_atom=   70.94 meV, RMSE_F=  110.44 meV / A
2025-08-11 20:45:10.369 INFO: Epoch 16: head: spin_flip_es2, loss=1.27673949, RMSE_E_per_atom=   35.03 meV, RMSE_F=  350.55 meV / A
2025-08-11 20:45:28.961 INFO: Epoch 17: head: spin_flip_es1, loss=0.04842332, RMSE_E_per_atom=   61.32 meV, RMSE_F=   70.11 meV / A
2025-08-11 20:45:29.715 INFO: Epoch 17: head: spin_flip_es2, loss=1.26500523, RMSE_E_per_atom=   25.30 meV, RMSE_F=  345.87 meV / A
2025-08-11 20:45:48.260 INFO: Epoch 18: head: spin_flip_es1, loss=0.07462165, RMSE_E_per_atom=   59.57 meV, RMSE_F=   85.68 meV / A
2025-08-11 20:45:49.010 INFO: Epoch 18: head: spin_flip_es2, loss=1.60151779, RMSE_E_per_atom=   26.50 meV, RMSE_F=  390.74 meV / A
2025-08-11 20:46:07.594 INFO: Epoch 19: head: spin_flip_es1, loss=0.05084887, RMSE_E_per_atom=   45.95 meV, RMSE_F=   71.33 meV / A
2025-08-11 20:46:08.343 INFO: Epoch 19: head: spin_flip_es2, loss=1.12784212, RMSE_E_per_atom=   24.17 meV, RMSE_F=  329.22 meV / A
2025-08-11 20:46:08.344 DEBUG: Deleting old checkpoint file: .\checkpoints\thymine_isolated_run-42_epoch-14.pt
2025-08-11 20:46:08.347 DEBUG: Saving checkpoint: .\checkpoints\thymine_isolated_run-42_epoch-19.pt
2025-08-11 20:46:26.957 INFO: Epoch 20: head: spin_flip_es1, loss=0.12749696, RMSE_E_per_atom=   53.92 meV, RMSE_F=  114.83 meV / A
2025-08-11 20:46:27.711 INFO: Epoch 20: head: spin_flip_es2, loss=1.53616854, RMSE_E_per_atom=   29.59 meV, RMSE_F=  379.19 meV / A
2025-08-11 20:46:46.245 INFO: Epoch 21: head: spin_flip_es1, loss=0.04573149, RMSE_E_per_atom=   60.44 meV, RMSE_F=   68.65 meV / A
2025-08-11 20:46:46.996 INFO: Epoch 21: head: spin_flip_es2, loss=0.98912364, RMSE_E_per_atom=   28.80 meV, RMSE_F=  304.55 meV / A
2025-08-11 20:46:46.998 DEBUG: Deleting old checkpoint file: .\checkpoints\thymine_isolated_run-42_epoch-19.pt
2025-08-11 20:46:47.003 DEBUG: Saving checkpoint: .\checkpoints\thymine_isolated_run-42_epoch-21.pt
2025-08-11 20:47:05.580 INFO: Epoch 22: head: spin_flip_es1, loss=0.04552570, RMSE_E_per_atom=   62.35 meV, RMSE_F=   67.72 meV / A
2025-08-11 20:47:06.329 INFO: Epoch 22: head: spin_flip_es2, loss=1.39399783, RMSE_E_per_atom=   27.09 meV, RMSE_F=  363.79 meV / A
2025-08-11 20:47:24.900 INFO: Epoch 23: head: spin_flip_es1, loss=0.05018219, RMSE_E_per_atom=   52.93 meV, RMSE_F=   71.20 meV / A
2025-08-11 20:47:25.656 INFO: Epoch 23: head: spin_flip_es2, loss=0.97099107, RMSE_E_per_atom=   29.92 meV, RMSE_F=  308.58 meV / A
2025-08-11 20:47:25.656 DEBUG: Deleting old checkpoint file: .\checkpoints\thymine_isolated_run-42_epoch-21.pt
2025-08-11 20:47:25.656 DEBUG: Saving checkpoint: .\checkpoints\thymine_isolated_run-42_epoch-23.pt
2025-08-11 20:47:44.308 INFO: Epoch 24: head: spin_flip_es1, loss=0.02752696, RMSE_E_per_atom=   55.37 meV, RMSE_F=   52.95 meV / A
2025-08-11 20:47:45.059 INFO: Epoch 24: head: spin_flip_es2, loss=0.80247741, RMSE_E_per_atom=   28.97 meV, RMSE_F=  285.21 meV / A
2025-08-11 20:47:45.059 DEBUG: Deleting old checkpoint file: .\checkpoints\thymine_isolated_run-42_epoch-23.pt
2025-08-11 20:47:45.059 DEBUG: Saving checkpoint: .\checkpoints\thymine_isolated_run-42_epoch-24.pt
2025-08-11 20:48:03.683 INFO: Epoch 25: head: spin_flip_es1, loss=0.05974981, RMSE_E_per_atom=   51.19 meV, RMSE_F=   77.96 meV / A
2025-08-11 20:48:04.434 INFO: Epoch 25: head: spin_flip_es2, loss=0.64442691, RMSE_E_per_atom=   42.34 meV, RMSE_F=  255.82 meV / A
2025-08-11 20:48:04.434 DEBUG: Deleting old checkpoint file: .\checkpoints\thymine_isolated_run-42_epoch-24.pt
2025-08-11 20:48:04.434 DEBUG: Saving checkpoint: .\checkpoints\thymine_isolated_run-42_epoch-25.pt
2025-08-11 20:48:23.073 INFO: Epoch 26: head: spin_flip_es1, loss=0.04890286, RMSE_E_per_atom=  101.59 meV, RMSE_F=   69.42 meV / A
2025-08-11 20:48:23.832 INFO: Epoch 26: head: spin_flip_es2, loss=0.84210689, RMSE_E_per_atom=   34.11 meV, RMSE_F=  287.08 meV / A
2025-08-11 20:48:42.421 INFO: Epoch 27: head: spin_flip_es1, loss=0.05738108, RMSE_E_per_atom=   52.54 meV, RMSE_F=   76.24 meV / A
2025-08-11 20:48:43.171 INFO: Epoch 27: head: spin_flip_es2, loss=0.85122282, RMSE_E_per_atom=   23.93 meV, RMSE_F=  292.04 meV / A
2025-08-11 20:49:03.105 INFO: Epoch 28: head: spin_flip_es1, loss=0.05605373, RMSE_E_per_atom=   74.42 meV, RMSE_F=   73.25 meV / A
2025-08-11 20:49:03.961 INFO: Epoch 28: head: spin_flip_es2, loss=1.16868692, RMSE_E_per_atom=   30.20 meV, RMSE_F=  353.09 meV / A
2025-08-11 20:49:24.944 INFO: Epoch 29: head: spin_flip_es1, loss=0.04482587, RMSE_E_per_atom=   57.77 meV, RMSE_F=   68.22 meV / A
2025-08-11 20:49:25.792 INFO: Epoch 29: head: spin_flip_es2, loss=0.69026238, RMSE_E_per_atom=   49.44 meV, RMSE_F=  268.96 meV / A
2025-08-11 20:49:46.786 INFO: Epoch 30: head: spin_flip_es1, loss=0.03064595, RMSE_E_per_atom=   54.86 meV, RMSE_F=   55.71 meV / A
2025-08-11 20:49:47.636 INFO: Epoch 30: head: spin_flip_es2, loss=0.66089964, RMSE_E_per_atom=   46.58 meV, RMSE_F=  264.74 meV / A
2025-08-11 20:50:08.575 INFO: Epoch 31: head: spin_flip_es1, loss=0.03516324, RMSE_E_per_atom=   47.92 meV, RMSE_F=   59.71 meV / A
2025-08-11 20:50:09.433 INFO: Epoch 31: head: spin_flip_es2, loss=0.73294463, RMSE_E_per_atom=   29.02 meV, RMSE_F=  271.67 meV / A
2025-08-11 20:50:30.382 INFO: Epoch 32: head: spin_flip_es1, loss=0.02583087, RMSE_E_per_atom=   49.11 meV, RMSE_F=   51.12 meV / A
2025-08-11 20:50:31.241 INFO: Epoch 32: head: spin_flip_es2, loss=0.50094356, RMSE_E_per_atom=   25.33 meV, RMSE_F=  231.72 meV / A
2025-08-11 20:50:31.241 DEBUG: Deleting old checkpoint file: .\checkpoints\thymine_isolated_run-42_epoch-25.pt
2025-08-11 20:50:31.259 DEBUG: Saving checkpoint: .\checkpoints\thymine_isolated_run-42_epoch-32.pt
2025-08-11 20:50:52.358 INFO: Epoch 33: head: spin_flip_es1, loss=0.03282080, RMSE_E_per_atom=   63.80 meV, RMSE_F=   56.78 meV / A
2025-08-11 20:50:53.213 INFO: Epoch 33: head: spin_flip_es2, loss=0.43503874, RMSE_E_per_atom=   25.01 meV, RMSE_F=  213.11 meV / A
2025-08-11 20:50:53.213 DEBUG: Deleting old checkpoint file: .\checkpoints\thymine_isolated_run-42_epoch-32.pt
2025-08-11 20:50:53.227 DEBUG: Saving checkpoint: .\checkpoints\thymine_isolated_run-42_epoch-33.pt
2025-08-11 20:51:14.401 INFO: Epoch 34: head: spin_flip_es1, loss=0.02513830, RMSE_E_per_atom=   51.96 meV, RMSE_F=   50.44 meV / A
2025-08-11 20:51:15.276 INFO: Epoch 34: head: spin_flip_es2, loss=0.48433185, RMSE_E_per_atom=   24.54 meV, RMSE_F=  229.57 meV / A
2025-08-11 20:51:36.582 INFO: Epoch 35: head: spin_flip_es1, loss=0.04072174, RMSE_E_per_atom=   43.18 meV, RMSE_F=   64.29 meV / A
2025-08-11 20:51:37.471 INFO: Epoch 35: head: spin_flip_es2, loss=0.32368931, RMSE_E_per_atom=   32.93 meV, RMSE_F=  186.57 meV / A
2025-08-11 20:51:37.474 DEBUG: Deleting old checkpoint file: .\checkpoints\thymine_isolated_run-42_epoch-33.pt
2025-08-11 20:51:37.483 DEBUG: Saving checkpoint: .\checkpoints\thymine_isolated_run-42_epoch-35.pt
2025-08-11 20:51:58.575 INFO: Epoch 36: head: spin_flip_es1, loss=0.02729322, RMSE_E_per_atom=   50.44 meV, RMSE_F=   52.66 meV / A
2025-08-11 20:51:59.419 INFO: Epoch 36: head: spin_flip_es2, loss=0.34684869, RMSE_E_per_atom=   25.62 meV, RMSE_F=  190.80 meV / A
2025-08-11 20:52:19.923 INFO: Epoch 37: head: spin_flip_es1, loss=0.02376306, RMSE_E_per_atom=   47.50 meV, RMSE_F=   49.41 meV / A
2025-08-11 20:52:20.770 INFO: Epoch 37: head: spin_flip_es2, loss=0.59568648, RMSE_E_per_atom=   24.55 meV, RMSE_F=  248.60 meV / A
2025-08-11 20:52:41.341 INFO: Epoch 38: head: spin_flip_es1, loss=0.02953665, RMSE_E_per_atom=   56.42 meV, RMSE_F=   55.29 meV / A
2025-08-11 20:52:42.183 INFO: Epoch 38: head: spin_flip_es2, loss=0.79530062, RMSE_E_per_atom=   31.19 meV, RMSE_F=  290.84 meV / A
2025-08-11 20:53:02.712 INFO: Epoch 39: head: spin_flip_es1, loss=0.04142174, RMSE_E_per_atom=   46.77 meV, RMSE_F=   64.55 meV / A
2025-08-11 20:53:03.548 INFO: Epoch 39: head: spin_flip_es2, loss=0.27541615, RMSE_E_per_atom=   37.24 meV, RMSE_F=  171.95 meV / A
2025-08-11 20:53:03.552 DEBUG: Deleting old checkpoint file: .\checkpoints\thymine_isolated_run-42_epoch-35.pt
2025-08-11 20:53:03.560 DEBUG: Saving checkpoint: .\checkpoints\thymine_isolated_run-42_epoch-39.pt
2025-08-11 20:53:24.038 INFO: Epoch 40: head: spin_flip_es1, loss=0.02383750, RMSE_E_per_atom=   54.40 meV, RMSE_F=   49.20 meV / A
2025-08-11 20:53:24.836 INFO: Epoch 40: head: spin_flip_es2, loss=0.47779645, RMSE_E_per_atom=   51.07 meV, RMSE_F=  220.93 meV / A
2025-08-11 20:53:45.506 INFO: Epoch 41: head: spin_flip_es1, loss=0.03439921, RMSE_E_per_atom=   53.36 meV, RMSE_F=   60.00 meV / A
2025-08-11 20:53:46.391 INFO: Epoch 41: head: spin_flip_es2, loss=0.36167694, RMSE_E_per_atom=   28.24 meV, RMSE_F=  196.25 meV / A
2025-08-11 20:54:07.500 INFO: Epoch 42: head: spin_flip_es1, loss=0.02516753, RMSE_E_per_atom=   57.11 meV, RMSE_F=   50.85 meV / A
2025-08-11 20:54:08.376 INFO: Epoch 42: head: spin_flip_es2, loss=0.42301113, RMSE_E_per_atom=   44.83 meV, RMSE_F=  215.36 meV / A
2025-08-11 20:54:29.613 INFO: Epoch 43: head: spin_flip_es1, loss=0.02293507, RMSE_E_per_atom=   61.95 meV, RMSE_F=   48.10 meV / A
2025-08-11 20:54:30.502 INFO: Epoch 43: head: spin_flip_es2, loss=0.52244299, RMSE_E_per_atom=   34.36 meV, RMSE_F=  239.78 meV / A
2025-08-11 20:54:51.736 INFO: Epoch 44: head: spin_flip_es1, loss=0.02188876, RMSE_E_per_atom=   66.18 meV, RMSE_F=   47.36 meV / A
2025-08-11 20:54:52.604 INFO: Epoch 44: head: spin_flip_es2, loss=0.48093965, RMSE_E_per_atom=   34.11 meV, RMSE_F=  223.23 meV / A
2025-08-11 20:55:13.464 INFO: Epoch 45: head: spin_flip_es1, loss=0.02208058, RMSE_E_per_atom=   49.59 meV, RMSE_F=   47.39 meV / A
2025-08-11 20:55:14.318 INFO: Epoch 45: head: spin_flip_es2, loss=0.37327092, RMSE_E_per_atom=   28.38 meV, RMSE_F=  202.88 meV / A
2025-08-11 20:55:34.918 INFO: Epoch 46: head: spin_flip_es1, loss=0.01557795, RMSE_E_per_atom=   55.98 meV, RMSE_F=   39.79 meV / A
2025-08-11 20:55:35.755 INFO: Epoch 46: head: spin_flip_es2, loss=0.20780494, RMSE_E_per_atom=   24.97 meV, RMSE_F=  148.16 meV / A
2025-08-11 20:55:35.763 DEBUG: Deleting old checkpoint file: .\checkpoints\thymine_isolated_run-42_epoch-39.pt
2025-08-11 20:55:35.769 DEBUG: Saving checkpoint: .\checkpoints\thymine_isolated_run-42_epoch-46.pt
2025-08-11 20:55:56.535 INFO: Epoch 47: head: spin_flip_es1, loss=0.01835529, RMSE_E_per_atom=   58.22 meV, RMSE_F=   43.16 meV / A
2025-08-11 20:55:57.410 INFO: Epoch 47: head: spin_flip_es2, loss=0.29700396, RMSE_E_per_atom=   26.02 meV, RMSE_F=  179.38 meV / A
2025-08-11 20:56:17.838 INFO: Epoch 48: head: spin_flip_es1, loss=0.02161359, RMSE_E_per_atom=   45.74 meV, RMSE_F=   46.96 meV / A
2025-08-11 20:56:18.603 INFO: Epoch 48: head: spin_flip_es2, loss=0.52403397, RMSE_E_per_atom=   26.86 meV, RMSE_F=  237.22 meV / A
