Time[ps]      Etot[eV]     Epot[eV]     Ekin[eV]    T[K]
0.0000       -4182.1063   -4182.1063       0.0000     0.0
0.0005       -4182.0997   -4182.1135       0.0138    15.3
0.0010       -4182.1051   -4182.1320       0.0270    29.8
0.0015       -4182.1100   -4182.1605       0.0505    55.9
0.0020       -4182.1017   -4182.2012       0.0996   110.0
0.0025       -4182.0979   -4182.2550       0.1571   173.6
0.0030       -4182.1111   -4182.3189       0.2078   229.7
0.0035       -4182.0922   -4182.3919       0.2997   331.2
0.0040       -4182.0995   -4182.4719       0.3725   411.6
0.0045       -4182.1198   -4182.5540       0.4342   479.8
0.0050       -4182.1228   -4182.6364       0.5136   567.6
0.0055       -4182.1079   -4182.7196       0.6118   676.1
0.0060       -4182.1348   -4182.7998       0.6650   734.9
0.0065       -4182.1360   -4182.8760       0.7400   817.8
0.0070       -4182.1513   -4182.9463       0.7950   878.6
0.0075       -4182.2359   -4183.0075       0.7716   852.8
0.0080       -4182.2679   -4183.0593       0.7913   874.6
0.0085       -4182.3303   -4183.1045       0.7742   855.6
0.0090       -4182.3251   -4183.1440       0.8189   905.1
0.0095       -4182.3072   -4183.1797       0.8725   964.3
0.0100       -4182.3132   -4183.2116       0.8984   993.0
0.0105       -4182.3708   -4183.2387       0.8679   959.2
0.0110       -4182.3854   -4183.2617       0.8763   968.4
0.0115       -4182.3547   -4183.2801       0.9255  1022.8
0.0120       -4182.3816   -4183.2922       0.9106  1006.4
0.0125       -4182.3936   -4183.2969       0.9033   998.3
0.0130       -4182.3878   -4183.2980       0.9101  1005.9
0.0135       -4182.3495   -4183.2973       0.9479  1047.6
0.0140       -4182.3768   -4183.2975       0.9207  1017.6
0.0145       -4182.3699   -4183.3021       0.9322  1030.3
0.0150       -4182.3848   -4183.3144       0.9297  1027.5
0.0155       -4182.4241   -4183.3298       0.9057  1000.9
0.0160       -4182.4272   -4183.3476       0.9204  1017.3
0.0165       -4182.4378   -4183.3631       0.9253  1022.6
0.0170       -4182.4404   -4183.3769       0.9365  1035.0
0.0175       -4182.4616   -4183.3854       0.9238  1021.0
0.0180       -4182.4668   -4183.3861       0.9193  1016.0
0.0185       -4182.4930   -4183.3815       0.8885   981.9
0.0190       -4182.5192   -4183.3770       0.8578   948.1
0.0195       -4182.5321   -4183.3748       0.8427   931.3
0.0200       -4182.5155   -4183.3768       0.8613   951.9
0.0205       -4182.5455   -4183.3828       0.8373   925.4
0.0210       -4182.5739   -4183.3949       0.8210   907.3
0.0215       -4182.5948   -4183.4115       0.8167   902.6
0.0220       -4182.6020   -4183.4307       0.8287   915.9
0.0225       -4182.5990   -4183.4488       0.8497   939.1
0.0230       -4182.6315   -4183.4614       0.8299   917.2
0.0235       -4182.6697   -4183.4655       0.7958   879.5
0.0240       -4182.6647   -4183.4631       0.7984   882.4
0.0245       -4182.6380   -4183.4596       0.8216   908.0
0.0250       -4182.6642   -4183.4573       0.7931   876.5
0.0255       -4182.6428   -4183.4638       0.8211   907.4
0.0260       -4182.6368   -4183.4791       0.8423   930.9
0.0265       -4182.6085   -4183.4938       0.8853   978.5
0.0270       -4182.6000   -4183.5017       0.9017   996.6
0.0275       -4182.5747   -4183.5000       0.9254  1022.7
0.0280       -4182.6145   -4183.4870       0.8725   964.3
0.0285       -4182.5843   -4183.4641       0.8798   972.3
0.0290       -4182.5868   -4183.4387       0.8518   941.5
0.0295       -4182.6301   -4183.4150       0.7849   867.4
0.0300       -4182.6011   -4183.3928       0.7918   875.1
0.0305       -4182.5605   -4183.3756       0.8151   900.9
0.0310       -4182.5964   -4183.3644       0.7680   848.7
0.0315       -4182.5628   -4183.3566       0.7938   877.3
0.0320       -4182.5729   -4183.3503       0.7774   859.2
0.0325       -4182.5626   -4183.3438       0.7812   863.4
0.0330       -4182.6220   -4183.3387       0.7166   792.0
0.0335       -4182.5955   -4183.3307       0.7352   812.6
0.0340       -4182.6510   -4183.3151       0.6641   734.0
0.0345       -4182.6720   -4183.2899       0.6179   682.9
0.0350       -4182.6686   -4183.2549       0.5863   647.9
0.0355       -4182.6560   -4183.2164       0.5603   619.3
0.0360       -4182.7021   -4183.1826       0.4805   531.0
0.0365       -4182.6904   -4183.1589       0.4685   517.8
0.0370       -4182.6518   -4183.1488       0.4970   549.3
0.0375       -4182.6812   -4183.1421       0.4610   509.5
0.0380       -4182.6719   -4183.1316       0.4597   508.1
0.0385       -4182.6736   -4183.1146       0.4410   487.4
0.0390       -4182.7088   -4183.0888       0.3800   420.0
0.0395       -4182.7099   -4183.0603       0.3505   387.3
0.0400       -4182.7189   -4183.0320       0.3131   346.1
0.0405       -4182.7288   -4183.0091       0.2803   309.8
0.0410       -4182.7442   -4182.9934       0.2492   275.4
0.0415       -4182.7315   -4182.9893       0.2578   284.9
0.0420       -4182.7578   -4182.9944       0.2366   261.5
0.0425       -4182.7354   -4183.0055       0.2700   298.4
0.0430       -4182.7389   -4183.0201       0.2812   310.8
0.0435       -4182.7272   -4183.0384       0.3112   343.9
0.0440       -4182.7305   -4183.0583       0.3279   362.3
0.0445       -4182.7414   -4183.0753       0.3340   369.1
0.0450       -4182.7524   -4183.0877       0.3352   370.5
0.0455       -4182.7554   -4183.0953       0.3398   375.6
0.0460       -4182.7554   -4183.0987       0.3433   379.4
0.0465       -4182.7894   -4183.0963       0.3069   339.2
0.0470       -4182.7961   -4183.0951       0.2990   330.4
0.0475       -4182.7975   -4183.0947       0.2972   328.4
0.0480       -4182.7900   -4183.0910       0.3011   332.7
0.0485       -4182.7531   -4183.0838       0.3308   365.5
0.0490       -4182.7360   -4183.0724       0.3364   371.7
0.0495       -4182.7367   -4183.0591       0.3224   356.4
0.0500       -4182.7295   -4183.0448       0.3153   348.5
0.0505       -4182.7085   -4183.0327       0.3242   358.2
0.0510       -4182.7130   -4183.0242       0.3112   343.9
0.0515       -4182.6966   -4183.0193       0.3227   356.6
0.0520       -4182.6913   -4183.0196       0.3282   362.7
0.0525       -4182.6958   -4183.0310       0.3352   370.5
0.0530       -4182.6791   -4183.0492       0.3701   409.0
0.0535       -4182.6634   -4183.0726       0.4092   452.2
0.0540       -4182.6618   -4183.0986       0.4368   482.8
0.0545       -4182.6803   -4183.1261       0.4457   492.6
0.0550       -4182.6806   -4183.1586       0.4780   528.3
0.0555       -4182.7056   -4183.1967       0.4911   542.8
0.0560       -4182.7014   -4183.2365       0.5351   591.4
0.0565       -4182.6853   -4183.2789       0.5936   656.0
0.0570       -4182.6904   -4183.3214       0.6310   697.4
0.0575       -4182.6564   -4183.3636       0.7072   781.6
0.0580       -4182.6947   -4183.4004       0.7057   779.9
0.0585       -4182.6973   -4183.4359       0.7386   816.2
0.0590       -4182.7376   -4183.4688       0.7312   808.1
0.0595       -4182.7533   -4183.4989       0.7456   824.0
0.0600       -4182.7646   -4183.5264       0.7619   842.0
0.0605       -4182.7904   -4183.5483       0.7579   837.6
0.0610       -4182.8076   -4183.5623       0.7547   834.1
0.0615       -4182.7666   -4183.5662       0.7995   883.6
0.0620       -4182.8367   -4183.5580       0.7213   797.2
0.0625       -4182.9107   -4183.5418       0.6311   697.5
0.0630       -4182.8680   -4183.5212       0.6532   721.9
0.0635       -4182.8696   -4183.5029       0.6333   699.9
0.0640       -4182.8699   -4183.4940       0.6240   689.7
0.0645       -4182.8358   -4183.4951       0.6593   728.7
0.0650       -4182.8618   -4183.5101       0.6483   716.5
0.0655       -4182.8344   -4183.5384       0.7040   778.1
0.0660       -4182.8419   -4183.5744       0.7325   809.6
0.0665       -4182.8701   -4183.6054       0.7353   812.6
0.0670       -4182.8790   -4183.6232       0.7442   822.5
0.0675       -4182.8175   -4183.6261       0.8086   893.6
0.0680       -4182.7803   -4183.6115       0.8312   918.6
0.0685       -4182.7555   -4183.5770       0.8215   908.0
0.0690       -4182.7481   -4183.5280       0.7799   861.9
0.0695       -4182.7641   -4183.4826       0.7185   794.1
0.0700       -4182.7157   -4183.4525       0.7369   814.4
0.0705       -4182.7223   -4183.4357       0.7134   788.4
0.0710       -4182.7510   -4183.4309       0.6798   751.4
0.0715       -4182.7272   -4183.4396       0.7124   787.3
0.0720       -4182.7316   -4183.4494       0.7178   793.3
0.0725       -4182.7968   -4183.4509       0.6541   722.9
0.0730       -4182.8275   -4183.4424       0.6149   679.6
0.0735       -4182.8163   -4183.4262       0.6098   674.0
0.0740       -4182.8108   -4183.3990       0.5882   650.1
0.0745       -4182.7932   -4183.3690       0.5758   636.4
0.0750       -4182.7764   -4183.3394       0.5630   622.2
0.0755       -4182.7391   -4183.3201       0.5810   642.1
0.0760       -4182.7297   -4183.3194       0.5897   651.7
0.0765       -4182.7423   -4183.3383       0.5959   658.6
0.0770       -4182.7525   -4183.3708       0.6183   683.3
0.0775       -4182.8020   -4183.4043       0.6023   665.6
0.0780       -4182.7717   -4183.4268       0.6551   724.0
0.0785       -4182.7430   -4183.4355       0.6925   765.4
0.0790       -4182.7362   -4183.4285       0.6923   765.1
0.0795       -4182.6918   -4183.4027       0.7109   785.7
0.0800       -4182.6675   -4183.3623       0.6948   767.9
0.0805       -4182.6500   -4183.3152       0.6652   735.2
0.0810       -4182.6428   -4183.2627       0.6199   685.1
0.0815       -4182.6972   -4183.2114       0.5143   568.4
0.0820       -4182.6738   -4183.1675       0.4937   545.6
0.0825       -4182.6523   -4183.1265       0.4742   524.1
0.0830       -4182.6499   -4183.0909       0.4410   487.4
0.0835       -4182.6237   -4183.0661       0.4424   488.9
0.0840       -4182.6165   -4183.0520       0.4355   481.3
0.0845       -4182.6211   -4183.0440       0.4229   467.4
0.0850       -4182.6710   -4183.0413       0.3703   409.3
0.0855       -4182.6788   -4183.0408       0.3620   400.1
0.0860       -4182.6756   -4183.0448       0.3692   408.0
0.0865       -4182.6569   -4183.0546       0.3977   439.6
0.0870       -4182.6405   -4183.0739       0.4334   479.0
0.0875       -4182.6220   -4183.1101       0.4882   539.5
0.0880       -4182.6387   -4183.1564       0.5177   572.2
0.0885       -4182.6348   -4183.2058       0.5709   631.0
0.0890       -4182.6141   -4183.2571       0.6430   710.6
0.0895       -4182.6050   -4183.3044       0.6995   773.0
0.0900       -4182.6263   -4183.3475       0.7212   797.1
0.0905       -4182.6446   -4183.3855       0.7409   818.9
0.0910       -4182.6483   -4183.4223       0.7740   855.4
0.0915       -4182.6537   -4183.4545       0.8008   885.1
0.0920       -4182.6620   -4183.4825       0.8205   906.9
0.0925       -4182.6694   -4183.5026       0.8332   920.9
0.0930       -4182.6734   -4183.5135       0.8401   928.5
0.0935       -4182.6773   -4183.5146       0.8373   925.4
0.0940       -4182.6968   -4183.5030       0.8061   890.9
0.0945       -4182.7135   -4183.4828       0.7693   850.2
0.0950       -4182.7456   -4183.4597       0.7141   789.3
0.0955       -4182.7429   -4183.4431       0.7002   773.8
0.0960       -4182.7496   -4183.4357       0.6861   758.3
0.0965       -4182.7354   -4183.4405       0.7051   779.3
0.0970       -4182.7233   -4183.4572       0.7339   811.1
0.0975       -4182.6802   -4183.4830       0.8028   887.2
0.0980       -4182.6465   -4183.5135       0.8669   958.1
0.0985       -4182.6799   -4183.5404       0.8605   951.0
0.0990       -4182.6727   -4183.5628       0.8901   983.8
0.0995       -4182.6880   -4183.5817       0.8937   987.7
0.1000       -4182.6856   -4183.5954       0.9097  1005.4
0.1005       -4182.6717   -4183.6062       0.9344  1032.7
0.1010       -4182.6641   -4183.6145       0.9504  1050.4
0.1015       -4182.6873   -4183.6225       0.9352  1033.6
0.1020       -4182.7235   -4183.6334       0.9099  1005.6
0.1025       -4182.7643   -4183.6496       0.8854   978.5
0.1030       -4182.7461   -4183.6689       0.9228  1019.9
0.1035       -4182.7429   -4183.6823       0.9394  1038.2
0.1040       -4182.7210   -4183.6829       0.9619  1063.1
0.1045       -4182.7164   -4183.6656       0.9492  1049.0
0.1050       -4182.7137   -4183.6278       0.9142  1010.3
0.1055       -4182.7523   -4183.5772       0.8249   911.7
0.1060       -4182.7529   -4183.5228       0.7699   850.9
0.1065       -4182.7810   -4183.4742       0.6933   766.2
0.1070       -4182.7701   -4183.4354       0.6653   735.3
0.1075       -4182.7970   -4183.4033       0.6063   670.1
0.1080       -4182.7868   -4183.3778       0.5910   653.2
0.1085       -4182.7701   -4183.3558       0.5858   647.4
0.1090       -4182.7717   -4183.3322       0.5605   619.5
0.1095       -4182.7761   -4183.3113       0.5351   591.4
0.1100       -4182.7761   -4183.2953       0.5192   573.9
0.1105       -4182.7821   -4183.2845       0.5024   555.2
0.1110       -4182.7690   -4183.2791       0.5102   563.8
0.1115       -4182.7564   -4183.2839       0.5275   583.0
0.1120       -4182.7780   -4183.2941       0.5161   570.4
0.1125       -4182.7478   -4183.3058       0.5579   616.6
0.1130       -4182.7349   -4183.3226       0.5878   649.6
0.1135       -4182.7477   -4183.3499       0.6022   665.6
0.1140       -4182.7567   -4183.3860       0.6293   695.5
0.1145       -4182.7348   -4183.4248       0.6900   762.6
0.1150       -4182.7252   -4183.4560       0.7308   807.6
0.1155       -4182.6931   -4183.4687       0.7756   857.2
0.1160       -4182.6935   -4183.4519       0.7584   838.2
0.1165       -4182.6770   -4183.4094       0.7324   809.4
0.1170       -4182.7063   -4183.3593       0.6530   721.7
0.1175       -4182.7191   -4183.3186       0.5995   662.5
0.1180       -4182.7080   -4183.2987       0.5907   652.8
0.1185       -4182.6570   -4183.2941       0.6371   704.1
0.1190       -4182.6535   -4183.2957       0.6422   709.7
0.1195       -4182.6435   -4183.2942       0.6507   719.2
0.1200       -4182.6568   -4183.2805       0.6238   689.4
0.1205       -4182.6864   -4183.2555       0.5691   628.9
0.1210       -4182.6685   -4183.2308       0.5623   621.4
0.1215       -4182.6797   -4183.2097       0.5300   585.7
0.1220       -4182.7045   -4183.1981       0.4936   545.5
0.1225       -4182.6878   -4183.1986       0.5108   564.5
0.1230       -4182.6647   -4183.2093       0.5446   601.9
0.1235       -4182.6584   -4183.2256       0.5672   626.9
0.1240       -4182.6827   -4183.2417       0.5590   617.9
0.1245       -4182.7190   -4183.2592       0.5402   597.0
0.1250       -4182.7570   -4183.2792       0.5222   577.1
0.1255       -4182.7297   -4183.2994       0.5697   629.7
0.1260       -4182.6712   -4183.3177       0.6465   714.5
0.1265       -4182.6588   -4183.3245       0.6657   735.8
0.1270       -4182.6337   -4183.3117       0.6780   749.3
0.1275       -4182.6645   -4183.2834       0.6190   684.1
0.1280       -4182.7007   -4183.2511       0.5505   608.4
0.1285       -4182.6295   -4183.2258       0.5964   659.1
0.1290       -4182.6269   -4183.2032       0.5763   637.0
0.1295       -4182.6226   -4183.1795       0.5570   615.6
0.1300       -4182.6120   -4183.1521       0.5401   596.9
0.1305       -4182.5713   -4183.1173       0.5459   603.3
0.1310       -4182.5616   -4183.0745       0.5129   566.8
0.1315       -4182.5773   -4183.0329       0.4556   503.5
0.1320       -4182.5729   -4183.0029       0.4300   475.2
0.1325       -4182.5749   -4182.9898       0.4148   458.5
0.1330       -4182.5836   -4182.9912       0.4076   450.4
0.1335       -4182.6182   -4183.0060       0.3878   428.6
0.1340       -4182.5957   -4183.0361       0.4404   486.8
0.1345       -4182.5993   -4183.0782       0.4789   529.3
0.1350       -4182.6120   -4183.1283       0.5164   570.7
0.1355       -4182.6087   -4183.1818       0.5732   633.5
0.1360       -4182.6203   -4183.2372       0.6169   681.8
0.1365       -4182.6002   -4183.2974       0.6972   770.5
0.1370       -4182.5998   -4183.3605       0.7607   840.8
0.1375       -4182.6115   -4183.4204       0.8089   894.0
0.1380       -4182.6250   -4183.4744       0.8494   938.8
0.1385       -4182.5776   -4183.5180       0.9404  1039.3
0.1390       -4182.5759   -4183.5447       0.9688  1070.7
0.1395       -4182.5352   -4183.5553       1.0202  1127.5
0.1400       -4182.5980   -4183.5565       0.9585  1059.3
0.1405       -4182.6463   -4183.5496       0.9033   998.4
0.1410       -4182.6514   -4183.5353       0.8839   976.9
0.1415       -4182.6290   -4183.5145       0.8855   978.7
0.1420       -4182.6916   -4183.4882       0.7966   880.4
0.1425       -4182.7006   -4183.4529       0.7523   831.4
0.1430       -4182.7361   -4183.4138       0.6778   749.1
0.1435       -4182.7423   -4183.3775       0.6352   702.0
0.1440       -4182.7599   -4183.3509       0.5910   653.2
0.1445       -4182.7915   -4183.3342       0.5427   599.7
0.1450       -4182.8170   -4183.3279       0.5108   564.6
0.1455       -4182.8035   -4183.3334       0.5298   585.6
0.1460       -4182.8411   -4183.3510       0.5099   563.5
0.1465       -4182.8277   -4183.3787       0.5510   609.0
0.1470       -4182.8778   -4183.4093       0.5315   587.4
0.1475       -4182.9213   -4183.4445       0.5231   578.2
0.1480       -4182.9512   -4183.4861       0.5348   591.1
0.1485       -4183.0129   -4183.5252       0.5123   566.2
0.1490       -4182.9839   -4183.5614       0.5775   638.2
0.1495       -4183.0112   -4183.5901       0.5789   639.8
0.1500       -4183.0114   -4183.6044       0.5930   655.4
0.1505       -4182.9941   -4183.6007       0.6066   670.4
0.1510       -4182.9620   -4183.5779       0.6160   680.8
0.1515       -4182.9545   -4183.5467       0.5922   654.5
0.1520       -4182.9252   -4183.5147       0.5895   651.5
0.1525       -4182.9234   -4183.4911       0.5677   627.4
0.1530       -4182.9407   -4183.4750       0.5342   590.4
0.1535       -4182.9407   -4183.4657       0.5250   580.2
0.1540       -4182.9233   -4183.4539       0.5306   586.4
0.1545       -4182.9458   -4183.4396       0.4938   545.8
0.1550       -4182.9580   -4183.4244       0.4664   515.5
0.1555       -4182.9836   -4183.4101       0.4265   471.3
0.1560       -4182.9831   -4183.3951       0.4120   455.3
0.1565       -4182.9966   -4183.3858       0.3891   430.1
0.1570       -4183.0095   -4183.3856       0.3760   415.6
0.1575       -4182.9984   -4183.3966       0.3982   440.1
0.1580       -4183.0196   -4183.4132       0.3936   435.0
0.1585       -4183.0542   -4183.4263       0.3721   411.3
0.1590       -4183.0694   -4183.4391       0.3697   408.6
0.1595       -4183.0237   -4183.4580       0.4343   480.0
0.1600       -4183.0396   -4183.4805       0.4410   487.3
0.1605       -4183.0607   -4183.5066       0.4459   492.8
0.1610       -4183.0787   -4183.5324       0.4536   501.4
0.1615       -4183.0823   -4183.5567       0.4744   524.3
0.1620       -4183.0533   -4183.5737       0.5204   575.1
0.1625       -4183.0518   -4183.5761       0.5243   579.5
0.1630       -4183.0796   -4183.5652       0.4856   536.7
0.1635       -4183.0661   -4183.5427       0.4766   526.7
0.1640       -4183.0832   -4183.5114       0.4281   473.2
0.1645       -4183.0575   -4183.4763       0.4187   462.8
0.1650       -4183.0871   -4183.4460       0.3589   396.7
0.1655       -4183.0523   -4183.4236       0.3713   410.4
0.1660       -4183.0521   -4183.4090       0.3569   394.4
0.1665       -4183.0587   -4183.3975       0.3387   374.4
0.1670       -4183.0666   -4183.3911       0.3246   358.7
0.1675       -4183.0482   -4183.3835       0.3353   370.5
0.1680       -4183.0750   -4183.3735       0.2985   329.9
0.1685       -4183.0709   -4183.3642       0.2933   324.2
0.1690       -4183.0736   -4183.3617       0.2881   318.4
0.1695       -4183.0683   -4183.3650       0.2967   327.9
0.1700       -4183.0699   -4183.3702       0.3003   331.9
0.1705       -4183.0617   -4183.3742       0.3125   345.3
0.1710       -4183.0874   -4183.3780       0.2906   321.2
0.1715       -4183.0903   -4183.3808       0.2905   321.1
0.1720       -4183.0844   -4183.3949       0.3105   343.2
0.1725       -4183.0797   -4183.4251       0.3455   381.8
0.1730       -4183.0899   -4183.4649       0.3750   414.5
0.1735       -4183.0681   -4183.5033       0.4352   481.0
0.1740       -4183.0757   -4183.5344       0.4587   507.0
0.1745       -4183.0995   -4183.5485       0.4490   496.2
0.1750       -4183.1021   -4183.5438       0.4417   488.1
0.1755       -4183.0470   -4183.5208       0.4738   523.6
0.1760       -4183.0541   -4183.4866       0.4325   478.0
0.1765       -4183.0650   -4183.4519       0.3869   427.6
0.1770       -4183.0192   -4183.4197       0.4005   442.6
0.1775       -4183.0250   -4183.4043       0.3793   419.2
0.1780       -4183.0202   -4183.4066       0.3864   427.1
0.1785       -4182.9957   -4183.4128       0.4171   461.0
0.1790       -4183.0127   -4183.4228       0.4101   453.2
0.1795       -4183.0065   -4183.4375       0.4310   476.3
0.1800       -4182.9834   -4183.4539       0.4705   520.0
0.1805       -4182.9873   -4183.4726       0.4854   536.4
0.1810       -4183.0143   -4183.4902       0.4759   525.9
0.1815       -4183.0086   -4183.5042       0.4956   547.7
0.1820       -4183.0299   -4183.5145       0.4845   535.5
0.1825       -4183.0466   -4183.5236       0.4770   527.2
0.1830       -4183.0638   -4183.5366       0.4727   522.4
0.1835       -4183.0824   -4183.5589       0.4765   526.7
0.1840       -4183.0909   -4183.5927       0.5019   554.7
0.1845       -4183.0610   -4183.6361       0.5751   635.6
0.1850       -4183.0548   -4183.6828       0.6281   694.1
0.1855       -4183.0524   -4183.7243       0.6719   742.6
0.1860       -4183.0453   -4183.7424       0.6971   770.4
0.1865       -4183.0523   -4183.7284       0.6761   747.2
0.1870       -4183.0433   -4183.6818       0.6385   705.7
0.1875       -4183.0483   -4183.6081       0.5599   618.7
0.1880       -4183.0710   -4183.5257       0.4547   502.5
0.1885       -4183.0512   -4183.4498       0.3986   440.5
0.1890       -4183.0203   -4183.3974       0.3771   416.7
0.1895       -4183.0405   -4183.3763       0.3358   371.1
0.1900       -4183.0307   -4183.3831       0.3524   389.5
0.1905       -4183.0454   -4183.4074       0.3621   400.2
0.1910       -4183.0539   -4183.4443       0.3904   431.4
0.1915       -4183.0693   -4183.4859       0.4166   460.4
0.1920       -4183.0892   -4183.5223       0.4331   478.6
0.1925       -4183.0854   -4183.5468       0.4614   509.9
0.1930       -4183.1028   -4183.5579       0.4551   503.0
0.1935       -4183.0774   -4183.5522       0.4749   524.8
0.1940       -4183.0605   -4183.5339       0.4735   523.3
0.1945       -4183.0784   -4183.5105       0.4322   477.6
0.1950       -4183.0592   -4183.5027       0.4435   490.2
0.1955       -4183.0523   -4183.5264       0.4741   523.9
0.1960       -4183.0768   -4183.5814       0.5046   557.7
0.1965       -4183.1241   -4183.6506       0.5265   581.9
0.1970       -4183.1189   -4183.7190       0.6001   663.2
0.1975       -4183.1067   -4183.7680       0.6613   730.8
0.1980       -4183.1055   -4183.7848       0.6793   750.8
0.1985       -4183.1317   -4183.7698       0.6380   705.1
0.1990       -4183.1699   -4183.7278       0.5579   616.6
0.1995       -4183.1695   -4183.6675       0.4980   550.4
0.2000       -4183.1571   -4183.6011       0.4440   490.7
0.2005       -4183.1714   -4183.5416       0.3702   409.2
0.2010       -4183.1574   -4183.4976       0.3402   376.0
0.2015       -4183.1796   -4183.4784       0.2988   330.2
0.2020       -4183.1632   -4183.4832       0.3200   353.6
0.2025       -4183.1646   -4183.5062       0.3416   377.6
0.2030       -4183.1396   -4183.5430       0.4034   445.8
0.2035       -4183.1364   -4183.5849       0.4485   495.7
0.2040       -4183.1346   -4183.6156       0.4810   531.6
0.2045       -4183.1553   -4183.6253       0.4699   519.4
0.2050       -4183.1146   -4183.6093       0.4947   546.7
0.2055       -4183.1107   -4183.5650       0.4543   502.1
0.2060       -4183.1019   -4183.4984       0.3966   438.3
0.2065       -4183.1234   -4183.4342       0.3108   343.5
0.2070       -4183.1220   -4183.3880       0.2660   294.0
0.2075       -4183.0907   -4183.3857       0.2950   326.1
0.2080       -4183.0949   -4183.4316       0.3368   372.2
0.2085       -4183.1150   -4183.5059       0.3909   432.0
0.2090       -4183.1408   -4183.5808       0.4400   486.3
0.2095       -4183.1395   -4183.6387       0.4993   551.8
0.2100       -4183.1010   -4183.6636       0.5626   621.8
0.2105       -4183.0879   -4183.6486       0.5608   619.7
0.2110       -4183.1267   -4183.5966       0.4700   519.4
0.2115       -4183.1592   -4183.5242       0.3650   403.4
0.2120       -4183.1817   -4183.4492       0.2675   295.6
0.2125       -4183.2162   -4183.3892       0.1730   191.2
0.2130       -4183.2103   -4183.3565       0.1462   161.6
0.2135       -4183.2289   -4183.3620       0.1331   147.1
0.2140       -4183.2178   -4183.4075       0.1897   209.7
0.2145       -4183.2067   -4183.4796       0.2730   301.7
0.2150       -4183.2020   -4183.5568       0.3547   392.1
0.2155       -4183.1925   -4183.6222       0.4297   474.9
0.2160       -4183.1754   -4183.6660       0.4906   542.2
0.2165       -4183.1928   -4183.6802       0.4874   538.7
0.2170       -4183.1915   -4183.6675       0.4759   526.0
0.2175       -4183.1665   -4183.6299       0.4634   512.1
0.2180       -4183.1727   -4183.5784       0.4057   448.3
0.2185       -4183.1687   -4183.5357       0.3670   405.6
0.2190       -4183.1718   -4183.5131       0.3413   377.1
0.2195       -4183.1752   -4183.5197       0.3444   380.6
0.2200       -4183.1537   -4183.5550       0.4013   443.5
0.2205       -4183.1280   -4183.6112       0.4833   534.1
0.2210       -4183.1468   -4183.6732       0.5264   581.8
0.2215       -4183.1685   -4183.7273       0.5588   617.6
0.2220       -4183.1962   -4183.7601       0.5639   623.2
0.2225       -4183.1923   -4183.7570       0.5647   624.1
0.2230       -4183.2000   -4183.7145       0.5145   568.6
0.2235       -4183.2100   -4183.6443       0.4343   480.0
0.2240       -4183.1871   -4183.5603       0.3733   412.6
0.2245       -4183.1542   -4183.4821       0.3280   362.5
0.2250       -4183.1620   -4183.4293       0.2673   295.4
0.2255       -4183.1424   -4183.4182       0.2758   304.8
0.2260       -4183.1111   -4183.4561       0.3451   381.4
0.2265       -4183.1180   -4183.5233       0.4052   447.8
0.2270       -4183.0678   -4183.5935       0.5257   581.0
0.2275       -4183.0577   -4183.6432       0.5854   647.0
0.2280       -4183.0647   -4183.6577       0.5930   655.4
0.2285       -4183.0504   -4183.6415       0.5911   653.3
0.2290       -4183.0866   -4183.6035       0.5168   571.2
0.2295       -4183.0585   -4183.5616       0.5031   556.0
0.2300       -4183.0628   -4183.5280       0.4652   514.1
0.2305       -4183.0442   -4183.5067       0.4625   511.2
0.2310       -4183.0346   -4183.4984       0.4637   512.5
0.2315       -4183.0140   -4183.4976       0.4836   534.4
0.2320       -4183.0012   -4183.4972       0.4960   548.2
0.2325       -4183.0240   -4183.4952       0.4712   520.8
0.2330       -4183.0346   -4183.4938       0.4593   507.6
0.2335       -4183.0337   -4183.4926       0.4590   507.3
0.2340       -4183.0340   -4183.4902       0.4561   504.1
0.2345       -4183.0492   -4183.4819       0.4327   478.2
0.2350       -4183.0686   -4183.4683       0.3997   441.7
0.2355       -4183.0476   -4183.4492       0.4016   443.9
0.2360       -4183.0923   -4183.4263       0.3340   369.1
0.2365       -4183.0952   -4183.4088       0.3135   346.5
0.2370       -4183.0708   -4183.4059       0.3351   370.3
0.2375       -4183.0536   -4183.4284       0.3747   414.1
0.2380       -4183.0908   -4183.4777       0.3869   427.6
0.2385       -4183.0690   -4183.5417       0.4727   522.5
0.2390       -4183.0731   -4183.5968       0.5237   578.8
0.2395       -4183.0704   -4183.6230       0.5526   610.7
0.2400       -4183.0458   -4183.6128       0.5670   626.6
0.2405       -4183.0771   -4183.5701       0.4931   544.9
0.2410       -4183.0650   -4183.5125       0.4475   494.6
0.2415       -4183.0518   -4183.4597       0.4079   450.8
0.2420       -4183.0627   -4183.4312       0.3685   407.3
0.2425       -4183.0781   -4183.4437       0.3656   404.1
0.2430       -4183.0504   -4183.4830       0.4326   478.1
0.2435       -4183.0097   -4183.5175       0.5078   561.2
0.2440       -4182.9906   -4183.5260       0.5353   591.7
0.2445       -4183.0436   -4183.5055       0.4619   510.5
0.2450       -4183.0440   -4183.4655       0.4215   465.9
0.2455       -4183.0312   -4183.4239       0.3926   433.9
0.2460       -4183.0416   -4183.3853       0.3436   379.8
0.2465       -4183.0061   -4183.3474       0.3413   377.2
0.2470       -4182.9862   -4183.3101       0.3239   358.0
0.2475       -4182.9872   -4183.2787       0.2915   322.2
0.2480       -4182.9824   -4183.2673       0.2849   314.8
0.2485       -4182.9809   -4183.2840       0.3031   335.0
0.2490       -4182.9766   -4183.3324       0.3558   393.2
0.2495       -4182.9666   -4183.4090       0.4424   488.9
0.2500       -4182.9314   -4183.4996       0.5682   627.9
Time[ps]      Etot[eV]     Epot[eV]     Ekin[eV]    T[K]
0.0000       -4182.1063   -4182.1063       0.0000     0.0
0.0005       -4182.1010   -4182.1138       0.0127    14.1
0.0010       -4182.1048   -4182.1340       0.0292    32.2
0.0015       -4182.1014   -4182.1684       0.0670    74.0
0.0020       -4182.0919   -4182.2160       0.1240   137.1
0.0025       -4182.0917   -4182.2729       0.1811   200.2
0.0030       -4182.1063   -4182.3374       0.2311   255.4
0.0035       -4182.1065   -4182.4075       0.3011   332.7
0.0040       -4182.1150   -4182.4834       0.3684   407.2
0.0045       -4182.0979   -4182.5620       0.4641   513.0
0.0050       -4182.1158   -4182.6432       0.5274   582.9
0.0055       -4182.1254   -4182.7238       0.5985   661.4
0.0060       -4182.1543   -4182.8020       0.6477   715.9
0.0065       -4182.1724   -4182.8796       0.7072   781.6
0.0070       -4182.1668   -4182.9558       0.7890   872.0
0.0075       -4182.1439   -4183.0295       0.8856   978.8
0.0080       -4182.1564   -4183.0968       0.9404  1039.3
0.0085       -4182.1266   -4183.1557       1.0291  1137.3
0.0090       -4182.1563   -4183.2079       1.0516  1162.2
0.0095       -4182.1292   -4183.2524       1.1232  1241.3
0.0100       -4182.1256   -4183.2876       1.1620  1284.2
0.0105       -4182.1095   -4183.3143       1.2048  1331.5
0.0110       -4182.1246   -4183.3338       1.2093  1336.5
0.0115       -4182.1230   -4183.3492       1.2262  1355.2
0.0120       -4182.1084   -4183.3641       1.2558  1387.8
0.0125       -4182.1848   -4183.3765       1.1917  1317.1
0.0130       -4182.2244   -4183.3876       1.1632  1285.5
0.0135       -4182.2289   -4183.3995       1.1706  1293.8
0.0140       -4182.2485   -4183.4137       1.1652  1287.8
0.0145       -4182.2559   -4183.4270       1.1710  1294.2
0.0150       -4182.2690   -4183.4358       1.1669  1289.6
0.0155       -4182.2584   -4183.4383       1.1799  1304.0
0.0160       -4182.2937   -4183.4380       1.1443  1264.7
0.0165       -4182.3272   -4183.4378       1.1106  1227.4
0.0170       -4182.2935   -4183.4381       1.1447  1265.1
0.0175       -4182.3036   -4183.4398       1.1362  1255.8
0.0180       -4182.3323   -4183.4437       1.1114  1228.3
0.0185       -4182.3762   -4183.4505       1.0742  1187.3
0.0190       -4182.3820   -4183.4585       1.0765  1189.8
0.0195       -4182.4231   -4183.4655       1.0424  1152.1
0.0200       -4182.3844   -4183.4699       1.0855  1199.7
0.0205       -4182.3986   -4183.4695       1.0709  1183.5
0.0210       -4182.4124   -4183.4638       1.0515  1162.1
0.0215       -4182.4401   -4183.4558       1.0156  1122.5
0.0220       -4182.4214   -4183.4470       1.0256  1133.5
0.0225       -4182.4326   -4183.4367       1.0040  1109.7
0.0230       -4182.4359   -4183.4249       0.9891  1093.1
0.0235       -4182.4116   -4183.4138       1.0022  1107.6
0.0240       -4182.3575   -4183.4019       1.0444  1154.3
0.0245       -4182.3811   -4183.3920       1.0110  1117.3
0.0250       -4182.3211   -4183.3818       1.0608  1172.3
0.0255       -4182.3029   -4183.3723       1.0694  1181.9
0.0260       -4182.2891   -4183.3606       1.0715  1184.3
0.0265       -4182.2878   -4183.3452       1.0574  1168.6
0.0270       -4182.2791   -4183.3285       1.0494  1159.8
0.0275       -4182.2894   -4183.3124       1.0229  1130.6
0.0280       -4182.2783   -4183.2963       1.0179  1125.0
0.0285       -4182.2927   -4183.2798       0.9871  1091.0
0.0290       -4182.3070   -4183.2621       0.9551  1055.6
0.0295       -4182.2792   -4183.2432       0.9640  1065.4
0.0300       -4182.3270   -4183.2245       0.8974   991.8
0.0305       -4182.3051   -4183.2074       0.9023   997.2
0.0310       -4182.2952   -4183.1884       0.8932   987.2
0.0315       -4182.2824   -4183.1657       0.8833   976.2
0.0320       -4182.2910   -4183.1420       0.8510   940.5
0.0325       -4182.3190   -4183.1141       0.7951   878.7
0.0330       -4182.3052   -4183.0825       0.7773   859.1
0.0335       -4182.2983   -4183.0478       0.7495   828.4
0.0340       -4182.2789   -4183.0095       0.7306   807.5
0.0345       -4182.2777   -4182.9674       0.6897   762.3
0.0350       -4182.2640   -4182.9237       0.6597   729.1
0.0355       -4182.2468   -4182.8783       0.6315   698.0
0.0360       -4182.2178   -4182.8298       0.6120   676.4
0.0365       -4182.2318   -4182.7806       0.5489   606.6
0.0370       -4182.2319   -4182.7314       0.4995   552.0
0.0375       -4182.2189   -4182.6850       0.4661   515.1
0.0380       -4182.2320   -4182.6412       0.4092   452.3
0.0385       -4182.2274   -4182.6002       0.3728   412.0
0.0390       -4182.2145   -4182.5617       0.3472   383.8
0.0395       -4182.2175   -4182.5268       0.3094   341.9
0.0400       -4182.2065   -4182.4952       0.2887   319.1
0.0405       -4182.2240   -4182.4649       0.2408   266.2
0.0410       -4182.2402   -4182.4398       0.1996   220.6
0.0415       -4182.2427   -4182.4181       0.1754   193.9
0.0420       -4182.2475   -4182.4031       0.1556   171.9
0.0425       -4182.2433   -4182.3966       0.1533   169.4
0.0430       -4182.2280   -4182.3976       0.1696   187.4
0.0435       -4182.2270   -4182.4070       0.1799   198.9
0.0440       -4182.2410   -4182.4240       0.1830   202.3
0.0445       -4182.2252   -4182.4471       0.2218   245.2
0.0450       -4182.2190   -4182.4735       0.2545   281.3
0.0455       -4182.2194   -4182.4997       0.2802   309.7
0.0460       -4182.2338   -4182.5274       0.2937   324.6
0.0465       -4182.2440   -4182.5572       0.3132   346.1
0.0470       -4182.2507   -4182.5877       0.3370   372.5
0.0475       -4182.2525   -4182.6226       0.3701   409.0
0.0480       -4182.2595   -4182.6616       0.4021   444.4
0.0485       -4182.2637   -4182.7057       0.4420   488.5
0.0490       -4182.2567   -4182.7548       0.4980   550.4
0.0495       -4182.2723   -4182.8038       0.5315   587.4
0.0500       -4182.2632   -4182.8537       0.5905   652.6
0.0505       -4182.2830   -4182.9033       0.6203   685.5
0.0510       -4182.2708   -4182.9483       0.6775   748.8
0.0515       -4182.2825   -4182.9903       0.7078   782.2
0.0520       -4182.3550   -4183.0299       0.6749   745.8
0.0525       -4182.3449   -4183.0716       0.7267   803.2
0.0530       -4182.3861   -4183.1140       0.7279   804.5
0.0535       -4182.3780   -4183.1546       0.7766   858.3
0.0540       -4182.3917   -4183.1908       0.7991   883.1
0.0545       -4182.3869   -4183.2193       0.8324   920.0
0.0550       -4182.3760   -4183.2442       0.8682   959.5
0.0555       -4182.3687   -4183.2667       0.8980   992.5
0.0560       -4182.3846   -4183.2874       0.9028   997.7
0.0565       -4182.4251   -4183.3034       0.8783   970.6
0.0570       -4182.4589   -4183.3123       0.8535   943.2
0.0575       -4182.4455   -4183.3180       0.8725   964.3
0.0580       -4182.4516   -4183.3217       0.8700   961.6
0.0585       -4182.4846   -4183.3229       0.8383   926.5
0.0590       -4182.4495   -4183.3252       0.8757   967.8
0.0595       -4182.4970   -4183.3287       0.8317   919.2
0.0600       -4182.4411   -4183.3317       0.8906   984.3
0.0605       -4182.4598   -4183.3366       0.8769   969.1
0.0610       -4182.4864   -4183.3431       0.8567   946.8
0.0615       -4182.4991   -4183.3556       0.8565   946.6
0.0620       -4182.5016   -4183.3830       0.8815   974.2
0.0625       -4182.5698   -4183.4221       0.8523   942.0
0.0630       -4182.5732   -4183.4661       0.8929   986.8
0.0635       -4182.6181   -4183.5100       0.8918   985.7
0.0640       -4182.6691   -4183.5483       0.8792   971.7
0.0645       -4182.7033   -4183.5808       0.8775   969.8
0.0650       -4182.7274   -4183.6082       0.8808   973.4
0.0655       -4182.7608   -4183.6308       0.8701   961.6
0.0660       -4182.7893   -4183.6485       0.8592   949.6
0.0665       -4182.8086   -4183.6609       0.8523   941.9
0.0670       -4182.7444   -4183.6692       0.9247  1022.0
0.0675       -4182.7042   -4183.6716       0.9674  1069.1
0.0680       -4182.7270   -4183.6706       0.9436  1042.9
0.0685       -4182.7804   -4183.6677       0.8873   980.6
0.0690       -4182.7780   -4183.6640       0.8860   979.3
0.0695       -4182.7670   -4183.6562       0.8893   982.8
0.0700       -4182.7660   -4183.6428       0.8768   969.1
0.0705       -4182.7274   -4183.6205       0.8931   987.1
0.0710       -4182.7081   -4183.5865       0.8783   970.7
0.0715       -4182.7115   -4183.5433       0.8318   919.3
0.0720       -4182.6605   -4183.4945       0.8339   921.6
0.0725       -4182.6367   -4183.4430       0.8062   891.0
0.0730       -4182.6073   -4183.3919       0.7846   867.1
0.0735       -4182.6045   -4183.3493       0.7449   823.2
0.0740       -4182.6027   -4183.3180       0.7153   790.5
0.0745       -4182.6573   -4183.2965       0.6391   706.4
0.0750       -4182.6613   -4183.2804       0.6191   684.2
0.0755       -4182.6751   -4183.2658       0.5907   652.8
0.0760       -4182.6810   -4183.2531       0.5721   632.2
0.0765       -4182.6256   -4183.2413       0.6158   680.5
0.0770       -4182.6660   -4183.2329       0.5668   626.5
0.0775       -4182.6668   -4183.2261       0.5592   618.1
0.0780       -4182.6884   -4183.2204       0.5320   588.0
0.0785       -4182.6820   -4183.2143       0.5324   588.4
0.0790       -4182.6527   -4183.2078       0.5552   613.6
0.0795       -4182.6616   -4183.1993       0.5377   594.2
0.0800       -4182.7083   -4183.1895       0.4812   531.8
0.0805       -4182.6930   -4183.1781       0.4851   536.1
0.0810       -4182.6701   -4183.1615       0.4915   543.2
0.0815       -4182.6848   -4183.1383       0.4535   501.2
0.0820       -4182.6528   -4183.1081       0.4553   503.2
0.0825       -4182.6481   -4183.0692       0.4210   465.3
0.0830       -4182.6675   -4183.0225       0.3550   392.4
0.0835       -4182.6762   -4182.9749       0.2987   330.1
0.0840       -4182.6828   -4182.9302       0.2474   273.5
0.0845       -4182.7037   -4182.8921       0.1885   208.3
0.0850       -4182.6928   -4182.8618       0.1690   186.7
0.0855       -4182.7023   -4182.8401       0.1378   152.3
0.0860       -4182.7098   -4182.8281       0.1184   130.8
0.0865       -4182.7002   -4182.8251       0.1249   138.1
0.0870       -4182.7069   -4182.8302       0.1233   136.3
0.0875       -4182.7091   -4182.8465       0.1374   151.8
0.0880       -4182.7236   -4182.8699       0.1463   161.7
0.0885       -4182.6997   -4182.9001       0.2004   221.5
0.0890       -4182.7054   -4182.9334       0.2279   251.9
0.0895       -4182.7041   -4182.9692       0.2651   293.0
0.0900       -4182.7384   -4183.0056       0.2672   295.3
0.0905       -4182.7355   -4183.0415       0.3060   338.2
0.0910       -4182.7312   -4183.0761       0.3449   381.2
0.0915       -4182.7291   -4183.1080       0.3789   418.7
0.0920       -4182.7329   -4183.1374       0.4045   447.0
0.0925       -4182.7350   -4183.1614       0.4264   471.2
0.0930       -4182.7171   -4183.1792       0.4621   510.7
0.0935       -4182.7005   -4183.1909       0.4904   542.0
0.0940       -4182.6924   -4183.1965       0.5042   557.2
0.0945       -4182.6658   -4183.1987       0.5329   588.9
0.0950       -4182.6563   -4183.1998       0.5435   600.6
0.0955       -4182.6333   -4183.1978       0.5645   623.9
0.0960       -4182.6585   -4183.1936       0.5351   591.4
0.0965       -4182.6564   -4183.1893       0.5328   588.9
0.0970       -4182.6583   -4183.1852       0.5268   582.3
0.0975       -4182.6428   -4183.1823       0.5396   596.3
0.0980       -4182.6457   -4183.1813       0.5356   591.9
0.0985       -4182.6684   -4183.1820       0.5136   567.6
0.0990       -4182.6853   -4183.1836       0.4983   550.8
0.0995       -4182.6753   -4183.1880       0.5127   566.7
0.1000       -4182.6663   -4183.1988       0.5325   588.5
0.1005       -4182.6795   -4183.2171       0.5377   594.2
0.1010       -4182.6897   -4183.2417       0.5521   610.1
0.1015       -4182.6716   -4183.2716       0.5999   663.1
0.1020       -4182.6509   -4183.3051       0.6542   723.0
0.1025       -4182.6273   -4183.3413       0.7141   789.2
0.1030       -4182.6250   -4183.3771       0.7522   831.3
0.1035       -4182.6314   -4183.4100       0.7786   860.5
0.1040       -4182.6419   -4183.4363       0.7944   877.9
0.1045       -4182.6288   -4183.4567       0.8279   914.9
0.1050       -4182.6328   -4183.4694       0.8366   924.6
0.1055       -4182.6259   -4183.4776       0.8517   941.2
0.1060       -4182.6833   -4183.4822       0.7990   883.0
0.1065       -4182.7177   -4183.4856       0.7679   848.6
0.1070       -4182.7951   -4183.4905       0.6954   768.5
0.1075       -4182.8069   -4183.4977       0.6908   763.4
0.1080       -4182.8128   -4183.5053       0.6925   765.3
0.1085       -4182.7974   -4183.5094       0.7120   786.9
0.1090       -4182.8011   -4183.5131       0.7120   786.9
0.1095       -4182.8065   -4183.5176       0.7111   785.9
0.1100       -4182.7641   -4183.5234       0.7593   839.2
0.1105       -4182.7704   -4183.5291       0.7587   838.5
0.1110       -4182.7393   -4183.5321       0.7928   876.2
0.1115       -4182.7066   -4183.5344       0.8278   914.9
0.1120       -4182.6963   -4183.5379       0.8416   930.2
0.1125       -4182.7004   -4183.5469       0.8464   935.5
0.1130       -4182.7005   -4183.5618       0.8613   951.9
0.1135       -4182.7454   -4183.5807       0.8353   923.2
0.1140       -4182.7514   -4183.6019       0.8505   940.0
0.1145       -4182.7882   -4183.6218       0.8337   921.4
0.1150       -4182.7722   -4183.6410       0.8688   960.2
0.1155       -4182.7317   -4183.6564       0.9247  1022.0
0.1160       -4182.7432   -4183.6598       0.9166  1013.1
0.1165       -4182.7616   -4183.6508       0.8891   982.7
0.1170       -4182.7752   -4183.6337       0.8585   948.8
0.1175       -4182.8031   -4183.6127       0.8095   894.7
0.1180       -4182.8579   -4183.5939       0.7360   813.5
0.1185       -4182.8735   -4183.5810       0.7075   781.9
0.1190       -4182.8771   -4183.5720       0.6949   768.0
0.1195       -4182.8571   -4183.5692       0.7122   787.1
0.1200       -4182.8616   -4183.5662       0.7046   778.7
0.1205       -4182.8427   -4183.5537       0.7109   785.7
0.1210       -4182.8583   -4183.5272       0.6689   739.3
0.1215       -4182.8316   -4183.4864       0.6548   723.6
0.1220       -4182.8022   -4183.4324       0.6302   696.5
0.1225       -4182.8425   -4183.3728       0.5303   586.1
0.1230       -4182.8629   -4183.3174       0.4545   502.3
0.1235       -4182.8611   -4183.2705       0.4094   452.5
0.1240       -4182.8634   -4183.2358       0.3724   411.6
0.1245       -4182.8545   -4183.2147       0.3602   398.1
0.1250       -4182.8429   -4183.2005       0.3575   395.1
0.1255       -4182.8389   -4183.1907       0.3518   388.8
0.1260       -4182.8513   -4183.1813       0.3300   364.7
0.1265       -4182.8568   -4183.1733       0.3165   349.8
0.1270       -4182.8810   -4183.1643       0.2833   313.1
0.1275       -4182.8846   -4183.1522       0.2676   295.8
0.1280       -4182.8852   -4183.1383       0.2530   279.6
0.1285       -4182.8555   -4183.1259       0.2704   298.9
0.1290       -4182.8596   -4183.1178       0.2582   285.3
0.1295       -4182.8462   -4183.1170       0.2708   299.3
0.1300       -4182.8475   -4183.1230       0.2755   304.5
0.1305       -4182.8441   -4183.1394       0.2952   326.3
0.1310       -4182.8614   -4183.1628       0.3014   333.1
0.1315       -4182.8579   -4183.1847       0.3268   361.2
0.1320       -4182.8504   -4183.2027       0.3523   389.3
0.1325       -4182.8597   -4183.2122       0.3524   389.5
0.1330       -4182.8620   -4183.2112       0.3493   386.0
0.1335       -4182.8501   -4183.2023       0.3522   389.3
0.1340       -4182.8765   -4183.1904       0.3139   346.9
0.1345       -4182.8802   -4183.1831       0.3029   334.8
0.1350       -4182.9048   -4183.1823       0.2775   306.7
0.1355       -4182.9161   -4183.1872       0.2711   299.6
0.1360       -4182.8997   -4183.2001       0.3004   331.9
0.1365       -4182.8914   -4183.2207       0.3294   364.0
0.1370       -4182.8740   -4183.2463       0.3723   411.5
0.1375       -4182.8692   -4183.2740       0.4048   447.4
0.1380       -4182.8748   -4183.2968       0.4220   466.4
0.1385       -4182.8430   -4183.3095       0.4664   515.5
0.1390       -4182.8321   -4183.3092       0.4771   527.3
0.1395       -4182.8360   -4183.2957       0.4598   508.1
0.1400       -4182.8037   -4183.2728       0.4691   518.4
0.1405       -4182.7901   -4183.2489       0.4588   507.1
0.1410       -4182.8302   -4183.2323       0.4021   444.4
0.1415       -4182.8629   -4183.2333       0.3705   409.4
0.1420       -4182.8372   -4183.2573       0.4201   464.3
0.1425       -4182.8284   -4183.2981       0.4697   519.2
0.1430       -4182.8498   -4183.3468       0.4970   549.3
0.1435       -4182.8630   -4183.3908       0.5278   583.3
0.1440       -4182.8473   -4183.4244       0.5771   637.8
0.1445       -4182.8399   -4183.4438       0.6039   667.5
0.1450       -4182.8297   -4183.4509       0.6212   686.5
0.1455       -4182.8513   -4183.4469       0.5956   658.3
0.1460       -4182.8487   -4183.4409       0.5922   654.5
0.1465       -4182.8488   -4183.4415       0.5927   655.0
0.1470       -4182.8486   -4183.4514       0.6028   666.2
0.1475       -4182.8346   -4183.4735       0.6389   706.1
0.1480       -4182.8420   -4183.5054       0.6634   733.2
0.1485       -4182.8487   -4183.5397       0.6911   763.8
0.1490       -4182.8147   -4183.5709       0.7562   835.8
0.1495       -4182.8308   -4183.5944       0.7636   843.9
0.1500       -4182.8575   -4183.6060       0.7485   827.2
0.1505       -4182.8645   -4183.6077       0.7432   821.4
0.1510       -4182.8785   -4183.6021       0.7236   799.7
0.1515       -4182.8978   -4183.5952       0.6974   770.8
0.1520       -4182.8904   -4183.5921       0.7016   775.4
0.1525       -4182.9092   -4183.5984       0.6893   761.8
0.1530       -4182.9439   -4183.6140       0.6701   740.6
0.1535       -4182.9527   -4183.6346       0.6819   753.6
0.1540       -4182.9434   -4183.6587       0.7153   790.6
0.1545       -4182.9193   -4183.6805       0.7612   841.3
0.1550       -4182.9313   -4183.6945       0.7632   843.4
0.1555       -4182.9363   -4183.6979       0.7616   841.7
0.1560       -4182.9032   -4183.6881       0.7850   867.5
0.1565       -4182.9126   -4183.6687       0.7561   835.6
0.1570       -4182.9356   -4183.6473       0.7117   786.6
0.1575       -4182.9224   -4183.6289       0.7065   780.8
0.1580       -4182.9632   -4183.6165       0.6533   722.0
0.1585       -4182.9904   -4183.6129       0.6226   688.1
0.1590       -4183.0033   -4183.6141       0.6107   675.0
0.1595       -4182.9994   -4183.6121       0.6126   677.1
0.1600       -4183.0111   -4183.6027       0.5916   653.8
0.1605       -4183.0246   -4183.5779       0.5533   611.5
0.1610       -4182.9890   -4183.5424       0.5535   611.7
0.1615       -4182.9658   -4183.4953       0.5295   585.2
0.1620       -4182.9751   -4183.4440       0.4689   518.2
0.1625       -4182.9969   -4183.4022       0.4052   447.9
0.1630       -4182.9884   -4183.3768       0.3884   429.2
0.1635       -4183.0039   -4183.3696       0.3657   404.2
0.1640       -4183.0209   -4183.3803       0.3594   397.2
0.1645       -4183.0486   -4183.4076       0.3590   396.8
0.1650       -4183.0606   -4183.4435       0.3829   423.2
0.1655       -4183.0337   -4183.4794       0.4457   492.6
0.1660       -4183.0139   -4183.5056       0.4917   543.4
0.1665       -4183.0357   -4183.5152       0.4795   529.9
0.1670       -4183.0117   -4183.5063       0.4946   546.7
0.1675       -4183.0236   -4183.4841       0.4605   508.9
0.1680       -4183.0514   -4183.4565       0.4051   447.7
0.1685       -4183.0353   -4183.4324       0.3971   438.8
0.1690       -4183.0351   -4183.4155       0.3804   420.4
0.1695       -4183.0479   -4183.4050       0.3571   394.7
0.1700       -4183.0546   -4183.3984       0.3438   380.0
0.1705       -4183.0641   -4183.3923       0.3281   362.7
0.1710       -4183.0732   -4183.3856       0.3124   345.3
0.1715       -4183.0630   -4183.3777       0.3147   347.8
0.1720       -4183.0715   -4183.3737       0.3022   334.0
0.1725       -4183.0724   -4183.3694       0.2971   328.3
0.1730       -4183.0462   -4183.3684       0.3223   356.2
0.1735       -4183.0649   -4183.3660       0.3012   332.9
0.1740       -4183.0678   -4183.3620       0.2942   325.2
0.1745       -4183.0707   -4183.3587       0.2880   318.3
0.1750       -4183.0768   -4183.3636       0.2868   317.0
0.1755       -4183.0743   -4183.3836       0.3093   341.8
0.1760       -4183.0602   -4183.4238       0.3637   401.9
0.1765       -4183.0291   -4183.4750       0.4459   492.8
0.1770       -4183.0249   -4183.5281       0.5032   556.1
0.1775       -4183.0126   -4183.5717       0.5591   617.9
0.1780       -4183.0010   -4183.6007       0.5997   662.8
0.1785       -4183.0139   -4183.6131       0.5992   662.2
0.1790       -4183.0449   -4183.6109       0.5659   625.4
0.1795       -4183.0384   -4183.6026       0.5643   623.6
0.1800       -4183.0107   -4183.5971       0.5864   648.1
0.1805       -4183.0503   -4183.5969       0.5466   604.1
0.1810       -4183.0473   -4183.6013       0.5540   612.3
0.1815       -4183.0265   -4183.6067       0.5802   641.2
0.1820       -4183.0317   -4183.6080       0.5763   636.9
0.1825       -4183.0126   -4183.6074       0.5948   657.4
0.1830       -4182.9792   -4183.6054       0.6262   692.1
0.1835       -4182.9846   -4183.6061       0.6216   687.0
0.1840       -4182.9782   -4183.6102       0.6320   698.5
0.1845       -4182.9939   -4183.6122       0.6183   683.4
0.1850       -4183.0098   -4183.6095       0.5997   662.8
0.1855       -4183.0258   -4183.6026       0.5769   637.6
0.1860       -4183.0177   -4183.5925       0.5748   635.2
0.1865       -4183.0524   -4183.5829       0.5305   586.3
0.1870       -4183.0686   -4183.5836       0.5150   569.2
0.1875       -4183.0752   -4183.5951       0.5199   574.6
0.1880       -4183.0856   -4183.6118       0.5262   581.5
0.1885       -4183.0965   -4183.6283       0.5318   587.7
0.1890       -4183.0954   -4183.6418       0.5464   603.9
0.1895       -4183.0714   -4183.6488       0.5775   638.2
0.1900       -4183.0093   -4183.6531       0.6437   711.4
0.1905       -4182.9810   -4183.6568       0.6759   747.0
0.1910       -4182.9517   -4183.6576       0.7059   780.2
0.1915       -4182.9778   -4183.6509       0.6731   743.9
0.1920       -4182.9878   -4183.6377       0.6499   718.3
0.1925       -4182.9832   -4183.6203       0.6371   704.1
0.1930       -4182.9877   -4183.5982       0.6106   674.8
0.1935       -4182.9522   -4183.5735       0.6213   686.7
0.1940       -4182.9507   -4183.5526       0.6019   665.2
0.1945       -4182.9734   -4183.5411       0.5677   627.5
0.1950       -4182.9760   -4183.5410       0.5650   624.5
0.1955       -4182.9740   -4183.5497       0.5758   636.3
0.1960       -4182.9792   -4183.5640       0.5848   646.3
0.1965       -4182.9821   -4183.5835       0.6013   664.6
0.1970       -4182.9793   -4183.6008       0.6215   686.9
0.1975       -4182.9644   -4183.6078       0.6434   711.1
0.1980       -4182.9897   -4183.6029       0.6132   677.7
0.1985       -4182.9954   -4183.5795       0.5841   645.6
0.1990       -4182.9759   -4183.5380       0.5620   621.2
0.1995       -4182.9760   -4183.4880       0.5120   565.8
0.2000       -4182.9918   -4183.4414       0.4496   496.9
0.2005       -4183.0075   -4183.4057       0.3982   440.0
0.2010       -4183.0164   -4183.3915       0.3751   414.6
0.2015       -4183.0281   -4183.4062       0.3781   417.8
0.2020       -4183.0431   -4183.4363       0.3931   434.5
0.2025       -4183.0474   -4183.4673       0.4199   464.0
0.2030       -4183.0444   -4183.4830       0.4386   484.8
0.2035       -4183.0383   -4183.4745       0.4362   482.1
0.2040       -4182.9845   -4183.4436       0.4591   507.4
0.2045       -4182.9650   -4183.3939       0.4289   474.0
0.2050       -4182.9772   -4183.3395       0.3623   400.5
0.2055       -4182.9831   -4183.2931       0.3099   342.5
0.2060       -4182.9811   -4183.2608       0.2797   309.2
0.2065       -4182.9791   -4183.2424       0.2633   291.0
0.2070       -4183.0035   -4183.2427       0.2391   264.3
0.2075       -4183.0040   -4183.2569       0.2529   279.5
0.2080       -4182.9790   -4183.2818       0.3029   334.7
0.2085       -4182.9763   -4183.3178       0.3416   377.5
0.2090       -4182.9870   -4183.3568       0.3697   408.6
0.2095       -4182.9985   -4183.3982       0.3997   441.8
0.2100       -4183.0237   -4183.4321       0.4084   451.4
0.2105       -4183.0603   -4183.4526       0.3923   433.6
0.2110       -4183.0639   -4183.4604       0.3964   438.2
0.2115       -4183.0267   -4183.4584       0.4317   477.1
0.2120       -4183.0021   -4183.4504       0.4482   495.4
0.2125       -4182.9816   -4183.4435       0.4619   510.5
0.2130       -4182.9481   -4183.4496       0.5015   554.3
0.2135       -4182.9450   -4183.4713       0.5263   581.6
0.2140       -4182.9712   -4183.5132       0.5419   598.9
0.2145       -4182.9873   -4183.5639       0.5766   637.3
0.2150       -4182.9690   -4183.6112       0.6422   709.7
0.2155       -4182.9918   -4183.6441       0.6524   721.0
0.2160       -4182.9553   -4183.6535       0.6982   771.6
0.2165       -4182.9408   -4183.6404       0.6996   773.2
0.2170       -4182.9327   -4183.6118       0.6790   750.4
0.2175       -4182.9489   -4183.5723       0.6234   689.0
0.2180       -4182.9695   -4183.5294       0.5598   618.7
0.2185       -4182.9655   -4183.4893       0.5238   578.9
0.2190       -4182.9577   -4183.4595       0.5018   554.6
0.2195       -4182.9420   -4183.4416       0.4996   552.2
0.2200       -4182.8954   -4183.4375       0.5420   599.1
0.2205       -4182.9078   -4183.4455       0.5377   594.3
0.2210       -4182.9220   -4183.4625       0.5405   597.4
0.2215       -4182.9136   -4183.4885       0.5749   635.3
0.2220       -4182.9123   -4183.5136       0.6013   664.6
0.2225       -4182.9157   -4183.5318       0.6160   680.8
0.2230       -4182.9073   -4183.5387       0.6314   697.8
0.2235       -4182.8937   -4183.5328       0.6392   706.4
0.2240       -4182.8814   -4183.5121       0.6307   697.0
0.2245       -4182.8976   -4183.4824       0.5848   646.3
0.2250       -4182.9084   -4183.4535       0.5451   602.5
0.2255       -4182.8674   -4183.4392       0.5717   631.9
0.2260       -4182.8708   -4183.4381       0.5673   627.0
0.2265       -4182.9070   -4183.4468       0.5398   596.5
0.2270       -4182.8972   -4183.4586       0.5614   620.5
0.2275       -4182.9354   -4183.4694       0.5340   590.1
0.2280       -4182.9640   -4183.4745       0.5105   564.3
0.2285       -4182.9666   -4183.4734       0.5068   560.2
0.2290       -4182.9892   -4183.4647       0.4755   525.5
0.2295       -4182.9800   -4183.4520       0.4720   521.6
0.2300       -4182.9695   -4183.4347       0.4652   514.2
0.2305       -4182.9670   -4183.4199       0.4529   500.6
0.2310       -4182.9745   -4183.4107       0.4362   482.1
0.2315       -4182.9599   -4183.4096       0.4497   497.0
0.2320       -4182.9721   -4183.4228       0.4506   498.0
0.2325       -4182.9987   -4183.4486       0.4499   497.2
0.2330       -4183.0077   -4183.4869       0.4792   529.6
0.2335       -4183.0028   -4183.5308       0.5280   583.5
0.2340       -4183.0225   -4183.5724       0.5499   607.8
0.2345       -4182.9907   -4183.6048       0.6141   678.7
0.2350       -4183.0225   -4183.6210       0.5985   661.4
0.2355       -4182.9921   -4183.6188       0.6266   692.5
0.2360       -4182.9917   -4183.6023       0.6106   674.8
0.2365       -4183.0035   -4183.5767       0.5732   633.5
0.2370       -4183.0362   -4183.5509       0.5148   568.9
0.2375       -4183.0076   -4183.5286       0.5210   575.9
0.2380       -4183.0426   -4183.5129       0.4703   519.8
0.2385       -4183.0494   -4183.5061       0.4567   504.7
0.2390       -4183.0657   -4183.5021       0.4363   482.2
0.2395       -4183.0667   -4183.4951       0.4284   473.5
0.2400       -4183.0734   -4183.4821       0.4087   451.7
0.2405       -4183.0799   -4183.4674       0.3875   428.3
0.2410       -4183.0733   -4183.4529       0.3795   419.4
0.2415       -4183.0892   -4183.4379       0.3487   385.4
0.2420       -4183.0865   -4183.4251       0.3386   374.2
0.2425       -4183.0572   -4183.4143       0.3570   394.6
0.2430       -4183.0631   -4183.4073       0.3442   380.4
0.2435       -4183.0556   -4183.4082       0.3526   389.7
0.2440       -4183.0608   -4183.4153       0.3544   391.7
0.2445       -4183.0915   -4183.4318       0.3404   376.2
0.2450       -4183.0800   -4183.4523       0.3723   411.4
0.2455       -4183.0676   -4183.4707       0.4031   445.5
0.2460       -4183.0673   -4183.4833       0.4160   459.7
0.2465       -4183.0772   -4183.4922       0.4151   458.7
0.2470       -4183.1007   -4183.5000       0.3993   441.3
0.2475       -4183.0883   -4183.5130       0.4246   469.3
0.2480       -4183.0645   -4183.5280       0.4635   512.3
0.2485       -4183.0753   -4183.5409       0.4656   514.5
0.2490       -4183.1081   -4183.5476       0.4394   485.7
0.2495       -4183.1105   -4183.5434       0.4329   478.4
0.2500       -4183.1222   -4183.5340       0.4117   455.0
