Time[ps]      Etot[eV]     Epot[eV]     Ekin[eV]    T[K]
0.0000      -24729.1807  -24729.1807       0.0000     0.0
0.0005      -24729.1681  -24729.1921       0.0240     6.2
0.0010      -24729.1592  -24729.2255       0.0663    17.1
0.0015      -24729.1395  -24729.2828       0.1432    36.9
0.0020      -24729.1314  -24729.3466       0.2152    55.5
0.0025      -24729.1260  -24729.3619       0.2359    60.8
0.0030      -24729.1364  -24729.2906       0.1543    39.8
0.0035      -24729.1252  -24729.2088       0.0836    21.6
0.0040      -24729.1123  -24729.1998       0.0876    22.6
0.0045      -24729.1080  -24729.2707       0.1627    42.0
0.0050      -24729.1038  -24729.3563       0.2525    65.1
0.0055      -24729.0933  -24729.3794       0.2861    73.8
0.0060      -24729.0744  -24729.3468       0.2723    70.2
0.0065      -24729.0626  -24729.3155       0.2529    65.2
0.0070      -24729.0834  -24729.3200       0.2365    61.0
0.0075      -24729.0845  -24729.3594       0.2749    70.9
0.0080      -24729.0841  -24729.4097       0.3256    84.0
0.0085      -24729.0809  -24729.4203       0.3394    87.5
0.0090      -24729.0519  -24729.3890       0.3370    86.9
0.0095      -24729.0330  -24729.4090       0.3761    97.0
0.0100      -24729.0662  -24729.4865       0.4204   108.4
0.0105      -24729.0701  -24729.4816       0.4114   106.1
0.0110      -24729.0515  -24729.3743       0.3228    83.2
0.0115      -24729.0334  -24729.2891       0.2557    65.9
0.0120      -24729.0405  -24729.3091       0.2686    69.3
0.0125      -24729.0429  -24729.4133       0.3704    95.5
0.0130      -24729.0355  -24729.4891       0.4536   117.0
0.0135      -24729.0107  -24729.4749       0.4642   119.7
0.0140      -24728.9897  -24729.4044       0.4147   106.9
0.0145      -24728.9628  -24729.3283       0.3656    94.3
0.0150      -24728.9474  -24729.2593       0.3119    80.4
0.0155      -24728.9540  -24729.1991       0.2450    63.2
0.0160      -24728.9472  -24729.1633       0.2161    55.7
0.0165      -24728.9424  -24729.1641       0.2216    57.2
0.0170      -24728.8976  -24729.1947       0.2971    76.6
0.0175      -24728.8816  -24729.2473       0.3657    94.3
0.0180      -24728.8478  -24729.3085       0.4608   118.8
0.0185      -24728.8401  -24729.3661       0.5260   135.6
0.0190      -24728.8418  -24729.3926       0.5508   142.0
0.0195      -24728.8575  -24729.3619       0.5044   130.1
0.0200      -24728.8670  -24729.2846       0.4176   107.7
0.0205      -24728.8730  -24729.2206       0.3476    89.6
0.0210      -24728.8523  -24729.2142       0.3619    93.3
0.0215      -24728.8712  -24729.2677       0.3965   102.3
0.0220      -24728.8747  -24729.3507       0.4760   122.7
0.0225      -24728.8851  -24729.3880       0.5028   129.7
0.0230      -24728.8789  -24729.3513       0.4724   121.8
0.0235      -24728.8672  -24729.2866       0.4194   108.2
0.0240      -24728.8508  -24729.2505       0.3997   103.1
0.0245      -24728.8224  -24729.2548       0.4324   111.5
0.0250      -24728.7799  -24729.2569       0.4770   123.0
0.0255      -24728.7710  -24729.2398       0.4688   120.9
0.0260      -24728.7800  -24729.2177       0.4377   112.9
0.0265      -24728.7850  -24729.2062       0.4212   108.6
0.0270      -24728.7763  -24729.1971       0.4208   108.5
0.0275      -24728.7509  -24729.1789       0.4280   110.4
0.0280      -24728.7325  -24729.1481       0.4156   107.2
0.0285      -24728.7261  -24729.1153       0.3892   100.4
0.0290      -24728.7093  -24729.1046       0.3953   101.9
0.0295      -24728.7147  -24729.1323       0.4177   107.7
0.0300      -24728.7267  -24729.1828       0.4561   117.6
0.0305      -24728.6948  -24729.2274       0.5326   137.4
0.0310      -24728.7176  -24729.2289       0.5113   131.9
0.0315      -24728.6989  -24729.1717       0.4728   121.9
0.0320      -24728.6815  -24729.1073       0.4258   109.8
0.0325      -24728.6806  -24729.1067       0.4261   109.9
0.0330      -24728.6612  -24729.1812       0.5200   134.1
0.0335      -24728.6279  -24729.2640       0.6361   164.0
0.0340      -24728.5878  -24729.2686       0.6808   175.6
0.0345      -24728.5970  -24729.1923       0.5954   153.5
0.0350      -24728.6026  -24729.0972       0.4946   127.5
0.0355      -24728.5979  -24729.0503       0.4524   116.7
0.0360      -24728.5790  -24729.0732       0.4942   127.4
0.0365      -24728.5612  -24729.1344       0.5732   147.8
0.0370      -24728.5490  -24729.1934       0.6444   166.2
0.0375      -24728.5520  -24729.2229       0.6709   173.0
0.0380      -24728.5338  -24729.2046       0.6708   173.0
0.0385      -24728.5204  -24729.1337       0.6133   158.2
0.0390      -24728.5007  -24729.0451       0.5444   140.4
0.0395      -24728.4840  -24728.9918       0.5078   130.9
0.0400      -24728.4671  -24729.0142       0.5470   141.1
0.0405      -24728.4638  -24729.0878       0.6240   160.9
0.0410      -24728.4428  -24729.1503       0.7076   182.5
0.0415      -24728.4399  -24729.1504       0.7105   183.2
0.0420      -24728.4612  -24729.0937       0.6324   163.1
0.0425      -24728.4392  -24729.0268       0.5876   151.5
0.0430      -24728.4573  -24728.9944       0.5372   138.5
0.0435      -24728.4549  -24729.0107       0.5557   143.3
0.0440      -24728.5004  -24729.0675       0.5671   146.2
0.0445      -24728.4768  -24729.1233       0.6464   166.7
0.0450      -24728.4728  -24729.1370       0.6642   171.3
0.0455      -24728.4764  -24729.0968       0.6204   160.0
0.0460      -24728.4776  -24729.0247       0.5471   141.1
0.0465      -24728.4643  -24728.9682       0.5039   129.9
0.0470      -24728.4402  -24728.9585       0.5183   133.7
0.0475      -24728.4323  -24728.9968       0.5644   145.6
0.0480      -24728.4190  -24729.0528       0.6338   163.4
0.0485      -24728.4157  -24729.0883       0.6726   173.5
0.0490      -24728.4143  -24729.1014       0.6872   177.2
0.0495      -24728.3936  -24729.1007       0.7070   182.3
0.0500      -24728.3781  -24729.0815       0.7034   181.4
0.0505      -24728.3900  -24729.0476       0.6576   169.6
0.0510      -24728.3691  -24729.0275       0.6585   169.8
0.0515      -24728.3510  -24729.0462       0.6952   179.3
0.0520      -24728.3591  -24729.1052       0.7461   192.4
0.0525      -24728.3529  -24729.1635       0.8106   209.0
0.0530      -24728.3622  -24729.1603       0.7982   205.8
0.0535      -24728.3258  -24729.0868       0.7611   196.3
0.0540      -24728.3088  -24729.0225       0.7137   184.1
0.0545      -24728.2990  -24729.0274       0.7284   187.8
0.0550      -24728.3319  -24729.0711       0.7391   190.6
0.0555      -24728.3245  -24729.0729       0.7484   193.0
0.0560      -24728.3443  -24729.0243       0.6799   175.3
0.0565      -24728.3048  -24728.9747       0.6700   172.8
0.0570      -24728.2964  -24728.9477       0.6513   168.0
0.0575      -24728.2871  -24728.9446       0.6575   169.6
0.0580      -24728.2793  -24728.9606       0.6814   175.7
0.0585      -24728.2582  -24728.9999       0.7417   191.3
0.0590      -24728.2401  -24729.0566       0.8165   210.6
0.0595      -24728.2472  -24729.1150       0.8677   223.8
0.0600      -24728.2233  -24729.1529       0.9295   239.7
0.0605      -24728.2035  -24729.1044       0.9009   232.3
0.0610      -24728.2147  -24728.9494       0.7347   189.5
0.0615      -24728.1846  -24728.8206       0.6360   164.0
0.0620      -24728.2094  -24728.8255       0.6160   158.9
0.0625      -24728.1874  -24728.9342       0.7469   192.6
0.0630      -24728.1940  -24729.0203       0.8263   213.1
0.0635      -24728.2026  -24729.0298       0.8272   213.3
0.0640      -24728.2260  -24729.0090       0.7830   201.9
0.0645      -24728.2581  -24728.9872       0.7292   188.0
0.0650      -24728.2786  -24728.9691       0.6905   178.1
0.0655      -24728.2539  -24728.9529       0.6990   180.2
0.0660      -24728.2830  -24728.9416       0.6586   169.8
0.0665      -24728.3002  -24728.9511       0.6510   167.9
0.0670      -24728.2860  -24728.9842       0.6982   180.0
0.0675      -24728.2817  -24729.0244       0.7428   191.5
0.0680      -24728.2582  -24729.0277       0.7695   198.4
0.0685      -24728.2708  -24728.9819       0.7111   183.4
0.0690      -24728.2305  -24728.9604       0.7299   188.2
0.0695      -24728.2077  -24729.0259       0.8182   211.0
0.0700      -24728.2007  -24729.1265       0.9259   238.8
0.0705      -24728.1972  -24729.1602       0.9630   248.3
0.0710      -24728.1830  -24729.1131       0.9301   239.8
0.0715      -24728.1705  -24729.0377       0.8673   223.7
0.0720      -24728.1684  -24728.9708       0.8024   206.9
0.0725      -24728.1877  -24728.9271       0.7394   190.7
0.0730      -24728.2006  -24728.9198       0.7192   185.5
0.0735      -24728.2303  -24728.9404       0.7101   183.1
0.0740      -24728.2442  -24728.9741       0.7299   188.2
0.0745      -24728.2477  -24729.0101       0.7624   196.6
0.0750      -24728.2439  -24729.0306       0.7867   202.9
0.0755      -24728.2345  -24729.0053       0.7708   198.8
0.0760      -24728.2279  -24728.9378       0.7099   183.1
0.0765      -24728.1784  -24728.8738       0.6954   179.3
0.0770      -24728.1593  -24728.8585       0.6992   180.3
0.0775      -24728.1717  -24728.8891       0.7174   185.0
0.0780      -24728.1796  -24728.9208       0.7412   191.1
0.0785      -24728.1309  -24728.9232       0.7922   204.3
0.0790      -24728.0869  -24728.9021       0.8152   210.2
0.0795      -24728.0692  -24728.8855       0.8163   210.5
0.0800      -24728.0548  -24728.8884       0.8337   215.0
0.0805      -24728.0423  -24728.9081       0.8658   223.3
0.0810      -24728.0020  -24728.9398       0.9378   241.8
0.0815      -24727.9874  -24728.9734       0.9860   254.3
0.0820      -24727.9697  -24728.9913       1.0216   263.4
0.0825      -24727.9634  -24728.9840       1.0205   263.2
0.0830      -24727.9486  -24728.9518       1.0032   258.7
0.0835      -24727.9236  -24728.9231       0.9995   257.7
0.0840      -24727.9500  -24728.9157       0.9657   249.0
0.0845      -24727.9384  -24728.9336       0.9952   256.6
0.0850      -24727.9600  -24728.9655       1.0055   259.3
0.0855      -24727.9613  -24728.9850       1.0237   264.0
0.0860      -24727.9415  -24728.9792       1.0377   267.6
0.0865      -24727.9375  -24728.9441       1.0066   259.6
0.0870      -24727.9783  -24728.8898       0.9115   235.1
0.0875      -24727.9286  -24728.8322       0.9036   233.0
0.0880      -24727.9193  -24728.7874       0.8682   223.9
0.0885      -24727.9453  -24728.7644       0.8191   211.2
0.0890      -24727.9498  -24728.7633       0.8135   209.8
0.0895      -24727.9143  -24728.7806       0.8663   223.4
0.0900      -24727.9013  -24728.7931       0.8918   230.0
0.0905      -24727.9157  -24728.8022       0.8865   228.6
0.0910      -24727.9135  -24728.8249       0.9114   235.0
0.0915      -24727.9032  -24728.8681       0.9649   248.8
0.0920      -24727.9156  -24728.9101       0.9945   256.4
0.0925      -24727.9314  -24728.9177       0.9862   254.3
0.0930      -24727.9488  -24728.8910       0.9422   243.0
0.0935      -24727.9563  -24728.8557       0.8994   231.9
0.0940      -24727.9537  -24728.8328       0.8791   226.7
0.0945      -24727.9533  -24728.8294       0.8761   225.9
0.0950      -24727.9121  -24728.8466       0.9345   241.0
0.0955      -24727.9097  -24728.8825       0.9727   250.8
0.0960      -24727.8900  -24728.9347       1.0448   269.4
0.0965      -24727.8604  -24728.9872       1.1268   290.6
0.0970      -24727.8853  -24729.0252       1.1399   294.0
0.0975      -24727.9173  -24729.0271       1.1097   286.2
0.0980      -24727.8920  -24728.9861       1.0941   282.1
0.0985      -24727.9175  -24728.9130       0.9955   256.7
0.0990      -24727.9127  -24728.8422       0.9295   239.7
0.0995      -24727.8689  -24728.8012       0.9324   240.4
0.1000      -24727.8515  -24728.7858       0.9343   240.9
0.1005      -24727.8156  -24728.7929       0.9773   252.0
0.1010      -24727.7701  -24728.8148       1.0448   269.4
0.1015      -24727.7367  -24728.8427       1.1060   285.2
0.1020      -24727.7518  -24728.8573       1.1055   285.1
0.1025      -24727.7694  -24728.8540       1.0846   279.7
0.1030      -24727.7503  -24728.8264       1.0762   277.5
0.1035      -24727.7338  -24728.7813       1.0476   270.1
0.1040      -24727.7673  -24728.7314       0.9641   248.6
0.1045      -24727.7706  -24728.6928       0.9222   237.8
0.1050      -24727.7642  -24728.6775       0.9134   235.5
0.1055      -24727.7463  -24728.6845       0.9382   241.9
0.1060      -24727.7511  -24728.7114       0.9604   247.7
0.1065      -24727.7336  -24728.7498       1.0162   262.1
0.1070      -24727.7640  -24728.7883       1.0243   264.1
0.1075      -24727.7647  -24728.8152       1.0505   270.9
0.1080      -24727.7516  -24728.8297       1.0782   278.0
0.1085      -24727.7579  -24728.8340       1.0761   277.5
0.1090      -24727.7311  -24728.8326       1.1016   284.1
0.1095      -24727.7363  -24728.8270       1.0906   281.3
0.1100      -24727.7610  -24728.8244       1.0633   274.2
0.1105      -24727.7355  -24728.8305       1.0950   282.4
0.1110      -24727.7606  -24728.8337       1.0731   276.7
0.1115      -24727.7445  -24728.8256       1.0810   278.8
0.1120      -24727.7890  -24728.8033       1.0143   261.6
0.1125      -24727.7734  -24728.7657       0.9924   255.9
0.1130      -24727.7888  -24728.7182       0.9295   239.7
0.1135      -24727.7897  -24728.6687       0.8790   226.7
0.1140      -24727.7799  -24728.6240       0.8441   217.7
0.1145      -24727.7864  -24728.6007       0.8144   210.0
0.1150      -24727.7737  -24728.5953       0.8215   211.9
0.1155      -24727.7866  -24728.6084       0.8218   211.9
0.1160      -24727.7939  -24728.6382       0.8443   217.7
0.1165      -24727.8011  -24728.6810       0.8799   226.9
0.1170      -24727.7733  -24728.7227       0.9494   244.8
0.1175      -24727.7956  -24728.7559       0.9603   247.6
0.1180      -24727.7676  -24728.7685       1.0010   258.1
0.1185      -24727.7312  -24728.7526       1.0214   263.4
0.1190      -24727.7443  -24728.7127       0.9685   249.7
0.1195      -24727.7520  -24728.6601       0.9082   234.2
0.1200      -24727.7445  -24728.6177       0.8731   225.2
0.1205      -24727.7564  -24728.6026       0.8462   218.2
0.1210      -24727.7558  -24728.6190       0.8632   222.6
0.1215      -24727.7322  -24728.6600       0.9278   239.3
0.1220      -24727.7296  -24728.7078       0.9783   252.3
0.1225      -24727.7097  -24728.7465       1.0368   267.4
0.1230      -24727.6825  -24728.7589       1.0764   277.6
0.1235      -24727.6281  -24728.7373       1.1092   286.1
0.1240      -24727.7001  -24728.6950       0.9949   256.6
0.1245      -24727.6880  -24728.6518       0.9638   248.5
0.1250      -24727.6634  -24728.6122       0.9488   244.7
0.1255      -24727.6768  -24728.5839       0.9072   233.9
0.1260      -24727.6523  -24728.5706       0.9182   236.8
0.1265      -24727.5979  -24728.5678       0.9699   250.1
0.1270      -24727.5875  -24728.5753       0.9878   254.7
0.1275      -24727.5316  -24728.5936       1.0621   273.9
0.1280      -24727.5304  -24728.6235       1.0930   281.9
0.1285      -24727.5433  -24728.6600       1.1166   288.0
0.1290      -24727.5338  -24728.6894       1.1556   298.0
0.1295      -24727.4922  -24728.6908       1.1987   309.1
0.1300      -24727.4796  -24728.6579       1.1783   303.9
0.1305      -24727.4946  -24728.6004       1.1057   285.1
0.1310      -24727.4855  -24728.5356       1.0501   270.8
0.1315      -24727.4677  -24728.4960       1.0283   265.2
0.1320      -24727.4751  -24728.4935       1.0184   262.6
0.1325      -24727.5013  -24728.5325       1.0311   265.9
0.1330      -24727.4853  -24728.5991       1.1139   287.2
0.1335      -24727.4834  -24728.6734       1.1900   306.9
0.1340      -24727.4199  -24728.7205       1.3006   335.4
0.1345      -24727.4216  -24728.7228       1.3012   335.6
0.1350      -24727.4429  -24728.6784       1.2355   318.6
0.1355      -24727.4123  -24728.6052       1.1929   307.6
0.1360      -24727.4149  -24728.5256       1.1108   286.4
0.1365      -24727.3774  -24728.4618       1.0844   279.6
0.1370      -24727.3480  -24728.4286       1.0807   278.7
0.1375      -24727.2933  -24728.4298       1.1365   293.1
0.1380      -24727.3013  -24728.4512       1.1499   296.5
0.1385      -24727.3142  -24728.4847       1.1705   301.8
0.1390      -24727.3229  -24728.5217       1.1989   309.2
0.1395      -24727.3307  -24728.5565       1.2258   316.1
0.1400      -24727.2893  -24728.5730       1.2838   331.1
0.1405      -24727.3123  -24728.5689       1.2566   324.1
0.1410      -24727.3348  -24728.5349       1.2001   309.5
0.1415      -24727.2837  -24728.4793       1.1956   308.3
0.1420      -24727.2812  -24728.4136       1.1324   292.0
0.1425      -24727.2906  -24728.3570       1.0664   275.0
0.1430      -24727.3102  -24728.3301       1.0199   263.0
0.1435      -24727.2888  -24728.3497       1.0609   273.6
0.1440      -24727.2634  -24728.4113       1.1478   296.0
0.1445      -24727.2829  -24728.4879       1.2050   310.7
0.1450      -24727.3180  -24728.5542       1.2362   318.8
0.1455      -24727.2894  -24728.5945       1.3051   336.6
0.1460      -24727.2818  -24728.5968       1.3150   339.1
0.1465      -24727.2774  -24728.5596       1.2822   330.7
0.1470      -24727.3190  -24728.4933       1.1743   302.8
0.1475      -24727.2576  -24728.4119       1.1543   297.7
0.1480      -24727.2218  -24728.3384       1.1167   288.0
0.1485      -24727.2281  -24728.2914       1.0632   274.2
0.1490      -24727.2371  -24728.2863       1.0492   270.6
0.1495      -24727.2603  -24728.3213       1.0610   273.6
0.1500      -24727.2582  -24728.3808       1.1226   289.5
0.1505      -24727.2687  -24728.4471       1.1784   303.9
0.1510      -24727.2320  -24728.5020       1.2700   327.5
0.1515      -24727.2193  -24728.5325       1.3133   338.7
0.1520      -24727.2265  -24728.5339       1.3074   337.1
0.1525      -24727.2502  -24728.5112       1.2610   325.2
0.1530      -24727.2844  -24728.4787       1.1942   308.0
0.1535      -24727.2519  -24728.4611       1.2092   311.8
0.1540      -24727.2364  -24728.4659       1.2295   317.1
0.1545      -24727.2585  -24728.4944       1.2359   318.7
0.1550      -24727.2407  -24728.5374       1.2967   334.4
0.1555      -24727.2219  -24728.5807       1.3588   350.4
0.1560      -24727.2575  -24728.6170       1.3595   350.6
0.1565      -24727.2916  -24728.6510       1.3594   350.6
0.1570      -24727.3273  -24728.6852       1.3579   350.2
0.1575      -24727.3243  -24728.7178       1.3936   359.4
0.1580      -24727.2982  -24728.7384       1.4402   371.4
0.1585      -24727.3194  -24728.7373       1.4179   365.6
0.1590      -24727.3032  -24728.7182       1.4149   364.9
0.1595      -24727.2628  -24728.6887       1.4259   367.7
0.1600      -24727.2900  -24728.6543       1.3643   351.8
0.1605      -24727.3293  -24728.6279       1.2985   334.9
0.1610      -24727.3496  -24728.6142       1.2646   326.1
0.1615      -24727.3146  -24728.6172       1.3027   335.9
0.1620      -24727.3408  -24728.6268       1.2860   331.6
0.1625      -24727.3893  -24728.6417       1.2524   323.0
0.1630      -24727.4319  -24728.6473       1.2153   313.4
0.1635      -24727.4191  -24728.6371       1.2181   314.1
0.1640      -24727.4306  -24728.6104       1.1797   304.2
0.1645      -24727.4338  -24728.5740       1.1402   294.0
0.1650      -24727.4493  -24728.5365       1.0872   280.4
0.1655      -24727.4434  -24728.5036       1.0602   273.4
0.1660      -24727.4495  -24728.4693       1.0199   263.0
0.1665      -24727.4344  -24728.4330       0.9986   257.5
0.1670      -24727.3471  -24728.3977       1.0506   270.9
0.1675      -24727.3869  -24728.3700       0.9831   253.5
0.1680      -24727.3642  -24728.3598       0.9955   256.7
0.1685      -24727.3312  -24728.3652       1.0341   266.7
0.1690      -24727.3425  -24728.3853       1.0428   268.9
0.1695      -24727.3384  -24728.4127       1.0744   277.1
0.1700      -24727.3781  -24728.4464       1.0683   275.5
0.1705      -24727.3546  -24728.4776       1.1230   289.6
0.1710      -24727.3375  -24728.4999       1.1624   299.8
0.1715      -24727.3639  -24728.5059       1.1419   294.5
0.1720      -24727.3523  -24728.4985       1.1463   295.6
0.1725      -24727.3664  -24728.4856       1.1192   288.6
0.1730      -24727.3581  -24728.4759       1.1178   288.3
0.1735      -24727.3616  -24728.4745       1.1129   287.0
0.1740      -24727.3689  -24728.4940       1.1250   290.1
0.1745      -24727.3561  -24728.5346       1.1786   303.9
0.1750      -24727.3522  -24728.5823       1.2301   317.2
0.1755      -24727.3202  -24728.6183       1.2981   334.7
0.1760      -24727.3151  -24728.6330       1.3178   339.8
0.1765      -24727.2819  -24728.6198       1.3379   345.0
0.1770      -24727.2374  -24728.5779       1.3405   345.7
0.1775      -24727.2193  -24728.5183       1.2990   335.0
0.1780      -24727.1991  -24728.4519       1.2528   323.1
0.1785      -24727.1927  -24728.3968       1.2041   310.5
0.1790      -24727.2204  -24728.3642       1.1438   295.0
0.1795      -24727.2082  -24728.3588       1.1507   296.7
0.1800      -24727.2026  -24728.3832       1.1806   304.5
0.1805      -24727.1645  -24728.4274       1.2629   325.7
0.1810      -24727.1863  -24728.4706       1.2843   331.2
0.1815      -24727.1822  -24728.4975       1.3152   339.2
0.1820      -24727.1666  -24728.4963       1.3297   342.9
0.1825      -24727.1887  -24728.4665       1.2778   329.5
0.1830      -24727.2031  -24728.4236       1.2205   314.7
0.1835      -24727.1596  -24728.3906       1.2310   317.5
0.1840      -24727.1225  -24728.3767       1.2542   323.4
0.1845      -24727.1023  -24728.3904       1.2881   332.2
0.1850      -24727.1249  -24728.4323       1.3073   337.1
0.1855      -24727.0985  -24728.4965       1.3980   360.5
0.1860      -24727.0838  -24728.5552       1.4715   379.5
0.1865      -24727.1377  -24728.5932       1.4555   375.3
0.1870      -24727.2160  -24728.6061       1.3901   358.5
0.1875      -24727.1924  -24728.5984       1.4060   362.6
0.1880      -24727.1750  -24728.5750       1.4000   361.0
0.1885      -24727.1650  -24728.5405       1.3755   354.7
0.1890      -24727.1649  -24728.5004       1.3356   344.4
0.1895      -24727.1613  -24728.4585       1.2972   334.5
0.1900      -24727.1824  -24728.4208       1.2384   319.4
0.1905      -24727.1852  -24728.3874       1.2022   310.0
0.1910      -24727.1843  -24728.3639       1.1796   304.2
0.1915      -24727.2011  -24728.3545       1.1535   297.5
0.1920      -24727.1269  -24728.3562       1.2293   317.0
0.1925      -24727.1139  -24728.3634       1.2494   322.2
0.1930      -24727.0924  -24728.3666       1.2741   328.6
0.1935      -24727.1180  -24728.3653       1.2473   321.6
0.1940      -24727.1736  -24728.3508       1.1773   303.6
0.1945      -24727.1704  -24728.3275       1.1571   298.4
0.1950      -24727.1561  -24728.2985       1.1424   294.6
0.1955      -24727.1754  -24728.2678       1.0924   281.7
0.1960      -24727.1973  -24728.2516       1.0543   271.9
0.1965      -24727.2269  -24728.2571       1.0302   265.7
0.1970      -24727.2030  -24728.2886       1.0856   279.9
0.1975      -24727.1937  -24728.3400       1.1462   295.6
0.1980      -24727.2028  -24728.4048       1.2020   310.0
0.1985      -24727.1748  -24728.4678       1.2930   333.4
0.1990      -24727.1497  -24728.5106       1.3609   350.9
0.1995      -24727.1205  -24728.5276       1.4071   362.9
0.2000      -24727.1639  -24728.5196       1.3557   349.6
0.2005      -24727.1242  -24728.4977       1.3735   354.2
0.2010      -24727.1523  -24728.4652       1.3129   338.6
0.2015      -24727.1758  -24728.4329       1.2570   324.2
0.2020      -24727.1641  -24728.4286       1.2644   326.1
0.2025      -24727.1207  -24728.4514       1.3307   343.2
0.2030      -24727.0979  -24728.4876       1.3897   358.4
0.2035      -24727.0939  -24728.5225       1.4286   368.4
0.2040      -24727.1086  -24728.5388       1.4302   368.8
0.2045      -24727.1472  -24728.5313       1.3841   356.9
0.2050      -24727.1588  -24728.4994       1.3406   345.7
0.2055      -24727.1317  -24728.4501       1.3184   340.0
0.2060      -24727.1094  -24728.3870       1.2776   329.5
0.2065      -24727.0921  -24728.3232       1.2311   317.5
0.2070      -24727.0756  -24728.2678       1.1921   307.4
0.2075      -24727.0592  -24728.2275       1.1683   301.3
0.2080      -24727.0149  -24728.2054       1.1905   307.0
0.2085      -24727.0527  -24728.1984       1.1457   295.5
0.2090      -24727.0396  -24728.2093       1.1697   301.6
0.2095      -24727.0373  -24728.2249       1.1875   306.2
0.2100      -24727.0022  -24728.2309       1.2287   316.8
0.2105      -24727.0173  -24728.2175       1.2002   309.5
0.2110      -24727.0276  -24728.1857       1.1581   298.7
0.2115      -24727.0811  -24728.1366       1.0555   272.2
0.2120      -24727.0515  -24728.0880       1.0364   267.3
0.2125      -24727.0568  -24728.0512       0.9944   256.4
0.2130      -24727.0592  -24728.0394       0.9801   252.8
0.2135      -24727.0535  -24728.0559       1.0024   258.5
0.2140      -24727.1080  -24728.0983       0.9903   255.4
0.2145      -24727.1376  -24728.1591       1.0215   263.4
0.2150      -24727.1145  -24728.2259       1.1114   286.6
0.2155      -24727.0769  -24728.2829       1.2060   311.0
0.2160      -24727.0408  -24728.3250       1.2842   331.2
0.2165      -24727.0484  -24728.3442       1.2958   334.2
0.2170      -24727.0346  -24728.3423       1.3077   337.2
0.2175      -24727.0743  -24728.3286       1.2543   323.4
0.2180      -24727.0760  -24728.3152       1.2392   319.6
0.2185      -24727.0938  -24728.3103       1.2164   313.7
0.2190      -24727.0848  -24728.3267       1.2420   320.3
0.2195      -24727.0636  -24728.3635       1.2999   335.2
0.2200      -24727.0646  -24728.4217       1.3572   350.0
0.2205      -24727.0817  -24728.4887       1.4069   362.8
0.2210      -24727.1050  -24728.5493       1.4442   372.4
0.2215      -24727.1294  -24728.5885       1.4591   376.3
0.2220      -24727.1462  -24728.5969       1.4507   374.1
0.2225      -24727.1485  -24728.5737       1.4252   367.5
0.2230      -24727.1604  -24728.5311       1.3708   353.5
0.2235      -24727.1982  -24728.4874       1.2892   332.5
0.2240      -24727.2213  -24728.4583       1.2371   319.0
0.2245      -24727.2401  -24728.4571       1.2170   313.8
0.2250      -24727.2366  -24728.4854       1.2488   322.0
0.2255      -24727.2578  -24728.5241       1.2663   326.6
0.2260      -24727.2622  -24728.5534       1.2912   333.0
0.2265      -24727.2011  -24728.5663       1.3651   352.0
0.2270      -24727.1790  -24728.5601       1.3811   356.1
0.2275      -24727.1954  -24728.5456       1.3502   348.2
0.2280      -24727.1784  -24728.5338       1.3554   349.5
0.2285      -24727.1831  -24728.5308       1.3477   347.5
0.2290      -24727.1658  -24728.5329       1.3671   352.6
0.2295      -24727.1887  -24728.5343       1.3455   347.0
0.2300      -24727.1438  -24728.5300       1.3861   357.5
0.2305      -24727.2058  -24728.5204       1.3146   339.0
0.2310      -24727.1704  -24728.5207       1.3503   348.2
0.2315      -24727.1825  -24728.5315       1.3490   347.9
0.2320      -24727.1728  -24728.5514       1.3786   355.5
0.2325      -24727.0904  -24728.5795       1.4891   384.0
0.2330      -24727.1080  -24728.5972       1.4892   384.0
0.2335      -24727.0739  -24728.5965       1.5226   392.6
0.2340      -24727.0995  -24728.5650       1.4655   377.9
0.2345      -24727.0615  -24728.5111       1.4496   373.8
0.2350      -24727.0734  -24728.4509       1.3775   355.2
0.2355      -24727.0940  -24728.4034       1.3093   337.7
0.2360      -24727.1044  -24728.3724       1.2680   327.0
0.2365      -24727.1041  -24728.3600       1.2560   323.9
0.2370      -24727.0790  -24728.3643       1.2854   331.5
0.2375      -24727.0837  -24728.3752       1.2915   333.1
0.2380      -24727.0871  -24728.3881       1.3010   335.5
0.2385      -24727.0654  -24728.4053       1.3399   345.5
0.2390      -24727.0799  -24728.4168       1.3369   344.8
0.2395      -24727.1116  -24728.4227       1.3111   338.1
0.2400      -24727.1349  -24728.4242       1.2893   332.5
0.2405      -24727.1251  -24728.4202       1.2951   334.0
0.2410      -24727.1505  -24728.4167       1.2663   326.5
0.2415      -24727.1360  -24728.4243       1.2883   332.2
0.2420      -24727.1083  -24728.4395       1.3312   343.3
0.2425      -24727.0667  -24728.4622       1.3955   359.9
0.2430      -24727.0266  -24728.4839       1.4573   375.8
0.2435      -24726.9601  -24728.4822       1.5221   392.5
0.2440      -24726.9423  -24728.4408       1.4985   386.4
0.2445      -24726.9221  -24728.3671       1.4450   372.6
0.2450      -24726.9183  -24728.2758       1.3575   350.1
0.2455      -24726.9297  -24728.1961       1.2664   326.6
0.2460      -24726.9084  -24728.1487       1.2403   319.8
0.2465      -24726.9258  -24728.1438       1.2180   314.1
0.2470      -24726.9194  -24728.1795       1.2601   325.0
0.2475      -24726.9064  -24728.2405       1.3340   344.0
0.2480      -24726.8948  -24728.3065       1.4117   364.0
0.2485      -24726.9023  -24728.3552       1.4529   374.7
0.2490      -24726.9051  -24728.3715       1.4663   378.1
0.2495      -24726.9144  -24728.3490       1.4346   369.9
0.2500      -24726.9475  -24728.3059       1.3584   350.3
