Time[ps]      Etot[eV]     Epot[eV]     Ekin[eV]    T[K]
0.0000       -4182.9405   -4182.9405       0.0000     0.0
0.0005       -4182.9363   -4182.9469       0.0107    11.8
0.0010       -4182.9261   -4182.9636       0.0375    41.4
0.0015       -4182.9219   -4182.9878       0.0659    72.8
0.0020       -4182.9244   -4183.0163       0.0918   101.5
0.0025       -4182.9383   -4183.0477       0.1094   120.9
0.0030       -4182.9290   -4183.0827       0.1537   169.9
0.0035       -4182.9141   -4183.1206       0.2065   228.2
0.0040       -4182.8892   -4183.1602       0.2710   299.5
0.0045       -4182.9052   -4183.1978       0.2926   323.4
0.0050       -4182.9142   -4183.2325       0.3182   351.7
0.0055       -4182.9324   -4183.2662       0.3338   368.9
0.0060       -4182.9194   -4183.2972       0.3778   417.6
0.0065       -4182.9558   -4183.3255       0.3697   408.6
0.0070       -4182.9520   -4183.3507       0.3986   440.6
0.0075       -4182.9845   -4183.3732       0.3887   429.6
0.0080       -4182.9862   -4183.3930       0.4068   449.6
0.0085       -4182.9928   -4183.4106       0.4177   461.7
0.0090       -4182.9635   -4183.4301       0.4666   515.6
0.0095       -4183.0023   -4183.4480       0.4457   492.6
0.0100       -4183.0206   -4183.4601       0.4395   485.7
0.0105       -4183.0521   -4183.4693       0.4172   461.1
0.0110       -4183.0562   -4183.4770       0.4208   465.0
0.0115       -4183.0667   -4183.4819       0.4152   458.8
0.0120       -4183.0544   -4183.4861       0.4317   477.1
0.0125       -4183.0557   -4183.4922       0.4365   482.4
0.0130       -4183.0562   -4183.5003       0.4441   490.8
0.0135       -4183.0631   -4183.5104       0.4473   494.3
0.0140       -4183.0705   -4183.5215       0.4510   498.4
0.0145       -4183.0949   -4183.5350       0.4401   486.4
0.0150       -4183.0673   -4183.5499       0.4826   533.4
0.0155       -4183.0931   -4183.5617       0.4686   517.9
0.0160       -4183.1067   -4183.5694       0.4628   511.5
0.0165       -4183.1104   -4183.5738       0.4634   512.2
0.0170       -4183.1351   -4183.5776       0.4425   489.0
0.0175       -4183.1193   -4183.5831       0.4638   512.6
0.0180       -4183.1326   -4183.5916       0.4590   507.2
0.0185       -4183.1831   -4183.6024       0.4194   463.5
0.0190       -4183.1725   -4183.6157       0.4432   489.9
0.0195       -4183.1715   -4183.6305       0.4590   507.3
0.0200       -4183.1799   -4183.6443       0.4644   513.2
0.0205       -4183.1761   -4183.6551       0.4790   529.4
0.0210       -4183.1727   -4183.6627       0.4899   541.4
0.0215       -4183.1516   -4183.6701       0.5185   573.0
0.0220       -4183.1415   -4183.6763       0.5348   591.1
0.0225       -4183.1357   -4183.6818       0.5461   603.6
0.0230       -4183.1269   -4183.6881       0.5612   620.2
0.0235       -4183.1450   -4183.6927       0.5477   605.3
0.0240       -4183.2030   -4183.6987       0.4957   547.8
0.0245       -4183.2103   -4183.7048       0.4946   546.6
0.0250       -4183.1933   -4183.7128       0.5195   574.1
0.0255       -4183.1971   -4183.7216       0.5244   579.6
0.0260       -4183.1978   -4183.7289       0.5311   586.9
0.0265       -4183.2052   -4183.7344       0.5292   584.8
0.0270       -4183.1985   -4183.7378       0.5394   596.1
0.0275       -4183.1642   -4183.7370       0.5729   633.1
0.0280       -4183.1577   -4183.7318       0.5741   634.5
0.0285       -4183.1619   -4183.7230       0.5611   620.2
0.0290       -4183.1643   -4183.7100       0.5457   603.1
0.0295       -4183.1746   -4183.6936       0.5189   573.5
0.0300       -4183.1627   -4183.6751       0.5124   566.3
0.0305       -4183.1756   -4183.6571       0.4815   532.1
0.0310       -4183.1572   -4183.6388       0.4817   532.4
0.0315       -4183.1347   -4183.6190       0.4842   535.2
0.0320       -4183.1373   -4183.5975       0.4601   508.5
0.0325       -4183.1274   -4183.5739       0.4465   493.5
0.0330       -4183.1329   -4183.5472       0.4143   457.9
0.0335       -4183.1768   -4183.5196       0.3428   378.9
0.0340       -4183.1475   -4183.4929       0.3454   381.7
0.0345       -4183.1413   -4183.4672       0.3258   360.1
0.0350       -4183.1389   -4183.4450       0.3061   338.3
0.0355       -4183.1263   -4183.4271       0.3008   332.4
0.0360       -4183.1351   -4183.4137       0.2787   308.0
0.0365       -4183.1387   -4183.4029       0.2641   291.9
0.0370       -4183.1579   -4183.3958       0.2379   263.0
0.0375       -4183.1567   -4183.3918       0.2350   259.7
0.0380       -4183.1234   -4183.3873       0.2639   291.7
0.0385       -4183.0993   -4183.3798       0.2804   309.9
0.0390       -4183.0976   -4183.3671       0.2695   297.9
0.0395       -4183.0796   -4183.3496       0.2700   298.4
0.0400       -4183.0848   -4183.3246       0.2398   265.0
0.0405       -4183.0966   -4183.2971       0.2006   221.7
0.0410       -4183.0940   -4183.2708       0.1768   195.4
0.0415       -4183.1025   -4183.2493       0.1468   162.3
0.0420       -4183.1066   -4183.2348       0.1281   141.6
0.0425       -4183.1193   -4183.2239       0.1045   115.5
0.0430       -4183.1221   -4183.2170       0.0949   104.9
0.0435       -4183.1191   -4183.2148       0.0956   105.7
0.0440       -4183.1105   -4183.2188       0.1083   119.7
0.0445       -4183.1174   -4183.2264       0.1091   120.5
0.0450       -4183.1205   -4183.2346       0.1141   126.1
0.0455       -4183.1405   -4183.2438       0.1032   114.1
0.0460       -4183.1528   -4183.2542       0.1014   112.1
0.0465       -4183.1478   -4183.2670       0.1191   131.7
0.0470       -4183.1582   -4183.2816       0.1234   136.4
0.0475       -4183.1476   -4183.3014       0.1537   169.9
0.0480       -4183.1555   -4183.3263       0.1708   188.7
0.0485       -4183.1447   -4183.3562       0.2115   233.7
0.0490       -4183.1391   -4183.3876       0.2486   274.7
0.0495       -4183.1535   -4183.4157       0.2622   289.8
0.0500       -4183.1479   -4183.4379       0.2900   320.5
0.0505       -4183.1250   -4183.4554       0.3304   365.2
0.0510       -4183.1119   -4183.4672       0.3554   392.8
0.0515       -4183.1240   -4183.4729       0.3489   385.6
0.0520       -4183.1088   -4183.4778       0.3690   407.8
0.0525       -4183.1219   -4183.4870       0.3652   403.6
0.0530       -4183.1228   -4183.5030       0.3802   420.2
0.0535       -4183.1487   -4183.5227       0.3740   413.3
0.0540       -4183.1616   -4183.5445       0.3829   423.2
0.0545       -4183.1738   -4183.5651       0.3914   432.5
0.0550       -4183.1630   -4183.5809       0.4179   461.9
0.0555       -4183.1541   -4183.5889       0.4348   480.5
0.0560       -4183.1714   -4183.5883       0.4169   460.7
0.0565       -4183.1678   -4183.5804       0.4127   456.1
0.0570       -4183.1357   -4183.5691       0.4334   479.0
0.0575       -4183.1216   -4183.5601       0.4386   484.7
0.0580       -4183.1028   -4183.5577       0.4550   502.8
0.0585       -4183.0678   -4183.5655       0.4976   550.0
0.0590       -4183.0695   -4183.5855       0.5160   570.3
0.0595       -4183.0837   -4183.6144       0.5306   586.5
0.0600       -4183.1057   -4183.6481       0.5425   599.6
0.0605       -4183.1669   -4183.6818       0.5149   569.0
0.0610       -4183.1416   -4183.7099       0.5684   628.2
0.0615       -4183.1474   -4183.7289       0.5815   642.6
0.0620       -4183.1409   -4183.7343       0.5934   655.8
0.0625       -4183.1626   -4183.7243       0.5617   620.8
0.0630       -4183.1847   -4183.7018       0.5171   571.5
0.0635       -4183.1591   -4183.6756       0.5165   570.9
0.0640       -4183.1557   -4183.6531       0.4973   549.7
0.0645       -4183.1381   -4183.6392       0.5011   553.8
0.0650       -4183.1424   -4183.6389       0.4964   548.6
0.0655       -4183.1806   -4183.6502       0.4696   519.0
0.0660       -4183.2016   -4183.6655       0.4639   512.7
0.0665       -4183.2503   -4183.6770       0.4267   471.6
0.0670       -4183.2594   -4183.6805       0.4211   465.4
0.0675       -4183.2664   -4183.6708       0.4044   446.9
0.0680       -4183.2476   -4183.6505       0.4029   445.3
0.0685       -4183.2526   -4183.6267       0.3741   413.5
0.0690       -4183.2475   -4183.6046       0.3571   394.7
0.0695       -4183.2245   -4183.5863       0.3617   399.8
0.0700       -4183.2559   -4183.5769       0.3210   354.8
0.0705       -4183.2546   -4183.5766       0.3219   355.8
0.0710       -4183.2621   -4183.5824       0.3203   354.0
0.0715       -4183.2886   -4183.5946       0.3060   338.1
0.0720       -4183.2807   -4183.6083       0.3276   362.1
0.0725       -4183.2658   -4183.6181       0.3523   389.4
0.0730       -4183.2343   -4183.6168       0.3825   422.7
0.0735       -4183.2648   -4183.6016       0.3368   372.3
0.0740       -4183.2671   -4183.5776       0.3105   343.2
0.0745       -4183.2839   -4183.5512       0.2673   295.5
0.0750       -4183.2848   -4183.5295       0.2447   270.4
0.0755       -4183.2750   -4183.5150       0.2400   265.3
0.0760       -4183.2922   -4183.5119       0.2197   242.8
0.0765       -4183.2966   -4183.5239       0.2273   251.2
0.0770       -4183.3083   -4183.5444       0.2360   260.8
0.0775       -4183.3095   -4183.5622       0.2527   279.2
0.0780       -4183.2971   -4183.5731       0.2760   305.0
0.0785       -4183.2949   -4183.5696       0.2747   303.6
0.0790       -4183.2607   -4183.5506       0.2899   320.4
0.0795       -4183.2442   -4183.5161       0.2719   300.5
0.0800       -4183.2464   -4183.4756       0.2292   253.4
0.0805       -4183.2432   -4183.4459       0.2027   224.0
0.0810       -4183.2545   -4183.4301       0.1756   194.1
0.0815       -4183.2698   -4183.4275       0.1577   174.2
0.0820       -4183.2790   -4183.4421       0.1631   180.3
0.0825       -4183.2829   -4183.4664       0.1836   202.9
0.0830       -4183.2886   -4183.4928       0.2041   225.6
0.0835       -4183.2731   -4183.5153       0.2422   267.7
0.0840       -4183.2982   -4183.5266       0.2284   252.4
0.0845       -4183.2880   -4183.5252       0.2372   262.2
0.0850       -4183.2833   -4183.5080       0.2247   248.3
0.0855       -4183.2718   -4183.4772       0.2054   227.0
0.0860       -4183.2646   -4183.4402       0.1756   194.1
0.0865       -4183.2469   -4183.4096       0.1627   179.9
0.0870       -4183.2375   -4183.3918       0.1543   170.6
0.0875       -4183.2448   -4183.3961       0.1514   167.3
0.0880       -4183.2604   -4183.4171       0.1568   173.3
0.0885       -4183.2461   -4183.4479       0.2018   223.0
0.0890       -4183.2406   -4183.4782       0.2376   262.6
0.0895       -4183.2291   -4183.4970       0.2679   296.0
0.0900       -4183.2046   -4183.4986       0.2939   324.8
0.0905       -4183.1886   -4183.4803       0.2918   322.4
0.0910       -4183.2073   -4183.4502       0.2429   268.5
0.0915       -4183.2123   -4183.4154       0.2031   224.4
0.0920       -4183.2115   -4183.3831       0.1715   189.6
0.0925       -4183.2201   -4183.3642       0.1441   159.3
0.0930       -4183.2366   -4183.3629       0.1263   139.6
0.0935       -4183.2266   -4183.3814       0.1548   171.0
0.0940       -4183.1931   -4183.4194       0.2263   250.1
0.0945       -4183.1604   -4183.4678       0.3074   339.7
0.0950       -4183.1490   -4183.5152       0.3661   404.7
0.0955       -4183.1668   -4183.5497       0.3829   423.2
0.0960       -4183.1564   -4183.5633       0.4069   449.7
0.0965       -4183.1556   -4183.5552       0.3997   441.7
0.0970       -4183.1205   -4183.5272       0.4067   449.5
0.0975       -4183.1332   -4183.4903       0.3572   394.7
0.0980       -4183.1284   -4183.4635       0.3352   370.4
0.0985       -4183.1067   -4183.4596       0.3529   390.1
0.0990       -4183.1191   -4183.4738       0.3546   391.9
0.0995       -4183.0767   -4183.5091       0.4324   477.9
0.1000       -4183.0980   -4183.5596       0.4615   510.1
0.1005       -4183.0751   -4183.6080       0.5330   589.0
0.1010       -4183.0833   -4183.6422       0.5589   617.6
0.1015       -4183.1184   -4183.6546       0.5363   592.7
0.1020       -4183.1059   -4183.6423       0.5364   592.8
0.1025       -4183.0964   -4183.6115       0.5151   569.2
0.1030       -4183.1008   -4183.5737       0.4729   522.7
0.1035       -4183.1439   -4183.5430       0.3990   441.0
0.1040       -4183.1236   -4183.5258       0.4022   444.5
0.1045       -4183.1291   -4183.5244       0.3954   437.0
0.1050       -4183.1395   -4183.5461       0.4065   449.3
0.1055       -4183.1306   -4183.5848       0.4542   502.0
0.1060       -4183.1128   -4183.6309       0.5181   572.6
0.1065       -4183.1224   -4183.6708       0.5484   606.1
0.1070       -4183.1380   -4183.6922       0.5542   612.5
0.1075       -4183.1391   -4183.6894       0.5502   608.1
0.1080       -4183.1412   -4183.6629       0.5217   576.6
0.1085       -4183.1278   -4183.6248       0.4970   549.3
0.1090       -4183.1085   -4183.5864       0.4779   528.2
0.1095       -4183.1029   -4183.5582       0.4553   503.1
0.1100       -4183.0933   -4183.5540       0.4607   509.2
0.1105       -4183.1011   -4183.5739       0.4728   522.5
0.1110       -4183.0912   -4183.6092       0.5180   572.5
0.1115       -4183.1084   -4183.6469       0.5385   595.1
0.1120       -4183.0852   -4183.6730       0.5878   649.6
0.1125       -4183.0846   -4183.6801       0.5955   658.1
0.1130       -4183.0881   -4183.6658       0.5777   638.5
0.1135       -4183.1012   -4183.6317       0.5305   586.3
0.1140       -4183.0653   -4183.5819       0.5166   570.9
0.1145       -4183.0454   -4183.5265       0.4811   531.7
0.1150       -4183.0604   -4183.4804       0.4199   464.1
0.1155       -4183.0580   -4183.4525       0.3945   436.0
0.1160       -4183.0412   -4183.4555       0.4143   457.9
0.1165       -4183.0200   -4183.4873       0.4673   516.5
0.1170       -4183.0549   -4183.5279       0.4729   522.7
0.1175       -4183.0536   -4183.5637       0.5101   563.8
0.1180       -4183.0258   -4183.5845       0.5587   617.5
0.1185       -4183.0199   -4183.5797       0.5599   618.8
0.1190       -4183.0262   -4183.5478       0.5216   576.4
0.1195       -4183.0386   -4183.4977       0.4591   507.4
0.1200       -4183.0374   -4183.4422       0.4048   447.3
0.1205       -4183.0461   -4183.3972       0.3510   388.0
0.1210       -4183.0502   -4183.3720       0.3218   355.7
0.1215       -4183.0514   -4183.3728       0.3214   355.2
0.1220       -4183.0318   -4183.3939       0.3621   400.2
0.1225       -4183.0474   -4183.4319       0.3845   425.0
0.1230       -4183.0658   -4183.4756       0.4098   452.9
0.1235       -4183.0563   -4183.5134       0.4571   505.2
0.1240       -4183.0735   -4183.5382       0.4646   513.5
0.1245       -4183.0913   -4183.5443       0.4529   500.6
0.1250       -4183.0919   -4183.5304       0.4385   484.6
0.1255       -4183.0686   -4183.4932       0.4246   469.2
0.1260       -4183.0690   -4183.4313       0.3623   400.4
0.1265       -4183.0630   -4183.3599       0.2969   328.1
0.1270       -4183.0690   -4183.2941       0.2251   248.8
0.1275       -4183.0677   -4183.2564       0.1887   208.6
0.1280       -4183.0555   -4183.2547       0.1992   220.1
0.1285       -4183.0560   -4183.2872       0.2312   255.5
0.1290       -4183.0597   -4183.3471       0.2874   317.7
0.1295       -4183.0594   -4183.4088       0.3494   386.1
0.1300       -4183.0697   -4183.4480       0.3783   418.1
0.1305       -4183.0587   -4183.4565       0.3977   439.6
0.1310       -4183.0588   -4183.4345       0.3757   415.2
0.1315       -4183.0709   -4183.3934       0.3225   356.4
0.1320       -4183.1038   -4183.3486       0.2448   270.6
0.1325       -4183.1194   -4183.3152       0.1958   216.4
0.1330       -4183.0992   -4183.3020       0.2028   224.1
0.1335       -4183.1155   -4183.3087       0.1932   213.5
0.1340       -4183.1331   -4183.3401       0.2070   228.8
0.1345       -4183.1486   -4183.3902       0.2416   267.0
0.1350       -4183.1295   -4183.4514       0.3219   355.7
0.1355       -4183.1488   -4183.5103       0.3615   399.5
0.1360       -4183.1588   -4183.5564       0.3975   439.3
0.1365       -4183.1577   -4183.5821       0.4244   469.1
0.1370       -4183.1229   -4183.5844       0.4615   510.1
0.1375       -4183.1305   -4183.5614       0.4309   476.2
0.1380       -4183.0971   -4183.5202       0.4231   467.6
0.1385       -4183.1147   -4183.4748       0.3601   398.0
0.1390       -4183.1122   -4183.4477       0.3355   370.8
0.1395       -4183.1049   -4183.4543       0.3494   386.2
0.1400       -4183.0993   -4183.4914       0.3920   433.3
0.1405       -4183.1517   -4183.5454       0.3937   435.2
0.1410       -4183.0838   -4183.6033       0.5195   574.2
0.1415       -4183.0583   -4183.6495       0.5913   653.5
0.1420       -4183.0719   -4183.6769       0.6050   668.7
0.1425       -4183.0837   -4183.6837       0.6000   663.1
0.1430       -4183.0555   -4183.6742       0.6187   683.8
0.1435       -4183.0651   -4183.6551       0.5900   652.1
0.1440       -4183.0796   -4183.6387       0.5591   618.0
0.1445       -4183.0670   -4183.6270       0.5599   618.8
0.1450       -4183.0598   -4183.6209       0.5611   620.1
0.1455       -4183.1079   -4183.6257       0.5178   572.3
0.1460       -4183.1359   -4183.6418       0.5059   559.1
0.1465       -4183.1316   -4183.6717       0.5400   596.8
0.1470       -4183.1191   -4183.7110       0.5919   654.2
0.1475       -4183.1031   -4183.7509       0.6478   716.0
0.1480       -4183.1363   -4183.7808       0.6445   712.3
0.1485       -4183.1359   -4183.7927       0.6568   725.9
0.1490       -4183.1238   -4183.7810       0.6571   726.3
0.1495       -4183.1015   -4183.7416       0.6401   707.4
0.1500       -4183.1151   -4183.6806       0.5655   625.0
0.1505       -4183.1356   -4183.6194       0.4838   534.7
0.1510       -4183.1362   -4183.5745       0.4383   484.4
0.1515       -4183.1374   -4183.5589       0.4215   465.8
0.1520       -4183.1174   -4183.5689       0.4515   499.0
0.1525       -4183.1380   -4183.5930       0.4550   502.9
0.1530       -4183.1027   -4183.6130       0.5103   564.0
0.1535       -4183.1120   -4183.6163       0.5043   557.4
0.1540       -4183.1274   -4183.6002       0.4729   522.6
0.1545       -4183.1047   -4183.5676       0.4629   511.6
0.1550       -4183.1440   -4183.5261       0.3821   422.3
0.1555       -4183.1178   -4183.4810       0.3632   401.4
0.1560       -4183.1112   -4183.4369       0.3257   359.9
0.1565       -4183.1209   -4183.4046       0.2837   313.6
0.1570       -4183.1014   -4183.3896       0.2882   318.5
0.1575       -4183.0820   -4183.3908       0.3088   341.3
0.1580       -4183.1267   -4183.4029       0.2762   305.2
0.1585       -4183.1338   -4183.4238       0.2900   320.5
0.1590       -4183.1340   -4183.4547       0.3207   354.4
0.1595       -4183.1195   -4183.4903       0.3708   409.8
0.1600       -4183.1283   -4183.5221       0.3937   435.2
0.1605       -4183.1547   -4183.5478       0.3930   434.4
0.1610       -4183.1633   -4183.5636       0.4003   442.4
0.1615       -4183.1481   -4183.5662       0.4181   462.1
0.1620       -4183.1298   -4183.5501       0.4204   464.6
0.1625       -4183.1256   -4183.5113       0.3857   426.2
0.1630       -4183.1090   -4183.4605       0.3515   388.5
0.1635       -4183.0986   -4183.4163       0.3177   351.2
0.1640       -4183.0927   -4183.3930       0.3003   331.9
0.1645       -4183.0945   -4183.4004       0.3058   338.0
0.1650       -4183.0932   -4183.4273       0.3341   369.3
0.1655       -4183.0681   -4183.4526       0.3845   425.0
0.1660       -4183.0689   -4183.4544       0.3854   426.0
0.1665       -4183.0950   -4183.4275       0.3325   367.5
0.1670       -4183.1133   -4183.3805       0.2672   295.3
0.1675       -4183.0859   -4183.3241       0.2381   263.2
0.1680       -4183.0820   -4183.2693       0.1873   207.0
0.1685       -4183.0714   -4183.2311       0.1597   176.5
0.1690       -4183.0803   -4183.2181       0.1377   152.2
0.1695       -4183.0749   -4183.2265       0.1516   167.5
0.1700       -4183.0724   -4183.2499       0.1775   196.2
0.1705       -4183.0787   -4183.2812       0.2025   223.8
0.1710       -4183.1165   -4183.3185       0.2019   223.2
0.1715       -4183.1095   -4183.3586       0.2491   275.4
0.1720       -4183.1148   -4183.4056       0.2908   321.4
0.1725       -4183.1336   -4183.4546       0.3210   354.7
0.1730       -4183.1040   -4183.5067       0.4027   445.0
0.1735       -4183.1033   -4183.5594       0.4561   504.0
0.1740       -4183.1074   -4183.5979       0.4905   542.1
0.1745       -4183.1287   -4183.6139       0.4853   536.3
0.1750       -4183.0753   -4183.6067       0.5314   587.3
0.1755       -4183.0498   -4183.5799       0.5301   585.9
0.1760       -4183.0507   -4183.5476       0.4969   549.2
0.1765       -4183.1093   -4183.5314       0.4222   466.6
0.1770       -4183.1348   -4183.5463       0.4115   454.8
0.1775       -4183.1454   -4183.5859       0.4405   486.8
0.1780       -4183.1320   -4183.6293       0.4973   549.6
0.1785       -4183.1789   -4183.6539       0.4750   524.9
0.1790       -4183.1832   -4183.6543       0.4711   520.7
0.1795       -4183.1996   -4183.6383       0.4387   484.8
0.1800       -4183.2401   -4183.6183       0.3782   418.0
0.1805       -4183.2451   -4183.6008       0.3557   393.1
0.1810       -4183.2570   -4183.5880       0.3310   365.8
0.1815       -4183.2658   -4183.5813       0.3155   348.7
0.1820       -4183.2981   -4183.5812       0.2831   312.8
0.1825       -4183.2991   -4183.5869       0.2879   318.1
0.1830       -4183.3105   -4183.6000       0.2895   319.9
0.1835       -4183.3125   -4183.6187       0.3062   338.4
0.1840       -4183.3159   -4183.6451       0.3292   363.8
0.1845       -4183.3061   -4183.6780       0.3719   411.0
0.1850       -4183.2906   -4183.7202       0.4295   474.7
0.1855       -4183.3179   -4183.7664       0.4485   495.7
0.1860       -4183.2850   -4183.8096       0.5246   579.8
0.1865       -4183.2922   -4183.8409       0.5488   606.5
0.1870       -4183.3274   -4183.8506       0.5232   578.3
0.1875       -4183.3092   -4183.8350       0.5258   581.1
0.1880       -4183.3102   -4183.7960       0.4859   537.0
0.1885       -4183.3314   -4183.7505       0.4190   463.1
0.1890       -4183.2941   -4183.7126       0.4185   462.5
0.1895       -4183.3099   -4183.6867       0.3768   416.4
0.1900       -4183.3033   -4183.6720       0.3687   407.5
0.1905       -4183.2998   -4183.6659       0.3661   404.6
0.1910       -4183.3241   -4183.6629       0.3387   374.4
0.1915       -4183.3290   -4183.6565       0.3276   362.0
0.1920       -4183.3282   -4183.6416       0.3134   346.3
0.1925       -4183.3174   -4183.6129       0.2955   326.6
0.1930       -4183.3298   -4183.5815       0.2517   278.2
0.1935       -4183.3367   -4183.5543       0.2176   240.4
0.1940       -4183.3086   -4183.5302       0.2216   244.9
0.1945       -4183.3021   -4183.5066       0.2045   226.0
0.1950       -4183.3184   -4183.4853       0.1669   184.5
0.1955       -4183.3127   -4183.4748       0.1621   179.1
0.1960       -4183.3204   -4183.4782       0.1578   174.4
0.1965       -4183.3210   -4183.4951       0.1741   192.4
0.1970       -4183.3259   -4183.5232       0.1972   218.0
0.1975       -4183.3153   -4183.5575       0.2422   267.7
0.1980       -4183.3174   -4183.5899       0.2724   301.1
0.1985       -4183.3053   -4183.6096       0.3043   336.3
0.1990       -4183.2835   -4183.6100       0.3265   360.9
0.1995       -4183.3150   -4183.5914       0.2763   305.4
0.2000       -4183.3309   -4183.5636       0.2328   257.3
0.2005       -4183.3438   -4183.5376       0.1938   214.2
0.2010       -4183.3439   -4183.5196       0.1757   194.2
0.2015       -4183.3405   -4183.5162       0.1757   194.2
0.2020       -4183.3409   -4183.5268       0.1859   205.5
0.2025       -4183.3667   -4183.5461       0.1794   198.2
0.2030       -4183.3504   -4183.5679       0.2175   240.4
0.2035       -4183.3488   -4183.5769       0.2280   252.0
0.2040       -4183.3510   -4183.5705       0.2195   242.5
0.2045       -4183.3402   -4183.5543       0.2141   236.6
0.2050       -4183.3492   -4183.5343       0.1851   204.6
0.2055       -4183.3865   -4183.5129       0.1264   139.7
0.2060       -4183.3835   -4183.4955       0.1120   123.8
0.2065       -4183.3835   -4183.4850       0.1015   112.2
0.2070       -4183.3830   -4183.4855       0.1025   113.3
0.2075       -4183.3862   -4183.4953       0.1090   120.5
0.2080       -4183.3918   -4183.5167       0.1249   138.0
0.2085       -4183.3713   -4183.5530       0.1817   200.8
0.2090       -4183.3744   -4183.6000       0.2256   249.3
0.2095       -4183.3685   -4183.6506       0.2821   311.8
0.2100       -4183.3762   -4183.6981       0.3219   355.8
0.2105       -4183.3770   -4183.7350       0.3581   395.7
0.2110       -4183.3399   -4183.7543       0.4145   458.1
0.2115       -4183.3371   -4183.7555       0.4184   462.4
0.2120       -4183.3174   -4183.7427       0.4253   470.0
0.2125       -4183.2931   -4183.7241       0.4309   476.3
0.2130       -4183.3113   -4183.7141       0.4028   445.2
0.2135       -4183.3123   -4183.7169       0.4046   447.2
0.2140       -4183.3353   -4183.7280       0.3927   434.0
0.2145       -4183.3681   -4183.7438       0.3758   415.3
0.2150       -4183.3680   -4183.7529       0.3849   425.4
0.2155       -4183.3935   -4183.7523       0.3588   396.5
0.2160       -4183.3992   -4183.7368       0.3376   373.1
0.2165       -4183.4188   -4183.7077       0.2889   319.2
0.2170       -4183.3878   -4183.6718       0.2841   313.9
0.2175       -4183.4125   -4183.6345       0.2220   245.3
0.2180       -4183.4171   -4183.6054       0.1883   208.1
0.2185       -4183.3963   -4183.5878       0.1915   211.6
0.2190       -4183.3932   -4183.5830       0.1898   209.8
0.2195       -4183.3819   -4183.5921       0.2103   232.4
0.2200       -4183.3831   -4183.6134       0.2303   254.6
0.2205       -4183.3805   -4183.6449       0.2644   292.3
0.2210       -4183.3654   -4183.6797       0.3143   347.4
0.2215       -4183.3631   -4183.7102       0.3471   383.6
0.2220       -4183.3552   -4183.7344       0.3792   419.1
0.2225       -4183.3497   -4183.7513       0.4016   443.9
0.2230       -4183.3442   -4183.7546       0.4104   453.6
0.2235       -4183.3342   -4183.7435       0.4093   452.4
0.2240       -4183.3324   -4183.7227       0.3903   431.4
0.2245       -4183.3222   -4183.6996       0.3774   417.1
0.2250       -4183.3039   -4183.6793       0.3754   414.9
0.2255       -4183.2627   -4183.6667       0.4039   446.4
0.2260       -4183.2869   -4183.6617       0.3748   414.2
0.2265       -4183.3073   -4183.6603       0.3531   390.2
0.2270       -4183.3261   -4183.6572       0.3312   366.0
0.2275       -4183.3264   -4183.6462       0.3198   353.5
0.2280       -4183.3354   -4183.6223       0.2869   317.1
0.2285       -4183.3410   -4183.5894       0.2484   274.5
0.2290       -4183.3638   -4183.5564       0.1927   212.9
0.2295       -4183.3674   -4183.5275       0.1602   177.0
0.2300       -4183.3539   -4183.5096       0.1557   172.1
0.2305       -4183.3451   -4183.5018       0.1567   173.2
0.2310       -4183.3340   -4183.5079       0.1739   192.2
0.2315       -4183.3332   -4183.5311       0.1979   218.7
0.2320       -4183.3194   -4183.5679       0.2485   274.6
0.2325       -4183.2888   -4183.6122       0.3235   357.5
0.2330       -4183.2712   -4183.6540       0.3828   423.1
0.2335       -4183.2781   -4183.6820       0.4040   446.5
0.2340       -4183.2678   -4183.6934       0.4255   470.3
0.2345       -4183.2402   -4183.6818       0.4416   488.1
0.2350       -4183.2495   -4183.6505       0.4010   443.2
0.2355       -4183.2729   -4183.6054       0.3325   367.5
0.2360       -4183.2391   -4183.5633       0.3243   358.4
0.2365       -4183.2536   -4183.5386       0.2851   315.0
0.2370       -4183.2483   -4183.5436       0.2953   326.4
0.2375       -4183.2748   -4183.5763       0.3015   333.3
0.2380       -4183.2759   -4183.6172       0.3414   377.3
0.2385       -4183.2657   -4183.6434       0.3776   417.4
0.2390       -4183.2296   -4183.6443       0.4147   458.3
0.2395       -4183.2297   -4183.6197       0.3899   431.0
0.2400       -4183.2245   -4183.5727       0.3482   384.8
0.2405       -4183.2059   -4183.5185       0.3126   345.5
0.2410       -4183.2211   -4183.4740       0.2529   279.5
0.2415       -4183.2029   -4183.4514       0.2485   274.6
0.2420       -4183.1904   -4183.4519       0.2614   288.9
0.2425       -4183.2134   -4183.4799       0.2666   294.6
0.2430       -4183.2166   -4183.5289       0.3123   345.2
0.2435       -4183.2025   -4183.5989       0.3965   438.2
0.2440       -4183.2055   -4183.6773       0.4718   521.5
0.2445       -4183.2026   -4183.7495       0.5469   604.4
0.2450       -4183.2047   -4183.8007       0.5960   658.7
0.2455       -4183.1984   -4183.8186       0.6203   685.5
0.2460       -4183.1755   -4183.7965       0.6210   686.3
0.2465       -4183.1735   -4183.7413       0.5678   627.5
0.2470       -4183.1565   -4183.6733       0.5169   571.3
0.2475       -4183.1203   -4183.6172       0.4969   549.2
0.2480       -4183.1059   -4183.5878       0.4819   532.6
0.2485       -4183.1198   -4183.5889       0.4691   518.4
0.2490       -4183.1459   -4183.6084       0.4625   511.2
0.2495       -4183.1969   -4183.6281       0.4313   476.6
0.2500       -4183.1909   -4183.6289       0.4379   484.0
Time[ps]      Etot[eV]     Epot[eV]     Ekin[eV]    T[K]
0.0000       -4182.9405   -4182.9405       0.0000     0.0
0.0005       -4182.9360   -4182.9445       0.0085     9.4
0.0010       -4182.9342   -4182.9566       0.0224    24.7
0.0015       -4182.9354   -4182.9759       0.0405    44.8
0.0020       -4182.9332   -4183.0009       0.0677    74.8
0.0025       -4182.9285   -4183.0325       0.1041   115.0
0.0030       -4182.9032   -4183.0703       0.1671   184.7
0.0035       -4182.9064   -4183.1133       0.2069   228.6
0.0040       -4182.9130   -4183.1565       0.2435   269.2
0.0045       -4182.9019   -4183.2005       0.2986   330.1
0.0050       -4182.9268   -4183.2419       0.3151   348.3
0.0055       -4182.9267   -4183.2799       0.3532   390.4
0.0060       -4182.9176   -4183.3148       0.3972   438.9
0.0065       -4182.9008   -4183.3466       0.4458   492.7
0.0070       -4182.9201   -4183.3744       0.4542   502.0
0.0075       -4182.9291   -4183.3993       0.4702   519.7
0.0080       -4182.9382   -4183.4203       0.4821   532.8
0.0085       -4182.9362   -4183.4386       0.5024   555.3
0.0090       -4182.9712   -4183.4522       0.4810   531.6
0.0095       -4182.9792   -4183.4607       0.4815   532.2
0.0100       -4182.9780   -4183.4677       0.4896   541.1
0.0105       -4182.9533   -4183.4736       0.5203   575.1
0.0110       -4182.9881   -4183.4787       0.4905   542.1
0.0115       -4182.9923   -4183.4836       0.4913   543.0
0.0120       -4182.9783   -4183.4885       0.5101   563.8
0.0125       -4182.9811   -4183.4932       0.5121   565.9
0.0130       -4183.0109   -4183.4976       0.4867   538.0
0.0135       -4183.0342   -4183.5015       0.4672   516.4
0.0140       -4183.0263   -4183.5029       0.4766   526.8
0.0145       -4183.0259   -4183.5047       0.4788   529.2
0.0150       -4182.9970   -4183.5088       0.5118   565.6
0.0155       -4183.0053   -4183.5152       0.5099   563.6
0.0160       -4183.0003   -4183.5239       0.5235   578.6
0.0165       -4183.0188   -4183.5350       0.5162   570.6
0.0170       -4183.0451   -4183.5451       0.5001   552.7
0.0175       -4183.0786   -4183.5501       0.4715   521.1
0.0180       -4183.0882   -4183.5499       0.4617   510.3
0.0185       -4183.0910   -4183.5467       0.4557   503.6
0.0190       -4183.1178   -4183.5424       0.4246   469.3
0.0195       -4183.1216   -4183.5387       0.4171   461.0
0.0200       -4183.1150   -4183.5356       0.4205   464.8
0.0205       -4183.1085   -4183.5355       0.4270   471.9
0.0210       -4183.0902   -4183.5401       0.4499   497.2
0.0215       -4183.0778   -4183.5473       0.4695   518.9
0.0220       -4183.0884   -4183.5548       0.4664   515.5
0.0225       -4183.0940   -4183.5623       0.4684   517.6
0.0230       -4183.0980   -4183.5682       0.4702   519.6
0.0235       -4183.0644   -4183.5708       0.5064   559.7
0.0240       -4183.0308   -4183.5682       0.5374   593.9
0.0245       -4183.0219   -4183.5621       0.5402   597.1
0.0250       -4183.0272   -4183.5580       0.5308   586.6
0.0255       -4183.0212   -4183.5571       0.5359   592.3
0.0260       -4183.0517   -4183.5635       0.5118   565.7
0.0265       -4183.0830   -4183.5774       0.4945   546.5
0.0270       -4183.0587   -4183.5942       0.5354   591.8
0.0275       -4183.0603   -4183.6086       0.5483   605.9
0.0280       -4183.1026   -4183.6175       0.5149   569.1
0.0285       -4183.1342   -4183.6216       0.4873   538.6
0.0290       -4183.1001   -4183.6208       0.5206   575.4
0.0295       -4183.1010   -4183.6176       0.5166   570.9
0.0300       -4183.1149   -4183.6120       0.4972   549.5
0.0305       -4183.0963   -4183.6018       0.5055   558.7
0.0310       -4183.0600   -4183.5900       0.5299   585.7
0.0315       -4183.0724   -4183.5800       0.5076   561.0
0.0320       -4183.0524   -4183.5698       0.5174   571.8
0.0325       -4183.0399   -4183.5596       0.5197   574.3
0.0330       -4183.0458   -4183.5485       0.5027   555.6
0.0335       -4183.0615   -4183.5358       0.4743   524.2
0.0340       -4183.0632   -4183.5227       0.4595   507.9
0.0345       -4183.0782   -4183.5070       0.4288   474.0
0.0350       -4183.0669   -4183.4885       0.4216   465.9
0.0355       -4183.0214   -4183.4672       0.4457   492.6
0.0360       -4183.0106   -4183.4431       0.4325   478.0
0.0365       -4183.0025   -4183.4216       0.4192   463.2
0.0370       -4182.9813   -4183.4054       0.4241   468.7
0.0375       -4182.9782   -4183.3998       0.4216   465.9
0.0380       -4182.9574   -4183.4047       0.4473   494.4
0.0385       -4182.9431   -4183.4131       0.4700   519.5
0.0390       -4182.9557   -4183.4212       0.4655   514.5
0.0395       -4182.9771   -4183.4237       0.4466   493.6
0.0400       -4182.9750   -4183.4133       0.4383   484.4
0.0405       -4182.9882   -4183.3887       0.4006   442.7
0.0410       -4182.9406   -4183.3504       0.4098   452.9
0.0415       -4182.9302   -4183.3004       0.3702   409.1
0.0420       -4182.9627   -4183.2437       0.2810   310.6
0.0425       -4182.9784   -4183.1913       0.2129   235.3
0.0430       -4182.9986   -4183.1507       0.1522   168.2
0.0435       -4183.0055   -4183.1233       0.1177   130.1
0.0440       -4183.0081   -4183.1094       0.1013   111.9
0.0445       -4183.0140   -4183.1066       0.0925   102.3
0.0450       -4183.0039   -4183.1139       0.1100   121.6
0.0455       -4183.0067   -4183.1284       0.1217   134.5
0.0460       -4183.0050   -4183.1459       0.1409   155.7
0.0465       -4182.9871   -4183.1629       0.1758   194.3
0.0470       -4182.9715   -4183.1756       0.2041   225.6
0.0475       -4182.9771   -4183.1768       0.1997   220.7
0.0480       -4182.9763   -4183.1720       0.1957   216.3
0.0485       -4182.9749   -4183.1707       0.1958   216.4
0.0490       -4182.9621   -4183.1840       0.2219   245.3
0.0495       -4182.9979   -4183.2190       0.2211   244.3
0.0500       -4182.9698   -4183.2721       0.3023   334.1
0.0505       -4182.9556   -4183.3378       0.3822   422.4
0.0510       -4182.9408   -4183.4031       0.4623   510.9
0.0515       -4182.9653   -4183.4587       0.4934   545.3
0.0520       -4182.9947   -4183.4995       0.5049   558.0
0.0525       -4183.0453   -4183.5270       0.4817   532.4
0.0530       -4183.0230   -4183.5460       0.5230   578.0
0.0535       -4183.0047   -4183.5596       0.5548   613.2
0.0540       -4183.0346   -4183.5705       0.5359   592.3
0.0545       -4183.0164   -4183.5808       0.5644   623.7
0.0550       -4183.0081   -4183.5936       0.5856   647.2
0.0555       -4182.9695   -4183.6108       0.6413   708.7
0.0560       -4183.0117   -4183.6268       0.6151   679.8
0.0565       -4183.0090   -4183.6407       0.6317   698.2
0.0570       -4183.0054   -4183.6568       0.6514   719.9
0.0575       -4183.0552   -4183.6711       0.6159   680.7
0.0580       -4183.0953   -4183.6822       0.5869   648.7
0.0585       -4183.0738   -4183.6907       0.6169   681.8
0.0590       -4183.0939   -4183.6967       0.6027   666.2
0.0595       -4183.0951   -4183.6984       0.6033   666.7
0.0600       -4183.0806   -4183.6973       0.6167   681.6
0.0605       -4183.0920   -4183.6942       0.6022   665.6
0.0610       -4183.1091   -4183.6911       0.5820   643.2
0.0615       -4183.1137   -4183.6892       0.5756   636.1
0.0620       -4183.1130   -4183.6916       0.5786   639.5
0.0625       -4183.0963   -4183.6963       0.6000   663.1
0.0630       -4183.1179   -4183.6988       0.5809   642.0
0.0635       -4183.0760   -4183.6963       0.6202   685.4
0.0640       -4183.0839   -4183.6901       0.6062   670.0
0.0645       -4183.1225   -4183.6831       0.5607   619.6
0.0650       -4183.1539   -4183.6749       0.5210   575.8
0.0655       -4183.1624   -4183.6618       0.4994   551.9
0.0660       -4183.1905   -4183.6451       0.4547   502.5
0.0665       -4183.2097   -4183.6278       0.4181   462.1
0.0670       -4183.2193   -4183.6139       0.3945   436.0
0.0675       -4183.2352   -4183.6041       0.3690   407.8
0.0680       -4183.2127   -4183.5984       0.3857   426.2
0.0685       -4183.2066   -4183.5936       0.3870   427.7
0.0690       -4183.2100   -4183.5886       0.3786   418.5
0.0695       -4183.1989   -4183.5800       0.3811   421.2
0.0700       -4183.1925   -4183.5625       0.3699   408.8
0.0705       -4183.1732   -4183.5378       0.3646   403.0
0.0710       -4183.1610   -4183.5100       0.3490   385.8
0.0715       -4183.1573   -4183.4843       0.3270   361.4
0.0720       -4183.1422   -4183.4650       0.3228   356.7
0.0725       -4183.1522   -4183.4560       0.3038   335.7
0.0730       -4183.1896   -4183.4572       0.2677   295.8
0.0735       -4183.1737   -4183.4699       0.2962   327.3
0.0740       -4183.1780   -4183.4866       0.3087   341.1
0.0745       -4183.1506   -4183.4977       0.3471   383.6
0.0750       -4183.1327   -4183.4968       0.3640   402.3
0.0755       -4183.1527   -4183.4878       0.3351   370.3
0.0760       -4183.1332   -4183.4755       0.3423   378.4
0.0765       -4183.1178   -4183.4617       0.3439   380.1
0.0770       -4183.0887   -4183.4511       0.3623   400.5
0.0775       -4183.0607   -4183.4443       0.3836   424.0
0.0780       -4183.0740   -4183.4458       0.3718   410.9
0.0785       -4183.0834   -4183.4544       0.3710   410.0
0.0790       -4183.0724   -4183.4686       0.3961   437.8
0.0795       -4183.0576   -4183.4854       0.4278   472.8
0.0800       -4183.0592   -4183.5010       0.4418   488.3
0.0805       -4183.0421   -4183.5088       0.4666   515.7
0.0810       -4183.0431   -4183.5065       0.4634   512.1
0.0815       -4183.0366   -4183.4928       0.4562   504.1
0.0820       -4183.0093   -4183.4709       0.4617   510.2
0.0825       -4183.0104   -4183.4467       0.4363   482.2
0.0830       -4183.0039   -4183.4283       0.4245   469.1
0.0835       -4183.0288   -4183.4152       0.3864   427.0
0.0840       -4183.0247   -4183.4045       0.3798   419.8
0.0845       -4183.0156   -4183.3951       0.3795   419.4
0.0850       -4183.0288   -4183.3862       0.3573   394.9
0.0855       -4183.0327   -4183.3768       0.3440   380.2
0.0860       -4183.0164   -4183.3665       0.3502   387.0
0.0865       -4183.0273   -4183.3523       0.3249   359.1
0.0870       -4183.0201   -4183.3377       0.3176   351.0
0.0875       -4183.0266   -4183.3249       0.2983   329.7
0.0880       -4183.0206   -4183.3182       0.2976   328.9
0.0885       -4183.0257   -4183.3178       0.2921   322.8
0.0890       -4183.0073   -4183.3235       0.3162   349.5
0.0895       -4183.0117   -4183.3369       0.3252   359.4
0.0900       -4182.9762   -4183.3565       0.3803   420.3
0.0905       -4182.9529   -4183.3788       0.4259   470.7
0.0910       -4182.9539   -4183.4041       0.4503   497.6
0.0915       -4182.9868   -4183.4289       0.4420   488.5
0.0920       -4183.0263   -4183.4571       0.4308   476.1
0.0925       -4183.0134   -4183.4850       0.4715   521.1
0.0930       -4183.0253   -4183.5057       0.4804   530.9
0.0935       -4183.0494   -4183.5228       0.4735   523.3
0.0940       -4183.0389   -4183.5397       0.5008   553.5
0.0945       -4183.0569   -4183.5576       0.5007   553.4
0.0950       -4183.0555   -4183.5758       0.5203   575.1
0.0955       -4183.0357   -4183.5976       0.5619   621.0
0.0960       -4183.0650   -4183.6249       0.5599   618.8
0.0965       -4183.0718   -4183.6534       0.5817   642.8
0.0970       -4183.0221   -4183.6757       0.6536   722.4
0.0975       -4183.0320   -4183.6853       0.6533   722.0
0.0980       -4182.9958   -4183.6831       0.6873   759.5
0.0985       -4182.9960   -4183.6775       0.6815   753.2
0.0990       -4182.9770   -4183.6728       0.6958   769.0
0.0995       -4182.9565   -4183.6710       0.7145   789.6
0.1000       -4182.9643   -4183.6712       0.7069   781.2
0.1005       -4182.9699   -4183.6711       0.7012   775.0
0.1010       -4182.9536   -4183.6674       0.7138   788.9
0.1015       -4182.9446   -4183.6604       0.7158   791.1
0.1020       -4182.9349   -4183.6500       0.7151   790.3
0.1025       -4182.9520   -4183.6378       0.6857   757.9
0.1030       -4182.9399   -4183.6205       0.6807   752.3
0.1035       -4182.9669   -4183.5996       0.6327   699.3
0.1040       -4182.9831   -4183.5782       0.5952   657.8
0.1045       -4182.9743   -4183.5544       0.5801   641.2
0.1050       -4182.9776   -4183.5280       0.5504   608.3
0.1055       -4182.9634   -4183.5011       0.5377   594.2
0.1060       -4182.9783   -4183.4765       0.4982   550.6
0.1065       -4182.9535   -4183.4541       0.5006   553.2
0.1070       -4182.9539   -4183.4361       0.4822   532.9
0.1075       -4182.9797   -4183.4212       0.4415   487.9
0.1080       -4182.9745   -4183.4096       0.4351   480.9
0.1085       -4182.9963   -4183.3983       0.4020   444.3
0.1090       -4183.0093   -4183.3887       0.3794   419.4
0.1095       -4182.9678   -4183.3826       0.4148   458.4
0.1100       -4182.9540   -4183.3783       0.4243   468.9
0.1105       -4182.9394   -4183.3750       0.4356   481.5
0.1110       -4182.9388   -4183.3706       0.4317   477.2
0.1115       -4182.9589   -4183.3697       0.4108   454.0
0.1120       -4182.9242   -4183.3730       0.4488   496.0
0.1125       -4182.9148   -4183.3790       0.4642   513.0
0.1130       -4182.9598   -4183.3869       0.4271   472.0
0.1135       -4182.9635   -4183.3976       0.4340   479.7
0.1140       -4182.9829   -4183.4134       0.4305   475.7
0.1145       -4182.9818   -4183.4347       0.4528   500.5
0.1150       -4182.9553   -4183.4525       0.4972   549.5
0.1155       -4182.9876   -4183.4631       0.4755   525.5
0.1160       -4182.9767   -4183.4619       0.4852   536.2
0.1165       -4182.9926   -4183.4478       0.4552   503.0
0.1170       -4182.9760   -4183.4228       0.4469   493.9
0.1175       -4182.9728   -4183.3884       0.4156   459.3
0.1180       -4182.9718   -4183.3535       0.3817   421.9
0.1185       -4183.0082   -4183.3328       0.3246   358.7
0.1190       -4183.0223   -4183.3301       0.3077   340.1
0.1195       -4182.9980   -4183.3407       0.3428   378.8
0.1200       -4183.0031   -4183.3605       0.3574   394.9
0.1205       -4182.9683   -4183.3783       0.4101   453.2
0.1210       -4182.9640   -4183.3852       0.4211   465.4
0.1215       -4182.9655   -4183.3782       0.4127   456.1
0.1220       -4182.9595   -4183.3570       0.3975   439.3
0.1225       -4182.9765   -4183.3265       0.3500   386.8
0.1230       -4182.9682   -4183.3013       0.3330   368.1
0.1235       -4182.9990   -4183.2874       0.2884   318.8
0.1240       -4182.9852   -4183.2893       0.3041   336.1
0.1245       -4182.9788   -4183.3048       0.3260   360.3
0.1250       -4183.0089   -4183.3304       0.3215   355.4
0.1255       -4183.0124   -4183.3697       0.3572   394.8
0.1260       -4183.0255   -4183.4192       0.3938   435.2
0.1265       -4183.0388   -4183.4718       0.4330   478.6
0.1270       -4183.0594   -4183.5191       0.4597   508.1
0.1275       -4183.0587   -4183.5529       0.4942   546.2
0.1280       -4183.0575   -4183.5690       0.5115   565.3
0.1285       -4183.0810   -4183.5672       0.4862   537.4
0.1290       -4183.0643   -4183.5520       0.4876   538.9
0.1295       -4183.0738   -4183.5350       0.4612   509.7
0.1300       -4183.1084   -4183.5316       0.4231   467.7
0.1305       -4183.0886   -4183.5432       0.4547   502.5
0.1310       -4183.0740   -4183.5618       0.4879   539.2
0.1315       -4183.0638   -4183.5841       0.5202   574.9
0.1320       -4183.0660   -4183.6023       0.5363   592.7
0.1325       -4183.0653   -4183.6081       0.5428   599.9
0.1330       -4183.0323   -4183.5967       0.5643   623.7
0.1335       -4183.0159   -4183.5673       0.5514   609.4
0.1340       -4183.0464   -4183.5256       0.4793   529.7
0.1345       -4183.0586   -4183.4825       0.4239   468.5
0.1350       -4183.0434   -4183.4452       0.4018   444.1
0.1355       -4183.0231   -4183.4220       0.3988   440.8
0.1360       -4183.0501   -4183.4150       0.3649   403.3
0.1365       -4183.0592   -4183.4206       0.3615   399.5
0.1370       -4183.0479   -4183.4394       0.3915   432.6
0.1375       -4183.0601   -4183.4643       0.4042   446.8
0.1380       -4183.0621   -4183.4902       0.4282   473.2
0.1385       -4183.0823   -4183.5143       0.4321   477.5
0.1390       -4183.0469   -4183.5349       0.4881   539.4
0.1395       -4183.0387   -4183.5492       0.5104   564.1
0.1400       -4183.0681   -4183.5598       0.4917   543.4
0.1405       -4183.0717   -4183.5707       0.4990   551.5
0.1410       -4183.0759   -4183.5815       0.5055   558.7
0.1415       -4183.0719   -4183.5946       0.5228   577.7
0.1420       -4183.0646   -4183.6090       0.5444   601.7
0.1425       -4183.0461   -4183.6246       0.5786   639.4
0.1430       -4183.0609   -4183.6404       0.5795   640.5
0.1435       -4183.0772   -4183.6543       0.5771   637.8
0.1440       -4183.0419   -4183.6637       0.6217   687.1
0.1445       -4183.0351   -4183.6685       0.6334   700.1
0.1450       -4183.0166   -4183.6676       0.6510   719.5
0.1455       -4183.0633   -4183.6628       0.5995   662.6
0.1460       -4183.0695   -4183.6533       0.5838   645.2
0.1465       -4183.0962   -4183.6419       0.5457   603.1
0.1470       -4183.1105   -4183.6317       0.5212   576.0
0.1475       -4183.1172   -4183.6207       0.5035   556.5
0.1480       -4183.1129   -4183.6134       0.5005   553.1
0.1485       -4183.0890   -4183.6107       0.5217   576.5
0.1490       -4183.0829   -4183.6091       0.5261   581.5
0.1495       -4183.1178   -4183.6062       0.4885   539.9
0.1500       -4183.1008   -4183.6023       0.5015   554.2
0.1505       -4183.0799   -4183.5916       0.5118   565.6
0.1510       -4183.0978   -4183.5749       0.4770   527.2
0.1515       -4183.0893   -4183.5534       0.4641   512.9
0.1520       -4183.0700   -4183.5322       0.4622   510.8
0.1525       -4183.0784   -4183.5140       0.4356   481.4
0.1530       -4183.0589   -4183.4977       0.4388   484.9
0.1535       -4183.0678   -4183.4845       0.4167   460.6
0.1540       -4183.0439   -4183.4730       0.4291   474.2
0.1545       -4183.0873   -4183.4602       0.3729   412.1
0.1550       -4183.0403   -4183.4426       0.4022   444.6
0.1555       -4183.0355   -4183.4196       0.3841   424.5
0.1560       -4183.0542   -4183.3929       0.3387   374.3
0.1565       -4183.0472   -4183.3661       0.3189   352.4
0.1570       -4183.0654   -4183.3434       0.2780   307.2
0.1575       -4183.0613   -4183.3274       0.2661   294.1
0.1580       -4183.0686   -4183.3180       0.2494   275.7
0.1585       -4183.0550   -4183.3128       0.2578   284.9
0.1590       -4183.0706   -4183.3178       0.2472   273.2
0.1595       -4183.0486   -4183.3336       0.2850   315.0
0.1600       -4183.0775   -4183.3528       0.2752   304.2
0.1605       -4183.0931   -4183.3719       0.2789   308.2
0.1610       -4183.0720   -4183.3885       0.3165   349.8
0.1615       -4183.0899   -4183.3951       0.3051   337.2
0.1620       -4183.0877   -4183.3914       0.3037   335.7
0.1625       -4183.0828   -4183.3791       0.2963   327.4
0.1630       -4183.0855   -4183.3647       0.2792   308.6
0.1635       -4183.0959   -4183.3570       0.2611   288.6
0.1640       -4183.1062   -4183.3579       0.2517   278.1
0.1645       -4183.0971   -4183.3729       0.2758   304.9
0.1650       -4183.0844   -4183.3942       0.3098   342.4
0.1655       -4183.0995   -4183.4169       0.3174   350.8
0.1660       -4183.0873   -4183.4357       0.3484   385.0
0.1665       -4183.0710   -4183.4483       0.3773   417.0
0.1670       -4183.0632   -4183.4536       0.3905   431.5
0.1675       -4183.0371   -4183.4516       0.4144   458.0
0.1680       -4183.0396   -4183.4419       0.4023   444.6
0.1685       -4183.0359   -4183.4312       0.3953   436.8
0.1690       -4183.0157   -4183.4252       0.4095   452.6
0.1695       -4183.0267   -4183.4304       0.4037   446.2
0.1700       -4183.0155   -4183.4550       0.4396   485.8
0.1705       -4183.0157   -4183.4966       0.4809   531.5
0.1710       -4183.0113   -4183.5496       0.5383   595.0
0.1715       -4183.0275   -4183.6058       0.5782   639.1
0.1720       -4183.0679   -4183.6547       0.5868   648.5
0.1725       -4183.0666   -4183.6905       0.6239   689.5
0.1730       -4183.0725   -4183.7095       0.6370   704.0
0.1735       -4183.0770   -4183.7101       0.6331   699.7
0.1740       -4183.0659   -4183.6935       0.6276   693.6
0.1745       -4183.0389   -4183.6689       0.6300   696.3
0.1750       -4183.0614   -4183.6469       0.5855   647.1
0.1755       -4183.0987   -4183.6320       0.5333   589.4
0.1760       -4183.1154   -4183.6275       0.5121   565.9
0.1765       -4183.0739   -4183.6285       0.5545   612.9
0.1770       -4183.0903   -4183.6279       0.5376   594.1
0.1775       -4183.1173   -4183.6213       0.5040   557.0
0.1780       -4183.1058   -4183.6106       0.5048   557.9
0.1785       -4183.1026   -4183.5952       0.4926   544.4
0.1790       -4183.1006   -4183.5741       0.4735   523.3
0.1795       -4183.1052   -4183.5467       0.4415   488.0
0.1800       -4183.1029   -4183.5186       0.4158   459.5
0.1805       -4183.0888   -4183.4960       0.4071   450.0
0.1810       -4183.0638   -4183.4827       0.4189   462.9
0.1815       -4183.0539   -4183.4821       0.4282   473.2
0.1820       -4183.0368   -4183.4981       0.4613   509.8
0.1825       -4183.0415   -4183.5317       0.4903   541.8
0.1830       -4183.0213   -4183.5791       0.5578   616.4
0.1835       -4183.0232   -4183.6254       0.6022   665.5
0.1840       -4183.0176   -4183.6561       0.6385   705.7
0.1845       -4183.0305   -4183.6607       0.6302   696.5
0.1850       -4182.9943   -4183.6356       0.6413   708.8
0.1855       -4182.9953   -4183.5826       0.5874   649.1
0.1860       -4183.0066   -4183.5144       0.5078   561.2
0.1865       -4183.0188   -4183.4530       0.4342   479.9
0.1870       -4183.0306   -4183.4101       0.3795   419.4
0.1875       -4183.0033   -4183.3934       0.3901   431.1
0.1880       -4182.9875   -4183.4010       0.4134   456.9
0.1885       -4182.9840   -4183.4246       0.4405   486.9
0.1890       -4182.9754   -4183.4435       0.4681   517.4
0.1895       -4182.9540   -4183.4540       0.5000   552.6
0.1900       -4182.9217   -4183.4497       0.5280   583.5
0.1905       -4182.9283   -4183.4322       0.5039   556.9
0.1910       -4182.9336   -4183.4040       0.4704   519.9
0.1915       -4182.9185   -4183.3655       0.4470   494.0
0.1920       -4182.9269   -4183.3273       0.4004   442.5
0.1925       -4182.8735   -4183.2904       0.4169   460.8
0.1930       -4182.8698   -4183.2630       0.3932   434.6
0.1935       -4182.8780   -4183.2579       0.3799   419.8
0.1940       -4182.8719   -4183.2858       0.4139   457.4
0.1945       -4182.8987   -4183.3404       0.4417   488.1
0.1950       -4182.8856   -4183.4057       0.5201   574.8
0.1955       -4182.8928   -4183.4569       0.5641   623.4
0.1960       -4182.9359   -4183.4699       0.5340   590.2
0.1965       -4182.9277   -4183.4381       0.5104   564.1
0.1970       -4182.9109   -4183.3670       0.4562   504.1
0.1975       -4182.9381   -4183.2827       0.3446   380.8
0.1980       -4182.9328   -4183.2143       0.2815   311.1
0.1985       -4182.9193   -4183.1783       0.2590   286.2
0.1990       -4182.9327   -4183.1801       0.2474   273.4
0.1995       -4182.9267   -4183.2084       0.2817   311.3
0.2000       -4182.9459   -4183.2507       0.3047   336.8
0.2005       -4182.9463   -4183.2903       0.3440   380.2
0.2010       -4182.9425   -4183.3212       0.3787   418.5
0.2015       -4182.9601   -4183.3366       0.3765   416.1
0.2020       -4182.9559   -4183.3366       0.3807   420.7
0.2025       -4182.9517   -4183.3288       0.3771   416.8
0.2030       -4182.9654   -4183.3104       0.3450   381.2
0.2035       -4182.9612   -4183.2817       0.3205   354.3
0.2040       -4182.9587   -4183.2430       0.2842   314.1
0.2045       -4182.9505   -4183.2033       0.2527   279.3
0.2050       -4182.9211   -4183.1750       0.2539   280.6
0.2055       -4182.9373   -4183.1674       0.2301   254.4
0.2060       -4182.9321   -4183.2008       0.2687   297.0
0.2065       -4182.9404   -4183.2755       0.3352   370.4
0.2070       -4182.9733   -4183.3721       0.3989   440.8
0.2075       -4182.9691   -4183.4605       0.4915   543.2
0.2080       -4183.0040   -4183.5127       0.5087   562.2
0.2085       -4183.0569   -4183.5257       0.4688   518.1
0.2090       -4183.0720   -4183.5143       0.4423   488.8
0.2095       -4183.0698   -4183.4943       0.4245   469.2
0.2100       -4183.0739   -4183.4808       0.4069   449.7
0.2105       -4183.0667   -4183.4829       0.4162   459.9
0.2110       -4183.0958   -4183.5018       0.4061   448.8
0.2115       -4183.0890   -4183.5365       0.4475   494.6
0.2120       -4183.0763   -4183.5814       0.5051   558.2
0.2125       -4183.0566   -4183.6294       0.5727   633.0
0.2130       -4183.0258   -4183.6720       0.6462   714.2
0.2135       -4183.0199   -4183.7029       0.6829   754.8
0.2140       -4183.0584   -4183.7148       0.6563   725.4
0.2145       -4183.0513   -4183.7076       0.6563   725.3
0.2150       -4183.0818   -4183.6821       0.6003   663.5
0.2155       -4183.1054   -4183.6385       0.5331   589.2
0.2160       -4183.1243   -4183.5906       0.4663   515.4
0.2165       -4183.1488   -4183.5511       0.4023   444.7
0.2170       -4183.1277   -4183.5310       0.4033   445.7
0.2175       -4183.1147   -4183.5402       0.4254   470.2
0.2180       -4183.1080   -4183.5767       0.4687   518.0
0.2185       -4183.1383   -4183.6163       0.4781   528.3
0.2190       -4183.1487   -4183.6408       0.4920   543.8
0.2195       -4183.1691   -4183.6412       0.4721   521.8
0.2200       -4183.1668   -4183.6210       0.4542   502.0
0.2205       -4183.1428   -4183.5865       0.4437   490.4
0.2210       -4183.1021   -4183.5430       0.4409   487.3
0.2215       -4183.1122   -4183.5011       0.3889   429.8
0.2220       -4183.1426   -4183.4864       0.3438   380.0
0.2225       -4183.1647   -4183.4987       0.3340   369.2
0.2230       -4183.1709   -4183.5259       0.3550   392.4
0.2235       -4183.2002   -4183.5578       0.3576   395.2
0.2240       -4183.1770   -4183.5933       0.4163   460.1
0.2245       -4183.1960   -4183.6233       0.4273   472.2
0.2250       -4183.1726   -4183.6367       0.4642   513.0
0.2255       -4183.1859   -4183.6344       0.4485   495.7
0.2260       -4183.1936   -4183.6175       0.4239   468.5
0.2265       -4183.1771   -4183.5865       0.4093   452.4
0.2270       -4183.1930   -4183.5473       0.3543   391.6
0.2275       -4183.2030   -4183.5025       0.2995   331.0
0.2280       -4183.2107   -4183.4659       0.2552   282.0
0.2285       -4183.2018   -4183.4547       0.2528   279.4
0.2290       -4183.1746   -4183.4734       0.2988   330.2
0.2295       -4183.1771   -4183.5103       0.3332   368.2
0.2300       -4183.1719   -4183.5528       0.3809   421.0
0.2305       -4183.1788   -4183.5876       0.4088   451.8
0.2310       -4183.1721   -4183.6004       0.4284   473.4
0.2315       -4183.1613   -4183.5851       0.4238   468.3
0.2320       -4183.1470   -4183.5468       0.3999   441.9
0.2325       -4183.1300   -4183.4919       0.3619   400.0
0.2330       -4183.1179   -4183.4371       0.3192   352.7
0.2335       -4183.1156   -4183.3890       0.2734   302.1
0.2340       -4183.1042   -4183.3573       0.2531   279.7
0.2345       -4183.0786   -4183.3497       0.2710   299.6
0.2350       -4183.0655   -4183.3701       0.3046   336.7
0.2355       -4183.0581   -4183.4071       0.3490   385.7
0.2360       -4183.0660   -4183.4494       0.3833   423.7
0.2365       -4183.0324   -4183.4879       0.4555   503.4
0.2370       -4183.0185   -4183.5139       0.4954   547.5
0.2375       -4182.9815   -4183.5235       0.5420   599.0
0.2380       -4182.9607   -4183.5127       0.5520   610.1
0.2385       -4182.9737   -4183.4782       0.5045   557.6
0.2390       -4182.9972   -4183.4278       0.4307   476.0
0.2395       -4183.0283   -4183.3765       0.3482   384.9
0.2400       -4183.0549   -4183.3473       0.2924   323.2
0.2405       -4183.0506   -4183.3462       0.2956   326.6
0.2410       -4183.0587   -4183.3747       0.3160   349.2
0.2415       -4183.0541   -4183.4225       0.3684   407.1
0.2420       -4183.0785   -4183.4739       0.3955   437.1
0.2425       -4183.0611   -4183.5075       0.4464   493.4
0.2430       -4183.0623   -4183.5109       0.4486   495.7
0.2435       -4183.0469   -4183.4852       0.4382   484.3
0.2440       -4183.0349   -4183.4405       0.4056   448.3
0.2445       -4183.0523   -4183.3925       0.3402   376.0
0.2450       -4183.0521   -4183.3524       0.3004   332.0
0.2455       -4183.0619   -4183.3333       0.2715   300.0
0.2460       -4183.0606   -4183.3404       0.2797   309.2
0.2465       -4183.0708   -4183.3657       0.2949   326.0
0.2470       -4183.0843   -4183.3986       0.3142   347.3
0.2475       -4183.0888   -4183.4348       0.3461   382.5
0.2480       -4183.0869   -4183.4744       0.3875   428.2
0.2485       -4183.0820   -4183.5082       0.4263   471.1
0.2490       -4183.0667   -4183.5329       0.4662   515.2
0.2495       -4183.0806   -4183.5407       0.4601   508.5
0.2500       -4183.0820   -4183.5323       0.4503   497.7
