Time[ps]      Etot[eV]     Epot[eV]     Ekin[eV]    T[K]
0.0000       -4181.0009   -4181.0009       0.0000     0.0
0.0005       -4180.9975   -4181.0105       0.0130    14.4
0.0010       -4180.9943   -4181.0374       0.0431    47.6
0.0015       -4181.0014   -4181.0792       0.0778    86.0
0.0020       -4181.0067   -4181.1357       0.1290   142.6
0.0025       -4181.0075   -4181.2054       0.1978   218.6
0.0030       -4181.0230   -4181.2885       0.2655   293.4
0.0035       -4181.0124   -4181.3831       0.3708   409.8
0.0040       -4180.9952   -4181.4885       0.4933   545.1
0.0045       -4180.9895   -4181.6017       0.6121   676.5
0.0050       -4180.9894   -4181.7198       0.7304   807.3
0.0055       -4180.9910   -4181.8439       0.8529   942.6
0.0060       -4180.9798   -4181.9741       0.9943  1098.9
0.0065       -4180.9779   -4182.1073       1.1294  1248.3
0.0070       -4180.9983   -4182.2385       1.2402  1370.6
0.0075       -4180.9769   -4182.3628       1.3860  1531.8
0.0080       -4180.9784   -4182.4766       1.4982  1655.8
0.0085       -4180.9756   -4182.5788       1.6032  1771.9
0.0090       -4180.9620   -4182.6713       1.7093  1889.1
0.0095       -4180.9719   -4182.7541       1.7822  1969.6
0.0100       -4180.9634   -4182.8284       1.8650  2061.2
0.0105       -4180.9709   -4182.8957       1.9248  2127.2
0.0110       -4180.9779   -4182.9548       1.9768  2184.8
0.0115       -4180.9703   -4183.0069       2.0367  2250.9
0.0120       -4180.9773   -4183.0513       2.0739  2292.1
0.0125       -4181.0128   -4183.0871       2.0743  2292.5
0.0130       -4181.0000   -4183.1126       2.1126  2334.9
0.0135       -4180.9970   -4183.1317       2.1347  2359.3
0.0140       -4181.0272   -4183.1435       2.1164  2339.0
0.0145       -4181.0107   -4183.1493       2.1385  2363.5
0.0150       -4181.0170   -4183.1495       2.1325  2356.8
0.0155       -4180.9978   -4183.1479       2.1501  2376.3
0.0160       -4180.9607   -4183.1458       2.1852  2415.0
0.0165       -4180.9658   -4183.1433       2.1775  2406.6
0.0170       -4181.0297   -4183.1436       2.1139  2336.2
0.0175       -4181.0703   -4183.1465       2.0762  2294.6
0.0180       -4181.0778   -4183.1505       2.0727  2290.7
0.0185       -4181.0960   -4183.1516       2.0556  2271.9
0.0190       -4181.1567   -4183.1498       1.9931  2202.8
0.0195       -4181.1442   -4183.1416       1.9974  2207.5
0.0200       -4181.2158   -4183.1221       1.9063  2106.8
0.0205       -4181.1962   -4183.0919       1.8956  2095.1
0.0210       -4181.2524   -4183.0574       1.8050  1994.9
0.0215       -4181.2696   -4183.0254       1.7558  1940.5
0.0220       -4181.2625   -4182.9999       1.7374  1920.2
0.0225       -4181.2693   -4182.9817       1.7124  1892.5
0.0230       -4181.2790   -4182.9718       1.6928  1870.9
0.0235       -4181.2266   -4182.9716       1.7450  1928.6
0.0240       -4181.1867   -4182.9756       1.7890  1977.1
0.0245       -4181.2434   -4182.9811       1.7377  1920.5
0.0250       -4181.2680   -4182.9840       1.7160  1896.5
0.0255       -4181.2300   -4182.9833       1.7533  1937.7
0.0260       -4181.1607   -4182.9774       1.8167  2007.7
0.0265       -4181.1279   -4182.9601       1.8322  2025.0
0.0270       -4181.1201   -4182.9366       1.8165  2007.6
0.0275       -4181.1282   -4182.9138       1.7856  1973.4
0.0280       -4181.1627   -4182.8994       1.7368  1919.5
0.0285       -4181.1561   -4182.8954       1.7393  1922.2
0.0290       -4181.1588   -4182.9027       1.7439  1927.4
0.0295       -4181.1299   -4182.9115       1.7816  1969.0
0.0300       -4181.1634   -4182.9078       1.7444  1927.9
0.0305       -4181.1528   -4182.8805       1.7277  1909.5
0.0310       -4181.1216   -4182.8278       1.7061  1885.6
0.0315       -4181.1000   -4182.7518       1.6517  1825.5
0.0320       -4181.1495   -4182.6607       1.5113  1670.3
0.0325       -4181.1277   -4182.5683       1.4405  1592.1
0.0330       -4181.1407   -4182.4798       1.3392  1480.0
0.0335       -4181.1960   -4182.3977       1.2017  1328.1
0.0340       -4181.1522   -4182.3200       1.1678  1290.6
0.0345       -4181.1475   -4182.2462       1.0987  1214.3
0.0350       -4181.1419   -4182.1803       1.0384  1147.7
0.0355       -4181.1268   -4182.1210       0.9942  1098.8
0.0360       -4181.1580   -4182.0698       0.9118  1007.7
0.0365       -4181.1677   -4182.0264       0.8587   949.0
0.0370       -4181.1700   -4181.9903       0.8204   906.6
0.0375       -4181.2040   -4181.9544       0.7505   829.4
0.0380       -4181.1801   -4181.9183       0.7382   815.9
0.0385       -4181.1893   -4181.8813       0.6921   764.9
0.0390       -4181.1807   -4181.8430       0.6623   732.0
0.0395       -4181.1909   -4181.8098       0.6190   684.1
0.0400       -4181.1842   -4181.7862       0.6019   665.2
0.0405       -4181.1908   -4181.7755       0.5846   646.1
0.0410       -4181.1968   -4181.7821       0.5853   646.8
0.0415       -4181.2177   -4181.7957       0.5781   638.9
0.0420       -4181.1815   -4181.8041       0.6226   688.1
0.0425       -4181.1856   -4181.7983       0.6127   677.2
0.0430       -4181.1580   -4181.7730       0.6150   679.7
0.0435       -4181.1489   -4181.7225       0.5736   633.9
0.0440       -4181.1455   -4181.6526       0.5071   560.4
0.0445       -4181.1118   -4181.5758       0.4640   512.8
0.0450       -4181.1053   -4181.5045       0.3992   441.2
0.0455       -4181.1135   -4181.4489       0.3354   370.7
0.0460       -4181.1226   -4181.4144       0.2919   322.6
0.0465       -4181.1549   -4181.4016       0.2468   272.7
0.0470       -4181.1481   -4181.4081       0.2601   287.4
0.0475       -4181.1357   -4181.4249       0.2891   319.6
0.0480       -4181.1435   -4181.4429       0.2995   331.0
0.0485       -4181.1499   -4181.4541       0.3042   336.2
0.0490       -4181.1065   -4181.4555       0.3490   385.8
0.0495       -4181.1030   -4181.4495       0.3465   382.9
0.0500       -4181.0935   -4181.4381       0.3446   380.9
0.0505       -4181.1179   -4181.4316       0.3137   346.7
0.0510       -4181.1137   -4181.4422       0.3285   363.0
0.0515       -4181.1061   -4181.4734       0.3674   406.0
0.0520       -4181.1098   -4181.5211       0.4113   454.6
0.0525       -4181.1168   -4181.5852       0.4685   517.8
0.0530       -4181.1436   -4181.6559       0.5123   566.2
0.0535       -4181.1427   -4181.7220       0.5793   640.2
0.0540       -4181.1349   -4181.7723       0.6374   704.5
0.0545       -4181.1494   -4181.7979       0.6485   716.7
0.0550       -4181.0887   -4181.7977       0.7089   783.5
0.0555       -4181.1159   -4181.7739       0.6580   727.2
0.0560       -4181.1364   -4181.7358       0.5994   662.4
0.0565       -4181.1361   -4181.6982       0.5621   621.2
0.0570       -4181.1327   -4181.6742       0.5415   598.5
0.0575       -4181.0936   -4181.6707       0.5770   637.7
0.0580       -4181.0697   -4181.6984       0.6287   694.8
0.0585       -4181.0689   -4181.7512       0.6823   754.1
0.0590       -4181.0341   -4181.8151       0.7809   863.1
0.0595       -4181.0144   -4181.8788       0.8643   955.3
0.0600       -4181.0500   -4181.9321       0.8821   974.9
0.0605       -4181.0465   -4181.9694       0.9229  1020.0
0.0610       -4181.0520   -4181.9931       0.9411  1040.1
0.0615       -4181.0359   -4182.0132       0.9773  1080.1
0.0620       -4181.0542   -4182.0419       0.9877  1091.6
0.0625       -4181.0491   -4182.0920       1.0429  1152.6
0.0630       -4181.0636   -4182.1728       1.1092  1225.9
0.0635       -4181.0936   -4182.2780       1.1844  1309.0
0.0640       -4181.0922   -4182.3976       1.3054  1442.7
0.0645       -4181.1110   -4182.5151       1.4041  1551.8
0.0650       -4181.1255   -4182.6152       1.4896  1646.3
0.0655       -4181.1229   -4182.6926       1.5697  1734.8
0.0660       -4181.1635   -4182.7421       1.5786  1744.7
0.0665       -4181.1781   -4182.7633       1.5852  1751.9
0.0670       -4181.2050   -4182.7614       1.5564  1720.2
0.0675       -4181.2345   -4182.7477       1.5133  1672.5
0.0680       -4181.2525   -4182.7327       1.4802  1635.9
0.0685       -4181.3160   -4182.7347       1.4187  1567.9
0.0690       -4181.2987   -4182.7637       1.4649  1619.0
0.0695       -4181.4074   -4182.8179       1.4105  1558.9
0.0700       -4181.3846   -4182.8902       1.5056  1664.0
0.0705       -4181.3862   -4182.9632       1.5770  1742.9
0.0710       -4181.4305   -4183.0214       1.5909  1758.3
0.0715       -4181.4388   -4183.0518       1.6129  1782.6
0.0720       -4181.4595   -4183.0570       1.5975  1765.5
0.0725       -4181.5072   -4183.0432       1.5359  1697.5
0.0730       -4181.5136   -4183.0241       1.5105  1669.3
0.0735       -4181.4791   -4183.0108       1.5317  1692.8
0.0740       -4181.4856   -4183.0086       1.5230  1683.2
0.0745       -4181.4859   -4183.0238       1.5379  1699.7
0.0750       -4181.5444   -4183.0602       1.5158  1675.3
0.0755       -4181.5203   -4183.1132       1.5929  1760.4
0.0760       -4181.5767   -4183.1693       1.5926  1760.2
0.0765       -4181.6230   -4183.2220       1.5990  1767.2
0.0770       -4181.6381   -4183.2628       1.6246  1795.5
0.0775       -4181.6345   -4183.2866       1.6521  1825.9
0.0780       -4181.5966   -4183.2889       1.6923  1870.3
0.0785       -4181.6365   -4183.2665       1.6299  1801.4
0.0790       -4181.6438   -4183.2218       1.5780  1744.0
0.0795       -4181.6328   -4183.1570       1.5242  1684.5
0.0800       -4181.6607   -4183.0865       1.4258  1575.8
0.0805       -4181.6905   -4183.0337       1.3432  1484.5
0.0810       -4181.6929   -4183.0179       1.3251  1464.5
0.0815       -4181.6898   -4183.0411       1.3513  1493.4
0.0820       -4181.6900   -4183.0766       1.3865  1532.4
0.0825       -4181.7209   -4183.1135       1.3927  1539.2
0.0830       -4181.7836   -4183.1423       1.3588  1501.7
0.0835       -4181.8036   -4183.1524       1.3488  1490.7
0.0840       -4181.7804   -4183.1451       1.3647  1508.3
0.0845       -4181.7492   -4183.1211       1.3719  1516.2
0.0850       -4181.7336   -4183.0836       1.3500  1492.0
0.0855       -4181.7684   -4183.0421       1.2737  1407.7
0.0860       -4181.6908   -4183.0099       1.3191  1457.9
0.0865       -4181.7134   -4182.9835       1.2702  1403.8
0.0870       -4181.7324   -4182.9699       1.2375  1367.7
0.0875       -4181.7654   -4182.9717       1.2063  1333.2
0.0880       -4181.7791   -4182.9905       1.2114  1338.9
0.0885       -4181.7782   -4183.0182       1.2401  1370.5
0.0890       -4181.7695   -4183.0492       1.2797  1414.4
0.0895       -4181.7869   -4183.0688       1.2819  1416.7
0.0900       -4181.8113   -4183.0702       1.2589  1391.3
0.0905       -4181.8149   -4183.0459       1.2310  1360.5
0.0910       -4181.8529   -4182.9966       1.1437  1264.1
0.0915       -4181.8502   -4182.9271       1.0769  1190.2
0.0920       -4181.8370   -4182.8558       1.0188  1126.0
0.0925       -4181.8471   -4182.8031       0.9560  1056.5
0.0930       -4181.8637   -4182.7775       0.9138  1009.9
0.0935       -4181.9011   -4182.7735       0.8724   964.2
0.0940       -4181.8840   -4182.7782       0.8942   988.3
0.0945       -4181.8875   -4182.7741       0.8866   979.8
0.0950       -4181.8753   -4182.7467       0.8714   963.1
0.0955       -4181.8607   -4182.6944       0.8336   921.3
0.0960       -4181.8313   -4182.6250       0.7937   877.2
0.0965       -4181.8202   -4182.5530       0.7328   809.9
0.0970       -4181.8531   -4182.4859       0.6328   699.4
0.0975       -4181.8403   -4182.4276       0.5873   649.1
0.0980       -4181.8219   -4182.3798       0.5579   616.6
0.0985       -4181.8134   -4182.3451       0.5317   587.6
0.0990       -4181.8300   -4182.3327       0.5027   555.6
0.0995       -4181.8275   -4182.3415       0.5139   568.0
0.1000       -4181.8350   -4182.3736       0.5386   595.2
0.1005       -4181.8375   -4182.4264       0.5889   650.8
0.1010       -4181.8258   -4182.4946       0.6688   739.1
0.1015       -4181.8521   -4182.5651       0.7130   788.0
0.1020       -4181.8309   -4182.6259       0.7950   878.7
0.1025       -4181.8325   -4182.6651       0.8326   920.2
0.1030       -4181.8401   -4182.6797       0.8396   927.9
0.1035       -4181.8245   -4182.6781       0.8536   943.4
0.1040       -4181.8079   -4182.6828       0.8749   967.0
0.1045       -4181.7509   -4182.7139       0.9630  1064.3
0.1050       -4181.7483   -4182.7770       1.0287  1136.9
0.1055       -4181.7796   -4182.8537       1.0741  1187.1
0.1060       -4181.7255   -4182.9169       1.1914  1316.7
0.1065       -4181.7153   -4182.9454       1.2302  1359.6
0.1070       -4181.6871   -4182.9410       1.2539  1385.8
0.1075       -4181.6973   -4182.9204       1.2231  1351.8
0.1080       -4181.6546   -4182.9068       1.2522  1383.9
0.1085       -4181.6583   -4182.9113       1.2529  1384.7
0.1090       -4181.6254   -4182.9350       1.3096  1447.4
0.1095       -4181.6187   -4182.9819       1.3631  1506.5
0.1100       -4181.6432   -4183.0298       1.3866  1532.5
0.1105       -4181.6513   -4183.0658       1.4145  1563.3
0.1110       -4181.6744   -4183.0847       1.4104  1558.7
0.1115       -4181.6944   -4183.0861       1.3917  1538.1
0.1120       -4181.6813   -4183.0737       1.3924  1538.8
0.1125       -4181.6929   -4183.0544       1.3615  1504.7
0.1130       -4181.7349   -4183.0330       1.2981  1434.7
0.1135       -4181.7247   -4183.0051       1.2804  1415.1
0.1140       -4181.7437   -4182.9720       1.2282  1357.4
0.1145       -4181.7590   -4182.9334       1.1743  1297.8
0.1150       -4181.7666   -4182.8969       1.1304  1249.3
0.1155       -4181.7998   -4182.8805       1.0807  1194.4
0.1160       -4181.7996   -4182.8833       1.0837  1197.7
0.1165       -4181.7806   -4182.9040       1.1234  1241.6
0.1170       -4181.8060   -4182.9308       1.1249  1243.2
0.1175       -4181.8459   -4182.9412       1.0953  1210.5
0.1180       -4181.9121   -4182.9352       1.0231  1130.8
0.1185       -4181.9031   -4182.9196       1.0165  1123.5
0.1190       -4181.9856   -4182.9001       0.9145  1010.7
0.1195       -4181.9583   -4182.8894       0.9311  1029.0
0.1200       -4181.9481   -4182.8986       0.9505  1050.5
0.1205       -4181.9570   -4182.9278       0.9708  1073.0
0.1210       -4181.9587   -4182.9678       1.0090  1115.2
0.1215       -4182.0391   -4183.0133       0.9742  1076.7
0.1220       -4182.0318   -4183.0553       1.0235  1131.2
0.1225       -4181.9985   -4183.0897       1.0912  1206.0
0.1230       -4181.9919   -4183.1186       1.1267  1245.2
0.1235       -4182.0065   -4183.1423       1.1358  1255.3
0.1240       -4182.0659   -4183.1629       1.0970  1212.4
0.1245       -4182.1267   -4183.1745       1.0478  1158.0
0.1250       -4182.1755   -4183.1822       1.0067  1112.6
0.1255       -4182.1856   -4183.1874       1.0018  1107.2
0.1260       -4182.2022   -4183.1946       0.9924  1096.8
0.1265       -4182.2368   -4183.1966       0.9598  1060.8
0.1270       -4182.2503   -4183.1983       0.9479  1047.7
0.1275       -4182.2336   -4183.2004       0.9668  1068.5
0.1280       -4182.2276   -4183.1959       0.9683  1070.2
0.1285       -4182.2370   -4183.1770       0.9400  1038.9
0.1290       -4182.2109   -4183.1403       0.9293  1027.1
0.1295       -4182.1928   -4183.0819       0.8891   982.7
0.1300       -4182.1971   -4183.0085       0.8115   896.8
0.1305       -4182.1923   -4182.9309       0.7386   816.3
0.1310       -4182.1944   -4182.8721       0.6777   749.0
0.1315       -4182.1969   -4182.8478       0.6509   719.3
0.1320       -4182.1902   -4182.8577       0.6675   737.7
0.1325       -4182.1674   -4182.8890       0.7215   797.4
0.1330       -4182.2037   -4182.9200       0.7163   791.7
0.1335       -4182.2409   -4182.9381       0.6973   770.6
0.1340       -4182.2628   -4182.9414       0.6786   749.9
0.1345       -4182.2814   -4182.9400       0.6586   727.9
0.1350       -4182.2971   -4182.9458       0.6486   716.9
0.1355       -4182.3030   -4182.9661       0.6630   732.8
0.1360       -4182.3616   -4183.0044       0.6428   710.4
0.1365       -4182.3731   -4183.0484       0.6753   746.3
0.1370       -4182.3790   -4183.0902       0.7112   786.1
0.1375       -4182.4019   -4183.1170       0.7151   790.3
0.1380       -4182.4213   -4183.1266       0.7053   779.5
0.1385       -4182.4058   -4183.1256       0.7198   795.5
0.1390       -4182.4406   -4183.1236       0.6830   754.8
0.1395       -4182.4305   -4183.1214       0.6909   763.6
0.1400       -4182.4680   -4183.1132       0.6453   713.1
0.1405       -4182.4633   -4183.0962       0.6329   699.5
0.1410       -4182.4746   -4183.0622       0.5876   649.4
0.1415       -4182.4600   -4183.0089       0.5488   606.6
0.1420       -4182.4693   -4182.9471       0.4779   528.1
0.1425       -4182.4638   -4182.8932       0.4294   474.6
0.1430       -4182.4625   -4182.8530       0.3904   431.5
0.1435       -4182.4595   -4182.8264       0.3669   405.5
0.1440       -4182.4694   -4182.8105       0.3411   376.9
0.1445       -4182.4577   -4182.8021       0.3444   380.6
0.1450       -4182.4509   -4182.7905       0.3396   375.3
0.1455       -4182.4579   -4182.7796       0.3217   355.6
0.1460       -4182.4391   -4182.7716       0.3326   367.6
0.1465       -4182.4259   -4182.7766       0.3507   387.6
0.1470       -4182.4339   -4182.8048       0.3709   409.9
0.1475       -4182.4314   -4182.8611       0.4297   474.9
0.1480       -4182.4332   -4182.9386       0.5054   558.6
0.1485       -4182.4188   -4183.0233       0.6044   668.0
0.1490       -4182.4478   -4183.1067       0.6589   728.2
0.1495       -4182.4490   -4183.1879       0.7389   816.6
0.1500       -4182.4573   -4183.2633       0.8060   890.8
0.1505       -4182.4779   -4183.3303       0.8525   942.2
0.1510       -4182.4622   -4183.3866       0.9244  1021.6
0.1515       -4182.5075   -4183.4287       0.9212  1018.1
0.1520       -4182.4912   -4183.4567       0.9655  1067.1
0.1525       -4182.4583   -4183.4747       1.0164  1123.3
0.1530       -4182.4859   -4183.4812       0.9953  1100.0
0.1535       -4182.5192   -4183.4776       0.9583  1059.2
0.1540       -4182.5104   -4183.4695       0.9591  1060.0
0.1545       -4182.5426   -4183.4608       0.9182  1014.8
0.1550       -4182.5390   -4183.4491       0.9101  1005.8
0.1555       -4182.5536   -4183.4334       0.8799   972.4
0.1560       -4182.5433   -4183.4168       0.8735   965.4
0.1565       -4182.5797   -4183.4000       0.8203   906.5
0.1570       -4182.5813   -4183.3812       0.8000   884.1
0.1575       -4182.6035   -4183.3639       0.7603   840.3
0.1580       -4182.6366   -4183.3532       0.7166   792.0
0.1585       -4182.6345   -4183.3582       0.7237   799.8
0.1590       -4182.6297   -4183.3826       0.7529   832.1
0.1595       -4182.6450   -4183.4196       0.7746   856.1
0.1600       -4182.6416   -4183.4535       0.8119   897.3
0.1605       -4182.6212   -4183.4740       0.8529   942.6
0.1610       -4182.5913   -4183.4726       0.8813   974.0
0.1615       -4182.5527   -4183.4527       0.9000   994.7
0.1620       -4182.5384   -4183.4221       0.8837   976.7
0.1625       -4182.5301   -4183.3905       0.8604   950.9
0.1630       -4182.5577   -4183.3684       0.8108   896.1
0.1635       -4182.5918   -4183.3576       0.7658   846.4
0.1640       -4182.6223   -4183.3547       0.7324   809.5
0.1645       -4182.6089   -4183.3562       0.7473   825.9
0.1650       -4182.6714   -4183.3581       0.6868   759.0
0.1655       -4182.7329   -4183.3584       0.6254   691.2
0.1660       -4182.7120   -4183.3530       0.6410   708.4
0.1665       -4182.6898   -4183.3406       0.6508   719.3
0.1670       -4182.6658   -4183.3156       0.6498   718.1
0.1675       -4182.6780   -4183.2732       0.5952   657.8
0.1680       -4182.6706   -4183.2194       0.5488   606.6
0.1685       -4182.6803   -4183.1700       0.4898   541.3
0.1690       -4182.6592   -4183.1371       0.4779   528.2
0.1695       -4182.6749   -4183.1222       0.4472   494.3
0.1700       -4182.6895   -4183.1240       0.4345   480.2
0.1705       -4182.6806   -4183.1337       0.4531   500.8
0.1710       -4182.7064   -4183.1415       0.4352   481.0
0.1715       -4182.6776   -4183.1414       0.4638   512.6
0.1720       -4182.6982   -4183.1277       0.4295   474.7
0.1725       -4182.7058   -4183.1061       0.4003   442.5
0.1730       -4182.6865   -4183.0817       0.3952   436.8
0.1735       -4182.7090   -4183.0563       0.3473   383.9
0.1740       -4182.7086   -4183.0364       0.3278   362.3
0.1745       -4182.7048   -4183.0219       0.3171   350.5
0.1750       -4182.6999   -4183.0115       0.3116   344.4
0.1755       -4182.7266   -4183.0104       0.2838   313.6
0.1760       -4182.7447   -4183.0225       0.2779   307.1
0.1765       -4182.7447   -4183.0467       0.3020   333.7
0.1770       -4182.7409   -4183.0768       0.3359   371.2
0.1775       -4182.7618   -4183.1031       0.3412   377.1
0.1780       -4182.7465   -4183.1223       0.3758   415.3
0.1785       -4182.7705   -4183.1325       0.3620   400.1
0.1790       -4182.7612   -4183.1348       0.3736   412.9
0.1795       -4182.7786   -4183.1393       0.3607   398.6
0.1800       -4182.7522   -4183.1573       0.4051   447.7
0.1805       -4182.7661   -4183.1927       0.4266   471.5
0.1810       -4182.7519   -4183.2362       0.4843   535.2
0.1815       -4182.7470   -4183.2784       0.5313   587.2
0.1820       -4182.7537   -4183.3128       0.5590   617.8
0.1825       -4182.7646   -4183.3386       0.5740   634.3
0.1830       -4182.7586   -4183.3537       0.5950   657.6
0.1835       -4182.7448   -4183.3581       0.6133   677.8
0.1840       -4182.7484   -4183.3538       0.6054   669.1
0.1845       -4182.7506   -4183.3414       0.5908   652.9
0.1850       -4182.7622   -4183.3261       0.5640   623.3
0.1855       -4182.7428   -4183.3112       0.5685   628.3
0.1860       -4182.7627   -4183.2949       0.5322   588.2
0.1865       -4182.7600   -4183.2841       0.5242   579.3
0.1870       -4182.7700   -4183.2743       0.5043   557.3
0.1875       -4182.7974   -4183.2690       0.4716   521.2
0.1880       -4182.7680   -4183.2723       0.5043   557.3
0.1885       -4182.7697   -4183.2804       0.5107   564.5
0.1890       -4182.7608   -4183.2895       0.5287   584.3
0.1895       -4182.7172   -4183.2841       0.5669   626.5
0.1900       -4182.7190   -4183.2543       0.5353   591.6
0.1905       -4182.7449   -4183.2093       0.4645   513.3
0.1910       -4182.7362   -4183.1633       0.4270   472.0
0.1915       -4182.7633   -4183.1388       0.3755   415.0
0.1920       -4182.7662   -4183.1430       0.3768   416.5
0.1925       -4182.7605   -4183.1686       0.4082   451.1
0.1930       -4182.7786   -4183.2003       0.4217   466.1
0.1935       -4182.7931   -4183.2229       0.4297   474.9
0.1940       -4182.7922   -4183.2327       0.4405   486.8
0.1945       -4182.7956   -4183.2293       0.4337   479.3
0.1950       -4182.8087   -4183.2189       0.4101   453.3
0.1955       -4182.7743   -4183.2069       0.4327   478.2
0.1960       -4182.7766   -4183.1966       0.4200   464.2
0.1965       -4182.7281   -4183.1886       0.4605   508.9
0.1970       -4182.7066   -4183.1829       0.4763   526.4
0.1975       -4182.7121   -4183.1816       0.4696   518.9
0.1980       -4182.7272   -4183.1890       0.4617   510.3
0.1985       -4182.7228   -4183.2051       0.4823   533.0
0.1990       -4182.6935   -4183.2289       0.5353   591.7
0.1995       -4182.6901   -4183.2608       0.5707   630.8
0.2000       -4182.6834   -4183.2993       0.6159   680.6
0.2005       -4182.7290   -4183.3390       0.6100   674.1
0.2010       -4182.7266   -4183.3743       0.6477   715.9
0.2015       -4182.7163   -4183.4080       0.6918   764.5
0.2020       -4182.7163   -4183.4401       0.7239   800.0
0.2025       -4182.7078   -4183.4655       0.7578   837.5
0.2030       -4182.7146   -4183.4749       0.7604   840.3
0.2035       -4182.7206   -4183.4662       0.7455   824.0
0.2040       -4182.7464   -4183.4379       0.6915   764.2
0.2045       -4182.7445   -4183.3964       0.6518   720.4
0.2050       -4182.7319   -4183.3596       0.6277   693.7
0.2055       -4182.7733   -4183.3488       0.5756   636.1
0.2060       -4182.7515   -4183.3788       0.6273   693.3
0.2065       -4182.7424   -4183.4468       0.7044   778.5
0.2070       -4182.7608   -4183.5209       0.7601   840.1
0.2075       -4182.7447   -4183.5726       0.8279   915.0
0.2080       -4182.8008   -4183.5873       0.7865   869.2
0.2085       -4182.8216   -4183.5677       0.7460   824.5
0.2090       -4182.8678   -4183.5244       0.6565   725.6
0.2095       -4182.8915   -4183.4758       0.5843   645.7
0.2100       -4182.9032   -4183.4348       0.5316   587.5
0.2105       -4182.8829   -4183.4103       0.5273   582.8
0.2110       -4182.8784   -4183.3985       0.5202   574.9
0.2115       -4182.8503   -4183.3968       0.5465   604.0
0.2120       -4182.8483   -4183.4008       0.5525   610.6
0.2125       -4182.8722   -4183.4031       0.5310   586.8
0.2130       -4182.8570   -4183.3976       0.5406   597.4
0.2135       -4182.8677   -4183.3867       0.5190   573.6
0.2140       -4182.8392   -4183.3715       0.5323   588.3
0.2145       -4182.8482   -4183.3457       0.4976   549.9
0.2150       -4182.8574   -4183.3155       0.4581   506.3
0.2155       -4182.8468   -4183.2800       0.4332   478.8
0.2160       -4182.8509   -4183.2453       0.3944   435.8
0.2165       -4182.8246   -4183.2239       0.3994   441.4
0.2170       -4182.8084   -4183.2301       0.4217   466.1
0.2175       -4182.8109   -4183.2682       0.4573   505.4
0.2180       -4182.8266   -4183.3154       0.4888   540.2
0.2185       -4182.8451   -4183.3611       0.5159   570.2
0.2190       -4182.8502   -4183.3933       0.5431   600.2
0.2195       -4182.8354   -4183.4026       0.5672   626.9
0.2200       -4182.8921   -4183.3970       0.5049   558.0
0.2205       -4182.9004   -4183.3829       0.4825   533.3
0.2210       -4182.9033   -4183.3685       0.4652   514.2
0.2215       -4182.9012   -4183.3619       0.4607   509.2
0.2220       -4182.8986   -4183.3686       0.4700   519.4
0.2225       -4182.8924   -4183.3848       0.4924   544.2
0.2230       -4182.8867   -4183.4027       0.5161   570.3
0.2235       -4182.8690   -4183.4162       0.5472   604.7
0.2240       -4182.8575   -4183.4267       0.5691   629.0
0.2245       -4182.8718   -4183.4281       0.5564   614.9
0.2250       -4182.8998   -4183.4211       0.5213   576.1
0.2255       -4182.9095   -4183.4061       0.4966   548.9
0.2260       -4182.9102   -4183.3831       0.4729   522.6
0.2265       -4182.9017   -4183.3502       0.4486   495.7
0.2270       -4182.8560   -4183.3071       0.4512   498.6
0.2275       -4182.8432   -4183.2548       0.4116   454.9
0.2280       -4182.8653   -4183.2058       0.3405   376.3
0.2285       -4182.8626   -4183.1711       0.3085   340.9
0.2290       -4182.8778   -4183.1568       0.2790   308.4
0.2295       -4182.8752   -4183.1619       0.2867   316.8
0.2300       -4182.8775   -4183.1824       0.3049   336.9
0.2305       -4182.8969   -4183.2093       0.3124   345.3
0.2310       -4182.9022   -4183.2346       0.3324   367.3
0.2315       -4182.8895   -4183.2577       0.3682   407.0
0.2320       -4182.8849   -4183.2768       0.3919   433.1
0.2325       -4182.8581   -4183.2892       0.4311   476.5
0.2330       -4182.8497   -4183.2973       0.4476   494.6
0.2335       -4182.8363   -4183.3058       0.4695   518.9
0.2340       -4182.8365   -4183.3151       0.4786   528.9
0.2345       -4182.8151   -4183.3211       0.5059   559.1
0.2350       -4182.8136   -4183.3316       0.5180   572.5
0.2355       -4182.8144   -4183.3469       0.5325   588.6
0.2360       -4182.8234   -4183.3650       0.5416   598.5
0.2365       -4182.8420   -4183.3882       0.5462   603.7
0.2370       -4182.8821   -4183.4140       0.5319   587.9
0.2375       -4182.8789   -4183.4437       0.5648   624.2
0.2380       -4182.8888   -4183.4709       0.5821   643.3
0.2385       -4182.8845   -4183.4923       0.6078   671.7
0.2390       -4182.8878   -4183.5074       0.6196   684.8
0.2395       -4182.8853   -4183.5111       0.6257   691.5
0.2400       -4182.9115   -4183.5023       0.5908   653.0
0.2405       -4182.8807   -4183.4860       0.6052   668.9
0.2410       -4182.8812   -4183.4667       0.5856   647.2
0.2415       -4182.8880   -4183.4509       0.5629   622.1
0.2420       -4182.8816   -4183.4455       0.5639   623.2
0.2425       -4182.8829   -4183.4441       0.5611   620.2
0.2430       -4182.9030   -4183.4463       0.5433   600.5
0.2435       -4182.9186   -4183.4524       0.5338   590.0
0.2440       -4182.9162   -4183.4563       0.5401   597.0
0.2445       -4182.9166   -4183.4534       0.5368   593.3
0.2450       -4182.9140   -4183.4422       0.5282   583.7
0.2455       -4182.9241   -4183.4276       0.5035   556.5
0.2460       -4182.8840   -4183.4190       0.5350   591.3
0.2465       -4182.8333   -4183.4149       0.5817   642.9
0.2470       -4182.8176   -4183.4194       0.6018   665.1
0.2475       -4182.7701   -4183.4320       0.6619   731.5
0.2480       -4182.7718   -4183.4472       0.6754   746.5
0.2485       -4182.7913   -4183.4625       0.6712   741.8
0.2490       -4182.7885   -4183.4727       0.6843   756.3
0.2495       -4182.7916   -4183.4752       0.6836   755.5
0.2500       -4182.8287   -4183.4763       0.6476   715.7
Time[ps]      Etot[eV]     Epot[eV]     Ekin[eV]    T[K]
0.0000       -4181.0009   -4181.0009       0.0000     0.0
0.0005       -4180.9993   -4181.0112       0.0119    13.1
0.0010       -4180.9926   -4181.0412       0.0485    53.6
0.0015       -4180.9952   -4181.0886       0.0933   103.2
0.0020       -4180.9779   -4181.1556       0.1777   196.4
0.0025       -4181.0070   -4181.2385       0.2315   255.9
0.0030       -4180.9971   -4181.3327       0.3356   370.9
0.0035       -4180.9776   -4181.4413       0.4637   512.5
0.0040       -4180.9794   -4181.5607       0.5813   642.4
0.0045       -4180.9994   -4181.6874       0.6880   760.4
0.0050       -4181.0301   -4181.8190       0.7889   871.9
0.0055       -4181.0167   -4181.9538       0.9371  1035.7
0.0060       -4181.0425   -4182.0885       1.0460  1156.1
0.0065       -4181.0339   -4182.2192       1.1853  1310.0
0.0070       -4181.0555   -4182.3437       1.2881  1423.6
0.0075       -4181.0547   -4182.4605       1.4057  1553.6
0.0080       -4181.0543   -4182.5717       1.5174  1677.0
0.0085       -4181.0766   -4182.6752       1.5986  1766.8
0.0090       -4181.0749   -4182.7684       1.6934  1871.6
0.0095       -4181.1246   -4182.8542       1.7295  1911.5
0.0100       -4181.1175   -4182.9296       1.8122  2002.8
0.0105       -4181.1640   -4182.9929       1.8289  2021.3
0.0110       -4181.1389   -4183.0427       1.9037  2104.0
0.0115       -4181.1417   -4183.0838       1.9421  2146.4
0.0120       -4181.1264   -4183.1151       1.9887  2197.8
0.0125       -4181.1536   -4183.1377       1.9841  2192.8
0.0130       -4181.1746   -4183.1511       1.9765  2184.4
0.0135       -4181.1685   -4183.1586       1.9901  2199.5
0.0140       -4181.2278   -4183.1624       1.9346  2138.1
0.0145       -4181.2668   -4183.1627       1.8959  2095.4
0.0150       -4181.2818   -4183.1619       1.8801  2077.9
0.0155       -4181.3026   -4183.1627       1.8601  2055.7
0.0160       -4181.2564   -4183.1648       1.9084  2109.1
0.0165       -4181.2136   -4183.1650       1.9514  2156.7
0.0170       -4181.2773   -4183.1620       1.8847  2082.9
0.0175       -4181.3461   -4183.1541       1.8079  1998.1
0.0180       -4181.3235   -4183.1400       1.8165  2007.6
0.0185       -4181.3553   -4183.1198       1.7645  1950.1
0.0190       -4181.3761   -4183.0930       1.7169  1897.5
0.0195       -4181.3881   -4183.0622       1.6741  1850.2
0.0200       -4181.3840   -4183.0310       1.6471  1820.3
0.0205       -4181.3911   -4183.0040       1.6129  1782.5
0.0210       -4181.3944   -4182.9882       1.5938  1761.5
0.0215       -4181.4255   -4182.9871       1.5616  1725.9
0.0220       -4181.4124   -4182.9943       1.5819  1748.3
0.0225       -4181.4113   -4183.0006       1.5893  1756.5
0.0230       -4181.4330   -4183.0027       1.5697  1734.8
0.0235       -4181.3957   -4182.9974       1.6017  1770.2
0.0240       -4181.3439   -4182.9836       1.6396  1812.1
0.0245       -4181.3346   -4182.9636       1.6289  1800.3
0.0250       -4181.3646   -4182.9458       1.5812  1747.5
0.0255       -4181.3623   -4182.9362       1.5739  1739.5
0.0260       -4181.4080   -4182.9368       1.5288  1689.6
0.0265       -4181.4675   -4182.9517       1.4841  1640.2
0.0270       -4181.5167   -4182.9742       1.4575  1610.9
0.0275       -4181.5920   -4182.9941       1.4021  1549.6
0.0280       -4181.6130   -4183.0048       1.3917  1538.1
0.0285       -4181.6521   -4183.0034       1.3512  1493.4
0.0290       -4181.6595   -4182.9897       1.3301  1470.1
0.0295       -4181.6614   -4182.9694       1.3080  1445.6
0.0300       -4181.6750   -4182.9456       1.2706  1404.3
0.0305       -4181.6743   -4182.9198       1.2455  1376.5
0.0310       -4181.6665   -4182.8894       1.2229  1351.6
0.0315       -4181.7070   -4182.8571       1.1501  1271.1
0.0320       -4181.7024   -4182.8284       1.1260  1244.5
0.0325       -4181.6668   -4182.8000       1.1332  1252.4
0.0330       -4181.6261   -4182.7675       1.1414  1261.5
0.0335       -4181.6291   -4182.7304       1.1013  1217.1
0.0340       -4181.6763   -4182.6895       1.0133  1119.8
0.0345       -4181.6531   -4182.6404       0.9873  1091.1
0.0350       -4181.6568   -4182.5851       0.9283  1026.0
0.0355       -4181.6400   -4182.5290       0.8891   982.6
0.0360       -4181.6092   -4182.4709       0.8616   952.3
0.0365       -4181.5816   -4182.4146       0.8330   920.6
0.0370       -4181.5741   -4182.3644       0.7903   873.4
0.0375       -4181.5659   -4182.3211       0.7552   834.6
0.0380       -4181.5663   -4182.2879       0.7216   797.5
0.0385       -4181.5266   -4182.2707       0.7440   822.3
0.0390       -4181.5367   -4182.2640       0.7273   803.8
0.0395       -4181.5320   -4182.2590       0.7270   803.5
0.0400       -4181.5188   -4182.2437       0.7249   801.2
0.0405       -4181.5096   -4182.2164       0.7068   781.1
0.0410       -4181.5000   -4182.1744       0.6744   745.3
0.0415       -4181.5251   -4182.1181       0.5930   655.4
0.0420       -4181.5000   -4182.0557       0.5556   614.1
0.0425       -4181.4979   -4181.9952       0.4973   549.6
0.0430       -4181.4843   -4181.9413       0.4570   505.1
0.0435       -4181.4882   -4181.9005       0.4122   455.6
0.0440       -4181.4731   -4181.8683       0.3951   436.7
0.0445       -4181.4858   -4181.8373       0.3515   388.5
0.0450       -4181.4469   -4181.8069       0.3600   397.9
0.0455       -4181.4589   -4181.7795       0.3206   354.4
0.0460       -4181.4451   -4181.7550       0.3099   342.5
0.0465       -4181.4626   -4181.7372       0.2746   303.5
0.0470       -4181.4513   -4181.7279       0.2767   305.8
0.0475       -4181.4474   -4181.7329       0.2855   315.5
0.0480       -4181.4334   -4181.7527       0.3192   352.8
0.0485       -4181.4415   -4181.7841       0.3426   378.7
0.0490       -4181.4453   -4181.8223       0.3770   416.6
0.0495       -4181.4597   -4181.8724       0.4127   456.1
0.0500       -4181.4388   -4181.9365       0.4977   550.0
0.0505       -4181.4404   -4182.0145       0.5741   634.5
0.0510       -4181.4570   -4182.0968       0.6398   707.1
0.0515       -4181.4412   -4182.1802       0.7390   816.8
0.0520       -4181.4614   -4182.2551       0.7937   877.2
0.0525       -4181.4867   -4182.3182       0.8315   919.0
0.0530       -4181.4577   -4182.3697       0.9119  1007.9
0.0535       -4181.4945   -4182.4118       0.9173  1013.8
0.0540       -4181.4423   -4182.4593       1.0170  1123.9
0.0545       -4181.4301   -4182.5204       1.0903  1205.0
0.0550       -4181.4248   -4182.5921       1.1673  1290.1
0.0555       -4181.4043   -4182.6665       1.2623  1395.0
0.0560       -4181.3921   -4182.7355       1.3435  1484.8
0.0565       -4181.4745   -4182.8011       1.3266  1466.1
0.0570       -4181.4810   -4182.8589       1.3778  1522.8
0.0575       -4181.4881   -4182.9013       1.4131  1561.8
0.0580       -4181.4641   -4182.9329       1.4688  1623.3
0.0585       -4181.3829   -4182.9531       1.5702  1735.4
0.0590       -4181.3953   -4182.9579       1.5626  1726.9
0.0595       -4181.4007   -4182.9533       1.5526  1716.0
0.0600       -4181.4653   -4182.9417       1.4764  1631.7
0.0605       -4181.4921   -4182.9274       1.4354  1586.3
0.0610       -4181.4925   -4182.9138       1.4213  1570.8
0.0615       -4181.4732   -4182.9050       1.4318  1582.4
0.0620       -4181.5098   -4182.8973       1.3875  1533.4
0.0625       -4181.5743   -4182.8908       1.3165  1455.0
0.0630       -4181.5825   -4182.8847       1.3022  1439.1
0.0635       -4181.5910   -4182.8803       1.2893  1425.0
0.0640       -4181.6035   -4182.8769       1.2734  1407.4
0.0645       -4181.6164   -4182.8747       1.2582  1390.6
0.0650       -4181.6202   -4182.8762       1.2560  1388.1
0.0655       -4181.6316   -4182.8903       1.2587  1391.1
0.0660       -4181.6282   -4182.9252       1.2970  1433.4
0.0665       -4181.6400   -4182.9887       1.3486  1490.5
0.0670       -4181.6561   -4183.0630       1.4070  1555.0
0.0675       -4181.5985   -4183.1356       1.5371  1698.8
0.0680       -4181.5383   -4183.1983       1.6600  1834.6
0.0685       -4181.6129   -4183.2435       1.6306  1802.2
0.0690       -4181.6215   -4183.2719       1.6504  1824.0
0.0695       -4181.6496   -4183.2837       1.6341  1806.0
0.0700       -4181.7155   -4183.2858       1.5702  1735.4
0.0705       -4181.6730   -4183.2791       1.6061  1775.0
0.0710       -4181.7089   -4183.2665       1.5576  1721.5
0.0715       -4181.7252   -4183.2487       1.5235  1683.8
0.0720       -4181.7453   -4183.2270       1.4816  1637.5
0.0725       -4181.7524   -4183.2058       1.4534  1606.3
0.0730       -4181.7349   -4183.1785       1.4436  1595.5
0.0735       -4181.7442   -4183.1464       1.4023  1549.8
0.0740       -4181.7882   -4183.1139       1.3256  1465.1
0.0745       -4181.8313   -4183.0734       1.2422  1372.8
0.0750       -4181.8619   -4183.0249       1.1630  1285.3
0.0755       -4181.8778   -4182.9719       1.0941  1209.2
0.0760       -4181.9200   -4182.9177       0.9977  1102.7
0.0765       -4181.8895   -4182.8767       0.9873  1091.1
0.0770       -4181.9623   -4182.8630       0.9007   995.4
0.0775       -4181.9397   -4182.8819       0.9422  1041.3
0.0780       -4181.9460   -4182.9263       0.9803  1083.4
0.0785       -4181.9343   -4182.9784       1.0441  1153.9
0.0790       -4181.9696   -4183.0250       1.0554  1166.4
0.0795       -4181.9358   -4183.0559       1.1201  1237.9
0.0800       -4181.9337   -4183.0666       1.1329  1252.1
0.0805       -4181.9409   -4183.0624       1.1215  1239.4
0.0810       -4181.9808   -4183.0494       1.0686  1181.1
0.0815       -4181.9786   -4183.0332       1.0546  1165.6
0.0820       -4181.9998   -4183.0162       1.0164  1123.3
0.0825       -4182.0256   -4182.9939       0.9682  1070.1
0.0830       -4182.0388   -4182.9684       0.9296  1027.4
0.0835       -4182.0542   -4182.9374       0.8832   976.1
0.0840       -4182.0267   -4182.8970       0.8704   961.9
0.0845       -4182.0724   -4182.8467       0.7743   855.7
0.0850       -4182.0802   -4182.7883       0.7081   782.6
0.0855       -4182.0308   -4182.7236       0.6928   765.7
0.0860       -4182.0637   -4182.6515       0.5878   649.7
0.0865       -4182.0816   -4182.5787       0.4971   549.3
0.0870       -4182.0887   -4182.5083       0.4196   463.8
0.0875       -4182.0966   -4182.4519       0.3553   392.7
0.0880       -4182.1048   -4182.4185       0.3137   346.7
0.0885       -4182.1047   -4182.4109       0.3062   338.4
0.0890       -4182.1140   -4182.4308       0.3168   350.1
0.0895       -4182.1286   -4182.4693       0.3407   376.5
0.0900       -4182.1191   -4182.5165       0.3974   439.2
0.0905       -4182.1249   -4182.5632       0.4383   484.5
0.0910       -4182.0928   -4182.6044       0.5116   565.4
0.0915       -4182.1164   -4182.6374       0.5210   575.8
0.0920       -4182.1337   -4182.6655       0.5318   587.8
0.0925       -4182.1417   -4182.6955       0.5537   612.0
0.0930       -4182.1072   -4182.7285       0.6212   686.6
0.0935       -4182.0942   -4182.7515       0.6573   726.4
0.0940       -4182.0556   -4182.7600       0.7045   778.6
0.0945       -4182.0162   -4182.7525       0.7363   813.7
0.0950       -4182.0349   -4182.7320       0.6971   770.4
0.0955       -4182.0400   -4182.7241       0.6841   756.0
0.0960       -4182.0339   -4182.7379       0.7040   778.1
0.0965       -4182.0393   -4182.7672       0.7279   804.4
0.0970       -4182.0479   -4182.8036       0.7557   835.2
0.0975       -4182.0081   -4182.8345       0.8265   913.4
0.0980       -4181.9998   -4182.8519       0.8521   941.8
0.0985       -4182.0651   -4182.8507       0.7856   868.2
0.0990       -4182.0726   -4182.8371       0.7644   844.9
0.0995       -4182.0774   -4182.8191       0.7417   819.8
0.1000       -4182.0629   -4182.8077       0.7448   823.1
0.1005       -4182.0638   -4182.8094       0.7456   824.1
0.1010       -4182.1046   -4182.8296       0.7250   801.3
0.1015       -4182.1077   -4182.8745       0.7668   847.5
0.1020       -4182.0997   -4182.9399       0.8401   928.5
0.1025       -4182.1524   -4183.0199       0.8674   958.7
0.1030       -4182.1259   -4183.1099       0.9840  1087.5
0.1035       -4182.1376   -4183.2003       1.0627  1174.5
0.1040       -4182.0824   -4183.2821       1.1997  1325.9
0.1045       -4182.0787   -4183.3451       1.2664  1399.6
0.1050       -4182.0989   -4183.3748       1.2759  1410.1
0.1055       -4182.0726   -4183.3730       1.3004  1437.2
0.1060       -4182.1089   -4183.3421       1.2332  1362.9
0.1065       -4182.0649   -4183.3104       1.2455  1376.5
0.1070       -4182.1002   -4183.3001       1.1999  1326.1
0.1075       -4182.0781   -4183.3172       1.2391  1369.5
0.1080       -4182.0831   -4183.3457       1.2626  1395.4
0.1085       -4182.0881   -4183.3729       1.2848  1419.9
0.1090       -4182.0521   -4183.3868       1.3347  1475.1
0.1095       -4182.1184   -4183.3851       1.2666  1399.9
0.1100       -4182.1201   -4183.3649       1.2448  1375.7
0.1105       -4182.0824   -4183.3260       1.2436  1374.5
0.1110       -4182.0559   -4183.2700       1.2141  1341.8
0.1115       -4182.0783   -4183.2071       1.1289  1247.6
0.1120       -4182.0593   -4183.1523       1.0930  1207.9
0.1125       -4182.0868   -4183.1211       1.0343  1143.1
0.1130       -4182.0831   -4183.1127       1.0296  1137.9
0.1135       -4182.1002   -4183.1199       1.0197  1127.0
0.1140       -4182.0483   -4183.1469       1.0986  1214.2
0.1145       -4182.0694   -4183.1861       1.1168  1234.2
0.1150       -4182.0642   -4183.2248       1.1606  1282.6
0.1155       -4182.0385   -4183.2611       1.2226  1351.2
0.1160       -4182.0728   -4183.2938       1.2210  1349.4
0.1165       -4182.0330   -4183.3090       1.2761  1410.3
0.1170       -4182.0314   -4183.2995       1.2681  1401.5
0.1175       -4182.0414   -4183.2653       1.2239  1352.6
0.1180       -4182.0876   -4183.2256       1.1380  1257.7
0.1185       -4182.1160   -4183.2067       1.0907  1205.5
0.1190       -4182.1216   -4183.2084       1.0868  1201.1
0.1195       -4182.1413   -4183.2216       1.0803  1194.0
0.1200       -4182.2073   -4183.2387       1.0314  1139.9
0.1205       -4182.2159   -4183.2354       1.0195  1126.7
0.1210       -4182.1443   -4183.2080       1.0638  1175.7
0.1215       -4182.1383   -4183.1650       1.0267  1134.7
0.1220       -4182.1642   -4183.1088       0.9446  1043.9
0.1225       -4182.1928   -4183.0464       0.8536   943.3
0.1230       -4182.1919   -4182.9898       0.7979   881.8
0.1235       -4182.2145   -4182.9543       0.7398   817.7
0.1240       -4182.2063   -4182.9413       0.7349   812.2
0.1245       -4182.2206   -4182.9377       0.7171   792.6
0.1250       -4182.2115   -4182.9369       0.7255   801.8
0.1255       -4182.2165   -4182.9422       0.7257   802.0
0.1260       -4182.2354   -4182.9566       0.7212   797.1
0.1265       -4182.2289   -4182.9806       0.7516   830.7
0.1270       -4182.2382   -4183.0064       0.7683   849.1
0.1275       -4182.1942   -4183.0183       0.8241   910.8
0.1280       -4182.2246   -4183.0074       0.7827   865.1
0.1285       -4182.2620   -4182.9718       0.7097   784.4
0.1290       -4182.2732   -4182.9181       0.6449   712.7
0.1295       -4182.3037   -4182.8568       0.5531   611.3
0.1300       -4182.3296   -4182.8030       0.4733   523.1
0.1305       -4182.3267   -4182.7641       0.4374   483.4
0.1310       -4182.3382   -4182.7428       0.4046   447.1
0.1315       -4182.3413   -4182.7390       0.3977   439.5
0.1320       -4182.3528   -4182.7407       0.3879   428.7
0.1325       -4182.3568   -4182.7369       0.3801   420.1
0.1330       -4182.3181   -4182.7249       0.4068   449.6
0.1335       -4182.3352   -4182.7038       0.3686   407.3
0.1340       -4182.3236   -4182.6827       0.3591   396.9
0.1345       -4182.3173   -4182.6707       0.3533   390.5
0.1350       -4182.3340   -4182.6674       0.3334   368.5
0.1355       -4182.3203   -4182.6780       0.3578   395.4
0.1360       -4182.3177   -4182.6951       0.3775   417.2
0.1365       -4182.3439   -4182.7176       0.3737   413.0
0.1370       -4182.3161   -4182.7435       0.4274   472.4
0.1375       -4182.2911   -4182.7731       0.4820   532.8
0.1380       -4182.2731   -4182.8117       0.5386   595.3
0.1385       -4182.3143   -4182.8621       0.5478   605.4
0.1390       -4182.2894   -4182.9282       0.6389   706.1
0.1395       -4182.3385   -4183.0030       0.6645   734.3
0.1400       -4182.3420   -4183.0701       0.7282   804.8
0.1405       -4182.3247   -4183.1154       0.7908   873.9
0.1410       -4182.3758   -4183.1373       0.7614   841.5
0.1415       -4182.3894   -4183.1405       0.7511   830.1
0.1420       -4182.4383   -4183.1400       0.7017   775.5
0.1425       -4182.4683   -4183.1483       0.6801   751.6
0.1430       -4182.5004   -4183.1630       0.6625   732.2
0.1435       -4182.4742   -4183.1782       0.7040   778.0
0.1440       -4182.4869   -4183.1916       0.7047   778.9
0.1445       -4182.4804   -4183.1982       0.7178   793.3
0.1450       -4182.5100   -4183.1963       0.6863   758.5
0.1455       -4182.5167   -4183.1972       0.6805   752.0
0.1460       -4182.5194   -4183.2116       0.6922   765.0
0.1465       -4182.4629   -4183.2356       0.7727   854.0
0.1470       -4182.4781   -4183.2606       0.7825   864.8
0.1475       -4182.4694   -4183.2814       0.8120   897.5
0.1480       -4182.4542   -4183.2933       0.8391   927.4
0.1485       -4182.4467   -4183.2918       0.8451   934.0
0.1490       -4182.4762   -4183.2835       0.8073   892.3
0.1495       -4182.4789   -4183.2834       0.8046   889.2
0.1500       -4182.4753   -4183.3016       0.8264   913.3
0.1505       -4182.4401   -4183.3431       0.9029   997.9
0.1510       -4182.4512   -4183.4001       0.9489  1048.7
0.1515       -4182.4892   -4183.4577       0.9685  1070.4
0.1520       -4182.4904   -4183.5032       1.0128  1119.4
0.1525       -4182.4538   -4183.5288       1.0750  1188.1
0.1530       -4182.4651   -4183.5344       1.0694  1181.9
0.1535       -4182.4805   -4183.5299       1.0494  1159.8
0.1540       -4182.4293   -4183.5326       1.1033  1219.4
0.1545       -4182.4171   -4183.5444       1.1273  1245.8
0.1550       -4182.4153   -4183.5572       1.1419  1262.0
0.1555       -4182.4912   -4183.5630       1.0718  1184.5
0.1560       -4182.5146   -4183.5561       1.0415  1151.1
0.1565       -4182.5179   -4183.5439       1.0261  1134.0
0.1570       -4182.5590   -4183.5358       0.9768  1079.6
0.1575       -4182.5279   -4183.5366       1.0087  1114.9
0.1580       -4182.5386   -4183.5417       1.0031  1108.6
0.1585       -4182.5712   -4183.5405       0.9694  1071.3
0.1590       -4182.5184   -4183.5250       1.0066  1112.5
0.1595       -4182.4950   -4183.4925       0.9975  1102.4
0.1600       -4182.5035   -4183.4438       0.9403  1039.2
0.1605       -4182.5037   -4183.3863       0.8826   975.5
0.1610       -4182.5191   -4183.3398       0.8207   907.0
0.1615       -4182.5325   -4183.3162       0.7837   866.1
0.1620       -4182.5517   -4183.3152       0.7635   843.8
0.1625       -4182.5617   -4183.3314       0.7697   850.7
0.1630       -4182.5377   -4183.3449       0.8072   892.1
0.1635       -4182.5554   -4183.3376       0.7822   864.5
0.1640       -4182.5616   -4183.3047       0.7431   821.3
0.1645       -4182.5596   -4183.2514       0.6918   764.6
0.1650       -4182.5931   -4183.1958       0.6027   666.1
0.1655       -4182.5848   -4183.1544       0.5696   629.5
0.1660       -4182.5839   -4183.1269       0.5430   600.1
0.1665       -4182.5755   -4183.1158       0.5403   597.1
0.1670       -4182.5853   -4183.1103       0.5250   580.2
0.1675       -4182.5622   -4183.0992       0.5370   593.5
0.1680       -4182.5354   -4183.0815       0.5461   603.6
0.1685       -4182.5484   -4183.0582       0.5098   563.5
0.1690       -4182.5382   -4183.0393       0.5011   553.8
0.1695       -4182.5809   -4183.0390       0.4581   506.3
0.1700       -4182.6087   -4183.0609       0.4521   499.7
0.1705       -4182.5918   -4183.0958       0.5040   557.0
0.1710       -4182.5858   -4183.1303       0.5445   601.8
0.1715       -4182.5763   -4183.1546       0.5783   639.1
0.1720       -4182.5892   -4183.1549       0.5657   625.3
0.1725       -4182.5949   -4183.1379       0.5430   600.2
0.1730       -4182.6176   -4183.1201       0.5025   555.4
0.1735       -4182.6031   -4183.1245       0.5213   576.2
0.1740       -4182.6108   -4183.1639       0.5532   611.4
0.1745       -4182.6499   -4183.2232       0.5733   633.6
0.1750       -4182.6378   -4183.2788       0.6410   708.4
0.1755       -4182.6008   -4183.3074       0.7065   780.9
0.1760       -4182.5817   -4183.3007       0.7190   794.6
0.1765       -4182.5738   -4183.2688       0.6950   768.1
0.1770       -4182.5834   -4183.2391       0.6557   724.7
0.1775       -4182.5568   -4183.2275       0.6707   741.2
0.1780       -4182.5407   -4183.2367       0.6960   769.2
0.1785       -4182.5377   -4183.2589       0.7212   797.1
0.1790       -4182.5100   -4183.2839       0.7739   855.3
0.1795       -4182.4629   -4183.2917       0.8288   916.0
0.1800       -4182.4874   -4183.2749       0.7875   870.3
0.1805       -4182.4551   -4183.2444       0.7893   872.3
0.1810       -4182.4403   -4183.2195       0.7792   861.2
0.1815       -4182.4498   -4183.2124       0.7626   842.9
0.1820       -4182.4325   -4183.2292       0.7967   880.5
0.1825       -4182.4324   -4183.2593       0.8270   913.9
0.1830       -4182.4432   -4183.2860       0.8428   931.5
0.1835       -4182.4631   -4183.2949       0.8317   919.2
0.1840       -4182.4394   -4183.2838       0.8443   933.2
0.1845       -4182.4589   -4183.2607       0.8018   886.1
0.1850       -4182.4164   -4183.2496       0.8331   920.8
0.1855       -4182.4114   -4183.2660       0.8547   944.6
0.1860       -4182.4100   -4183.3144       0.9044   999.6
0.1865       -4182.4013   -4183.3704       0.9690  1071.0
0.1870       -4182.4210   -4183.3990       0.9780  1080.8
0.1875       -4182.4136   -4183.3877       0.9741  1076.5
0.1880       -4182.4107   -4183.3406       0.9299  1027.7
0.1885       -4182.4102   -4183.2836       0.8734   965.3
0.1890       -4182.4208   -4183.2483       0.8276   914.6
0.1895       -4182.4028   -4183.2501       0.8473   936.4
0.1900       -4182.3740   -4183.2897       0.9157  1012.1
0.1905       -4182.3462   -4183.3403       0.9941  1098.7
0.1910       -4182.3255   -4183.3687       1.0431  1152.8
0.1915       -4182.3246   -4183.3606       1.0359  1144.9
0.1920       -4182.2962   -4183.3221       1.0259  1133.8
0.1925       -4182.3117   -4183.2754       0.9637  1065.0
0.1930       -4182.2697   -4183.2493       0.9796  1082.6
0.1935       -4182.2959   -4183.2514       0.9555  1056.0
0.1940       -4182.3159   -4183.2754       0.9595  1060.4
0.1945       -4182.3645   -4183.3069       0.9425  1041.6
0.1950       -4182.3620   -4183.3357       0.9737  1076.1
0.1955       -4182.3378   -4183.3494       1.0116  1118.0
0.1960       -4182.3051   -4183.3461       1.0410  1150.5
0.1965       -4182.3076   -4183.3328       1.0252  1133.1
0.1970       -4182.3329   -4183.3174       0.9845  1088.1
0.1975       -4182.3394   -4183.3087       0.9693  1071.3
0.1980       -4182.2978   -4183.2997       1.0019  1107.3
0.1985       -4182.3005   -4183.2767       0.9762  1078.9
0.1990       -4182.3408   -4183.2283       0.8875   980.9
0.1995       -4182.3773   -4183.1588       0.7815   863.7
0.2000       -4182.3811   -4183.0846       0.7036   777.6
0.2005       -4182.3912   -4183.0276       0.6364   703.3
0.2010       -4182.3988   -4182.9962       0.5974   660.2
0.2015       -4182.4642   -4182.9884       0.5242   579.3
0.2020       -4182.4585   -4182.9910       0.5325   588.5
0.2025       -4182.4678   -4182.9942       0.5263   581.7
0.2030       -4182.4656   -4182.9897       0.5241   579.3
0.2035       -4182.4533   -4182.9729       0.5196   574.3
0.2040       -4182.4331   -4182.9432       0.5100   563.7
0.2045       -4182.4595   -4182.9052       0.4457   492.6
0.2050       -4182.4681   -4182.8742       0.4061   448.8
0.2055       -4182.4365   -4182.8496       0.4131   456.6
0.2060       -4182.4426   -4182.8306       0.3879   428.8
0.2065       -4182.4646   -4182.8220       0.3574   395.0
0.2070       -4182.4830   -4182.8255       0.3425   378.5
0.2075       -4182.4792   -4182.8381       0.3589   396.7
0.2080       -4182.4684   -4182.8569       0.3885   429.3
0.2085       -4182.4688   -4182.8781       0.4093   452.4
0.2090       -4182.4554   -4182.9039       0.4485   495.7
0.2095       -4182.4532   -4182.9360       0.4828   533.6
0.2100       -4182.5022   -4182.9694       0.4672   516.3
0.2105       -4182.4760   -4183.0024       0.5265   581.8
0.2110       -4182.5112   -4183.0302       0.5190   573.6
0.2115       -4182.5369   -4183.0563       0.5194   574.0
0.2120       -4182.5330   -4183.0918       0.5589   617.6
0.2125       -4182.5361   -4183.1452       0.6091   673.2
0.2130       -4182.4876   -4183.2033       0.7157   791.0
0.2135       -4182.4978   -4183.2561       0.7582   838.0
0.2140       -4182.5163   -4183.2949       0.7786   860.5
0.2145       -4182.4689   -4183.3210       0.8521   941.7
0.2150       -4182.4726   -4183.3312       0.8586   948.9
0.2155       -4182.4668   -4183.3209       0.8541   944.0
0.2160       -4182.4464   -4183.2919       0.8455   934.4
0.2165       -4182.4382   -4183.2512       0.8131   898.6
0.2170       -4182.4363   -4183.2108       0.7745   856.0
0.2175       -4182.4595   -4183.1830       0.7235   799.6
0.2180       -4182.4931   -4183.1794       0.6864   758.6
0.2185       -4182.4903   -4183.2028       0.7125   787.5
0.2190       -4182.4637   -4183.2469       0.7833   865.7
0.2195       -4182.4874   -4183.2981       0.8107   896.0
0.2200       -4182.5039   -4183.3473       0.8434   932.1
0.2205       -4182.4865   -4183.3909       0.9045   999.6
0.2210       -4182.4703   -4183.4166       0.9463  1045.8
0.2215       -4182.5073   -4183.4184       0.9111  1007.0
0.2220       -4182.4669   -4183.4016       0.9347  1033.1
0.2225       -4182.4433   -4183.3733       0.9300  1027.8
0.2230       -4182.4044   -4183.3487       0.9442  1043.5
0.2235       -4182.4147   -4183.3364       0.9217  1018.6
0.2240       -4182.4338   -4183.3452       0.9115  1007.3
0.2245       -4182.4807   -4183.3671       0.8863   979.6
0.2250       -4182.4888   -4183.3929       0.9040   999.1
0.2255       -4182.4957   -4183.4114       0.9156  1012.0
0.2260       -4182.5156   -4183.4169       0.9013   996.1
0.2265       -4182.5273   -4183.4089       0.8816   974.3
0.2270       -4182.5195   -4183.3844       0.8649   955.9
0.2275       -4182.5114   -4183.3487       0.8373   925.4
0.2280       -4182.5589   -4183.3041       0.7452   823.6
0.2285       -4182.5698   -4183.2540       0.6843   756.2
0.2290       -4182.5189   -4183.1985       0.6796   751.0
0.2295       -4182.5350   -4183.1479       0.6129   677.4
0.2300       -4182.5265   -4183.1162       0.5897   651.8
0.2305       -4182.5442   -4183.1064       0.5622   621.3
0.2310       -4182.5481   -4183.1199       0.5719   632.0
0.2315       -4182.5355   -4183.1445       0.6090   673.1
0.2320       -4182.5791   -4183.1770       0.5980   660.9
0.2325       -4182.5773   -4183.2114       0.6341   700.8
0.2330       -4182.5698   -4183.2424       0.6726   743.3
0.2335       -4182.6049   -4183.2611       0.6562   725.2
0.2340       -4182.6080   -4183.2592       0.6512   719.7
0.2345       -4182.6502   -4183.2394       0.5892   651.2
0.2350       -4182.6136   -4183.2166       0.6030   666.4
0.2355       -4182.6308   -4183.2066       0.5758   636.4
0.2360       -4182.6732   -4183.2270       0.5537   612.0
0.2365       -4182.6586   -4183.2722       0.6136   678.2
0.2370       -4182.5993   -4183.3351       0.7357   813.1
0.2375       -4182.5800   -4183.3981       0.8181   904.2
0.2380       -4182.6363   -4183.4483       0.8119   897.4
0.2385       -4182.6387   -4183.4773       0.8386   926.9
0.2390       -4182.6224   -4183.4810       0.8586   948.9
0.2395       -4182.6126   -4183.4641       0.8515   941.1
0.2400       -4182.6313   -4183.4248       0.7935   877.0
0.2405       -4182.6598   -4183.3685       0.7087   783.2
0.2410       -4182.6913   -4183.3054       0.6140   678.6
0.2415       -4182.6889   -4183.2414       0.5525   610.6
0.2420       -4182.7239   -4183.1880       0.4641   513.0
0.2425       -4182.7161   -4183.1612       0.4451   491.9
0.2430       -4182.7103   -4183.1670       0.4567   504.7
0.2435       -4182.7270   -4183.2019       0.4750   525.0
0.2440       -4182.7163   -4183.2613       0.5450   602.3
0.2445       -4182.7250   -4183.3285       0.6035   666.9
0.2450       -4182.7616   -4183.3805       0.6189   684.0
0.2455       -4182.7542   -4183.3993       0.6451   712.9
0.2460       -4182.7264   -4183.3797       0.6533   722.0
0.2465       -4182.7759   -4183.3265       0.5506   608.5
0.2470       -4182.7794   -4183.2619       0.4825   533.2
0.2475       -4182.7857   -4183.2136       0.4279   472.9
0.2480       -4182.7803   -4183.2061       0.4259   470.6
0.2485       -4182.7767   -4183.2421       0.4654   514.3
0.2490       -4182.8197   -4183.3030       0.4833   534.1
0.2495       -4182.8292   -4183.3616       0.5324   588.4
0.2500       -4182.8202   -4183.4098       0.5896   651.6
