Time[ps]      Etot[eV]     Epot[eV]     Ekin[eV]    T[K]
0.0000       -4180.2989   -4180.2989       0.0000     0.0
0.0005       -4180.2979   -4180.3017       0.0038     4.2
0.0010       -4180.2868   -4180.3109       0.0241    26.6
0.0015       -4180.2850   -4180.3264       0.0414    45.7
0.0020       -4180.2841   -4180.3470       0.0629    69.5
0.0025       -4180.2812   -4180.3717       0.0905   100.0
0.0030       -4180.2704   -4180.4008       0.1304   144.1
0.0035       -4180.2774   -4180.4322       0.1548   171.1
0.0040       -4180.2578   -4180.4624       0.2046   226.1
0.0045       -4180.2551   -4180.4932       0.2381   263.2
0.0050       -4180.2734   -4180.5238       0.2504   276.7
0.0055       -4180.2820   -4180.5534       0.2714   300.0
0.0060       -4180.2525   -4180.5868       0.3343   369.5
0.0065       -4180.2817   -4180.6279       0.3463   382.7
0.0070       -4180.2734   -4180.6805       0.4071   449.9
0.0075       -4180.2964   -4180.7469       0.4505   497.8
0.0080       -4180.2644   -4180.8333       0.5690   628.8
0.0085       -4180.2934   -4180.9407       0.6473   715.4
0.0090       -4180.3277   -4181.0577       0.7299   806.7
0.0095       -4180.3552   -4181.1707       0.8156   901.3
0.0100       -4180.3718   -4181.2754       0.9036   998.7
0.0105       -4180.3801   -4181.3851       1.0049  1110.6
0.0110       -4180.3480   -4181.5088       1.1608  1282.9
0.0115       -4180.3052   -4181.6451       1.3399  1480.8
0.0120       -4180.3155   -4181.7806       1.4651  1619.3
0.0125       -4180.3570   -4181.9031       1.5460  1708.6
0.0130       -4180.4288   -4182.0059       1.5772  1743.1
0.0135       -4180.4518   -4182.0955       1.6437  1816.6
0.0140       -4180.3888   -4182.1698       1.7809  1968.3
0.0145       -4180.3768   -4182.2200       1.8433  2037.2
0.0150       -4180.3850   -4182.2356       1.8506  2045.3
0.0155       -4180.2658   -4182.2059       1.9401  2144.2
0.0160       -4180.2852   -4182.1235       1.8383  2031.7
0.0165       -4180.3131   -4182.0015       1.6884  1866.0
0.0170       -4180.3012   -4181.8654       1.5641  1728.7
0.0175       -4180.3261   -4181.7429       1.4167  1565.8
0.0180       -4180.3051   -4181.6566       1.3514  1493.6
0.0185       -4180.2956   -4181.6111       1.3155  1453.9
0.0190       -4180.2946   -4181.6046       1.3100  1447.8
0.0195       -4180.3398   -4181.6314       1.2916  1427.5
0.0200       -4180.3349   -4181.6927       1.3578  1500.7
0.0205       -4180.3410   -4181.7756       1.4346  1585.5
0.0210       -4180.3153   -4181.8713       1.5561  1719.8
0.0215       -4180.2992   -4181.9793       1.6801  1856.9
0.0220       -4180.3356   -4182.1001       1.7645  1950.1
0.0225       -4180.3452   -4182.2262       1.8810  2078.8
0.0230       -4180.4069   -4182.3581       1.9513  2156.5
0.0235       -4180.4399   -4182.4904       2.0505  2266.2
0.0240       -4180.4579   -4182.6208       2.1630  2390.5
0.0245       -4180.4580   -4182.7418       2.2838  2524.1
0.0250       -4180.4728   -4182.8451       2.3723  2621.8
0.0255       -4180.4762   -4182.9302       2.4540  2712.2
0.0260       -4180.5738   -4183.0006       2.4267  2682.0
0.0265       -4180.5928   -4183.0588       2.4660  2725.4
0.0270       -4180.6111   -4183.1087       2.4976  2760.3
0.0275       -4180.5723   -4183.1511       2.5788  2850.0
0.0280       -4180.6140   -4183.1891       2.5751  2846.0
0.0285       -4180.6258   -4183.2296       2.6038  2877.7
0.0290       -4180.6238   -4183.2697       2.6459  2924.3
0.0295       -4180.6687   -4183.3084       2.6396  2917.3
0.0300       -4180.7109   -4183.3470       2.6362  2913.5
0.0305       -4180.7316   -4183.3821       2.6505  2929.3
0.0310       -4180.7637   -4183.4091       2.6454  2923.7
0.0315       -4180.8018   -4183.4282       2.6264  2902.7
0.0320       -4180.7596   -4183.4348       2.6753  2956.7
0.0325       -4180.7850   -4183.4280       2.6430  2921.0
0.0330       -4180.8310   -4183.4022       2.5712  2841.7
0.0335       -4180.8042   -4183.3569       2.5527  2821.2
0.0340       -4180.7742   -4183.2887       2.5145  2779.0
0.0345       -4180.7653   -4183.1965       2.4312  2686.9
0.0350       -4180.7777   -4183.0828       2.3052  2547.6
0.0355       -4180.7657   -4182.9500       2.1843  2414.0
0.0360       -4180.7451   -4182.8063       2.0612  2278.1
0.0365       -4180.7425   -4182.6580       1.9155  2117.0
0.0370       -4180.7664   -4182.5152       1.7487  1932.7
0.0375       -4180.8414   -4182.3888       1.5473  1710.1
0.0380       -4180.9004   -4182.2853       1.3849  1530.5
0.0385       -4180.9407   -4182.2111       1.2704  1404.1
0.0390       -4181.0352   -4182.1676       1.1325  1251.6
0.0395       -4180.9823   -4182.1538       1.1714  1294.7
0.0400       -4180.9726   -4182.1616       1.1890  1314.1
0.0405       -4180.9064   -4182.1923       1.2859  1421.2
0.0410       -4180.9458   -4182.2409       1.2951  1431.4
0.0415       -4180.9294   -4182.3024       1.3730  1517.4
0.0420       -4180.9120   -4182.3660       1.4540  1607.0
0.0425       -4180.8933   -4182.4203       1.5270  1687.6
0.0430       -4180.9149   -4182.4607       1.5459  1708.5
0.0435       -4180.8733   -4182.4867       1.6134  1783.2
0.0440       -4180.8654   -4182.4963       1.6309  1802.5
0.0445       -4180.8631   -4182.4875       1.6244  1795.3
0.0450       -4180.8696   -4182.4646       1.5950  1762.8
0.0455       -4180.9387   -4182.4318       1.4930  1650.1
0.0460       -4180.9049   -4182.3913       1.4864  1642.8
0.0465       -4180.8776   -4182.3432       1.4656  1619.8
0.0470       -4180.8659   -4182.2912       1.4253  1575.2
0.0475       -4180.8577   -4182.2372       1.3795  1524.6
0.0480       -4180.8506   -4182.1832       1.3326  1472.7
0.0485       -4180.8303   -4182.1295       1.2992  1435.9
0.0490       -4180.7947   -4182.0744       1.2797  1414.4
0.0495       -4180.8282   -4182.0156       1.1874  1312.3
0.0500       -4180.8541   -4181.9547       1.1006  1216.4
0.0505       -4180.8830   -4181.8923       1.0094  1115.6
0.0510       -4180.9127   -4181.8286       0.9159  1012.3
0.0515       -4180.9350   -4181.7610       0.8260   912.8
0.0520       -4180.9480   -4181.6915       0.7435   821.7
0.0525       -4180.9081   -4181.6207       0.7126   787.5
0.0530       -4180.9389   -4181.5494       0.6105   674.7
0.0535       -4180.9188   -4181.4831       0.5643   623.7
0.0540       -4180.9298   -4181.4264       0.4966   548.9
0.0545       -4180.9259   -4181.3853       0.4594   507.8
0.0550       -4180.8953   -4181.3610       0.4657   514.7
0.0555       -4180.8813   -4181.3597       0.4784   528.7
0.0560       -4180.8742   -4181.3830       0.5088   562.4
0.0565       -4180.8755   -4181.4318       0.5563   614.8
0.0570       -4180.8993   -4181.4962       0.5969   659.6
0.0575       -4180.9266   -4181.5780       0.6514   720.0
0.0580       -4180.8622   -4181.6752       0.8129   898.5
0.0585       -4180.9015   -4181.7846       0.8831   976.0
0.0590       -4180.9491   -4181.8991       0.9500  1050.0
0.0595       -4180.9734   -4182.0157       1.0423  1151.9
0.0600       -4181.0094   -4182.1304       1.1210  1238.9
0.0605       -4181.0728   -4182.2405       1.1677  1290.5
0.0610       -4181.0309   -4182.3466       1.3157  1454.1
0.0615       -4180.9999   -4182.4486       1.4487  1601.1
0.0620       -4180.9723   -4182.5375       1.5651  1729.8
0.0625       -4181.0292   -4182.6084       1.5792  1745.3
0.0630       -4181.0147   -4182.6641       1.6494  1822.9
0.0635       -4180.9380   -4182.7075       1.7695  1955.6
0.0640       -4180.9755   -4182.7386       1.7631  1948.5
0.0645       -4180.9917   -4182.7614       1.7697  1955.9
0.0650       -4180.9200   -4182.7783       1.8583  2053.8
0.0655       -4180.9722   -4182.7882       1.8160  2007.0
0.0660       -4180.9163   -4182.7883       1.8720  2068.9
0.0665       -4180.9521   -4182.7743       1.8222  2013.8
0.0670       -4180.9719   -4182.7532       1.7813  1968.7
0.0675       -4180.9076   -4182.7316       1.8240  2015.9
0.0680       -4180.9199   -4182.7090       1.7891  1977.3
0.0685       -4180.8800   -4182.6901       1.8101  2000.6
0.0690       -4180.8664   -4182.6769       1.8105  2001.0
0.0695       -4180.8504   -4182.6664       1.8159  2007.0
0.0700       -4180.9403   -4182.6634       1.7231  1904.4
0.0705       -4180.9643   -4182.6634       1.6992  1877.9
0.0710       -4181.0439   -4182.6725       1.6286  1800.0
0.0715       -4181.0938   -4182.6969       1.6031  1771.7
0.0720       -4181.0676   -4182.7286       1.6610  1835.7
0.0725       -4181.0600   -4182.7693       1.7093  1889.1
0.0730       -4181.1107   -4182.8199       1.7092  1889.0
0.0735       -4181.1089   -4182.8745       1.7656  1951.3
0.0740       -4181.1284   -4182.9242       1.7957  1984.6
0.0745       -4181.1382   -4182.9660       1.8277  2020.0
0.0750       -4181.1330   -4182.9988       1.8658  2062.0
0.0755       -4181.1836   -4183.0178       1.8341  2027.1
0.0760       -4181.2022   -4183.0258       1.8236  2015.4
0.0765       -4181.2654   -4183.0282       1.7629  1948.3
0.0770       -4181.2099   -4183.0302       1.8203  2011.8
0.0775       -4181.2334   -4183.0288       1.7953  1984.2
0.0780       -4181.1639   -4183.0247       1.8608  2056.5
0.0785       -4181.1401   -4183.0233       1.8832  2081.3
0.0790       -4181.1424   -4183.0239       1.8816  2079.5
0.0795       -4181.1862   -4183.0195       1.8334  2026.2
0.0800       -4181.2731   -4183.0144       1.7413  1924.5
0.0805       -4181.2932   -4183.0046       1.7114  1891.4
0.0810       -4181.2773   -4182.9855       1.7082  1887.9
0.0815       -4181.1691   -4182.9608       1.7917  1980.1
0.0820       -4181.2097   -4182.9294       1.7197  1900.6
0.0825       -4181.3067   -4182.8933       1.5866  1753.5
0.0830       -4181.3241   -4182.8563       1.5323  1693.4
0.0835       -4181.3753   -4182.8217       1.4463  1598.5
0.0840       -4181.4195   -4182.7995       1.3800  1525.2
0.0845       -4181.4340   -4182.7957       1.3618  1505.0
0.0850       -4181.4370   -4182.8078       1.3708  1515.0
0.0855       -4181.4857   -4182.8283       1.3427  1483.9
0.0860       -4181.5448   -4182.8513       1.3066  1444.0
0.0865       -4181.5421   -4182.8792       1.3371  1477.8
0.0870       -4181.5567   -4182.9025       1.3458  1487.4
0.0875       -4181.5519   -4182.9124       1.3605  1503.7
0.0880       -4181.4935   -4182.9055       1.4120  1560.5
0.0885       -4181.5627   -4182.8863       1.3237  1462.9
0.0890       -4181.6167   -4182.8593       1.2426  1373.3
0.0895       -4181.6407   -4182.8263       1.1856  1310.3
0.0900       -4181.6673   -4182.7996       1.1323  1251.4
0.0905       -4181.6084   -4182.7708       1.1623  1284.6
0.0910       -4181.6601   -4182.7257       1.0657  1177.8
0.0915       -4181.5957   -4182.6614       1.0657  1177.8
0.0920       -4181.6568   -4182.5793       0.9226  1019.6
0.0925       -4181.6614   -4182.4889       0.8275   914.5
0.0930       -4181.6173   -4182.3919       0.7746   856.1
0.0935       -4181.5827   -4182.2902       0.7075   782.0
0.0940       -4181.5843   -4182.1970       0.6126   677.1
0.0945       -4181.5727   -4182.1250       0.5523   610.4
0.0950       -4181.5429   -4182.0742       0.5314   587.3
0.0955       -4181.5440   -4182.0409       0.4969   549.1
0.0960       -4181.5199   -4182.0202       0.5002   552.9
0.0965       -4181.5059   -4182.0085       0.5026   555.5
0.0970       -4181.5031   -4181.9963       0.4932   545.1
0.0975       -4181.4977   -4181.9858       0.4881   539.4
0.0980       -4181.5118   -4181.9803       0.4685   517.8
0.0985       -4181.5200   -4181.9872       0.4672   516.4
0.0990       -4181.5046   -4182.0121       0.5075   560.9
0.0995       -4181.4999   -4182.0679       0.5680   627.7
0.1000       -4181.4740   -4182.1582       0.6842   756.1
0.1005       -4181.4669   -4182.2709       0.8040   888.6
0.1010       -4181.4818   -4182.3861       0.9043   999.4
0.1015       -4181.5221   -4182.4837       0.9615  1062.7
0.1020       -4181.4980   -4182.5507       1.0527  1163.5
0.1025       -4181.4915   -4182.5845       1.0930  1208.0
0.1030       -4181.5059   -4182.5877       1.0818  1195.5
0.1035       -4181.5611   -4182.5689       1.0077  1113.7
0.1040       -4181.5581   -4182.5401       0.9820  1085.3
0.1045       -4181.5614   -4182.5075       0.9461  1045.7
0.1050       -4181.6099   -4182.4780       0.8681   959.4
0.1055       -4181.5564   -4182.4527       0.8963   990.6
0.1060       -4181.5818   -4182.4325       0.8507   940.2
0.1065       -4181.5660   -4182.4217       0.8557   945.8
0.1070       -4181.6033   -4182.4161       0.8128   898.2
0.1075       -4181.5898   -4182.4125       0.8227   909.3
0.1080       -4181.6048   -4182.4097       0.8049   889.6
0.1085       -4181.5921   -4182.3983       0.8062   891.0
0.1090       -4181.5964   -4182.3708       0.7744   855.9
0.1095       -4181.6059   -4182.3360       0.7300   806.8
0.1100       -4181.5699   -4182.3123       0.7425   820.6
0.1105       -4181.5472   -4182.3194       0.7722   853.4
0.1110       -4181.5414   -4182.3806       0.8392   927.5
0.1115       -4181.4862   -4182.5013       1.0151  1121.9
0.1120       -4181.4857   -4182.6627       1.1771  1300.9
0.1125       -4181.5314   -4182.8328       1.3014  1438.3
0.1130       -4181.6245   -4182.9844       1.3599  1502.9
0.1135       -4181.6299   -4183.1019       1.4720  1626.9
0.1140       -4181.6120   -4183.1818       1.5698  1735.0
0.1145       -4181.5929   -4183.2280       1.6351  1807.1
0.1150       -4181.5566   -4183.2521       1.6955  1873.9
0.1155       -4181.5778   -4183.2623       1.6845  1861.7
0.1160       -4181.5705   -4183.2618       1.6913  1869.2
0.1165       -4181.6212   -4183.2564       1.6352  1807.2
0.1170       -4181.6256   -4183.2540       1.6285  1799.8
0.1175       -4181.5811   -4183.2514       1.6703  1846.0
0.1180       -4181.6419   -4183.2433       1.6014  1769.9
0.1185       -4181.6736   -4183.2362       1.5627  1727.1
0.1190       -4181.6590   -4183.2225       1.5635  1728.0
0.1195       -4181.6688   -4183.2016       1.5328  1694.1
0.1200       -4181.6313   -4183.1707       1.5394  1701.3
0.1205       -4181.6393   -4183.1263       1.4870  1643.4
0.1210       -4181.6617   -4183.0730       1.4113  1559.8
0.1215       -4181.6417   -4183.0231       1.3814  1526.7
0.1220       -4181.6736   -4182.9908       1.3172  1455.7
0.1225       -4181.6622   -4182.9913       1.3291  1468.9
0.1230       -4181.7089   -4183.0233       1.3144  1452.7
0.1235       -4181.7610   -4183.0756       1.3147  1453.0
0.1240       -4181.7383   -4183.1335       1.3952  1542.0
0.1245       -4181.7730   -4183.1821       1.4091  1557.4
0.1250       -4181.8538   -4183.2100       1.3561  1498.8
0.1255       -4181.8828   -4183.2068       1.3240  1463.3
0.1260       -4181.8947   -4183.1736       1.2788  1413.4
0.1265       -4181.9268   -4183.1182       1.1914  1316.7
0.1270       -4181.9256   -4183.0560       1.1305  1249.4
0.1275       -4181.8999   -4182.9915       1.0916  1206.4
0.1280       -4181.9072   -4182.9321       1.0249  1132.7
0.1285       -4181.9763   -4182.8888       0.9125  1008.5
0.1290       -4182.0114   -4182.8664       0.8551   945.0
0.1295       -4181.9870   -4182.8592       0.8722   964.0
0.1300       -4181.9946   -4182.8671       0.8725   964.2
0.1305       -4181.9295   -4182.8851       0.9555  1056.1
0.1310       -4181.9223   -4182.9042       0.9819  1085.2
0.1315       -4181.9309   -4182.9184       0.9875  1091.3
0.1320       -4181.9248   -4182.9250       1.0002  1105.4
0.1325       -4181.9754   -4182.9218       0.9464  1045.9
0.1330       -4182.0069   -4182.9156       0.9087  1004.2
0.1335       -4182.0333   -4182.9149       0.8816   974.4
0.1340       -4182.0158   -4182.9301       0.9143  1010.4
0.1345       -4181.9915   -4182.9624       0.9709  1073.1
0.1350       -4182.0098   -4183.0099       1.0001  1105.3
0.1355       -4182.0007   -4183.0676       1.0668  1179.0
0.1360       -4182.0068   -4183.1219       1.1152  1232.5
0.1365       -4182.0497   -4183.1612       1.1115  1228.4
0.1370       -4182.0737   -4183.1769       1.1031  1219.2
0.1375       -4182.0636   -4183.1630       1.0994  1215.0
0.1380       -4182.0436   -4183.1244       1.0808  1194.5
0.1385       -4182.0807   -4183.0714       0.9907  1094.9
0.1390       -4182.0611   -4183.0138       0.9527  1052.9
0.1395       -4182.1316   -4182.9527       0.8210   907.4
0.1400       -4182.0962   -4182.8929       0.7967   880.5
0.1405       -4182.1057   -4182.8399       0.7342   811.4
0.1410       -4182.1171   -4182.7958       0.6787   750.1
0.1415       -4182.0690   -4182.7594       0.6904   763.1
0.1420       -4182.0156   -4182.7289       0.7133   788.3
0.1425       -4181.9657   -4182.6967       0.7310   807.9
0.1430       -4181.9495   -4182.6566       0.7071   781.5
0.1435       -4181.9157   -4182.6064       0.6907   763.4
0.1440       -4181.9058   -4182.5518       0.6460   714.0
0.1445       -4181.8937   -4182.5097       0.6159   680.7
0.1450       -4181.9171   -4182.4875       0.5704   630.4
0.1455       -4181.9090   -4182.4841       0.5751   635.6
0.1460       -4181.9406   -4182.4929       0.5524   610.5
0.1465       -4181.9100   -4182.5192       0.6092   673.3
0.1470       -4181.9068   -4182.5572       0.6504   718.8
0.1475       -4181.9101   -4182.6096       0.6995   773.1
0.1480       -4181.9512   -4182.6672       0.7161   791.4
0.1485       -4181.9556   -4182.7279       0.7723   853.5
0.1490       -4181.9859   -4182.7851       0.7992   883.3
0.1495       -4182.0167   -4182.8377       0.8210   907.4
0.1500       -4182.0008   -4182.8879       0.8870   980.3
0.1505       -4182.0002   -4182.9338       0.9336  1031.8
0.1510       -4182.0429   -4182.9729       0.9300  1027.8
0.1515       -4182.0151   -4183.0100       0.9950  1099.6
0.1520       -4182.0270   -4183.0499       1.0229  1130.5
0.1525       -4182.0222   -4183.0954       1.0732  1186.1
0.1530       -4182.0691   -4183.1461       1.0771  1190.3
0.1535       -4182.0872   -4183.1971       1.1099  1226.7
0.1540       -4182.1113   -4183.2475       1.1362  1255.7
0.1545       -4182.1762   -4183.2875       1.1113  1228.2
0.1550       -4182.1575   -4183.3095       1.1521  1273.2
0.1555       -4182.1955   -4183.3090       1.1135  1230.6
0.1560       -4182.1550   -4183.2888       1.1338  1253.0
0.1565       -4182.1647   -4183.2520       1.0873  1201.7
0.1570       -4182.1981   -4183.2110       1.0129  1119.4
0.1575       -4182.1643   -4183.1712       1.0068  1112.7
0.1580       -4182.1931   -4183.1440       0.9509  1050.9
0.1585       -4182.1464   -4183.1256       0.9792  1082.2
0.1590       -4182.1374   -4183.1098       0.9725  1074.8
0.1595       -4182.1365   -4183.0953       0.9588  1059.6
0.1600       -4182.1017   -4183.0781       0.9764  1079.1
0.1605       -4182.1503   -4183.0586       0.9083  1003.8
0.1610       -4182.1860   -4183.0369       0.8509   940.4
0.1615       -4182.1563   -4183.0143       0.8580   948.2
0.1620       -4182.2002   -4182.9891       0.7890   872.0
0.1625       -4182.1708   -4182.9596       0.7888   871.8
0.1630       -4182.1530   -4182.9318       0.7788   860.7
0.1635       -4182.1265   -4182.9090       0.7825   864.8
0.1640       -4182.0848   -4182.8938       0.8090   894.1
0.1645       -4182.0705   -4182.8863       0.8158   901.6
0.1650       -4182.0259   -4182.8879       0.8620   952.7
0.1655       -4182.0469   -4182.8985       0.8516   941.2
0.1660       -4181.9771   -4182.9158       0.9387  1037.5
0.1665       -4181.9610   -4182.9265       0.9656  1067.2
0.1670       -4181.9453   -4182.9281       0.9828  1086.2
0.1675       -4181.9432   -4182.9148       0.9715  1073.7
0.1680       -4181.9491   -4182.8844       0.9353  1033.7
0.1685       -4181.9843   -4182.8444       0.8600   950.5
0.1690       -4181.9859   -4182.8095       0.8236   910.3
0.1695       -4182.0036   -4182.7902       0.7866   869.4
0.1700       -4182.0447   -4182.7848       0.7401   817.9
0.1705       -4182.0631   -4182.7869       0.7238   799.9
0.1710       -4182.0644   -4182.7896       0.7252   801.4
0.1715       -4182.0780   -4182.8000       0.7220   797.9
0.1720       -4182.1069   -4182.8187       0.7118   786.7
0.1725       -4182.1377   -4182.8457       0.7080   782.5
0.1730       -4182.1425   -4182.8816       0.7391   816.9
0.1735       -4182.1719   -4182.9161       0.7441   822.4
0.1740       -4182.2411   -4182.9442       0.7030   777.0
0.1745       -4182.2181   -4182.9697       0.7516   830.6
0.1750       -4182.2241   -4182.9912       0.7671   847.8
0.1755       -4182.2587   -4183.0109       0.7522   831.3
0.1760       -4182.2396   -4183.0368       0.7972   881.0
0.1765       -4182.2419   -4183.0744       0.8325   920.1
0.1770       -4182.2841   -4183.1232       0.8391   927.4
0.1775       -4182.3146   -4183.1778       0.8632   954.0
0.1780       -4182.2949   -4183.2313       0.9364  1034.9
0.1785       -4182.2928   -4183.2812       0.9884  1092.4
0.1790       -4182.2798   -4183.3213       1.0415  1151.0
0.1795       -4182.2858   -4183.3496       1.0639  1175.8
0.1800       -4182.3045   -4183.3591       1.0546  1165.6
0.1805       -4182.3288   -4183.3424       1.0137  1120.3
0.1810       -4182.2898   -4183.3006       1.0108  1117.1
0.1815       -4182.2936   -4183.2376       0.9440  1043.3
0.1820       -4182.3137   -4183.1549       0.8411   929.6
0.1825       -4182.2902   -4183.0606       0.7704   851.5
0.1830       -4182.3104   -4182.9721       0.6616   731.2
0.1835       -4182.3269   -4182.9086       0.5817   642.9
0.1840       -4182.3127   -4182.8700       0.5573   615.9
0.1845       -4182.3039   -4182.8539       0.5501   607.9
0.1850       -4182.2554   -4182.8595       0.6042   667.7
0.1855       -4182.2600   -4182.8716       0.6116   676.0
0.1860       -4182.2599   -4182.8785       0.6186   683.7
0.1865       -4182.2441   -4182.8764       0.6323   698.8
0.1870       -4182.2681   -4182.8709       0.6028   666.2
0.1875       -4182.2851   -4182.8680       0.5830   644.3
0.1880       -4182.2582   -4182.8746       0.6164   681.2
0.1885       -4182.2710   -4182.8944       0.6234   689.0
0.1890       -4182.3299   -4182.9291       0.5992   662.2
0.1895       -4182.3245   -4182.9833       0.6588   728.1
0.1900       -4182.3357   -4183.0486       0.7129   787.9
0.1905       -4182.3333   -4183.1155       0.7822   864.5
0.1910       -4182.3640   -4183.1740       0.8100   895.2
0.1915       -4182.3229   -4183.2161       0.8932   987.2
0.1920       -4182.3131   -4183.2329       0.9198  1016.6
0.1925       -4182.3383   -4183.2153       0.8769   969.2
0.1930       -4182.3575   -4183.1694       0.8119   897.3
0.1935       -4182.3718   -4183.1058       0.7339   811.1
0.1940       -4182.3845   -4183.0448       0.6603   729.8
0.1945       -4182.4090   -4182.9947       0.5857   647.4
0.1950       -4182.3811   -4182.9661       0.5850   646.5
0.1955       -4182.3830   -4182.9663       0.5833   644.6
0.1960       -4182.3706   -4182.9896       0.6190   684.1
0.1965       -4182.3822   -4183.0235       0.6413   708.7
0.1970       -4182.4099   -4183.0628       0.6529   721.6
0.1975       -4182.4135   -4183.1026       0.6891   761.6
0.1980       -4182.4218   -4183.1348       0.7130   788.0
0.1985       -4182.4231   -4183.1585       0.7354   812.8
0.1990       -4182.4421   -4183.1819       0.7397   817.6
0.1995       -4182.4376   -4183.2111       0.7735   854.8
0.2000       -4182.4024   -4183.2459       0.8435   932.2
0.2005       -4182.4057   -4183.2854       0.8797   972.2
0.2010       -4182.4129   -4183.3271       0.9142  1010.4
0.2015       -4182.4360   -4183.3681       0.9321  1030.2
0.2020       -4182.4349   -4183.4106       0.9757  1078.4
0.2025       -4182.4259   -4183.4530       1.0271  1135.1
0.2030       -4182.4355   -4183.4882       1.0527  1163.5
0.2035       -4182.4359   -4183.5089       1.0731  1186.0
0.2040       -4182.4360   -4183.5050       1.0689  1181.4
0.2045       -4182.4353   -4183.4731       1.0377  1146.9
0.2050       -4182.4466   -4183.4111       0.9645  1066.0
0.2055       -4182.4819   -4183.3303       0.8484   937.6
0.2060       -4182.4851   -4183.2450       0.7599   839.8
0.2065       -4182.4689   -4183.1658       0.6969   770.2
0.2070       -4182.4116   -4183.0955       0.6840   755.9
0.2075       -4182.3730   -4183.0331       0.6601   729.5
0.2080       -4182.3686   -4182.9828       0.6142   678.8
0.2085       -4182.3609   -4182.9441       0.5832   644.5
0.2090       -4182.3895   -4182.9166       0.5272   582.6
0.2095       -4182.3820   -4182.8972       0.5152   569.3
0.2100       -4182.3396   -4182.8857       0.5461   603.5
0.2105       -4182.3091   -4182.8827       0.5735   633.8
0.2110       -4182.2692   -4182.8874       0.6182   683.2
0.2115       -4182.2496   -4182.8925       0.6428   710.4
0.2120       -4182.2305   -4182.9082       0.6777   749.0
0.2125       -4182.1899   -4182.9317       0.7418   819.8
0.2130       -4182.1740   -4182.9617       0.7877   870.6
0.2135       -4182.1870   -4182.9977       0.8107   896.0
0.2140       -4182.2370   -4183.0398       0.8028   887.3
0.2145       -4182.2046   -4183.0862       0.8816   974.3
0.2150       -4182.1987   -4183.1344       0.9357  1034.2
0.2155       -4182.1923   -4183.1785       0.9861  1089.9
0.2160       -4182.1842   -4183.2096       1.0254  1133.3
0.2165       -4182.1704   -4183.2199       1.0494  1159.8
0.2170       -4182.2072   -4183.2079       1.0007  1106.0
0.2175       -4182.2500   -4183.1715       0.9216  1018.5
0.2180       -4182.2246   -4183.1176       0.8930   987.0
0.2185       -4182.1772   -4183.0566       0.8794   971.9
0.2190       -4182.1912   -4183.0004       0.8092   894.3
0.2195       -4182.1735   -4182.9578       0.7843   866.8
0.2200       -4182.1586   -4182.9275       0.7689   849.8
0.2205       -4182.1156   -4182.9052       0.7896   872.6
0.2210       -4182.1429   -4182.8898       0.7469   825.5
0.2215       -4182.1942   -4182.8750       0.6808   752.4
0.2220       -4182.1993   -4182.8601       0.6608   730.4
0.2225       -4182.2084   -4182.8491       0.6408   708.2
0.2230       -4182.1621   -4182.8507       0.6886   761.1
0.2235       -4182.0982   -4182.8698       0.7716   852.8
0.2240       -4182.1198   -4182.9051       0.7853   868.0
0.2245       -4182.1309   -4182.9487       0.8177   903.8
0.2250       -4182.1351   -4182.9980       0.8629   953.6
0.2255       -4182.1323   -4183.0526       0.9203  1017.1
0.2260       -4182.0996   -4183.1096       1.0100  1116.3
0.2265       -4182.1281   -4183.1709       1.0428  1152.5
0.2270       -4182.1525   -4183.2273       1.0748  1187.9
0.2275       -4182.2339   -4183.2772       1.0432  1153.0
0.2280       -4182.2579   -4183.3170       1.0591  1170.5
0.2285       -4182.3098   -4183.3431       1.0333  1142.0
0.2290       -4182.2685   -4183.3470       1.0785  1192.0
0.2295       -4182.2864   -4183.3229       1.0365  1145.6
0.2300       -4182.2451   -4183.2693       1.0242  1131.9
0.2305       -4182.2974   -4183.1967       0.8992   993.8
0.2310       -4182.2257   -4183.1149       0.8892   982.7
0.2315       -4182.2079   -4183.0407       0.8329   920.5
0.2320       -4182.2499   -4182.9867       0.7369   814.4
0.2325       -4182.2806   -4182.9601       0.6795   751.0
0.2330       -4182.2933   -4182.9542       0.6609   730.4
0.2335       -4182.2989   -4182.9581       0.6593   728.6
0.2340       -4182.2962   -4182.9670       0.6709   741.4
0.2345       -4182.3298   -4182.9806       0.6508   719.3
0.2350       -4182.3519   -4183.0001       0.6483   716.5
0.2355       -4182.3664   -4183.0238       0.6574   726.5
0.2360       -4182.3346   -4183.0530       0.7185   794.0
0.2365       -4182.3705   -4183.0867       0.7161   791.5
0.2370       -4182.4050   -4183.1153       0.7103   785.0
0.2375       -4182.3880   -4183.1410       0.7530   832.2
0.2380       -4182.3846   -4183.1618       0.7772   858.9
0.2385       -4182.3859   -4183.1760       0.7902   873.3
0.2390       -4182.3807   -4183.1873       0.8066   891.5
0.2395       -4182.3736   -4183.1946       0.8210   907.4
0.2400       -4182.4000   -4183.1995       0.7994   883.5
0.2405       -4182.4314   -4183.2004       0.7689   849.8
0.2410       -4182.4312   -4183.1999       0.7687   849.5
0.2415       -4182.4960   -4183.1984       0.7024   776.3
0.2420       -4182.4522   -4183.1926       0.7405   818.4
0.2425       -4182.4429   -4183.1832       0.7403   818.2
0.2430       -4182.4450   -4183.1695       0.7245   800.7
0.2435       -4182.4596   -4183.1590       0.6994   772.9
0.2440       -4182.4927   -4183.1561       0.6634   733.2
0.2445       -4182.5211   -4183.1610       0.6399   707.2
0.2450       -4182.4964   -4183.1722       0.6758   746.9
0.2455       -4182.4053   -4183.1848       0.7795   861.5
0.2460       -4182.3796   -4183.2074       0.8278   914.8
0.2465       -4182.3893   -4183.2417       0.8524   942.1
0.2470       -4182.4300   -4183.2804       0.8504   939.8
0.2475       -4182.4224   -4183.3243       0.9019   996.8
0.2480       -4182.4294   -4183.3688       0.9395  1038.3
0.2485       -4182.4028   -4183.4067       1.0039  1109.5
0.2490       -4182.3891   -4183.4369       1.0478  1158.0
0.2495       -4182.3941   -4183.4549       1.0607  1172.3
0.2500       -4182.4280   -4183.4643       1.0363  1145.3
Time[ps]      Etot[eV]     Epot[eV]     Ekin[eV]    T[K]
0.0000       -4180.2989   -4180.2989       0.0000     0.0
0.0005       -4180.2928   -4180.3016       0.0088     9.7
0.0010       -4180.2828   -4180.3111       0.0283    31.3
0.0015       -4180.2776   -4180.3268       0.0491    54.3
0.0020       -4180.2722   -4180.3476       0.0754    83.3
0.0025       -4180.2670   -4180.3737       0.1067   117.9
0.0030       -4180.2746   -4180.4027       0.1281   141.6
0.0035       -4180.2549   -4180.4344       0.1795   198.4
0.0040       -4180.2692   -4180.4671       0.1979   218.7
0.0045       -4180.2553   -4180.4995       0.2442   269.9
0.0050       -4180.2579   -4180.5309       0.2730   301.7
0.0055       -4180.2051   -4180.5652       0.3601   398.0
0.0060       -4180.1905   -4180.6044       0.4140   457.5
0.0065       -4180.1606   -4180.6479       0.4874   538.6
0.0070       -4180.1902   -4180.7002       0.5100   563.7
0.0075       -4180.2188   -4180.7656       0.5468   604.3
0.0080       -4180.2135   -4180.8506       0.6371   704.1
0.0085       -4180.1763   -4180.9554       0.7792   861.1
0.0090       -4180.1680   -4181.0697       0.9017   996.6
0.0095       -4180.1517   -4181.1749       1.0233  1130.9
0.0100       -4180.1725   -4181.2705       1.0980  1213.5
0.0105       -4180.1804   -4181.3762       1.1958  1321.6
0.0110       -4180.1960   -4181.5035       1.3075  1445.1
0.0115       -4180.1974   -4181.6475       1.4500  1602.6
0.0120       -4180.1924   -4181.7893       1.5969  1764.9
0.0125       -4180.3079   -4181.9130       1.6051  1774.0
0.0130       -4180.3339   -4182.0160       1.6821  1859.1
0.0135       -4180.3066   -4182.0964       1.7898  1978.0
0.0140       -4180.2885   -4182.1447       1.8562  2051.4
0.0145       -4180.2970   -4182.1468       1.8497  2044.3
0.0150       -4180.3153   -4182.0905       1.7751  1961.9
0.0155       -4180.3410   -4181.9737       1.6327  1804.5
0.0160       -4180.3375   -4181.8047       1.4672  1621.5
0.0165       -4180.3801   -4181.6105       1.2304  1359.8
0.0170       -4180.3424   -4181.4281       1.0857  1200.0
0.0175       -4180.3790   -4181.2849       0.9059  1001.1
0.0180       -4180.3852   -4181.1873       0.8020   886.4
0.0185       -4180.3626   -4181.1351       0.7726   853.9
0.0190       -4180.3393   -4181.1247       0.7853   867.9
0.0195       -4180.3486   -4181.1471       0.7985   882.5
0.0200       -4180.3228   -4181.1885       0.8656   956.7
0.0205       -4180.3344   -4181.2395       0.9051  1000.3
0.0210       -4180.2996   -4181.2884       0.9888  1092.8
0.0215       -4180.3525   -4181.3349       0.9824  1085.8
0.0220       -4180.3492   -4181.3920       1.0428  1152.5
0.0225       -4180.3844   -4181.4666       1.0822  1196.0
0.0230       -4180.4092   -4181.5639       1.1547  1276.2
0.0235       -4180.4310   -4181.6878       1.2567  1388.9
0.0240       -4180.4553   -4181.8340       1.3787  1523.8
0.0245       -4180.4631   -4182.0006       1.5375  1699.2
0.0250       -4180.5011   -4182.1718       1.6708  1846.5
0.0255       -4180.5156   -4182.3343       1.8187  2010.0
0.0260       -4180.5556   -4182.4753       1.9197  2121.6
0.0265       -4180.5811   -4182.5899       2.0088  2220.1
0.0270       -4180.6409   -4182.6768       2.0359  2250.1
0.0275       -4180.6729   -4182.7484       2.0755  2293.9
0.0280       -4180.6186   -4182.8183       2.1997  2431.1
0.0285       -4180.6665   -4182.8897       2.2232  2457.0
0.0290       -4180.6826   -4182.9675       2.2849  2525.3
0.0295       -4180.6387   -4183.0499       2.4112  2664.8
0.0300       -4180.5707   -4183.1411       2.5704  2840.8
0.0305       -4180.5865   -4183.2404       2.6540  2933.1
0.0310       -4180.6725   -4183.3350       2.6624  2942.5
0.0315       -4180.7218   -4183.4175       2.6957  2979.3
0.0320       -4180.7552   -4183.4786       2.7234  3009.9
0.0325       -4180.7936   -4183.5143       2.7207  3006.9
0.0330       -4180.7584   -4183.5300       2.7716  3063.1
0.0335       -4180.7610   -4183.5282       2.7672  3058.3
0.0340       -4180.8566   -4183.5120       2.6554  2934.7
0.0345       -4180.8240   -4183.4843       2.6603  2940.1
0.0350       -4180.8625   -4183.4435       2.5810  2852.5
0.0355       -4180.9279   -4183.3778       2.4499  2707.6
0.0360       -4180.9542   -4183.2831       2.3289  2573.9
0.0365       -4180.9694   -4183.1583       2.1889  2419.2
0.0370       -4180.9513   -4183.0111       2.0598  2276.5
0.0375       -4180.9810   -4182.8488       1.8677  2064.2
0.0380       -4181.0245   -4182.6889       1.6645  1839.6
0.0385       -4181.0003   -4182.5436       1.5432  1705.6
0.0390       -4181.0391   -4182.4193       1.3802  1525.4
0.0395       -4181.0434   -4182.3270       1.2836  1418.6
0.0400       -4181.0685   -4182.2737       1.2052  1332.0
0.0405       -4181.0645   -4182.2610       1.1966  1322.5
0.0410       -4181.0839   -4182.2848       1.2009  1327.2
0.0415       -4181.0832   -4182.3427       1.2596  1392.1
0.0420       -4181.0985   -4182.4275       1.3290  1468.8
0.0425       -4181.1381   -4182.5270       1.3889  1535.0
0.0430       -4181.1838   -4182.6237       1.4400  1591.4
0.0435       -4181.1963   -4182.7029       1.5066  1665.1
0.0440       -4181.2415   -4182.7606       1.5190  1678.8
0.0445       -4181.2613   -4182.7967       1.5354  1696.9
0.0450       -4181.3089   -4182.8157       1.5067  1665.2
0.0455       -4181.3685   -4182.8289       1.4604  1614.0
0.0460       -4181.3581   -4182.8378       1.4796  1635.3
0.0465       -4181.2946   -4182.8411       1.5465  1709.2
0.0470       -4181.2717   -4182.8409       1.5692  1734.3
0.0475       -4181.2952   -4182.8343       1.5391  1701.0
0.0480       -4181.3224   -4182.8145       1.4920  1649.0
0.0485       -4181.3414   -4182.7838       1.4424  1594.2
0.0490       -4181.3331   -4182.7474       1.4143  1563.1
0.0495       -4181.2998   -4182.7021       1.4023  1549.8
0.0500       -4181.2823   -4182.6465       1.3642  1507.7
0.0505       -4181.2678   -4182.5880       1.3202  1459.1
0.0510       -4181.2961   -4182.5208       1.2247  1353.6
0.0515       -4181.2895   -4182.4477       1.1582  1280.0
0.0520       -4181.2862   -4182.3637       1.0775  1190.9
0.0525       -4181.2722   -4182.2723       1.0002  1105.4
0.0530       -4181.2459   -4182.1759       0.9301  1027.9
0.0535       -4181.2293   -4182.0764       0.8472   936.3
0.0540       -4181.2202   -4181.9722       0.7520   831.1
0.0545       -4181.2032   -4181.8651       0.6619   731.5
0.0550       -4181.2445   -4181.7589       0.5144   568.5
0.0555       -4181.2377   -4181.6636       0.4259   470.7
0.0560       -4181.2558   -4181.5805       0.3247   358.9
0.0565       -4181.2260   -4181.5233       0.2972   328.5
0.0570       -4181.2423   -4181.4998       0.2575   284.6
0.0575       -4181.2454   -4181.5251       0.2798   309.2
0.0580       -4181.2490   -4181.6034       0.3544   391.7
0.0585       -4181.2158   -4181.7287       0.5129   566.9
0.0590       -4181.2330   -4181.8890       0.6560   725.0
0.0595       -4181.2301   -4182.0677       0.8376   925.7
0.0600       -4181.2393   -4182.2464       1.0071  1113.1
0.0605       -4181.2238   -4182.4106       1.1868  1311.6
0.0610       -4181.2286   -4182.5448       1.3162  1454.6
0.0615       -4181.2263   -4182.6423       1.4160  1565.0
0.0620       -4181.2671   -4182.7087       1.4416  1593.2
0.0625       -4181.2372   -4182.7549       1.5177  1677.3
0.0630       -4181.2920   -4182.7868       1.4949  1652.1
0.0635       -4181.2469   -4182.8121       1.5651  1729.8
0.0640       -4181.2742   -4182.8376       1.5634  1727.8
0.0645       -4181.3044   -4182.8635       1.5592  1723.2
0.0650       -4181.2858   -4182.8908       1.6050  1773.8
0.0655       -4181.2845   -4182.9217       1.6372  1809.4
0.0660       -4181.2994   -4182.9563       1.6569  1831.2
0.0665       -4181.2885   -4182.9880       1.6995  1878.3
0.0670       -4181.3075   -4183.0086       1.7011  1880.1
0.0675       -4181.3240   -4183.0112       1.6873  1864.8
0.0680       -4181.3622   -4182.9889       1.6267  1797.8
0.0685       -4181.4193   -4182.9514       1.5321  1693.3
0.0690       -4181.4123   -4182.9101       1.4978  1655.4
0.0695       -4181.4439   -4182.8785       1.4346  1585.5
0.0700       -4181.4077   -4182.8635       1.4558  1608.9
0.0705       -4181.3857   -4182.8725       1.4868  1643.2
0.0710       -4181.3937   -4182.8931       1.4994  1657.2
0.0715       -4181.4155   -4182.9115       1.4960  1653.3
0.0720       -4181.4199   -4182.9121       1.4922  1649.2
0.0725       -4181.4161   -4182.8863       1.4702  1624.8
0.0730       -4181.4499   -4182.8345       1.3846  1530.2
0.0735       -4181.5014   -4182.7696       1.2682  1401.6
0.0740       -4181.5116   -4182.7061       1.1946  1320.2
0.0745       -4181.4828   -4182.6583       1.1755  1299.1
0.0750       -4181.5128   -4182.6359       1.1231  1241.3
0.0755       -4181.4933   -4182.6386       1.1452  1265.7
0.0760       -4181.5172   -4182.6660       1.1488  1269.6
0.0765       -4181.5176   -4182.7243       1.2068  1333.7
0.0770       -4181.4930   -4182.8140       1.3211  1460.0
0.0775       -4181.4919   -4182.9240       1.4321  1582.7
0.0780       -4181.5439   -4183.0407       1.4968  1654.2
0.0785       -4181.5514   -4183.1520       1.6006  1769.0
0.0790       -4181.5439   -4183.2457       1.7017  1880.8
0.0795       -4181.6031   -4183.3057       1.7026  1881.7
0.0800       -4181.6129   -4183.3317       1.7188  1899.7
0.0805       -4181.6531   -4183.3256       1.6725  1848.4
0.0810       -4181.6063   -4183.3029       1.6966  1875.1
0.0815       -4181.6184   -4183.2785       1.6601  1834.7
0.0820       -4181.6704   -4183.2732       1.6028  1771.4
0.0825       -4181.7211   -4183.2934       1.5722  1737.6
0.0830       -4181.7051   -4183.3259       1.6208  1791.3
0.0835       -4181.7137   -4183.3503       1.6367  1808.8
0.0840       -4181.7968   -4183.3569       1.5602  1724.3
0.0845       -4181.7555   -4183.3369       1.5813  1747.7
0.0850       -4181.7516   -4183.2801       1.5284  1689.2
0.0855       -4181.7356   -4183.1985       1.4629  1616.8
0.0860       -4181.7567   -4183.1041       1.3474  1489.1
0.0865       -4181.7605   -4183.0123       1.2518  1383.5
0.0870       -4181.7247   -4182.9260       1.2013  1327.7
0.0875       -4181.7592   -4182.8598       1.1006  1216.4
0.0880       -4181.7624   -4182.8210       1.0586  1170.0
0.0885       -4181.7724   -4182.8048       1.0324  1141.0
0.0890       -4181.7692   -4182.7995       1.0303  1138.7
0.0895       -4181.7951   -4182.8054       1.0103  1116.6
0.0900       -4181.8225   -4182.8146       0.9921  1096.5
0.0905       -4181.8290   -4182.8150       0.9860  1089.7
0.0910       -4181.8574   -4182.7938       0.9364  1034.9
0.0915       -4181.8401   -4182.7452       0.9051  1000.4
0.0920       -4181.8392   -4182.6607       0.8215   907.9
0.0925       -4181.8341   -4182.5504       0.7163   791.6
0.0930       -4181.8309   -4182.4291       0.5982   661.2
0.0935       -4181.8257   -4182.3125       0.4867   537.9
0.0940       -4181.8444   -4182.2313       0.3870   427.7
0.0945       -4181.8497   -4182.2026       0.3529   390.1
0.0950       -4181.8618   -4182.2303       0.3685   407.3
0.0955       -4181.8687   -4182.3012       0.4325   478.0
0.0960       -4181.8979   -4182.3751       0.4773   527.5
0.0965       -4181.9075   -4182.4345       0.5270   582.4
0.0970       -4181.9180   -4182.4630       0.5450   602.3
0.0975       -4181.9236   -4182.4596       0.5360   592.4
0.0980       -4181.9118   -4182.4361       0.5243   579.4
0.0985       -4181.9093   -4182.4026       0.4933   545.2
0.0990       -4181.8998   -4182.3707       0.4709   520.5
0.0995       -4181.8794   -4182.3585       0.4791   529.5
0.1000       -4181.8619   -4182.3735       0.5116   565.4
0.1005       -4181.8561   -4182.4097       0.5536   611.9
0.1010       -4181.8100   -4182.4594       0.6494   717.7
0.1015       -4181.8354   -4182.5138       0.6785   749.9
0.1020       -4181.8268   -4182.5599       0.7332   810.3
0.1025       -4181.8648   -4182.5952       0.7304   807.2
0.1030       -4181.8406   -4182.6079       0.7673   848.0
0.1035       -4181.8867   -4182.5936       0.7069   781.3
0.1040       -4181.8793   -4182.5543       0.6750   746.1
0.1045       -4181.8552   -4182.4923       0.6372   704.2
0.1050       -4181.8279   -4182.4334       0.6055   669.2
0.1055       -4181.8255   -4182.4073       0.5818   643.0
0.1060       -4181.8184   -4182.4310       0.6127   677.1
0.1065       -4181.7874   -4182.5157       0.7283   804.9
0.1070       -4181.7697   -4182.6340       0.8643   955.2
0.1075       -4181.7840   -4182.7503       0.9663  1068.0
0.1080       -4181.7826   -4182.8334       1.0508  1161.4
0.1085       -4181.7753   -4182.8766       1.1013  1217.1
0.1090       -4181.8762   -4182.8890       1.0127  1119.3
0.1095       -4181.8427   -4182.8903       1.0475  1157.7
0.1100       -4181.8323   -4182.8876       1.0552  1166.3
0.1105       -4181.9087   -4182.8895       0.9808  1083.9
0.1110       -4181.9124   -4182.8957       0.9832  1086.7
0.1115       -4181.9366   -4182.9069       0.9703  1072.4
0.1120       -4182.0095   -4182.9262       0.9167  1013.2
0.1125       -4181.9614   -4182.9573       0.9959  1100.7
0.1130       -4181.9784   -4182.9929       1.0145  1121.2
0.1135       -4182.0010   -4183.0271       1.0262  1134.1
0.1140       -4181.9632   -4183.0482       1.0850  1199.2
0.1145       -4181.9988   -4183.0390       1.0401  1149.5
0.1150       -4182.0707   -4183.0004       0.9297  1027.6
0.1155       -4182.0999   -4182.9402       0.8403   928.7
0.1160       -4182.0853   -4182.8753       0.7901   873.2
0.1165       -4182.0825   -4182.8227       0.7402   818.0
0.1170       -4182.1127   -4182.7939       0.6812   752.9
0.1175       -4182.1049   -4182.8010       0.6961   769.3
0.1180       -4182.0852   -4182.8405       0.7552   834.7
0.1185       -4182.1230   -4182.8955       0.7725   853.8
0.1190       -4182.1189   -4182.9538       0.8349   922.7
0.1195       -4182.1352   -4183.0064       0.8712   962.8
0.1200       -4182.1416   -4183.0491       0.9074  1002.9
0.1205       -4182.1399   -4183.0824       0.9425  1041.7
0.1210       -4182.1138   -4183.1105       0.9967  1101.6
0.1215       -4182.0964   -4183.1343       1.0378  1147.0
0.1220       -4182.1156   -4183.1602       1.0446  1154.5
0.1225       -4182.1027   -4183.1889       1.0862  1200.4
0.1230       -4182.1306   -4183.2184       1.0878  1202.2
0.1235       -4182.1281   -4183.2524       1.1243  1242.6
0.1240       -4182.1395   -4183.2927       1.1532  1274.5
0.1245       -4182.1651   -4183.3420       1.1769  1300.6
0.1250       -4182.1724   -4183.3969       1.2245  1353.3
0.1255       -4182.1390   -4183.4526       1.3135  1451.7
0.1260       -4182.1282   -4183.4980       1.3699  1514.0
0.1265       -4182.1217   -4183.5208       1.3991  1546.2
0.1270       -4182.1035   -4183.5159       1.4124  1561.0
0.1275       -4182.1023   -4183.4883       1.3861  1531.9
0.1280       -4182.0807   -4183.4444       1.3638  1507.2
0.1285       -4182.1159   -4183.3975       1.2816  1416.4
0.1290       -4182.0833   -4183.3725       1.2892  1424.8
0.1295       -4182.0705   -4183.3888       1.3183  1457.0
0.1300       -4182.1092   -4183.4380       1.3288  1468.6
0.1305       -4182.1279   -4183.4997       1.3718  1516.1
0.1310       -4182.0836   -4183.5380       1.4543  1607.3
0.1315       -4182.0707   -4183.5315       1.4608  1614.4
0.1320       -4182.0701   -4183.4812       1.4111  1559.6
0.1325       -4182.0627   -4183.3936       1.3309  1470.9
0.1330       -4182.1081   -4183.2970       1.1889  1314.0
0.1335       -4182.1553   -4183.2126       1.0573  1168.5
0.1340       -4182.1847   -4183.1451       0.9605  1061.5
0.1345       -4182.1971   -4183.0909       0.8938   987.8
0.1350       -4182.2232   -4183.0484       0.8252   912.0
0.1355       -4182.2569   -4183.0154       0.7585   838.3
0.1360       -4182.2603   -4182.9970       0.7367   814.1
0.1365       -4182.2620   -4182.9957       0.7337   810.9
0.1370       -4182.2364   -4183.0061       0.7697   850.7
0.1375       -4182.2574   -4183.0192       0.7618   841.9
0.1380       -4182.2543   -4183.0276       0.7733   854.7
0.1385       -4182.2799   -4183.0180       0.7381   815.7
0.1390       -4182.2876   -4182.9857       0.6982   771.6
0.1395       -4182.2794   -4182.9300       0.6506   719.0
0.1400       -4182.3209   -4182.8679       0.5470   604.6
0.1405       -4182.3448   -4182.8208       0.4760   526.1
0.1410       -4182.3738   -4182.8079       0.4341   479.7
0.1415       -4182.3879   -4182.8325       0.4446   491.3
0.1420       -4182.3505   -4182.8882       0.5376   594.2
0.1425       -4182.3441   -4182.9429       0.5988   661.8
0.1430       -4182.3407   -4182.9740       0.6333   699.9
0.1435       -4182.3302   -4182.9803       0.6501   718.5
0.1440       -4182.3207   -4182.9599       0.6392   706.5
0.1445       -4182.2983   -4182.9233       0.6251   690.8
0.1450       -4182.2365   -4182.8832       0.6467   714.7
0.1455       -4182.2549   -4182.8448       0.5899   651.9
0.1460       -4182.2782   -4182.8095       0.5313   587.2
0.1465       -4182.3090   -4182.7801       0.4711   520.7
0.1470       -4182.2695   -4182.7641       0.4945   546.5
0.1475       -4182.2621   -4182.7673       0.5052   558.3
0.1480       -4182.2513   -4182.7921       0.5409   597.8
0.1485       -4182.2141   -4182.8366       0.6226   688.1
0.1490       -4182.2426   -4182.8905       0.6479   716.1
0.1495       -4182.2423   -4182.9384       0.6961   769.3
0.1500       -4182.2639   -4182.9678       0.7039   777.9
0.1505       -4182.2671   -4182.9682       0.7011   774.9
0.1510       -4182.2579   -4182.9356       0.6776   748.9
0.1515       -4182.2289   -4182.8819       0.6530   721.7
0.1520       -4182.1977   -4182.8334       0.6357   702.6
0.1525       -4182.1798   -4182.8116       0.6318   698.2
0.1530       -4182.2077   -4182.8284       0.6207   686.0
0.1535       -4182.2458   -4182.8894       0.6436   711.3
0.1540       -4182.2811   -4182.9754       0.6943   767.3
0.1545       -4182.2883   -4183.0595       0.7712   852.3
0.1550       -4182.2794   -4183.1291       0.8497   939.1
0.1555       -4182.2722   -4183.1681       0.8959   990.1
0.1560       -4182.2947   -4183.1738       0.8791   971.6
0.1565       -4182.2617   -4183.1541       0.8924   986.3
0.1570       -4182.2496   -4183.1128       0.8633   954.1
0.1575       -4182.2612   -4183.0604       0.7992   883.3
0.1580       -4182.2755   -4183.0116       0.7361   813.5
0.1585       -4182.2856   -4182.9797       0.6941   767.1
0.1590       -4182.3223   -4182.9781       0.6558   724.8
0.1595       -4182.3356   -4182.9979       0.6624   732.0
0.1600       -4182.3052   -4183.0337       0.7286   805.2
0.1605       -4182.3121   -4183.0798       0.7677   848.4
0.1610       -4182.3218   -4183.1337       0.8120   897.4
0.1615       -4182.3218   -4183.1877       0.8659   957.0
0.1620       -4182.3303   -4183.2303       0.9000   994.6
0.1625       -4182.3287   -4183.2523       0.9235  1020.7
0.1630       -4182.3347   -4183.2422       0.9075  1002.9
0.1635       -4182.3338   -4183.2072       0.8734   965.3
0.1640       -4182.3802   -4183.1620       0.7818   864.0
0.1645       -4182.4126   -4183.1231       0.7105   785.2
0.1650       -4182.3933   -4183.1108       0.7176   793.1
0.1655       -4182.4043   -4183.1338       0.7294   806.2
0.1660       -4182.3799   -4183.1903       0.8105   895.7
0.1665       -4182.3711   -4183.2753       0.9042   999.4
0.1670       -4182.3753   -4183.3765       1.0012  1106.6
0.1675       -4182.3623   -4183.4785       1.1162  1233.6
0.1680       -4182.3469   -4183.5577       1.2108  1338.1
0.1685       -4182.3309   -4183.5978       1.2669  1400.2
0.1690       -4182.3496   -4183.5973       1.2478  1379.0
0.1695       -4182.3724   -4183.5628       1.1904  1315.6
0.1700       -4182.3963   -4183.5095       1.1132  1230.3
0.1705       -4182.4111   -4183.4537       1.0426  1152.3
0.1710       -4182.3727   -4183.4049       1.0322  1140.8
0.1715       -4182.3788   -4183.3716       0.9927  1097.2
0.1720       -4182.4237   -4183.3591       0.9354  1033.8
0.1725       -4182.4480   -4183.3635       0.9155  1011.8
0.1730       -4182.4178   -4183.3798       0.9620  1063.2
0.1735       -4182.4271   -4183.3959       0.9688  1070.7
0.1740       -4182.4327   -4183.4029       0.9703  1072.3
0.1745       -4182.4391   -4183.3920       0.9529  1053.2
0.1750       -4182.4156   -4183.3590       0.9434  1042.7
0.1755       -4182.3661   -4183.3046       0.9385  1037.2
0.1760       -4182.3888   -4183.2235       0.8347   922.5
0.1765       -4182.3576   -4183.1332       0.7756   857.2
0.1770       -4182.3522   -4183.0593       0.7071   781.4
0.1775       -4182.3837   -4183.0237       0.6400   707.3
0.1780       -4182.4008   -4183.0426       0.6418   709.3
0.1785       -4182.4250   -4183.0987       0.6737   744.6
0.1790       -4182.4371   -4183.1650       0.7280   804.5
0.1795       -4182.4155   -4183.2248       0.8093   894.5
0.1800       -4182.3940   -4183.2624       0.8685   959.8
0.1805       -4182.3845   -4183.2598       0.8753   967.4
0.1810       -4182.3887   -4183.2163       0.8276   914.6
0.1815       -4182.4233   -4183.1522       0.7289   805.6
0.1820       -4182.4252   -4183.0876       0.6624   732.0
0.1825       -4182.4497   -4183.0354       0.5856   647.2
0.1830       -4182.4732   -4183.0073       0.5341   590.3
0.1835       -4182.4662   -4183.0061       0.5399   596.7
0.1840       -4182.4812   -4183.0217       0.5405   597.4
0.1845       -4182.4905   -4183.0543       0.5638   623.1
0.1850       -4182.4969   -4183.1063       0.6094   673.5
0.1855       -4182.5408   -4183.1640       0.6232   688.8
0.1860       -4182.5535   -4183.2142       0.6607   730.2
0.1865       -4182.5834   -4183.2567       0.6733   744.1
0.1870       -4182.5607   -4183.2902       0.7295   806.2
0.1875       -4182.5113   -4183.3080       0.7967   880.5
0.1880       -4182.5287   -4183.2984       0.7696   850.6
0.1885       -4182.5351   -4183.2541       0.7190   794.6
0.1890       -4182.5312   -4183.1756       0.6444   712.1
0.1895       -4182.5238   -4183.0878       0.5639   623.3
0.1900       -4182.5241   -4183.0280       0.5038   556.8
0.1905       -4182.5282   -4183.0268       0.4987   551.1
0.1910       -4182.5322   -4183.0825       0.5502   608.1
0.1915       -4182.5616   -4183.1585       0.5969   659.7
0.1920       -4182.5481   -4183.2136       0.6655   735.5
0.1925       -4182.5352   -4183.2328       0.6976   770.9
0.1930       -4182.5412   -4183.2059       0.6647   734.7
0.1935       -4182.5420   -4183.1508       0.6088   672.9
0.1940       -4182.5331   -4183.0873       0.5541   612.4
0.1945       -4182.5289   -4183.0306       0.5017   554.5
0.1950       -4182.5544   -4182.9941       0.4396   485.9
0.1955       -4182.5380   -4182.9790       0.4410   487.4
0.1960       -4182.5428   -4182.9801       0.4373   483.2
0.1965       -4182.5136   -4182.9952       0.4816   532.3
0.1970       -4182.4919   -4183.0147       0.5229   577.9
0.1975       -4182.4960   -4183.0356       0.5396   596.3
0.1980       -4182.5221   -4183.0647       0.5426   599.7
0.1985       -4182.5521   -4183.1149       0.5628   622.0
0.1990       -4182.5292   -4183.1968       0.6675   737.8
0.1995       -4182.5376   -4183.3052       0.7676   848.3
0.2000       -4182.5308   -4183.4162       0.8854   978.5
0.2005       -4182.5207   -4183.4941       0.9734  1075.8
0.2010       -4182.5275   -4183.5044       0.9769  1079.7
0.2015       -4182.5206   -4183.4411       0.9205  1017.3
0.2020       -4182.5216   -4183.3345       0.8129   898.4
0.2025       -4182.4740   -4183.2426       0.7685   849.4
0.2030       -4182.4966   -4183.2256       0.7290   805.6
0.2035       -4182.5206   -4183.2913       0.7706   851.7
0.2040       -4182.4952   -4183.3978       0.9027   997.6
0.2045       -4182.4580   -4183.4918       1.0339  1142.6
0.2050       -4182.4839   -4183.5387       1.0547  1165.7
0.2055       -4182.4863   -4183.5335       1.0473  1157.4
0.2060       -4182.5095   -4183.4895       0.9800  1083.1
0.2065       -4182.5128   -4183.4315       0.9187  1015.3
0.2070       -4182.4855   -4183.3726       0.8871   980.4
0.2075       -4182.5450   -4183.3210       0.7760   857.6
0.2080       -4182.5123   -4183.2832       0.7708   851.9
0.2085       -4182.5290   -4183.2560       0.7270   803.4
0.2090       -4182.5774   -4183.2446       0.6672   737.4
0.2095       -4182.5821   -4183.2512       0.6691   739.4
0.2100       -4182.5720   -4183.2799       0.7079   782.4
0.2105       -4182.5620   -4183.3349       0.7729   854.2
0.2110       -4182.5671   -4183.4154       0.8483   937.5
0.2115       -4182.6032   -4183.5078       0.9045   999.7
0.2120       -4182.6256   -4183.5863       0.9607  1061.7
0.2125       -4182.6705   -4183.6270       0.9566  1057.2
0.2130       -4182.6621   -4183.6123       0.9502  1050.1
0.2135       -4182.6661   -4183.5427       0.8765   968.7
0.2140       -4182.7023   -4183.4365       0.7342   811.5
0.2145       -4182.7093   -4183.3402       0.6309   697.2
0.2150       -4182.7325   -4183.2930       0.5605   619.5
0.2155       -4182.7067   -4183.3217       0.6150   679.7
0.2160       -4182.7162   -4183.4096       0.6934   766.4
0.2165       -4182.7485   -4183.5164       0.7679   848.7
0.2170       -4182.7991   -4183.5948       0.7957   879.4
0.2175       -4182.7669   -4183.6307       0.8637   954.6
0.2180       -4182.7992   -4183.6234       0.8242   910.9
0.2185       -4182.7732   -4183.5833       0.8102   895.4
0.2190       -4182.7979   -4183.5248       0.7269   803.4
0.2195       -4182.7749   -4183.4649       0.6900   762.6
0.2200       -4182.8058   -4183.4174       0.6115   675.9
0.2205       -4182.8271   -4183.3916       0.5645   623.9
0.2210       -4182.7882   -4183.3857       0.5975   660.4
0.2215       -4182.7981   -4183.3982       0.6001   663.3
0.2220       -4182.7978   -4183.4333       0.6355   702.3
0.2225       -4182.7900   -4183.4843       0.6943   767.3
0.2230       -4182.7940   -4183.5409       0.7470   825.5
0.2235       -4182.8058   -4183.5866       0.7807   862.9
0.2240       -4182.8166   -4183.6066       0.7900   873.1
0.2245       -4182.8057   -4183.5855       0.7797   861.8
0.2250       -4182.7682   -4183.5148       0.7466   825.1
0.2255       -4182.8000   -4183.4111       0.6111   675.4
0.2260       -4182.8306   -4183.3028       0.4722   521.8
0.2265       -4182.8254   -4183.2289       0.4035   446.0
0.2270       -4182.8374   -4183.2219       0.3845   424.9
0.2275       -4182.8518   -4183.2672       0.4154   459.1
0.2280       -4182.8569   -4183.3362       0.4792   529.7
0.2285       -4182.8817   -4183.3930       0.5113   565.1
0.2290       -4182.8833   -4183.4178       0.5345   590.7
0.2295       -4182.8580   -4183.4054       0.5474   604.9
0.2300       -4182.8679   -4183.3578       0.4899   541.5
0.2305       -4182.8872   -4183.2896       0.4025   444.8
0.2310       -4182.8619   -4183.2169       0.3550   392.3
0.2315       -4182.9125   -4183.1567       0.2442   269.9
0.2320       -4182.9042   -4183.1293       0.2252   248.8
0.2325       -4182.9141   -4183.1317       0.2176   240.5
0.2330       -4182.9143   -4183.1621       0.2478   273.8
0.2335       -4182.9062   -4183.2197       0.3135   346.5
0.2340       -4182.8706   -4183.2929       0.4223   466.7
0.2345       -4182.8490   -4183.3697       0.5208   575.5
0.2350       -4182.8317   -4183.4366       0.6049   668.5
0.2355       -4182.8160   -4183.4819       0.6659   736.0
0.2360       -4182.8514   -4183.4958       0.6444   712.2
0.2365       -4182.8469   -4183.4754       0.6284   694.5
0.2370       -4182.8172   -4183.4261       0.6088   672.9
0.2375       -4182.7914   -4183.3725       0.5811   642.2
0.2380       -4182.7693   -4183.3426       0.5733   633.7
0.2385       -4182.7672   -4183.3593       0.5921   654.3
0.2390       -4182.7633   -4183.4245       0.6612   730.8
0.2395       -4182.6968   -4183.5164       0.8196   905.8
0.2400       -4182.7308   -4183.5936       0.8628   953.5
0.2405       -4182.7754   -4183.6355       0.8601   950.5
0.2410       -4182.7443   -4183.6406       0.8963   990.5
0.2415       -4182.7746   -4183.6176       0.8430   931.6
0.2420       -4182.7377   -4183.5826       0.8449   933.8
0.2425       -4182.7554   -4183.5498       0.7944   878.0
0.2430       -4182.7560   -4183.5272       0.7711   852.2
0.2435       -4182.7639   -4183.5157       0.7518   830.9
0.2440       -4182.7447   -4183.5158       0.7711   852.2
0.2445       -4182.7344   -4183.5259       0.7915   874.7
0.2450       -4182.7441   -4183.5435       0.7993   883.4
0.2455       -4182.7948   -4183.5667       0.7718   853.0
0.2460       -4182.7985   -4183.5913       0.7928   876.2
0.2465       -4182.8402   -4183.6121       0.7719   853.1
0.2470       -4182.8651   -4183.6279       0.7629   843.1
0.2475       -4182.8862   -4183.6314       0.7452   823.6
0.2480       -4182.8511   -4183.6206       0.7695   850.5
0.2485       -4182.8920   -4183.5974       0.7054   779.6
0.2490       -4182.8700   -4183.5659       0.6960   769.2
0.2495       -4182.9431   -4183.5310       0.5879   649.8
0.2500       -4182.9328   -4183.5091       0.5762   636.9
