Time[ps]      Etot[eV]     Epot[eV]     Ekin[eV]    T[K]
0.0000      -24729.1156  -24729.1156       0.0000     0.0
0.0005      -24729.1034  -24729.1181       0.0147     3.8
0.0010      -24729.0871  -24729.1234       0.0363     9.4
0.0015      -24729.0846  -24729.1308       0.0461    11.9
0.0020      -24729.0774  -24729.1387       0.0613    15.8
0.0025      -24729.0676  -24729.1464       0.0788    20.3
0.0030      -24729.0494  -24729.1544       0.1050    27.1
0.0035      -24729.0404  -24729.1624       0.1220    31.5
0.0040      -24729.0366  -24729.1716       0.1349    34.8
0.0045      -24729.0137  -24729.1796       0.1659    42.8
0.0050      -24729.0154  -24729.1860       0.1706    44.0
0.0055      -24729.0209  -24729.1921       0.1712    44.2
0.0060      -24729.0239  -24729.1989       0.1750    45.1
0.0065      -24729.0262  -24729.2051       0.1789    46.1
0.0070      -24729.0340  -24729.2104       0.1764    45.5
0.0075      -24729.0379  -24729.2152       0.1773    45.7
0.0080      -24729.0450  -24729.2182       0.1732    44.7
0.0085      -24729.0366  -24729.2197       0.1832    47.2
0.0090      -24729.0152  -24729.2192       0.2040    52.6
0.0095      -24729.0048  -24729.2193       0.2145    55.3
0.0100      -24728.9840  -24729.2212       0.2372    61.2
0.0105      -24728.9943  -24729.2274       0.2331    60.1
0.0110      -24728.9750  -24729.2395       0.2644    68.2
0.0115      -24728.9638  -24729.2520       0.2882    74.3
0.0120      -24728.9585  -24729.2629       0.3044    78.5
0.0125      -24728.9585  -24729.2703       0.3118    80.4
0.0130      -24728.9350  -24729.2745       0.3395    87.5
0.0135      -24728.9015  -24729.2759       0.3744    96.5
0.0140      -24728.8751  -24729.2740       0.3988   102.8
0.0145      -24728.8507  -24729.2696       0.4189   108.0
0.0150      -24728.8232  -24729.2639       0.4406   113.6
0.0155      -24728.7980  -24729.2551       0.4571   117.9
0.0160      -24728.7681  -24729.2450       0.4770   123.0
0.0165      -24728.7832  -24729.2372       0.4540   117.1
0.0170      -24728.8008  -24729.2320       0.4312   111.2
0.0175      -24728.7867  -24729.2316       0.4449   114.7
0.0180      -24728.7842  -24729.2333       0.4491   115.8
0.0185      -24728.7865  -24729.2337       0.4472   115.3
0.0190      -24728.7890  -24729.2319       0.4428   114.2
0.0195      -24728.7777  -24729.2234       0.4457   114.9
0.0200      -24728.7785  -24729.2097       0.4312   111.2
0.0205      -24728.7741  -24729.1935       0.4194   108.2
0.0210      -24728.7661  -24729.1764       0.4103   105.8
0.0215      -24728.7704  -24729.1629       0.3925   101.2
0.0220      -24728.7696  -24729.1561       0.3865    99.7
0.0225      -24728.7384  -24729.1532       0.4148   107.0
0.0230      -24728.7591  -24729.1559       0.3968   102.3
0.0235      -24728.7488  -24729.1642       0.4154   107.1
0.0240      -24728.7535  -24729.1745       0.4210   108.6
0.0245      -24728.7326  -24729.1801       0.4475   115.4
0.0250      -24728.7331  -24729.1795       0.4465   115.1
0.0255      -24728.7140  -24729.1711       0.4570   117.9
0.0260      -24728.7416  -24729.1563       0.4147   106.9
0.0265      -24728.7361  -24729.1392       0.4031   103.9
0.0270      -24728.7496  -24729.1216       0.3720    95.9
0.0275      -24728.7577  -24729.1103       0.3526    90.9
0.0280      -24728.7382  -24729.1056       0.3674    94.7
0.0285      -24728.7282  -24729.1096       0.3814    98.4
0.0290      -24728.7269  -24729.1178       0.3908   100.8
0.0295      -24728.7206  -24729.1258       0.4051   104.5
0.0300      -24728.6922  -24729.1302       0.4380   113.0
0.0305      -24728.6681  -24729.1274       0.4593   118.4
0.0310      -24728.6297  -24729.1179       0.4882   125.9
0.0315      -24728.6166  -24729.1052       0.4887   126.0
0.0320      -24728.5968  -24729.0953       0.4985   128.6
0.0325      -24728.5959  -24729.0939       0.4980   128.4
0.0330      -24728.5531  -24729.1036       0.5505   142.0
0.0335      -24728.5584  -24729.1243       0.5658   145.9
0.0340      -24728.5581  -24729.1489       0.5908   152.4
0.0345      -24728.5708  -24729.1713       0.6005   154.9
0.0350      -24728.5991  -24729.1887       0.5896   152.0
0.0355      -24728.5649  -24729.1981       0.6332   163.3
0.0360      -24728.5519  -24729.1951       0.6432   165.9
0.0365      -24728.5164  -24729.1803       0.6639   171.2
0.0370      -24728.5197  -24729.1555       0.6358   164.0
0.0375      -24728.5102  -24729.1288       0.6186   159.5
0.0380      -24728.4723  -24729.1029       0.6307   162.6
0.0385      -24728.4541  -24729.0834       0.6294   162.3
0.0390      -24728.4513  -24729.0757       0.6244   161.0
0.0395      -24728.4662  -24729.0779       0.6117   157.7
0.0400      -24728.4486  -24729.0846       0.6360   164.0
0.0405      -24728.4313  -24729.0849       0.6536   168.6
0.0410      -24728.3825  -24729.0750       0.6925   178.6
0.0415      -24728.3842  -24729.0497       0.6655   171.6
0.0420      -24728.3562  -24729.0131       0.6569   169.4
0.0425      -24728.3527  -24728.9670       0.6143   158.4
0.0430      -24728.3873  -24728.9265       0.5392   139.0
0.0435      -24728.3623  -24728.8959       0.5336   137.6
0.0440      -24728.3828  -24728.8780       0.4952   127.7
0.0445      -24728.3732  -24728.8756       0.5024   129.6
0.0450      -24728.3529  -24728.8879       0.5350   138.0
0.0455      -24728.3646  -24728.9099       0.5454   140.6
0.0460      -24728.3423  -24728.9377       0.5955   153.6
0.0465      -24728.3235  -24728.9644       0.6409   165.3
0.0470      -24728.2839  -24728.9863       0.7024   181.1
0.0475      -24728.2608  -24729.0014       0.7407   191.0
0.0480      -24728.2740  -24729.0078       0.7339   189.2
0.0485      -24728.2616  -24729.0051       0.7436   191.8
0.0490      -24728.2336  -24728.9919       0.7583   195.5
0.0495      -24728.2579  -24728.9745       0.7167   184.8
0.0500      -24728.2551  -24728.9621       0.7070   182.3
0.0505      -24728.2258  -24728.9563       0.7305   188.4
0.0510      -24728.2157  -24728.9560       0.7403   190.9
0.0515      -24728.1969  -24728.9630       0.7661   197.6
0.0520      -24728.1490  -24728.9698       0.8208   211.7
0.0525      -24728.1523  -24728.9702       0.8178   210.9
0.0530      -24728.1493  -24728.9649       0.8156   210.3
0.0535      -24728.1538  -24728.9548       0.8010   206.5
0.0540      -24728.1070  -24728.9339       0.8270   213.3
0.0545      -24728.1172  -24728.9011       0.7839   202.2
0.0550      -24728.1117  -24728.8624       0.7507   193.6
0.0555      -24728.1276  -24728.8253       0.6976   179.9
0.0560      -24728.1036  -24728.7942       0.6905   178.1
0.0565      -24728.0883  -24728.7790       0.6906   178.1
0.0570      -24728.0610  -24728.7843       0.7232   186.5
0.0575      -24728.0583  -24728.8037       0.7455   192.2
0.0580      -24728.0584  -24728.8311       0.7727   199.3
0.0585      -24728.0346  -24728.8652       0.8306   214.2
0.0590      -24728.0141  -24728.9026       0.8885   229.1
0.0595      -24728.0259  -24728.9423       0.9164   236.3
0.0600      -24728.0105  -24728.9736       0.9631   248.4
0.0605      -24727.9826  -24728.9924       1.0098   260.4
0.0610      -24727.9314  -24728.9998       1.0685   275.5
0.0615      -24727.9112  -24728.9960       1.0848   279.7
0.0620      -24727.8840  -24728.9845       1.1004   283.8
0.0625      -24727.8847  -24728.9765       1.0918   281.6
0.0630      -24727.8206  -24728.9766       1.1560   298.1
0.0635      -24727.8248  -24728.9872       1.1623   299.7
0.0640      -24727.7944  -24729.0052       1.2109   312.3
0.0645      -24727.7820  -24729.0201       1.2381   319.3
0.0650      -24727.7576  -24729.0263       1.2687   327.2
0.0655      -24727.7990  -24729.0190       1.2200   314.6
0.0660      -24727.7932  -24728.9978       1.2045   310.6
0.0665      -24727.7867  -24728.9655       1.1788   304.0
0.0670      -24727.7754  -24728.9211       1.1457   295.5
0.0675      -24727.8152  -24728.8642       1.0491   270.5
0.0680      -24727.7792  -24728.8026       1.0233   263.9
0.0685      -24727.7720  -24728.7411       0.9691   249.9
0.0690      -24727.7492  -24728.6843       0.9351   241.1
0.0695      -24727.7226  -24728.6455       0.9229   238.0
0.0700      -24727.7607  -24728.6285       0.8677   223.8
0.0705      -24727.7918  -24728.6322       0.8404   216.7
0.0710      -24727.7818  -24728.6486       0.8668   223.5
0.0715      -24727.7959  -24728.6630       0.8671   223.6
0.0720      -24727.8297  -24728.6693       0.8396   216.5
0.0725      -24727.8220  -24728.6601       0.8380   216.1
0.0730      -24727.7883  -24728.6376       0.8493   219.0
0.0735      -24727.8132  -24728.6061       0.7930   204.5
0.0740      -24727.8275  -24728.5821       0.7546   194.6
0.0745      -24727.8162  -24728.5699       0.7537   194.4
0.0750      -24727.8719  -24728.5786       0.7067   182.3
0.0755      -24727.8974  -24728.6023       0.7049   181.8
0.0760      -24727.9053  -24728.6356       0.7303   188.3
0.0765      -24727.8847  -24728.6669       0.7821   201.7
0.0770      -24727.8714  -24728.6908       0.8194   211.3
0.0775      -24727.8533  -24728.7046       0.8513   219.5
0.0780      -24727.8261  -24728.7073       0.8812   227.3
0.0785      -24727.8463  -24728.7001       0.8538   220.2
0.0790      -24727.8115  -24728.6941       0.8826   227.6
0.0795      -24727.8274  -24728.6898       0.8624   222.4
0.0800      -24727.8257  -24728.6958       0.8701   224.4
0.0805      -24727.8493  -24728.7114       0.8621   222.3
0.0810      -24727.8597  -24728.7402       0.8805   227.1
0.0815      -24727.8520  -24728.7824       0.9303   239.9
0.0820      -24727.8725  -24728.8302       0.9577   247.0
0.0825      -24727.8759  -24728.8688       0.9929   256.0
0.0830      -24727.8500  -24728.8945       1.0445   269.4
0.0835      -24727.8125  -24728.9029       1.0905   281.2
0.0840      -24727.7761  -24728.8945       1.1184   288.4
0.0845      -24727.7674  -24728.8726       1.1051   285.0
0.0850      -24727.7557  -24728.8419       1.0861   280.1
0.0855      -24727.8345  -24728.8125       0.9779   252.2
0.0860      -24727.8463  -24728.7964       0.9500   245.0
0.0865      -24727.8526  -24728.7981       0.9455   243.8
0.0870      -24727.8538  -24728.8144       0.9606   247.7
0.0875      -24727.8376  -24728.8359       0.9983   257.4
0.0880      -24727.8278  -24728.8547       1.0268   264.8
0.0885      -24727.8377  -24728.8648       1.0271   264.9
0.0890      -24727.8651  -24728.8597       0.9946   256.5
0.0895      -24727.8874  -24728.8397       0.9523   245.6
0.0900      -24727.9001  -24728.8110       0.9109   234.9
0.0905      -24727.8643  -24728.7826       0.9183   236.8
0.0910      -24727.8892  -24728.7582       0.8690   224.1
0.0915      -24727.8738  -24728.7421       0.8682   223.9
0.0920      -24727.8790  -24728.7448       0.8658   223.3
0.0925      -24727.8465  -24728.7599       0.9134   235.5
0.0930      -24727.8059  -24728.7800       0.9741   251.2
0.0935      -24727.8080  -24728.8004       0.9924   255.9
0.0940      -24727.8302  -24728.8164       0.9862   254.3
0.0945      -24727.8562  -24728.8238       0.9676   249.5
0.0950      -24727.8372  -24728.8215       0.9843   253.8
0.0955      -24727.8407  -24728.8150       0.9743   251.3
0.0960      -24727.8439  -24728.8069       0.9629   248.3
0.0965      -24727.8523  -24728.7955       0.9432   243.2
0.0970      -24727.8593  -24728.7881       0.9288   239.5
0.0975      -24727.8680  -24728.7872       0.9192   237.1
0.0980      -24727.8657  -24728.7932       0.9274   239.2
0.0985      -24727.8428  -24728.8041       0.9613   247.9
0.0990      -24727.8910  -24728.8190       0.9280   239.3
0.0995      -24727.8214  -24728.8310       1.0096   260.4
0.1000      -24727.7893  -24728.8322       1.0429   268.9
0.1005      -24727.7829  -24728.8231       1.0403   268.3
0.1010      -24727.7604  -24728.8018       1.0414   268.5
0.1015      -24727.7900  -24728.7750       0.9851   254.0
0.1020      -24727.7969  -24728.7534       0.9565   246.6
0.1025      -24727.7819  -24728.7471       0.9652   248.9
0.1030      -24727.8143  -24728.7533       0.9389   242.1
0.1035      -24727.8362  -24728.7702       0.9340   240.9
0.1040      -24727.8432  -24728.7921       0.9489   244.7
0.1045      -24727.8433  -24728.8122       0.9689   249.9
0.1050      -24727.8183  -24728.8248       1.0065   259.6
0.1055      -24727.8746  -24728.8278       0.9532   245.8
0.1060      -24727.8996  -24728.8275       0.9279   239.3
0.1065      -24727.9495  -24728.8275       0.8779   226.4
0.1070      -24727.9731  -24728.8318       0.8587   221.4
0.1075      -24728.0141  -24728.8399       0.8258   213.0
0.1080      -24728.0204  -24728.8490       0.8286   213.7
0.1085      -24727.9904  -24728.8573       0.8669   223.6
0.1090      -24728.0184  -24728.8663       0.8479   218.7
0.1095      -24727.9713  -24728.8832       0.9119   235.2
0.1100      -24727.9130  -24728.9066       0.9936   256.2
0.1105      -24727.8921  -24728.9333       1.0412   268.5
0.1110      -24727.8566  -24728.9619       1.1054   285.1
0.1115      -24727.8740  -24728.9876       1.1136   287.2
0.1120      -24727.8274  -24729.0018       1.1744   302.8
0.1125      -24727.8480  -24728.9991       1.1511   296.8
0.1130      -24727.8927  -24728.9849       1.0922   281.7
0.1135      -24727.8949  -24728.9618       1.0670   275.1
0.1140      -24727.8627  -24728.9354       1.0727   276.6
0.1145      -24727.8555  -24728.9080       1.0526   271.4
0.1150      -24727.8823  -24728.8884       1.0061   259.4
0.1155      -24727.9093  -24728.8772       0.9680   249.6
0.1160      -24727.8961  -24728.8745       0.9784   252.3
0.1165      -24727.9163  -24728.8704       0.9541   246.0
0.1170      -24727.9392  -24728.8597       0.9205   237.4
0.1175      -24727.9391  -24728.8441       0.9049   233.4
0.1180      -24727.9484  -24728.8264       0.8780   226.4
0.1185      -24727.9537  -24728.8139       0.8601   221.8
0.1190      -24727.9625  -24728.8076       0.8452   218.0
0.1195      -24727.9819  -24728.8070       0.8251   212.8
0.1200      -24727.9618  -24728.8164       0.8546   220.4
0.1205      -24727.9701  -24728.8378       0.8677   223.7
0.1210      -24727.9717  -24728.8667       0.8950   230.8
0.1215      -24727.9626  -24728.8916       0.9290   239.6
0.1220      -24727.9568  -24728.9097       0.9529   245.7
0.1225      -24727.9351  -24728.9212       0.9861   254.3
0.1230      -24727.9484  -24728.9225       0.9741   251.2
0.1235      -24727.9383  -24728.9158       0.9775   252.1
0.1240      -24727.9298  -24728.9074       0.9777   252.1
0.1245      -24727.9264  -24728.8981       0.9717   250.6
0.1250      -24727.9275  -24728.8881       0.9605   247.7
0.1255      -24727.9639  -24728.8828       0.9190   237.0
0.1260      -24727.9377  -24728.8928       0.9552   246.3
0.1265      -24727.9629  -24728.9143       0.9514   245.3
0.1270      -24727.9544  -24728.9368       0.9824   253.3
0.1275      -24727.9420  -24728.9529       1.0109   260.7
0.1280      -24727.9315  -24728.9581       1.0266   264.7
0.1285      -24727.9451  -24728.9499       1.0048   259.1
0.1290      -24727.9465  -24728.9332       0.9866   254.4
0.1295      -24727.9470  -24728.9121       0.9651   248.9
0.1300      -24727.9164  -24728.8868       0.9705   250.3
0.1305      -24727.9217  -24728.8624       0.9407   242.6
0.1310      -24727.8974  -24728.8450       0.9476   244.4
0.1315      -24727.8656  -24728.8344       0.9688   249.8
0.1320      -24727.8265  -24728.8378       1.0113   260.8
0.1325      -24727.8010  -24728.8579       1.0569   272.6
0.1330      -24727.8274  -24728.8884       1.0610   273.6
0.1335      -24727.8720  -24728.9220       1.0500   270.8
0.1340      -24727.8966  -24728.9547       1.0581   272.8
0.1345      -24727.9081  -24728.9795       1.0714   276.3
0.1350      -24727.9357  -24728.9956       1.0599   273.3
0.1355      -24727.9102  -24729.0056       1.0954   282.5
0.1360      -24727.9429  -24729.0127       1.0698   275.9
0.1365      -24727.9160  -24729.0223       1.1063   285.3
0.1370      -24727.8824  -24729.0293       1.1469   295.8
0.1375      -24727.8370  -24729.0387       1.2018   309.9
0.1380      -24727.8146  -24729.0443       1.2297   317.1
0.1385      -24727.8469  -24729.0459       1.1990   309.2
0.1390      -24727.8974  -24729.0429       1.1455   295.4
0.1395      -24727.8740  -24729.0322       1.1582   298.7
0.1400      -24727.8888  -24729.0134       1.1246   290.0
0.1405      -24727.8937  -24728.9882       1.0945   282.2
0.1410      -24727.9094  -24728.9585       1.0491   270.5
0.1415      -24727.8773  -24728.9268       1.0495   270.6
0.1420      -24727.8611  -24728.8858       1.0247   264.3
0.1425      -24727.8286  -24728.8391       1.0105   260.6
0.1430      -24727.7962  -24728.7971       1.0009   258.1
0.1435      -24727.8121  -24728.7618       0.9496   244.9
0.1440      -24727.8253  -24728.7354       0.9100   234.7
0.1445      -24727.7902  -24728.7167       0.9265   238.9
0.1450      -24727.7812  -24728.7042       0.9229   238.0
0.1455      -24727.8065  -24728.6943       0.8879   229.0
0.1460      -24727.8054  -24728.6891       0.8837   227.9
0.1465      -24727.7945  -24728.6835       0.8891   229.3
0.1470      -24727.7847  -24728.6776       0.8930   230.3
0.1475      -24727.8342  -24728.6791       0.8449   217.9
0.1480      -24727.8241  -24728.6898       0.8657   223.2
0.1485      -24727.8260  -24728.7097       0.8837   227.9
0.1490      -24727.8496  -24728.7352       0.8856   228.4
0.1495      -24727.8223  -24728.7669       0.9446   243.6
0.1500      -24727.8350  -24728.7941       0.9591   247.3
0.1505      -24727.8335  -24728.8084       0.9748   251.4
0.1510      -24727.8464  -24728.8093       0.9629   248.3
0.1515      -24727.8802  -24728.8010       0.9209   237.5
0.1520      -24727.8771  -24728.7885       0.9114   235.0
0.1525      -24727.8734  -24728.7747       0.9013   232.4
0.1530      -24727.8541  -24728.7674       0.9134   235.5
0.1535      -24727.7984  -24728.7663       0.9679   249.6
0.1540      -24727.7738  -24728.7733       0.9996   257.8
0.1545      -24727.7925  -24728.7834       0.9910   255.5
0.1550      -24727.8000  -24728.7939       0.9939   256.3
0.1555      -24727.7670  -24728.8008       1.0338   266.6
0.1560      -24727.7589  -24728.8008       1.0419   268.7
0.1565      -24727.7818  -24728.7983       1.0165   262.1
0.1570      -24727.7397  -24728.7994       1.0597   273.3
0.1575      -24727.7576  -24728.8054       1.0478   270.2
0.1580      -24727.7598  -24728.8181       1.0583   272.9
0.1585      -24727.7657  -24728.8394       1.0738   276.9
0.1590      -24727.8123  -24728.8640       1.0517   271.2
0.1595      -24727.8007  -24728.8908       1.0901   281.1
0.1600      -24727.8146  -24728.9169       1.1023   284.3
0.1605      -24727.8238  -24728.9399       1.1162   287.8
0.1610      -24727.8430  -24728.9567       1.1138   287.2
0.1615      -24727.8721  -24728.9652       1.0932   281.9
0.1620      -24727.9023  -24728.9661       1.0637   274.3
0.1625      -24727.9338  -24728.9624       1.0285   265.2
0.1630      -24727.9255  -24728.9552       1.0297   265.5
0.1635      -24727.9589  -24728.9471       0.9882   254.8
0.1640      -24727.9546  -24728.9419       0.9873   254.6
0.1645      -24727.9634  -24728.9388       0.9754   251.5
0.1650      -24727.9656  -24728.9326       0.9670   249.4
0.1655      -24727.9876  -24728.9186       0.9310   240.1
0.1660      -24727.9790  -24728.8965       0.9175   236.6
0.1665      -24727.9583  -24728.8698       0.9115   235.0
0.1670      -24727.9646  -24728.8402       0.8756   225.8
0.1675      -24727.9777  -24728.8054       0.8276   213.4
0.1680      -24727.9596  -24728.7721       0.8125   209.5
0.1685      -24727.9265  -24728.7506       0.8241   212.5
0.1690      -24727.9371  -24728.7432       0.8061   207.9
0.1695      -24727.9613  -24728.7539       0.7926   204.4
0.1700      -24727.9449  -24728.7795       0.8346   215.2
0.1705      -24727.9662  -24728.8100       0.8438   217.6
0.1710      -24728.0137  -24728.8369       0.8233   212.3
0.1715      -24728.0155  -24728.8565       0.8410   216.9
0.1720      -24728.0609  -24728.8664       0.8055   207.7
0.1725      -24728.0729  -24728.8706       0.7978   205.7
0.1730      -24728.0774  -24728.8786       0.8012   206.6
0.1735      -24728.1350  -24728.8988       0.7637   197.0
0.1740      -24728.1230  -24728.9287       0.8057   207.8
0.1745      -24728.1132  -24728.9598       0.8466   218.3
0.1750      -24728.0978  -24728.9869       0.8892   229.3
0.1755      -24728.0736  -24729.0032       0.9296   239.7
0.1760      -24728.0856  -24729.0066       0.9211   237.5
0.1765      -24728.0742  -24728.9988       0.9246   238.4
0.1770      -24728.0488  -24728.9813       0.9325   240.5
0.1775      -24727.9992  -24728.9616       0.9625   248.2
0.1780      -24728.0232  -24728.9464       0.9232   238.1
0.1785      -24728.0469  -24728.9319       0.8850   228.2
0.1790      -24728.0187  -24728.9158       0.8970   231.3
0.1795      -24728.0137  -24728.9017       0.8880   229.0
0.1800      -24728.0163  -24728.8954       0.8792   226.7
0.1805      -24728.0070  -24728.8986       0.8917   229.9
0.1810      -24728.0203  -24728.9123       0.8920   230.0
0.1815      -24727.9531  -24728.9286       0.9755   251.6
0.1820      -24727.9850  -24728.9436       0.9587   247.2
0.1825      -24727.9849  -24728.9522       0.9673   249.4
0.1830      -24727.9838  -24728.9515       0.9677   249.5
0.1835      -24727.9508  -24728.9466       0.9959   256.8
0.1840      -24727.9756  -24728.9409       0.9654   249.0
0.1845      -24727.9969  -24728.9421       0.9452   243.7
0.1850      -24727.9933  -24728.9589       0.9656   249.0
0.1855      -24727.9801  -24728.9906       1.0105   260.6
0.1860      -24727.9902  -24729.0290       1.0388   267.9
0.1865      -24727.9468  -24729.0640       1.1173   288.1
0.1870      -24727.9163  -24729.0884       1.1721   302.2
0.1875      -24727.9356  -24729.0981       1.1625   299.8
0.1880      -24727.9524  -24729.0874       1.1350   292.7
0.1885      -24727.9720  -24729.0574       1.0854   279.9
0.1890      -24728.0378  -24729.0125       0.9747   251.3
0.1895      -24728.0532  -24728.9603       0.9071   233.9
0.1900      -24728.0796  -24728.9084       0.8288   213.7
0.1905      -24728.0675  -24728.8641       0.7966   205.4
0.1910      -24728.0543  -24728.8301       0.7758   200.1
0.1915      -24728.0472  -24728.8096       0.7624   196.6
0.1920      -24728.0304  -24728.8016       0.7712   198.9
0.1925      -24728.0174  -24728.7978       0.7804   201.2
0.1930      -24728.0392  -24728.7959       0.7568   195.2
0.1935      -24728.0222  -24728.7939       0.7718   199.0
0.1940      -24728.0333  -24728.7887       0.7554   194.8
0.1945      -24728.0395  -24728.7820       0.7425   191.5
0.1950      -24728.0457  -24728.7792       0.7335   189.1
0.1955      -24728.0166  -24728.7869       0.7703   198.7
0.1960      -24728.0104  -24728.8028       0.7924   204.3
0.1965      -24728.0193  -24728.8278       0.8085   208.5
0.1970      -24728.0001  -24728.8571       0.8570   221.0
0.1975      -24727.9987  -24728.8849       0.8862   228.5
0.1980      -24727.9860  -24728.9059       0.9199   237.2
0.1985      -24727.9716  -24728.9199       0.9484   244.6
0.1990      -24727.9606  -24728.9283       0.9678   249.6
0.1995      -24727.9436  -24728.9284       0.9848   254.0
0.2000      -24727.9693  -24728.9264       0.9572   246.8
0.2005      -24727.9405  -24728.9175       0.9770   251.9
0.2010      -24727.9188  -24728.9053       0.9865   254.4
0.2015      -24727.9183  -24728.8858       0.9675   249.5
0.2020      -24727.9062  -24728.8621       0.9559   246.5
0.2025      -24727.8973  -24728.8385       0.9412   242.7
0.2030      -24727.8685  -24728.8176       0.9491   244.7
0.2035      -24727.8652  -24728.8033       0.9381   241.9
0.2040      -24727.8558  -24728.7912       0.9354   241.2
0.2045      -24727.8777  -24728.7879       0.9103   234.7
0.2050      -24727.8340  -24728.7937       0.9597   247.5
0.2055      -24727.8044  -24728.8042       0.9998   257.8
0.2060      -24727.7970  -24728.8196       1.0226   263.7
0.2065      -24727.7985  -24728.8387       1.0402   268.2
0.2070      -24727.7701  -24728.8571       1.0870   280.3
0.2075      -24727.8073  -24728.8744       1.0671   275.2
0.2080      -24727.7940  -24728.8926       1.0987   283.3
0.2085      -24727.8055  -24728.9057       1.1002   283.7
0.2090      -24727.7956  -24728.9116       1.1160   287.8
0.2095      -24727.7535  -24728.9145       1.1611   299.4
0.2100      -24727.8120  -24728.9117       1.0996   283.6
0.2105      -24727.8215  -24728.9079       1.0864   280.2
0.2110      -24727.7753  -24728.9075       1.1322   292.0
0.2115      -24727.7849  -24728.9114       1.1265   290.5
0.2120      -24727.7768  -24728.9185       1.1417   294.4
0.2125      -24727.7847  -24728.9277       1.1430   294.7
0.2130      -24727.7712  -24728.9343       1.1631   299.9
0.2135      -24727.7661  -24728.9336       1.1675   301.1
0.2140      -24727.7348  -24728.9235       1.1887   306.5
0.2145      -24727.7522  -24728.9090       1.1569   298.3
0.2150      -24727.7357  -24728.8934       1.1578   298.6
0.2155      -24727.7403  -24728.8812       1.1408   294.2
0.2160      -24727.7383  -24728.8727       1.1344   292.5
0.2165      -24727.7263  -24728.8699       1.1436   294.9
0.2170      -24727.7847  -24728.8718       1.0870   280.3
0.2175      -24727.8184  -24728.8781       1.0597   273.3
0.2180      -24727.8324  -24728.8845       1.0521   271.3
0.2185      -24727.8317  -24728.8904       1.0587   273.0
0.2190      -24727.8289  -24728.8963       1.0675   275.3
0.2195      -24727.8249  -24728.9010       1.0761   277.5
0.2200      -24727.8386  -24728.9030       1.0644   274.5
0.2205      -24727.8442  -24728.9027       1.0584   272.9
0.2210      -24727.8957  -24728.8991       1.0035   258.8
0.2215      -24727.9414  -24728.8898       0.9484   244.6
0.2220      -24727.9650  -24728.8706       0.9057   233.6
0.2225      -24727.9685  -24728.8486       0.8801   227.0
0.2230      -24727.9450  -24728.8230       0.8780   226.4
0.2235      -24727.9167  -24728.7943       0.8775   226.3
0.2240      -24727.8967  -24728.7720       0.8753   225.7
0.2245      -24727.9112  -24728.7562       0.8450   217.9
0.2250      -24727.9168  -24728.7421       0.8253   212.8
0.2255      -24727.9192  -24728.7309       0.8117   209.3
0.2260      -24727.9040  -24728.7241       0.8201   211.5
0.2265      -24727.8792  -24728.7215       0.8422   217.2
0.2270      -24727.8873  -24728.7156       0.8283   213.6
0.2275      -24727.8947  -24728.7064       0.8117   209.3
0.2280      -24727.9043  -24728.6960       0.7917   204.2
0.2285      -24727.8817  -24728.6865       0.8048   207.5
0.2290      -24727.9041  -24728.6716       0.7675   197.9
0.2295      -24727.9209  -24728.6563       0.7354   189.7
0.2300      -24727.9004  -24728.6498       0.7494   193.3
0.2305      -24727.8610  -24728.6551       0.7941   204.8
0.2310      -24727.8738  -24728.6746       0.8008   206.5
0.2315      -24727.8576  -24728.7002       0.8426   217.3
0.2320      -24727.8322  -24728.7269       0.8947   230.7
0.2325      -24727.8159  -24728.7506       0.9347   241.0
0.2330      -24727.8193  -24728.7675       0.9482   244.5
0.2335      -24727.8344  -24728.7746       0.9402   242.5
0.2340      -24727.8424  -24728.7735       0.9311   240.1
0.2345      -24727.8242  -24728.7730       0.9488   244.7
0.2350      -24727.8142  -24728.7715       0.9573   246.9
0.2355      -24727.8118  -24728.7691       0.9573   246.9
0.2360      -24727.7941  -24728.7659       0.9718   250.6
0.2365      -24727.7713  -24728.7636       0.9923   255.9
0.2370      -24727.7553  -24728.7633       1.0080   259.9
0.2375      -24727.7619  -24728.7594       0.9975   257.2
0.2380      -24727.7715  -24728.7559       0.9844   253.9
0.2385      -24727.7705  -24728.7580       0.9876   254.7
0.2390      -24727.7809  -24728.7644       0.9835   253.6
0.2395      -24727.7697  -24728.7709       1.0012   258.2
0.2400      -24727.7741  -24728.7751       1.0010   258.1
0.2405      -24727.7546  -24728.7708       1.0162   262.1
0.2410      -24727.7681  -24728.7574       0.9894   255.1
0.2415      -24727.7499  -24728.7394       0.9896   255.2
0.2420      -24727.7357  -24728.7251       0.9894   255.1
0.2425      -24727.7188  -24728.7223       1.0035   258.8
0.2430      -24727.7258  -24728.7313       1.0056   259.3
0.2435      -24727.7345  -24728.7514       1.0169   262.2
0.2440      -24727.7748  -24728.7793       1.0045   259.0
0.2445      -24727.8078  -24728.8056       0.9978   257.3
0.2450      -24727.8058  -24728.8226       1.0167   262.2
0.2455      -24727.7990  -24728.8335       1.0345   266.8
0.2460      -24727.7899  -24728.8326       1.0427   268.9
0.2465      -24727.8413  -24728.8148       0.9735   251.1
0.2470      -24727.8496  -24728.7813       0.9317   240.3
0.2475      -24727.8643  -24728.7416       0.8773   226.2
0.2480      -24727.8772  -24728.7059       0.8287   213.7
0.2485      -24727.8493  -24728.6829       0.8336   215.0
0.2490      -24727.8741  -24728.6762       0.8022   206.9
0.2495      -24727.8725  -24728.6841       0.8116   209.3
0.2500      -24727.9020  -24728.7082       0.8062   207.9
