Time[ps]      Etot[eV]     Epot[eV]     Ekin[eV]    T[K]
0.0000      -24729.2574  -24729.2574       0.0000     0.0
0.0005      -24729.2434  -24729.2586       0.0152     3.9
0.0010      -24729.2345  -24729.2614       0.0269     6.9
0.0015      -24729.2086  -24729.2656       0.0570    14.7
0.0020      -24729.2041  -24729.2697       0.0656    16.9
0.0025      -24729.2051  -24729.2728       0.0677    17.5
0.0030      -24729.1950  -24729.2757       0.0807    20.8
0.0035      -24729.1825  -24729.2791       0.0967    24.9
0.0040      -24729.1805  -24729.2830       0.1025    26.4
0.0045      -24729.1752  -24729.2880       0.1128    29.1
0.0050      -24729.1760  -24729.2947       0.1187    30.6
0.0055      -24729.1773  -24729.3013       0.1240    32.0
0.0060      -24729.1572  -24729.3074       0.1501    38.7
0.0065      -24729.1484  -24729.3114       0.1630    42.0
0.0070      -24729.1253  -24729.3131       0.1878    48.4
0.0075      -24729.1062  -24729.3125       0.2063    53.2
0.0080      -24729.1103  -24729.3095       0.1992    51.4
0.0085      -24729.1060  -24729.3054       0.1994    51.4
0.0090      -24729.1088  -24729.2999       0.1912    49.3
0.0095      -24729.1084  -24729.2964       0.1880    48.5
0.0100      -24729.0875  -24729.2929       0.2054    53.0
0.0105      -24729.0872  -24729.2897       0.2026    52.2
0.0110      -24729.0783  -24729.2886       0.2102    54.2
0.0115      -24729.0498  -24729.2864       0.2366    61.0
0.0120      -24729.0322  -24729.2828       0.2506    64.6
0.0125      -24729.0118  -24729.2779       0.2661    68.6
0.0130      -24729.0006  -24729.2723       0.2717    70.1
0.0135      -24728.9929  -24729.2652       0.2723    70.2
0.0140      -24728.9926  -24729.2591       0.2665    68.7
0.0145      -24728.9714  -24729.2536       0.2822    72.8
0.0150      -24728.9713  -24729.2494       0.2781    71.7
0.0155      -24728.9567  -24729.2469       0.2903    74.9
0.0160      -24728.9574  -24729.2444       0.2871    74.0
0.0165      -24728.9720  -24729.2393       0.2674    68.9
0.0170      -24728.9619  -24729.2347       0.2727    70.3
0.0175      -24728.9526  -24729.2293       0.2767    71.3
0.0180      -24728.9653  -24729.2229       0.2575    66.4
0.0185      -24728.9791  -24729.2180       0.2389    61.6
0.0190      -24728.9690  -24729.2160       0.2470    63.7
0.0195      -24728.9540  -24729.2191       0.2650    68.3
0.0200      -24728.9390  -24729.2230       0.2840    73.2
0.0205      -24728.9128  -24729.2271       0.3143    81.1
0.0210      -24728.9024  -24729.2298       0.3274    84.4
0.0215      -24728.8981  -24729.2298       0.3317    85.5
0.0220      -24728.8780  -24729.2289       0.3509    90.5
0.0225      -24728.8774  -24729.2278       0.3503    90.3
0.0230      -24728.8186  -24729.2243       0.4057   104.6
0.0235      -24728.7850  -24729.2170       0.4320   111.4
0.0240      -24728.7697  -24729.2072       0.4375   112.8
0.0245      -24728.7561  -24729.1966       0.4405   113.6
0.0250      -24728.7548  -24729.1852       0.4304   111.0
0.0255      -24728.7670  -24729.1742       0.4071   105.0
0.0260      -24728.7641  -24729.1633       0.3992   102.9
0.0265      -24728.7558  -24729.1537       0.3979   102.6
0.0270      -24728.7594  -24729.1471       0.3877   100.0
0.0275      -24728.7345  -24729.1389       0.4045   104.3
0.0280      -24728.6904  -24729.1274       0.4371   112.7
0.0285      -24728.6894  -24729.1156       0.4261   109.9
0.0290      -24728.6799  -24729.1063       0.4264   110.0
0.0295      -24728.6187  -24729.0963       0.4776   123.2
0.0300      -24728.6143  -24729.0837       0.4694   121.1
0.0305      -24728.5947  -24729.0701       0.4754   122.6
0.0310      -24728.5648  -24729.0620       0.4972   128.2
0.0315      -24728.5384  -24729.0605       0.5221   134.6
0.0320      -24728.5509  -24729.0665       0.5156   133.0
0.0325      -24728.5625  -24729.0744       0.5118   132.0
0.0330      -24728.5372  -24729.0803       0.5431   140.1
0.0335      -24728.5361  -24729.0827       0.5466   141.0
0.0340      -24728.5380  -24729.0821       0.5442   140.3
0.0345      -24728.5180  -24729.0802       0.5622   145.0
0.0350      -24728.5035  -24729.0797       0.5762   148.6
0.0355      -24728.5167  -24729.0836       0.5669   146.2
0.0360      -24728.5227  -24729.0912       0.5686   146.6
0.0365      -24728.5272  -24729.0979       0.5707   147.2
0.0370      -24728.5370  -24729.0991       0.5621   144.9
0.0375      -24728.5324  -24729.0942       0.5618   144.9
0.0380      -24728.5171  -24729.0864       0.5694   146.8
0.0385      -24728.5148  -24729.0812       0.5664   146.1
0.0390      -24728.5012  -24729.0727       0.5715   147.4
0.0395      -24728.4984  -24729.0576       0.5592   144.2
0.0400      -24728.4762  -24729.0407       0.5645   145.6
0.0405      -24728.4591  -24729.0249       0.5658   145.9
0.0410      -24728.4555  -24729.0178       0.5623   145.0
0.0415      -24728.4695  -24729.0213       0.5518   142.3
0.0420      -24728.4502  -24729.0342       0.5840   150.6
0.0425      -24728.4413  -24729.0499       0.6086   156.9
0.0430      -24728.4550  -24729.0600       0.6050   156.0
0.0435      -24728.4681  -24729.0585       0.5904   152.3
0.0440      -24728.4566  -24729.0434       0.5868   151.3
0.0445      -24728.4800  -24729.0224       0.5424   139.9
0.0450      -24728.4568  -24729.0005       0.5437   140.2
0.0455      -24728.4286  -24728.9851       0.5565   143.5
0.0460      -24728.4057  -24728.9767       0.5710   147.3
0.0465      -24728.4176  -24728.9745       0.5570   143.6
0.0470      -24728.4025  -24728.9765       0.5740   148.0
0.0475      -24728.4051  -24728.9828       0.5777   149.0
0.0480      -24728.4043  -24728.9881       0.5838   150.5
0.0485      -24728.3727  -24728.9907       0.6180   159.4
0.0490      -24728.3932  -24728.9878       0.5946   153.3
0.0495      -24728.3924  -24728.9770       0.5846   150.7
0.0500      -24728.3811  -24728.9561       0.5750   148.3
0.0505      -24728.3796  -24728.9258       0.5462   140.9
0.0510      -24728.3391  -24728.8912       0.5521   142.4
0.0515      -24728.3397  -24728.8619       0.5221   134.6
0.0520      -24728.3245  -24728.8458       0.5213   134.4
0.0525      -24728.3288  -24728.8454       0.5166   133.2
0.0530      -24728.3132  -24728.8568       0.5436   140.2
0.0535      -24728.3334  -24728.8779       0.5445   140.4
0.0540      -24728.3347  -24728.9018       0.5670   146.2
0.0545      -24728.3563  -24728.9270       0.5707   147.2
0.0550      -24728.3432  -24728.9511       0.6079   156.8
0.0555      -24728.3604  -24728.9727       0.6123   157.9
0.0560      -24728.3695  -24728.9956       0.6261   161.5
0.0565      -24728.3608  -24729.0175       0.6567   169.4
0.0570      -24728.3182  -24729.0312       0.7130   183.9
0.0575      -24728.3171  -24729.0382       0.7211   186.0
0.0580      -24728.3256  -24729.0431       0.7176   185.0
0.0585      -24728.3102  -24729.0467       0.7365   189.9
0.0590      -24728.2819  -24729.0507       0.7688   198.3
0.0595      -24728.3231  -24729.0537       0.7305   188.4
0.0600      -24728.3052  -24729.0572       0.7519   193.9
0.0605      -24728.3053  -24729.0564       0.7511   193.7
0.0610      -24728.3361  -24729.0526       0.7165   184.8
0.0615      -24728.3603  -24729.0418       0.6815   175.7
0.0620      -24728.3639  -24729.0250       0.6611   170.5
0.0625      -24728.3630  -24729.0036       0.6406   165.2
0.0630      -24728.3670  -24728.9798       0.6128   158.0
0.0635      -24728.3511  -24728.9595       0.6084   156.9
0.0640      -24728.3521  -24728.9401       0.5881   151.6
0.0645      -24728.3471  -24728.9266       0.5795   149.4
0.0650      -24728.3472  -24728.9212       0.5740   148.0
0.0655      -24728.3393  -24728.9212       0.5819   150.0
0.0660      -24728.3318  -24728.9290       0.5972   154.0
0.0665      -24728.3154  -24728.9432       0.6278   161.9
0.0670      -24728.3191  -24728.9629       0.6438   166.0
0.0675      -24728.3184  -24728.9865       0.6681   172.3
0.0680      -24728.3467  -24729.0115       0.6649   171.5
0.0685      -24728.3439  -24729.0345       0.6906   178.1
0.0690      -24728.3210  -24729.0505       0.7295   188.1
0.0695      -24728.2975  -24729.0573       0.7598   195.9
0.0700      -24728.3235  -24729.0540       0.7305   188.4
0.0705      -24728.3409  -24729.0448       0.7039   181.5
0.0710      -24728.3013  -24729.0328       0.7315   188.6
0.0715      -24728.2831  -24729.0196       0.7365   189.9
0.0720      -24728.2838  -24729.0061       0.7223   186.3
0.0725      -24728.2735  -24728.9973       0.7237   186.6
0.0730      -24728.3087  -24728.9965       0.6878   177.4
0.0735      -24728.3020  -24728.9979       0.6959   179.5
0.0740      -24728.2733  -24728.9994       0.7261   187.2
0.0745      -24728.2969  -24728.9954       0.6985   180.1
0.0750      -24728.3110  -24728.9891       0.6781   174.9
0.0755      -24728.3051  -24728.9802       0.6751   174.1
0.0760      -24728.2951  -24728.9698       0.6746   174.0
0.0765      -24728.2783  -24728.9540       0.6758   174.3
0.0770      -24728.2761  -24728.9316       0.6555   169.0
0.0775      -24728.2358  -24728.9138       0.6780   174.9
0.0780      -24728.2459  -24728.9054       0.6595   170.1
0.0785      -24728.2259  -24728.9099       0.6841   176.4
0.0790      -24728.2702  -24728.9326       0.6624   170.8
0.0795      -24728.2836  -24728.9667       0.6831   176.1
0.0800      -24728.3039  -24729.0037       0.6998   180.5
0.0805      -24728.3369  -24729.0382       0.7013   180.8
0.0810      -24728.3518  -24729.0703       0.7185   185.3
0.0815      -24728.3662  -24729.0955       0.7293   188.1
0.0820      -24728.4047  -24729.1110       0.7064   182.2
0.0825      -24728.3838  -24729.1159       0.7321   188.8
0.0830      -24728.3805  -24729.1143       0.7338   189.2
0.0835      -24728.4077  -24729.1093       0.7017   180.9
0.0840      -24728.3941  -24729.1046       0.7106   183.2
0.0845      -24728.4065  -24729.1018       0.6953   179.3
0.0850      -24728.3672  -24729.1074       0.7401   190.9
0.0855      -24728.3823  -24729.1268       0.7444   192.0
0.0860      -24728.3992  -24729.1568       0.7576   195.4
0.0865      -24728.3959  -24729.1866       0.7906   203.9
0.0870      -24728.3721  -24729.2029       0.8308   214.3
0.0875      -24728.3476  -24729.1933       0.8457   218.1
0.0880      -24728.3359  -24729.1546       0.8187   211.1
0.0885      -24728.3165  -24729.0932       0.7766   200.3
0.0890      -24728.2893  -24729.0227       0.7334   189.1
0.0895      -24728.3176  -24728.9660       0.6484   167.2
0.0900      -24728.3261  -24728.9341       0.6080   156.8
0.0905      -24728.3488  -24728.9309       0.5822   150.1
0.0910      -24728.3318  -24728.9500       0.6182   159.4
0.0915      -24728.3338  -24728.9840       0.6502   167.7
0.0920      -24728.3307  -24729.0218       0.6911   178.2
0.0925      -24728.3242  -24729.0555       0.7314   188.6
0.0930      -24728.2973  -24729.0761       0.7789   200.9
0.0935      -24728.3136  -24729.0814       0.7678   198.0
0.0940      -24728.2881  -24729.0720       0.7839   202.1
0.0945      -24728.2783  -24729.0558       0.7775   200.5
0.0950      -24728.2847  -24729.0411       0.7564   195.0
0.0955      -24728.2778  -24729.0337       0.7559   194.9
0.0960      -24728.2920  -24729.0402       0.7482   192.9
0.0965      -24728.2450  -24729.0598       0.8148   210.1
0.0970      -24728.2319  -24729.0857       0.8538   220.2
0.0975      -24728.2167  -24729.1107       0.8940   230.5
0.0980      -24728.2202  -24729.1253       0.9051   233.4
0.0985      -24728.2368  -24729.1266       0.8898   229.5
0.0990      -24728.2755  -24729.1139       0.8384   216.2
0.0995      -24728.2784  -24729.0931       0.8146   210.1
0.1000      -24728.2416  -24729.0637       0.8221   212.0
0.1005      -24728.2478  -24729.0278       0.7800   201.2
0.1010      -24728.2567  -24728.9926       0.7359   189.8
0.1015      -24728.2429  -24728.9636       0.7207   185.9
0.1020      -24728.2468  -24728.9458       0.6990   180.3
0.1025      -24728.2465  -24728.9404       0.6939   178.9
0.1030      -24728.2466  -24728.9472       0.7006   180.7
0.1035      -24728.1791  -24728.9554       0.7762   200.2
0.1040      -24728.1766  -24728.9602       0.7835   202.1
0.1045      -24728.1957  -24728.9631       0.7674   197.9
0.1050      -24728.1971  -24728.9661       0.7690   198.3
0.1055      -24728.1858  -24728.9726       0.7868   202.9
0.1060      -24728.1985  -24728.9865       0.7880   203.2
0.1065      -24728.1675  -24729.0053       0.8378   216.0
0.1070      -24728.1668  -24729.0216       0.8548   220.4
0.1075      -24728.1283  -24729.0312       0.9029   232.8
0.1080      -24728.0830  -24729.0297       0.9466   244.1
0.1085      -24728.0280  -24729.0173       0.9893   255.1
0.1090      -24728.0688  -24729.0031       0.9343   240.9
0.1095      -24728.0816  -24728.9977       0.9161   236.2
0.1100      -24728.0481  -24729.0037       0.9556   246.4
0.1105      -24728.0561  -24729.0212       0.9651   248.9
0.1110      -24728.0165  -24729.0445       1.0280   265.1
0.1115      -24728.0037  -24729.0664       1.0627   274.0
0.1120      -24727.9896  -24729.0812       1.0916   281.5
0.1125      -24727.9726  -24729.0846       1.1121   286.8
0.1130      -24727.9628  -24729.0752       1.1124   286.9
0.1135      -24727.8709  -24729.0504       1.1795   304.2
0.1140      -24727.8619  -24729.0076       1.1457   295.5
0.1145      -24727.8776  -24728.9544       1.0769   277.7
0.1150      -24727.8823  -24728.9016       1.0193   262.9
0.1155      -24727.8796  -24728.8555       0.9759   251.7
0.1160      -24727.8340  -24728.8217       0.9876   254.7
0.1165      -24727.8512  -24728.8104       0.9592   247.3
0.1170      -24727.8767  -24728.8164       0.9396   242.3
0.1175      -24727.8831  -24728.8323       0.9492   244.8
0.1180      -24727.8855  -24728.8503       0.9648   248.8
0.1185      -24727.8556  -24728.8619       1.0063   259.5
0.1190      -24727.8381  -24728.8566       1.0185   262.6
0.1195      -24727.8591  -24728.8320       0.9729   250.9
0.1200      -24727.8813  -24728.7970       0.9157   236.1
0.1205      -24727.8721  -24728.7667       0.8946   230.7
0.1210      -24727.8491  -24728.7524       0.9033   232.9
0.1215      -24727.8596  -24728.7593       0.8997   232.0
0.1220      -24727.8675  -24728.7849       0.9174   236.6
0.1225      -24727.9018  -24728.8222       0.9205   237.4
0.1230      -24727.8989  -24728.8603       0.9613   247.9
0.1235      -24727.9038  -24728.8908       0.9870   254.5
0.1240      -24727.9295  -24728.9038       0.9743   251.2
0.1245      -24727.9337  -24728.8954       0.9617   248.0
0.1250      -24727.9209  -24728.8697       0.9488   244.7
0.1255      -24727.8724  -24728.8349       0.9625   248.2
0.1260      -24727.8423  -24728.8005       0.9582   247.1
0.1265      -24727.8194  -24728.7747       0.9553   246.4
0.1270      -24727.8484  -24728.7651       0.9167   236.4
0.1275      -24727.8283  -24728.7745       0.9462   244.0
0.1280      -24727.8224  -24728.7965       0.9741   251.2
0.1285      -24727.8230  -24728.8230       1.0000   257.9
0.1290      -24727.8203  -24728.8442       1.0240   264.1
0.1295      -24727.8187  -24728.8513       1.0326   266.3
0.1300      -24727.8201  -24728.8350       1.0149   261.7
0.1305      -24727.7875  -24728.8011       1.0136   261.4
0.1310      -24727.7843  -24728.7561       0.9718   250.6
0.1315      -24727.7744  -24728.7121       0.9377   241.8
0.1320      -24727.7755  -24728.6714       0.8958   231.0
0.1325      -24727.7919  -24728.6502       0.8584   221.4
0.1330      -24727.8090  -24728.6625       0.8536   220.1
0.1335      -24727.8289  -24728.7008       0.8719   224.9
0.1340      -24727.8614  -24728.7531       0.8916   229.9
0.1345      -24727.8665  -24728.8048       0.9382   242.0
0.1350      -24727.9202  -24728.8414       0.9212   237.6
0.1355      -24727.9202  -24728.8551       0.9349   241.1
0.1360      -24727.9256  -24728.8450       0.9193   237.1
0.1365      -24727.8755  -24728.8205       0.9451   243.7
0.1370      -24727.8417  -24728.7970       0.9553   246.4
0.1375      -24727.8373  -24728.7860       0.9488   244.7
0.1380      -24727.8391  -24728.7952       0.9561   246.6
0.1385      -24727.8350  -24728.8255       0.9905   255.4
0.1390      -24727.8943  -24728.8682       0.9739   251.2
0.1395      -24727.8869  -24728.9166       1.0297   265.5
0.1400      -24727.9176  -24728.9564       1.0387   267.9
0.1405      -24727.9155  -24728.9806       1.0652   274.7
0.1410      -24727.9385  -24728.9886       1.0501   270.8
0.1415      -24727.9360  -24728.9840       1.0480   270.3
0.1420      -24727.9309  -24728.9676       1.0367   267.3
0.1425      -24727.9410  -24728.9501       1.0091   260.2
0.1430      -24727.9421  -24728.9412       0.9991   257.7
0.1435      -24727.9234  -24728.9430       1.0196   262.9
0.1440      -24727.9660  -24728.9524       0.9864   254.4
0.1445      -24727.9797  -24728.9670       0.9874   254.6
0.1450      -24727.9582  -24728.9802       1.0221   263.6
0.1455      -24727.9740  -24728.9853       1.0113   260.8
0.1460      -24727.9892  -24728.9798       0.9906   255.5
0.1465      -24728.0007  -24728.9587       0.9580   247.0
0.1470      -24727.9787  -24728.9255       0.9468   244.2
0.1475      -24727.9281  -24728.8851       0.9570   246.8
0.1480      -24727.9340  -24728.8537       0.9197   237.2
0.1485      -24727.9394  -24728.8415       0.9021   232.6
0.1490      -24727.9496  -24728.8488       0.8992   231.9
0.1495      -24727.9549  -24728.8642       0.9093   234.5
0.1500      -24727.9366  -24728.8842       0.9476   244.4
0.1505      -24727.8843  -24728.9019       1.0176   262.4
0.1510      -24727.8633  -24728.9064       1.0432   269.0
0.1515      -24727.8469  -24728.8919       1.0449   269.5
0.1520      -24727.8628  -24728.8635       1.0007   258.1
0.1525      -24727.8248  -24728.8317       1.0069   259.7
0.1530      -24727.8349  -24728.7996       0.9647   248.8
0.1535      -24727.8146  -24728.7796       0.9649   248.8
0.1540      -24727.8293  -24728.7734       0.9440   243.4
0.1545      -24727.8189  -24728.7813       0.9623   248.2
0.1550      -24727.8472  -24728.7986       0.9514   245.4
0.1555      -24727.7753  -24728.8184       1.0431   269.0
0.1560      -24727.7989  -24728.8331       1.0342   266.7
0.1565      -24727.8025  -24728.8374       1.0349   266.9
0.1570      -24727.8060  -24728.8307       1.0247   264.2
0.1575      -24727.8238  -24728.8123       0.9885   254.9
0.1580      -24727.8367  -24728.7826       0.9460   243.9
0.1585      -24727.8260  -24728.7501       0.9240   238.3
0.1590      -24727.8064  -24728.7233       0.9169   236.4
0.1595      -24727.7774  -24728.7083       0.9309   240.1
0.1600      -24727.8097  -24728.7104       0.9007   232.3
0.1605      -24727.7992  -24728.7299       0.9307   240.0
0.1610      -24727.7772  -24728.7632       0.9860   254.3
0.1615      -24727.7752  -24728.7966       1.0215   263.4
0.1620      -24727.7843  -24728.8161       1.0318   266.1
0.1625      -24727.7889  -24728.8176       1.0288   265.3
0.1630      -24727.7687  -24728.8038       1.0351   266.9
0.1635      -24727.7859  -24728.7813       0.9955   256.7
0.1640      -24727.7809  -24728.7649       0.9840   253.7
0.1645      -24727.7634  -24728.7604       0.9970   257.1
0.1650      -24727.7845  -24728.7678       0.9832   253.6
0.1655      -24727.7754  -24728.7902       1.0147   261.7
0.1660      -24727.7731  -24728.8208       1.0477   270.2
0.1665      -24727.7761  -24728.8514       1.0753   277.3
0.1670      -24727.7461  -24728.8785       1.1323   292.0
0.1675      -24727.6974  -24728.8882       1.1909   307.1
0.1680      -24727.6901  -24728.8772       1.1871   306.1
0.1685      -24727.7406  -24728.8493       1.1087   285.9
0.1690      -24727.7568  -24728.8154       1.0586   273.0
0.1695      -24727.7395  -24728.7821       1.0426   268.9
0.1700      -24727.7427  -24728.7541       1.0114   260.8
0.1705      -24727.7086  -24728.7351       1.0265   264.7
0.1710      -24727.7320  -24728.7244       0.9923   255.9
0.1715      -24727.7508  -24728.7156       0.9648   248.8
0.1720      -24727.7317  -24728.7024       0.9706   250.3
0.1725      -24727.7022  -24728.6730       0.9708   250.3
0.1730      -24727.7208  -24728.6242       0.9033   232.9
0.1735      -24727.7101  -24728.5595       0.8494   219.1
0.1740      -24727.7326  -24728.4975       0.7650   197.3
0.1745      -24727.6910  -24728.4522       0.7612   196.3
0.1750      -24727.7042  -24728.4366       0.7324   188.9
0.1755      -24727.6852  -24728.4511       0.7659   197.5
0.1760      -24727.6617  -24728.4930       0.8313   214.4
0.1765      -24727.6863  -24728.5542       0.8679   223.8
0.1770      -24727.6666  -24728.6185       0.9519   245.5
0.1775      -24727.6738  -24728.6759       1.0021   258.4
0.1780      -24727.6644  -24728.7178       1.0534   271.6
0.1785      -24727.6368  -24728.7379       1.1011   284.0
0.1790      -24727.6475  -24728.7334       1.0859   280.0
0.1795      -24727.6507  -24728.7152       1.0645   274.5
0.1800      -24727.6435  -24728.6935       1.0499   270.8
0.1805      -24727.6205  -24728.6668       1.0463   269.8
0.1810      -24727.6411  -24728.6429       1.0018   258.3
0.1815      -24727.6709  -24728.6363       0.9655   249.0
0.1820      -24727.6903  -24728.6501       0.9599   247.5
0.1825      -24727.6699  -24728.6825       1.0125   261.1
0.1830      -24727.6418  -24728.7168       1.0750   277.2
0.1835      -24727.6077  -24728.7445       1.1367   293.1
0.1840      -24727.6014  -24728.7513       1.1498   296.5
0.1845      -24727.6622  -24728.7316       1.0695   275.8
0.1850      -24727.6205  -24728.6915       1.0710   276.2
0.1855      -24727.6096  -24728.6420       1.0324   266.2
0.1860      -24727.6276  -24728.5972       0.9696   250.0
0.1865      -24727.5788  -24728.5667       0.9879   254.8
0.1870      -24727.5751  -24728.5565       0.9814   253.1
0.1875      -24727.5815  -24728.5661       0.9846   253.9
0.1880      -24727.6044  -24728.5876       0.9832   253.6
0.1885      -24727.6109  -24728.6149       1.0040   258.9
0.1890      -24727.6507  -24728.6360       0.9854   254.1
0.1895      -24727.6789  -24728.6484       0.9695   250.0
0.1900      -24727.6665  -24728.6523       0.9858   254.2
0.1905      -24727.6610  -24728.6578       0.9967   257.0
0.1910      -24727.6450  -24728.6666       1.0217   263.5
0.1915      -24727.6576  -24728.6772       1.0196   262.9
0.1920      -24727.6528  -24728.6950       1.0422   268.8
0.1925      -24727.6459  -24728.7152       1.0694   275.8
0.1930      -24727.6719  -24728.7415       1.0697   275.8
0.1935      -24727.6580  -24728.7730       1.1151   287.6
0.1940      -24727.6352  -24728.8068       1.1716   302.1
0.1945      -24727.6180  -24728.8307       1.2127   312.7
0.1950      -24727.5859  -24728.8326       1.2467   321.5
0.1955      -24727.6381  -24728.8215       1.1834   305.2
0.1960      -24727.6290  -24728.7957       1.1666   300.8
0.1965      -24727.5946  -24728.7636       1.1690   301.5
0.1970      -24727.5740  -24728.7398       1.1657   300.6
0.1975      -24727.6067  -24728.7213       1.1145   287.4
0.1980      -24727.6261  -24728.7137       1.0875   280.4
0.1985      -24727.6434  -24728.7219       1.0785   278.1
0.1990      -24727.6510  -24728.7410       1.0900   281.1
0.1995      -24727.6779  -24728.7570       1.0791   278.3
0.2000      -24727.6770  -24728.7681       1.0910   281.4
0.2005      -24727.6224  -24728.7721       1.1497   296.5
0.2010      -24727.6091  -24728.7667       1.1576   298.5
0.2015      -24727.5870  -24728.7610       1.1740   302.8
0.2020      -24727.5711  -24728.7608       1.1898   306.8
0.2025      -24727.5376  -24728.7750       1.2374   319.1
0.2030      -24727.5563  -24728.8009       1.2446   321.0
0.2035      -24727.5709  -24728.8271       1.2562   323.9
0.2040      -24727.5660  -24728.8424       1.2764   329.2
0.2045      -24727.5337  -24728.8359       1.3022   335.8
0.2050      -24727.5553  -24728.8100       1.2547   323.6
0.2055      -24727.5720  -24728.7725       1.2006   309.6
0.2060      -24727.5703  -24728.7303       1.1600   299.1
0.2065      -24727.5777  -24728.7036       1.1259   290.3
0.2070      -24727.5745  -24728.6953       1.1208   289.0
0.2075      -24727.5793  -24728.6934       1.1141   287.3
0.2080      -24727.5357  -24728.6930       1.1573   298.5
0.2085      -24727.5204  -24728.6962       1.1757   303.2
0.2090      -24727.5364  -24728.6951       1.1587   298.8
0.2095      -24727.5016  -24728.6879       1.1863   305.9
0.2100      -24727.4886  -24728.6681       1.1795   304.2
0.2105      -24727.4946  -24728.6329       1.1383   293.5
0.2110      -24727.5154  -24728.5877       1.0723   276.5
0.2115      -24727.5107  -24728.5430       1.0323   266.2
0.2120      -24727.5200  -24728.5036       0.9836   253.7
0.2125      -24727.5278  -24728.4861       0.9583   247.1
0.2130      -24727.5194  -24728.5007       0.9814   253.1
0.2135      -24727.4955  -24728.5483       1.0528   271.5
0.2140      -24727.4484  -24728.6156       1.1672   301.0
0.2145      -24727.4136  -24728.6850       1.2714   327.9
0.2150      -24727.4107  -24728.7352       1.3245   341.6
0.2155      -24727.4385  -24728.7598       1.3213   340.7
0.2160      -24727.4623  -24728.7552       1.2929   333.4
0.2165      -24727.4767  -24728.7216       1.2449   321.0
0.2170      -24727.4454  -24728.6730       1.2275   316.6
0.2175      -24727.4104  -24728.6171       1.2067   311.2
0.2180      -24727.4090  -24728.5710       1.1620   299.7
0.2185      -24727.3452  -24728.5487       1.2035   310.4
0.2190      -24727.3137  -24728.5542       1.2406   319.9
0.2195      -24727.3374  -24728.5832       1.2459   321.3
0.2200      -24727.3404  -24728.6223       1.2819   330.6
0.2205      -24727.3449  -24728.6557       1.3108   338.0
0.2210      -24727.3136  -24728.6799       1.3663   352.3
0.2215      -24727.3360  -24728.6849       1.3490   347.9
0.2220      -24727.3362  -24728.6688       1.3326   343.7
0.2225      -24727.3169  -24728.6321       1.3152   339.2
0.2230      -24727.3124  -24728.5897       1.2773   329.4
0.2235      -24727.3044  -24728.5513       1.2469   321.6
0.2240      -24727.3257  -24728.5269       1.2012   309.8
0.2245      -24727.3207  -24728.5212       1.2005   309.6
0.2250      -24727.3089  -24728.5360       1.2270   316.4
0.2255      -24727.2951  -24728.5638       1.2686   327.1
0.2260      -24727.3362  -24728.5998       1.2636   325.8
0.2265      -24727.2860  -24728.6377       1.3517   348.6
0.2270      -24727.3122  -24728.6769       1.3648   351.9
0.2275      -24727.3608  -24728.7136       1.3528   348.8
0.2280      -24727.3552  -24728.7414       1.3862   357.5
0.2285      -24727.3582  -24728.7508       1.3926   359.1
0.2290      -24727.3315  -24728.7386       1.4071   362.9
0.2295      -24727.3453  -24728.7044       1.3592   350.5
0.2300      -24727.3332  -24728.6507       1.3174   339.7
0.2305      -24727.3555  -24728.5853       1.2298   317.1
0.2310      -24727.3203  -24728.5261       1.2057   310.9
0.2315      -24727.3473  -24728.4911       1.1438   295.0
0.2320      -24727.3091  -24728.4826       1.1735   302.6
0.2325      -24727.2824  -24728.4949       1.2125   312.7
0.2330      -24727.2639  -24728.5148       1.2509   322.6
0.2335      -24727.2181  -24728.5310       1.3129   338.6
0.2340      -24727.1824  -24728.5403       1.3579   350.2
0.2345      -24727.1483  -24728.5441       1.3958   359.9
0.2350      -24727.1205  -24728.5361       1.4157   365.1
0.2355      -24727.1287  -24728.5254       1.3967   360.2
0.2360      -24727.1400  -24728.5131       1.3731   354.1
0.2365      -24727.1345  -24728.5002       1.3657   352.2
0.2370      -24727.1255  -24728.4839       1.3584   350.3
0.2375      -24727.1194  -24728.4670       1.3476   347.5
0.2380      -24727.1172  -24728.4551       1.3379   345.0
0.2385      -24727.1384  -24728.4605       1.3221   340.9
0.2390      -24727.1495  -24728.5025       1.3530   348.9
0.2395      -24727.1272  -24728.5846       1.4574   375.8
0.2400      -24727.1469  -24728.6925       1.5455   398.6
0.2405      -24727.1179  -24728.8066       1.6887   435.5
0.2410      -24727.0844  -24728.8995       1.8150   468.1
0.2415      -24727.1504  -24728.9432       1.7929   462.3
0.2420      -24727.1793  -24728.9242       1.7449   450.0
0.2425      -24727.2353  -24728.8463       1.6110   415.4
0.2430      -24727.2414  -24728.7320       1.4906   384.4
0.2435      -24727.2446  -24728.6133       1.3688   353.0
0.2440      -24727.2534  -24728.5279       1.2745   328.7
0.2445      -24727.2340  -24728.4877       1.2537   323.3
0.2450      -24727.2634  -24728.4851       1.2217   315.1
0.2455      -24727.2551  -24728.5095       1.2544   323.5
0.2460      -24727.2987  -24728.5420       1.2433   320.6
0.2465      -24727.2936  -24728.5686       1.2750   328.8
0.2470      -24727.3002  -24728.5891       1.2889   332.4
0.2475      -24727.2946  -24728.5984       1.3038   336.2
0.2480      -24727.3428  -24728.5915       1.2487   322.0
0.2485      -24727.3420  -24728.5614       1.2194   314.5
0.2490      -24727.3565  -24728.5131       1.1566   298.3
0.2495      -24727.3211  -24728.4628       1.1417   294.4
0.2500      -24727.3393  -24728.4165       1.0772   277.8
